###############################################################
#  Generated by:      Cadence Innovus 21.13-s100_1
#  OS:                Linux x86_64(Host ID ic51)
#  Generated on:      Mon Feb 13 09:12:52 2023
#  Design:            sha256
#  Command:           ecoDesign ./db/sha256.enc.dat sha256 ./design.v
###############################################################
************** ecoRestorePlace Summary **************
Number of New Instances: 			0
Number of Deleted Instances: 			0
Number of Changed Cell: 			0

UNROUTEDNET UNCONNECTED
UNROUTEDNET UNCONNECTED0
UNROUTEDNET UNCONNECTED1
UNROUTEDNET UNCONNECTED2
UNROUTEDNET UNCONNECTED3
UNROUTEDNET UNCONNECTED4
UNROUTEDNET UNCONNECTED5
UNROUTEDNET UNCONNECTED6
UNROUTEDNET UNCONNECTED7
UNROUTEDNET UNCONNECTED8
UNROUTEDNET UNCONNECTED9
UNROUTEDNET UNCONNECTED10
UNROUTEDNET UNCONNECTED11
UNROUTEDNET UNCONNECTED12
UNROUTEDNET UNCONNECTED13
UNROUTEDNET UNCONNECTED14
UNROUTEDNET UNCONNECTED15
UNROUTEDNET UNCONNECTED16
UNROUTEDNET UNCONNECTED17
UNROUTEDNET UNCONNECTED18
UNROUTEDNET UNCONNECTED19
UNROUTEDNET UNCONNECTED20
UNROUTEDNET UNCONNECTED21
UNROUTEDNET UNCONNECTED22
UNROUTEDNET UNCONNECTED23
UNROUTEDNET UNCONNECTED24
UNROUTEDNET UNCONNECTED25
UNROUTEDNET UNCONNECTED26
UNROUTEDNET UNCONNECTED27
UNROUTEDNET UNCONNECTED28
UNROUTEDNET UNCONNECTED29
UNROUTEDNET UNCONNECTED30
UNROUTEDNET UNCONNECTED31
UNROUTEDNET UNCONNECTED32
UNROUTEDNET UNCONNECTED33
UNROUTEDNET UNCONNECTED34
UNROUTEDNET UNCONNECTED35
UNROUTEDNET UNCONNECTED36
UNROUTEDNET UNCONNECTED37
UNROUTEDNET UNCONNECTED38
UNROUTEDNET UNCONNECTED39
UNROUTEDNET UNCONNECTED40
UNROUTEDNET UNCONNECTED41
UNROUTEDNET UNCONNECTED42
************** ecoRestoreRoute Summary **************
Number of New Nets: 			0
Number of Changed Connections: 			0
Number of Deleted Nets: 			0
Number of Unrouted Nets: 			44
