
Cadence Innovus(TM) Implementation System.
Copyright 2021 Cadence Design Systems, Inc. All rights reserved worldwide.

Version:	v21.13-s100_1, built Fri Mar 4 14:32:31 PST 2022
Options:	-nowin -stylus -files scripts/check_seed.tcl -log check 
Date:		Mon Feb 13 08:33:08 2023
Host:		ic51 (x86_64 w/Linux 3.10.0-1160.25.1.el7.x86_64) (16cores*64cpus*Intel(R) Xeon(R) Gold 6226R CPU @ 2.90GHz 22528KB)
OS:		CentOS Linux release 7.9.2009 (Core)

License:
		[08:33:08.321969] Configured Lic search path (20.02-s004): 5280@lstc

		invs	Innovus Implementation System	21.1	checkout succeeded
		8 CPU jobs allowed with the current license(s). Use set_multi_cpu_usage to set your required CPU count.


**WARN: (IMPOPT-801):	Genus executable not found in PATH. Install Genus, add the path to the genus executable in the PATH variable and rerun Innovus.
Create and set the environment variable TMPDIR to /tmp/innovus_temp_20475_ic51_g100501528_wmaPJD.

Change the soft stacksize limit to 0.2%RAM (256 mbytes). Set global soft_stack_size_limit to change the value.

**INFO:  MMMC transition support version v31-84 

#@ Processing -files option
**ERROR: (IMPSYT-6696):	Initfile (scripts/check_seed.tcl) does not exist.
@innovus 1> exit

*** Memory Usage v#1 (Current mem = 826.930M, initial mem = 395.367M) ***
*** Message Summary: 1 warning(s), 1 error(s)

--- Ending "Innovus" (totcpu=0:00:16.1, real=0:02:06, mem=826.9M) ---
