###############################################################
#  Generated by:      Cadence Innovus 21.13-s100_1
#  OS:                Linux x86_64(Host ID ic51)
#  Generated on:      Thu Feb 16 01:45:32 2023
#  Design:            CAST128
#  Command:           ecoDesign ./db/cast.enc.dat CAST128 ./design.v
###############################################################
************** ecoRestorePlace Summary **************
Number of New Instances: 			0
Number of Deleted Instances: 			0
Number of Changed Cell: 			0

UNROUTEDNET UNCONNECTED18
UNROUTEDNET UNCONNECTED19
UNROUTEDNET UNCONNECTED20
UNROUTEDNET UNCONNECTED21
UNROUTEDNET UNCONNECTED22
UNROUTEDNET UNCONNECTED23
UNROUTEDNET UNCONNECTED24
UNROUTEDNET UNCONNECTED25
UNROUTEDNET UNCONNECTED26
UNROUTEDNET UNCONNECTED27
UNROUTEDNET UNCONNECTED28
UNROUTEDNET UNCONNECTED29
UNROUTEDNET UNCONNECTED30
UNROUTEDNET UNCONNECTED31
UNROUTEDNET UNCONNECTED32
UNROUTEDNET UNCONNECTED33
UNROUTEDNET CAST128_key_scheduler/UNCONNECTED
UNROUTEDNET CAST128_key_scheduler/UNCONNECTED0
UNROUTEDNET CAST128_key_scheduler/UNCONNECTED1
UNROUTEDNET CAST128_key_scheduler/UNCONNECTED2
UNROUTEDNET CAST128_key_scheduler/UNCONNECTED3
UNROUTEDNET CAST128_key_scheduler/UNCONNECTED4
UNROUTEDNET CAST128_key_scheduler/UNCONNECTED5
UNROUTEDNET CAST128_key_scheduler/UNCONNECTED6
UNROUTEDNET CAST128_key_scheduler/UNCONNECTED7
UNROUTEDNET CAST128_key_scheduler/UNCONNECTED8
UNROUTEDNET CAST128_key_scheduler/UNCONNECTED9
UNROUTEDNET CAST128_key_scheduler/UNCONNECTED10
UNROUTEDNET CAST128_key_scheduler/UNCONNECTED11
UNROUTEDNET CAST128_key_scheduler/UNCONNECTED12
UNROUTEDNET CAST128_key_scheduler/UNCONNECTED13
UNROUTEDNET CAST128_key_scheduler/UNCONNECTED14
UNROUTEDNET CAST128_key_scheduler/UNCONNECTED15
UNROUTEDNET CAST128_key_scheduler/UNCONNECTED16
UNROUTEDNET CAST128_key_scheduler/UNCONNECTED17
************** ecoRestoreRoute Summary **************
Number of New Nets: 			0
Number of Changed Connections: 			0
Number of Deleted Nets: 			0
Number of Unrouted Nets: 			35
