###############################################################
#  Generated by:      Cadence Innovus 21.13-s100_1
#  OS:                Linux x86_64(Host ID ic51)
#  Generated on:      Thu Feb 16 01:48:22 2023
#  Design:            CAST128
#  Command:           check_connectivity -error 100000 -warning 100000 -check_wire_loops
###############################################################
Verify Connectivity Report is created on Thu Feb 16 01:48:22 2023




Multi-CPU acceleration using 24 CPU


Use pthread

Net VSS: dangling Wire at (6.220, 285.940) (6.220, 285.940) on layer: M1
Net VSS: dangling Wire at (287.020, 285.940) (287.020, 285.940) on layer: M1
Net VSS: dangling Wire at (6.220, 283.780) (6.220, 283.780) on layer: M1
Net VSS: dangling Wire at (287.020, 283.780) (287.020, 283.780) on layer: M1
Net VSS: dangling Wire at (6.220, 281.620) (6.220, 281.620) on layer: M1
Net VSS: dangling Wire at (287.020, 281.620) (287.020, 281.620) on layer: M1
Net VSS: dangling Wire at (6.220, 279.460) (6.220, 279.460) on layer: M1
Net VSS: dangling Wire at (287.020, 279.460) (287.020, 279.460) on layer: M1
Net VSS: dangling Wire at (6.220, 277.300) (6.220, 277.300) on layer: M1
Net VSS: dangling Wire at (287.020, 277.300) (287.020, 277.300) on layer: M1
Net VSS: dangling Wire at (6.220, 275.140) (6.220, 275.140) on layer: M1
Net VSS: dangling Wire at (287.020, 275.140) (287.020, 275.140) on layer: M1
Net VSS: dangling Wire at (6.220, 272.980) (6.220, 272.980) on layer: M1
Net VSS: dangling Wire at (287.020, 272.980) (287.020, 272.980) on layer: M1
Net VSS: dangling Wire at (6.220, 270.820) (6.220, 270.820) on layer: M1
Net VSS: dangling Wire at (287.020, 270.820) (287.020, 270.820) on layer: M1
Net VSS: dangling Wire at (6.220, 268.660) (6.220, 268.660) on layer: M1
Net VSS: dangling Wire at (287.020, 268.660) (287.020, 268.660) on layer: M1
Net VSS: dangling Wire at (6.220, 266.500) (6.220, 266.500) on layer: M1
Net VSS: dangling Wire at (287.020, 266.500) (287.020, 266.500) on layer: M1
Net VSS: dangling Wire at (6.220, 264.340) (6.220, 264.340) on layer: M1
Net VSS: dangling Wire at (287.020, 264.340) (287.020, 264.340) on layer: M1
Net VSS: dangling Wire at (6.220, 262.180) (6.220, 262.180) on layer: M1
Net VSS: dangling Wire at (287.020, 262.180) (287.020, 262.180) on layer: M1
Net VSS: dangling Wire at (6.220, 260.020) (6.220, 260.020) on layer: M1
Net VSS: dangling Wire at (287.020, 260.020) (287.020, 260.020) on layer: M1
Net VSS: dangling Wire at (6.220, 257.860) (6.220, 257.860) on layer: M1
Net VSS: dangling Wire at (287.020, 257.860) (287.020, 257.860) on layer: M1
Net VSS: dangling Wire at (6.220, 255.700) (6.220, 255.700) on layer: M1
Net VSS: dangling Wire at (287.020, 255.700) (287.020, 255.700) on layer: M1
Net VSS: dangling Wire at (6.220, 253.540) (6.220, 253.540) on layer: M1
Net VSS: dangling Wire at (287.020, 253.540) (287.020, 253.540) on layer: M1
Net VSS: dangling Wire at (6.220, 251.380) (6.220, 251.380) on layer: M1
Net VSS: dangling Wire at (287.020, 251.380) (287.020, 251.380) on layer: M1
Net VSS: dangling Wire at (6.220, 249.220) (6.220, 249.220) on layer: M1
Net VSS: dangling Wire at (287.020, 249.220) (287.020, 249.220) on layer: M1
Net VSS: dangling Wire at (6.220, 247.060) (6.220, 247.060) on layer: M1
Net VSS: dangling Wire at (287.020, 247.060) (287.020, 247.060) on layer: M1
Net VSS: dangling Wire at (6.220, 244.900) (6.220, 244.900) on layer: M1
Net VSS: dangling Wire at (287.020, 244.900) (287.020, 244.900) on layer: M1
Net VSS: dangling Wire at (6.220, 242.740) (6.220, 242.740) on layer: M1
Net VSS: dangling Wire at (287.020, 242.740) (287.020, 242.740) on layer: M1
Net VSS: dangling Wire at (6.220, 240.580) (6.220, 240.580) on layer: M1
Net VSS: dangling Wire at (287.020, 240.580) (287.020, 240.580) on layer: M1
Net VSS: dangling Wire at (6.220, 238.420) (6.220, 238.420) on layer: M1
Net VSS: dangling Wire at (287.020, 238.420) (287.020, 238.420) on layer: M1
Net VSS: dangling Wire at (6.220, 236.260) (6.220, 236.260) on layer: M1
Net VSS: dangling Wire at (287.020, 236.260) (287.020, 236.260) on layer: M1
Net VSS: dangling Wire at (6.220, 234.100) (6.220, 234.100) on layer: M1
Net VSS: dangling Wire at (287.020, 234.100) (287.020, 234.100) on layer: M1
Net VSS: dangling Wire at (6.220, 231.940) (6.220, 231.940) on layer: M1
Net VSS: dangling Wire at (287.020, 231.940) (287.020, 231.940) on layer: M1
Net VSS: dangling Wire at (6.220, 229.780) (6.220, 229.780) on layer: M1
Net VSS: dangling Wire at (287.020, 229.780) (287.020, 229.780) on layer: M1
Net VSS: dangling Wire at (6.220, 227.620) (6.220, 227.620) on layer: M1
Net VSS: dangling Wire at (287.020, 227.620) (287.020, 227.620) on layer: M1
Net VSS: dangling Wire at (6.220, 225.460) (6.220, 225.460) on layer: M1
Net VSS: dangling Wire at (287.020, 225.460) (287.020, 225.460) on layer: M1
Net VSS: dangling Wire at (6.220, 223.300) (6.220, 223.300) on layer: M1
Net VSS: dangling Wire at (287.020, 223.300) (287.020, 223.300) on layer: M1
Net VSS: dangling Wire at (6.220, 221.140) (6.220, 221.140) on layer: M1
Net VSS: dangling Wire at (287.020, 221.140) (287.020, 221.140) on layer: M1
Net VSS: dangling Wire at (6.220, 218.980) (6.220, 218.980) on layer: M1
Net VSS: dangling Wire at (287.020, 218.980) (287.020, 218.980) on layer: M1
Net VSS: dangling Wire at (6.220, 216.820) (6.220, 216.820) on layer: M1
Net VSS: dangling Wire at (287.020, 216.820) (287.020, 216.820) on layer: M1
Net VSS: dangling Wire at (6.220, 214.660) (6.220, 214.660) on layer: M1
Net VSS: dangling Wire at (287.020, 214.660) (287.020, 214.660) on layer: M1
Net VSS: dangling Wire at (6.220, 212.500) (6.220, 212.500) on layer: M1
Net VSS: dangling Wire at (287.020, 212.500) (287.020, 212.500) on layer: M1
Net VSS: dangling Wire at (6.220, 210.340) (6.220, 210.340) on layer: M1
Net VSS: dangling Wire at (287.020, 210.340) (287.020, 210.340) on layer: M1
Net VSS: dangling Wire at (6.220, 208.180) (6.220, 208.180) on layer: M1
Net VSS: dangling Wire at (287.020, 208.180) (287.020, 208.180) on layer: M1
Net VSS: dangling Wire at (6.220, 206.020) (6.220, 206.020) on layer: M1
Net VSS: dangling Wire at (287.020, 206.020) (287.020, 206.020) on layer: M1
Net VSS: dangling Wire at (6.220, 203.860) (6.220, 203.860) on layer: M1
Net VSS: dangling Wire at (287.020, 203.860) (287.020, 203.860) on layer: M1
Net VSS: dangling Wire at (6.220, 201.700) (6.220, 201.700) on layer: M1
Net VSS: dangling Wire at (287.020, 201.700) (287.020, 201.700) on layer: M1
Net VSS: dangling Wire at (6.220, 199.540) (6.220, 199.540) on layer: M1
Net VSS: dangling Wire at (287.020, 199.540) (287.020, 199.540) on layer: M1
Net VSS: dangling Wire at (6.220, 197.380) (6.220, 197.380) on layer: M1
Net VSS: dangling Wire at (287.020, 197.380) (287.020, 197.380) on layer: M1
Net VSS: dangling Wire at (6.220, 195.220) (6.220, 195.220) on layer: M1
Net VSS: dangling Wire at (287.020, 195.220) (287.020, 195.220) on layer: M1
Net VSS: dangling Wire at (6.220, 193.060) (6.220, 193.060) on layer: M1
Net VSS: dangling Wire at (287.020, 193.060) (287.020, 193.060) on layer: M1
Net VSS: dangling Wire at (6.220, 190.900) (6.220, 190.900) on layer: M1
Net VSS: dangling Wire at (287.020, 190.900) (287.020, 190.900) on layer: M1
Net VSS: dangling Wire at (6.220, 188.740) (6.220, 188.740) on layer: M1
Net VSS: dangling Wire at (287.020, 188.740) (287.020, 188.740) on layer: M1
Net VSS: dangling Wire at (6.220, 186.580) (6.220, 186.580) on layer: M1
Net VSS: dangling Wire at (287.020, 186.580) (287.020, 186.580) on layer: M1
Net VSS: dangling Wire at (6.220, 184.420) (6.220, 184.420) on layer: M1
Net VSS: dangling Wire at (287.020, 184.420) (287.020, 184.420) on layer: M1
Net VSS: dangling Wire at (6.220, 182.260) (6.220, 182.260) on layer: M1
Net VSS: dangling Wire at (287.020, 182.260) (287.020, 182.260) on layer: M1
Net VSS: dangling Wire at (6.220, 180.100) (6.220, 180.100) on layer: M1
Net VSS: dangling Wire at (287.020, 180.100) (287.020, 180.100) on layer: M1
Net VSS: dangling Wire at (6.220, 177.940) (6.220, 177.940) on layer: M1
Net VSS: dangling Wire at (287.020, 177.940) (287.020, 177.940) on layer: M1
Net VSS: dangling Wire at (287.020, 175.780) (287.020, 175.780) on layer: M1
Net VSS: dangling Wire at (287.020, 173.620) (287.020, 173.620) on layer: M1
Net VSS: dangling Wire at (6.220, 171.460) (6.220, 171.460) on layer: M1
Net VSS: dangling Wire at (287.020, 171.460) (287.020, 171.460) on layer: M1
Net VSS: dangling Wire at (6.220, 169.300) (6.220, 169.300) on layer: M1
Net VSS: dangling Wire at (287.020, 169.300) (287.020, 169.300) on layer: M1
Net VSS: dangling Wire at (6.220, 167.140) (6.220, 167.140) on layer: M1
Net VSS: dangling Wire at (287.020, 167.140) (287.020, 167.140) on layer: M1
Net VSS: dangling Wire at (6.220, 164.980) (6.220, 164.980) on layer: M1
Net VSS: dangling Wire at (287.020, 164.980) (287.020, 164.980) on layer: M1
Net VSS: dangling Wire at (287.020, 162.820) (287.020, 162.820) on layer: M1
Net VSS: dangling Wire at (6.220, 160.660) (6.220, 160.660) on layer: M1
Net VSS: dangling Wire at (287.020, 160.660) (287.020, 160.660) on layer: M1
Net VSS: dangling Wire at (6.220, 158.500) (6.220, 158.500) on layer: M1
Net VSS: dangling Wire at (287.020, 158.500) (287.020, 158.500) on layer: M1
Net VSS: dangling Wire at (6.220, 156.340) (6.220, 156.340) on layer: M1
Net VSS: dangling Wire at (287.020, 156.340) (287.020, 156.340) on layer: M1
Net VSS: dangling Wire at (6.220, 154.180) (6.220, 154.180) on layer: M1
Net VSS: dangling Wire at (287.020, 154.180) (287.020, 154.180) on layer: M1
Net VSS: dangling Wire at (287.020, 152.020) (287.020, 152.020) on layer: M1
Net VSS: dangling Wire at (6.220, 149.860) (6.220, 149.860) on layer: M1
Net VSS: dangling Wire at (287.020, 149.860) (287.020, 149.860) on layer: M1
Net VSS: dangling Wire at (6.220, 147.700) (6.220, 147.700) on layer: M1
Net VSS: dangling Wire at (287.020, 147.700) (287.020, 147.700) on layer: M1
Net VSS: dangling Wire at (6.220, 145.540) (6.220, 145.540) on layer: M1
Net VSS: dangling Wire at (287.020, 145.540) (287.020, 145.540) on layer: M1
Net VSS: dangling Wire at (6.220, 143.380) (6.220, 143.380) on layer: M1
Net VSS: dangling Wire at (287.020, 143.380) (287.020, 143.380) on layer: M1
Net VSS: dangling Wire at (6.220, 141.220) (6.220, 141.220) on layer: M1
Net VSS: dangling Wire at (287.020, 141.220) (287.020, 141.220) on layer: M1
Net VSS: dangling Wire at (6.220, 139.060) (6.220, 139.060) on layer: M1
Net VSS: dangling Wire at (287.020, 139.060) (287.020, 139.060) on layer: M1
Net VSS: dangling Wire at (6.220, 136.900) (6.220, 136.900) on layer: M1
Net VSS: dangling Wire at (287.020, 136.900) (287.020, 136.900) on layer: M1
Net VSS: dangling Wire at (6.220, 134.740) (6.220, 134.740) on layer: M1
Net VSS: dangling Wire at (287.020, 134.740) (287.020, 134.740) on layer: M1
Net VSS: dangling Wire at (6.220, 132.580) (6.220, 132.580) on layer: M1
Net VSS: dangling Wire at (287.020, 132.580) (287.020, 132.580) on layer: M1
Net VSS: dangling Wire at (287.020, 130.420) (287.020, 130.420) on layer: M1
Net VSS: dangling Wire at (287.020, 128.260) (287.020, 128.260) on layer: M1
Net VSS: dangling Wire at (6.220, 126.100) (6.220, 126.100) on layer: M1
Net VSS: dangling Wire at (287.020, 126.100) (287.020, 126.100) on layer: M1
Net VSS: dangling Wire at (287.020, 123.940) (287.020, 123.940) on layer: M1
Net VSS: dangling Wire at (287.020, 121.780) (287.020, 121.780) on layer: M1
Net VSS: dangling Wire at (6.220, 119.620) (6.220, 119.620) on layer: M1
Net VSS: dangling Wire at (287.020, 119.620) (287.020, 119.620) on layer: M1
Net VSS: dangling Wire at (6.220, 117.460) (6.220, 117.460) on layer: M1
Net VSS: dangling Wire at (287.020, 117.460) (287.020, 117.460) on layer: M1
Net VSS: dangling Wire at (6.220, 115.300) (6.220, 115.300) on layer: M1
Net VSS: dangling Wire at (287.020, 115.300) (287.020, 115.300) on layer: M1
Net VSS: dangling Wire at (6.220, 113.140) (6.220, 113.140) on layer: M1
Net VSS: dangling Wire at (287.020, 113.140) (287.020, 113.140) on layer: M1
Net VSS: dangling Wire at (6.220, 110.980) (6.220, 110.980) on layer: M1
Net VSS: dangling Wire at (287.020, 110.980) (287.020, 110.980) on layer: M1
Net VSS: dangling Wire at (6.220, 108.820) (6.220, 108.820) on layer: M1
Net VSS: dangling Wire at (287.020, 108.820) (287.020, 108.820) on layer: M1
Net VSS: dangling Wire at (6.220, 106.660) (6.220, 106.660) on layer: M1
Net VSS: dangling Wire at (287.020, 106.660) (287.020, 106.660) on layer: M1
Net VSS: dangling Wire at (6.220, 104.500) (6.220, 104.500) on layer: M1
Net VSS: dangling Wire at (287.020, 104.500) (287.020, 104.500) on layer: M1
Net VSS: dangling Wire at (6.220, 102.340) (6.220, 102.340) on layer: M1
Net VSS: dangling Wire at (287.020, 102.340) (287.020, 102.340) on layer: M1
Net VSS: dangling Wire at (6.220, 100.180) (6.220, 100.180) on layer: M1
Net VSS: dangling Wire at (287.020, 100.180) (287.020, 100.180) on layer: M1
Net VSS: dangling Wire at (6.220, 98.020) (6.220, 98.020) on layer: M1
Net VSS: dangling Wire at (287.020, 98.020) (287.020, 98.020) on layer: M1
Net VSS: dangling Wire at (6.220, 95.860) (6.220, 95.860) on layer: M1
Net VSS: dangling Wire at (287.020, 95.860) (287.020, 95.860) on layer: M1
Net VSS: dangling Wire at (6.220, 93.700) (6.220, 93.700) on layer: M1
Net VSS: dangling Wire at (287.020, 93.700) (287.020, 93.700) on layer: M1
Net VSS: dangling Wire at (6.220, 91.540) (6.220, 91.540) on layer: M1
Net VSS: dangling Wire at (287.020, 91.540) (287.020, 91.540) on layer: M1
Net VSS: dangling Wire at (6.220, 89.380) (6.220, 89.380) on layer: M1
Net VSS: dangling Wire at (287.020, 89.380) (287.020, 89.380) on layer: M1
Net VSS: dangling Wire at (6.220, 87.220) (6.220, 87.220) on layer: M1
Net VSS: dangling Wire at (287.020, 87.220) (287.020, 87.220) on layer: M1
Net VSS: dangling Wire at (6.220, 85.060) (6.220, 85.060) on layer: M1
Net VSS: dangling Wire at (287.020, 85.060) (287.020, 85.060) on layer: M1
Net VSS: dangling Wire at (6.220, 82.900) (6.220, 82.900) on layer: M1
Net VSS: dangling Wire at (287.020, 82.900) (287.020, 82.900) on layer: M1
Net VSS: dangling Wire at (287.020, 80.740) (287.020, 80.740) on layer: M1
Net VSS: dangling Wire at (287.020, 78.580) (287.020, 78.580) on layer: M1
Net VSS: dangling Wire at (6.220, 76.420) (6.220, 76.420) on layer: M1
Net VSS: dangling Wire at (287.020, 76.420) (287.020, 76.420) on layer: M1
Net VSS: dangling Wire at (6.220, 74.260) (6.220, 74.260) on layer: M1
Net VSS: dangling Wire at (287.020, 74.260) (287.020, 74.260) on layer: M1
Net VSS: dangling Wire at (6.220, 72.100) (6.220, 72.100) on layer: M1
Net VSS: dangling Wire at (287.020, 72.100) (287.020, 72.100) on layer: M1
Net VSS: dangling Wire at (6.220, 69.940) (6.220, 69.940) on layer: M1
Net VSS: dangling Wire at (287.020, 69.940) (287.020, 69.940) on layer: M1
Net VSS: dangling Wire at (6.220, 67.780) (6.220, 67.780) on layer: M1
Net VSS: dangling Wire at (287.020, 67.780) (287.020, 67.780) on layer: M1
Net VSS: dangling Wire at (6.220, 65.620) (6.220, 65.620) on layer: M1
Net VSS: dangling Wire at (287.020, 65.620) (287.020, 65.620) on layer: M1
Net VSS: dangling Wire at (6.220, 63.460) (6.220, 63.460) on layer: M1
Net VSS: dangling Wire at (287.020, 63.460) (287.020, 63.460) on layer: M1
Net VSS: dangling Wire at (6.220, 61.300) (6.220, 61.300) on layer: M1
Net VSS: dangling Wire at (287.020, 61.300) (287.020, 61.300) on layer: M1
Net VSS: dangling Wire at (6.220, 59.140) (6.220, 59.140) on layer: M1
Net VSS: dangling Wire at (287.020, 59.140) (287.020, 59.140) on layer: M1
Net VSS: dangling Wire at (6.220, 56.980) (6.220, 56.980) on layer: M1
Net VSS: dangling Wire at (287.020, 56.980) (287.020, 56.980) on layer: M1
Net VSS: dangling Wire at (6.220, 54.820) (6.220, 54.820) on layer: M1
Net VSS: dangling Wire at (287.020, 54.820) (287.020, 54.820) on layer: M1
Net VSS: dangling Wire at (6.220, 52.660) (6.220, 52.660) on layer: M1
Net VSS: dangling Wire at (287.020, 52.660) (287.020, 52.660) on layer: M1
Net VSS: dangling Wire at (6.220, 50.500) (6.220, 50.500) on layer: M1
Net VSS: dangling Wire at (287.020, 50.500) (287.020, 50.500) on layer: M1
Net VSS: dangling Wire at (6.220, 48.340) (6.220, 48.340) on layer: M1
Net VSS: dangling Wire at (287.020, 48.340) (287.020, 48.340) on layer: M1
Net VSS: dangling Wire at (6.220, 46.180) (6.220, 46.180) on layer: M1
Net VSS: dangling Wire at (287.020, 46.180) (287.020, 46.180) on layer: M1
Net VSS: dangling Wire at (6.220, 44.020) (6.220, 44.020) on layer: M1
Net VSS: dangling Wire at (287.020, 44.020) (287.020, 44.020) on layer: M1
Net VSS: dangling Wire at (6.220, 41.860) (6.220, 41.860) on layer: M1
Net VSS: dangling Wire at (287.020, 41.860) (287.020, 41.860) on layer: M1
Net VSS: dangling Wire at (6.220, 39.700) (6.220, 39.700) on layer: M1
Net VSS: dangling Wire at (287.020, 39.700) (287.020, 39.700) on layer: M1
Net VSS: dangling Wire at (6.220, 37.540) (6.220, 37.540) on layer: M1
Net VSS: dangling Wire at (287.020, 37.540) (287.020, 37.540) on layer: M1
Net VSS: dangling Wire at (6.220, 35.380) (6.220, 35.380) on layer: M1
Net VSS: dangling Wire at (287.020, 35.380) (287.020, 35.380) on layer: M1
Net VSS: dangling Wire at (6.220, 33.220) (6.220, 33.220) on layer: M1
Net VSS: dangling Wire at (287.020, 33.220) (287.020, 33.220) on layer: M1
Net VSS: dangling Wire at (6.220, 31.060) (6.220, 31.060) on layer: M1
Net VSS: dangling Wire at (287.020, 31.060) (287.020, 31.060) on layer: M1
Net VSS: dangling Wire at (6.220, 28.900) (6.220, 28.900) on layer: M1
Net VSS: dangling Wire at (287.020, 28.900) (287.020, 28.900) on layer: M1
Net VSS: dangling Wire at (6.220, 26.740) (6.220, 26.740) on layer: M1
Net VSS: dangling Wire at (287.020, 26.740) (287.020, 26.740) on layer: M1
Net VSS: dangling Wire at (6.220, 24.580) (6.220, 24.580) on layer: M1
Net VSS: dangling Wire at (287.020, 24.580) (287.020, 24.580) on layer: M1
Net VSS: dangling Wire at (6.220, 22.420) (6.220, 22.420) on layer: M1
Net VSS: dangling Wire at (287.020, 22.420) (287.020, 22.420) on layer: M1
Net VSS: dangling Wire at (6.220, 20.260) (6.220, 20.260) on layer: M1
Net VSS: dangling Wire at (287.020, 20.260) (287.020, 20.260) on layer: M1
Net VSS: dangling Wire at (6.220, 18.100) (6.220, 18.100) on layer: M1
Net VSS: dangling Wire at (287.020, 18.100) (287.020, 18.100) on layer: M1
Net VSS: dangling Wire at (6.220, 15.940) (6.220, 15.940) on layer: M1
Net VSS: dangling Wire at (287.020, 15.940) (287.020, 15.940) on layer: M1
Net VSS: dangling Wire at (6.220, 13.780) (6.220, 13.780) on layer: M1
Net VSS: dangling Wire at (287.020, 13.780) (287.020, 13.780) on layer: M1
Net VSS: dangling Wire at (6.220, 11.620) (6.220, 11.620) on layer: M1
Net VSS: dangling Wire at (287.020, 11.620) (287.020, 11.620) on layer: M1
Net VSS: dangling Wire at (6.220, 9.460) (6.220, 9.460) on layer: M1
Net VSS: dangling Wire at (287.020, 9.460) (287.020, 9.460) on layer: M1
Net VSS: dangling Wire at (6.220, 7.300) (6.220, 7.300) on layer: M1
Net VSS: dangling Wire at (287.020, 7.300) (287.020, 7.300) on layer: M1
Net VSS: dangling Wire at (6.220, 285.940) (6.220, 285.940) on layer: M2
Net VSS: dangling Wire at (287.020, 285.940) (287.020, 285.940) on layer: M2
Net VSS: dangling Wire at (6.220, 283.780) (6.220, 283.780) on layer: M2
Net VSS: dangling Wire at (287.020, 283.780) (287.020, 283.780) on layer: M2
Net VSS: dangling Wire at (6.220, 281.620) (6.220, 281.620) on layer: M2
Net VSS: dangling Wire at (287.020, 281.620) (287.020, 281.620) on layer: M2
Net VSS: dangling Wire at (6.220, 279.460) (6.220, 279.460) on layer: M2
Net VSS: dangling Wire at (287.020, 279.460) (287.020, 279.460) on layer: M2
Net VSS: dangling Wire at (6.220, 277.300) (6.220, 277.300) on layer: M2
Net VSS: dangling Wire at (287.020, 277.300) (287.020, 277.300) on layer: M2
Net VSS: dangling Wire at (6.220, 275.140) (6.220, 275.140) on layer: M2
Net VSS: dangling Wire at (287.020, 275.140) (287.020, 275.140) on layer: M2
Net VSS: dangling Wire at (6.220, 272.980) (6.220, 272.980) on layer: M2
Net VSS: dangling Wire at (287.020, 272.980) (287.020, 272.980) on layer: M2
Net VSS: dangling Wire at (6.220, 270.820) (6.220, 270.820) on layer: M2
Net VSS: dangling Wire at (287.020, 270.820) (287.020, 270.820) on layer: M2
Net VSS: dangling Wire at (6.220, 268.660) (6.220, 268.660) on layer: M2
Net VSS: dangling Wire at (287.020, 268.660) (287.020, 268.660) on layer: M2
Net VSS: dangling Wire at (6.220, 266.500) (6.220, 266.500) on layer: M2
Net VSS: dangling Wire at (287.020, 266.500) (287.020, 266.500) on layer: M2
Net VSS: dangling Wire at (6.220, 264.340) (6.220, 264.340) on layer: M2
Net VSS: dangling Wire at (287.020, 264.340) (287.020, 264.340) on layer: M2
Net VSS: dangling Wire at (6.220, 262.180) (6.220, 262.180) on layer: M2
Net VSS: dangling Wire at (287.020, 262.180) (287.020, 262.180) on layer: M2
Net VSS: dangling Wire at (6.220, 260.020) (6.220, 260.020) on layer: M2
Net VSS: dangling Wire at (287.020, 260.020) (287.020, 260.020) on layer: M2
Net VSS: dangling Wire at (6.220, 257.860) (6.220, 257.860) on layer: M2
Net VSS: dangling Wire at (287.020, 257.860) (287.020, 257.860) on layer: M2
Net VSS: dangling Wire at (6.220, 255.700) (6.220, 255.700) on layer: M2
Net VSS: dangling Wire at (287.020, 255.700) (287.020, 255.700) on layer: M2
Net VSS: dangling Wire at (6.220, 253.540) (6.220, 253.540) on layer: M2
Net VSS: dangling Wire at (287.020, 253.540) (287.020, 253.540) on layer: M2
Net VSS: dangling Wire at (6.220, 251.380) (6.220, 251.380) on layer: M2
Net VSS: dangling Wire at (287.020, 251.380) (287.020, 251.380) on layer: M2
Net VSS: dangling Wire at (6.220, 249.220) (6.220, 249.220) on layer: M2
Net VSS: dangling Wire at (287.020, 249.220) (287.020, 249.220) on layer: M2
Net VSS: dangling Wire at (6.220, 247.060) (6.220, 247.060) on layer: M2
Net VSS: dangling Wire at (287.020, 247.060) (287.020, 247.060) on layer: M2
Net VSS: dangling Wire at (6.220, 244.900) (6.220, 244.900) on layer: M2
Net VSS: dangling Wire at (287.020, 244.900) (287.020, 244.900) on layer: M2
Net VSS: dangling Wire at (6.220, 242.740) (6.220, 242.740) on layer: M2
Net VSS: dangling Wire at (287.020, 242.740) (287.020, 242.740) on layer: M2
Net VSS: dangling Wire at (6.220, 240.580) (6.220, 240.580) on layer: M2
Net VSS: dangling Wire at (287.020, 240.580) (287.020, 240.580) on layer: M2
Net VSS: dangling Wire at (6.220, 238.420) (6.220, 238.420) on layer: M2
Net VSS: dangling Wire at (287.020, 238.420) (287.020, 238.420) on layer: M2
Net VSS: dangling Wire at (6.220, 236.260) (6.220, 236.260) on layer: M2
Net VSS: dangling Wire at (287.020, 236.260) (287.020, 236.260) on layer: M2
Net VSS: dangling Wire at (6.220, 234.100) (6.220, 234.100) on layer: M2
Net VSS: dangling Wire at (287.020, 234.100) (287.020, 234.100) on layer: M2
Net VSS: dangling Wire at (6.220, 231.940) (6.220, 231.940) on layer: M2
Net VSS: dangling Wire at (287.020, 231.940) (287.020, 231.940) on layer: M2
Net VSS: dangling Wire at (6.220, 229.780) (6.220, 229.780) on layer: M2
Net VSS: dangling Wire at (287.020, 229.780) (287.020, 229.780) on layer: M2
Net VSS: dangling Wire at (6.220, 227.620) (6.220, 227.620) on layer: M2
Net VSS: dangling Wire at (287.020, 227.620) (287.020, 227.620) on layer: M2
Net VSS: dangling Wire at (6.220, 225.460) (6.220, 225.460) on layer: M2
Net VSS: dangling Wire at (287.020, 225.460) (287.020, 225.460) on layer: M2
Net VSS: dangling Wire at (6.220, 223.300) (6.220, 223.300) on layer: M2
Net VSS: dangling Wire at (287.020, 223.300) (287.020, 223.300) on layer: M2
Net VSS: dangling Wire at (6.220, 221.140) (6.220, 221.140) on layer: M2
Net VSS: dangling Wire at (287.020, 221.140) (287.020, 221.140) on layer: M2
Net VSS: dangling Wire at (6.220, 218.980) (6.220, 218.980) on layer: M2
Net VSS: dangling Wire at (287.020, 218.980) (287.020, 218.980) on layer: M2
Net VSS: dangling Wire at (6.220, 216.820) (6.220, 216.820) on layer: M2
Net VSS: dangling Wire at (287.020, 216.820) (287.020, 216.820) on layer: M2
Net VSS: dangling Wire at (6.220, 214.660) (6.220, 214.660) on layer: M2
Net VSS: dangling Wire at (287.020, 214.660) (287.020, 214.660) on layer: M2
Net VSS: dangling Wire at (6.220, 212.500) (6.220, 212.500) on layer: M2
Net VSS: dangling Wire at (287.020, 212.500) (287.020, 212.500) on layer: M2
Net VSS: dangling Wire at (6.220, 210.340) (6.220, 210.340) on layer: M2
Net VSS: dangling Wire at (287.020, 210.340) (287.020, 210.340) on layer: M2
Net VSS: dangling Wire at (6.220, 208.180) (6.220, 208.180) on layer: M2
Net VSS: dangling Wire at (287.020, 208.180) (287.020, 208.180) on layer: M2
Net VSS: dangling Wire at (6.220, 206.020) (6.220, 206.020) on layer: M2
Net VSS: dangling Wire at (287.020, 206.020) (287.020, 206.020) on layer: M2
Net VSS: dangling Wire at (6.220, 203.860) (6.220, 203.860) on layer: M2
Net VSS: dangling Wire at (287.020, 203.860) (287.020, 203.860) on layer: M2
Net VSS: dangling Wire at (6.220, 201.700) (6.220, 201.700) on layer: M2
Net VSS: dangling Wire at (287.020, 201.700) (287.020, 201.700) on layer: M2
Net VSS: dangling Wire at (6.220, 199.540) (6.220, 199.540) on layer: M2
Net VSS: dangling Wire at (287.020, 199.540) (287.020, 199.540) on layer: M2
Net VSS: dangling Wire at (6.220, 197.380) (6.220, 197.380) on layer: M2
Net VSS: dangling Wire at (287.020, 197.380) (287.020, 197.380) on layer: M2
Net VSS: dangling Wire at (6.220, 195.220) (6.220, 195.220) on layer: M2
Net VSS: dangling Wire at (287.020, 195.220) (287.020, 195.220) on layer: M2
Net VSS: dangling Wire at (6.220, 193.060) (6.220, 193.060) on layer: M2
Net VSS: dangling Wire at (287.020, 193.060) (287.020, 193.060) on layer: M2
Net VSS: dangling Wire at (6.220, 190.900) (6.220, 190.900) on layer: M2
Net VSS: dangling Wire at (287.020, 190.900) (287.020, 190.900) on layer: M2
Net VSS: dangling Wire at (6.220, 188.740) (6.220, 188.740) on layer: M2
Net VSS: dangling Wire at (287.020, 188.740) (287.020, 188.740) on layer: M2
Net VSS: dangling Wire at (6.220, 186.580) (6.220, 186.580) on layer: M2
Net VSS: dangling Wire at (287.020, 186.580) (287.020, 186.580) on layer: M2
Net VSS: dangling Wire at (6.220, 184.420) (6.220, 184.420) on layer: M2
Net VSS: dangling Wire at (287.020, 184.420) (287.020, 184.420) on layer: M2
Net VSS: dangling Wire at (6.220, 182.260) (6.220, 182.260) on layer: M2
Net VSS: dangling Wire at (287.020, 182.260) (287.020, 182.260) on layer: M2
Net VSS: dangling Wire at (6.220, 180.100) (6.220, 180.100) on layer: M2
Net VSS: dangling Wire at (287.020, 180.100) (287.020, 180.100) on layer: M2
Net VSS: dangling Wire at (6.220, 177.940) (6.220, 177.940) on layer: M2
Net VSS: dangling Wire at (287.020, 177.940) (287.020, 177.940) on layer: M2
Net VSS: dangling Wire at (6.220, 175.780) (6.220, 175.780) on layer: M2
Net VSS: dangling Wire at (287.020, 175.780) (287.020, 175.780) on layer: M2
Net VSS: dangling Wire at (6.220, 173.620) (6.220, 173.620) on layer: M2
Net VSS: dangling Wire at (287.020, 173.620) (287.020, 173.620) on layer: M2
Net VSS: dangling Wire at (6.220, 171.460) (6.220, 171.460) on layer: M2
Net VSS: dangling Wire at (287.020, 171.460) (287.020, 171.460) on layer: M2
Net VSS: dangling Wire at (6.220, 169.300) (6.220, 169.300) on layer: M2
Net VSS: dangling Wire at (287.020, 169.300) (287.020, 169.300) on layer: M2
Net VSS: dangling Wire at (6.220, 167.140) (6.220, 167.140) on layer: M2
Net VSS: dangling Wire at (287.020, 167.140) (287.020, 167.140) on layer: M2
Net VSS: dangling Wire at (6.220, 164.980) (6.220, 164.980) on layer: M2
Net VSS: dangling Wire at (287.020, 164.980) (287.020, 164.980) on layer: M2
Net VSS: dangling Wire at (6.220, 162.820) (6.220, 162.820) on layer: M2
Net VSS: dangling Wire at (287.020, 162.820) (287.020, 162.820) on layer: M2
Net VSS: dangling Wire at (6.220, 160.660) (6.220, 160.660) on layer: M2
Net VSS: dangling Wire at (287.020, 160.660) (287.020, 160.660) on layer: M2
Net VSS: dangling Wire at (6.220, 158.500) (6.220, 158.500) on layer: M2
Net VSS: dangling Wire at (287.020, 158.500) (287.020, 158.500) on layer: M2
Net VSS: dangling Wire at (6.220, 156.340) (6.220, 156.340) on layer: M2
Net VSS: dangling Wire at (287.020, 156.340) (287.020, 156.340) on layer: M2
Net VSS: dangling Wire at (6.220, 154.180) (6.220, 154.180) on layer: M2
Net VSS: dangling Wire at (287.020, 154.180) (287.020, 154.180) on layer: M2
Net VSS: dangling Wire at (6.220, 152.020) (6.220, 152.020) on layer: M2
Net VSS: dangling Wire at (287.020, 152.020) (287.020, 152.020) on layer: M2
Net VSS: dangling Wire at (6.220, 149.860) (6.220, 149.860) on layer: M2
Net VSS: dangling Wire at (287.020, 149.860) (287.020, 149.860) on layer: M2
Net VSS: dangling Wire at (6.220, 147.700) (6.220, 147.700) on layer: M2
Net VSS: dangling Wire at (287.020, 147.700) (287.020, 147.700) on layer: M2
Net VSS: dangling Wire at (6.220, 145.540) (6.220, 145.540) on layer: M2
Net VSS: dangling Wire at (287.020, 145.540) (287.020, 145.540) on layer: M2
Net VSS: dangling Wire at (6.220, 143.380) (6.220, 143.380) on layer: M2
Net VSS: dangling Wire at (287.020, 143.380) (287.020, 143.380) on layer: M2
Net VSS: dangling Wire at (6.220, 141.220) (6.220, 141.220) on layer: M2
Net VSS: dangling Wire at (287.020, 141.220) (287.020, 141.220) on layer: M2
Net VSS: dangling Wire at (6.220, 139.060) (6.220, 139.060) on layer: M2
Net VSS: dangling Wire at (287.020, 139.060) (287.020, 139.060) on layer: M2
Net VSS: dangling Wire at (6.220, 136.900) (6.220, 136.900) on layer: M2
Net VSS: dangling Wire at (287.020, 136.900) (287.020, 136.900) on layer: M2
Net VSS: dangling Wire at (6.220, 134.740) (6.220, 134.740) on layer: M2
Net VSS: dangling Wire at (287.020, 134.740) (287.020, 134.740) on layer: M2
Net VSS: dangling Wire at (6.220, 132.580) (6.220, 132.580) on layer: M2
Net VSS: dangling Wire at (287.020, 132.580) (287.020, 132.580) on layer: M2
Net VSS: dangling Wire at (6.220, 130.420) (6.220, 130.420) on layer: M2
Net VSS: dangling Wire at (287.020, 130.420) (287.020, 130.420) on layer: M2
Net VSS: dangling Wire at (6.220, 128.260) (6.220, 128.260) on layer: M2
Net VSS: dangling Wire at (287.020, 128.260) (287.020, 128.260) on layer: M2
Net VSS: dangling Wire at (6.220, 126.100) (6.220, 126.100) on layer: M2
Net VSS: dangling Wire at (287.020, 126.100) (287.020, 126.100) on layer: M2
Net VSS: dangling Wire at (6.220, 123.940) (6.220, 123.940) on layer: M2
Net VSS: dangling Wire at (287.020, 123.940) (287.020, 123.940) on layer: M2
Net VSS: dangling Wire at (6.220, 121.780) (6.220, 121.780) on layer: M2
Net VSS: dangling Wire at (287.020, 121.780) (287.020, 121.780) on layer: M2
Net VSS: dangling Wire at (6.220, 119.620) (6.220, 119.620) on layer: M2
Net VSS: dangling Wire at (287.020, 119.620) (287.020, 119.620) on layer: M2
Net VSS: dangling Wire at (6.220, 117.460) (6.220, 117.460) on layer: M2
Net VSS: dangling Wire at (287.020, 117.460) (287.020, 117.460) on layer: M2
Net VSS: dangling Wire at (6.220, 115.300) (6.220, 115.300) on layer: M2
Net VSS: dangling Wire at (287.020, 115.300) (287.020, 115.300) on layer: M2
Net VSS: dangling Wire at (6.220, 113.140) (6.220, 113.140) on layer: M2
Net VSS: dangling Wire at (287.020, 113.140) (287.020, 113.140) on layer: M2
Net VSS: dangling Wire at (6.220, 110.980) (6.220, 110.980) on layer: M2
Net VSS: dangling Wire at (287.020, 110.980) (287.020, 110.980) on layer: M2
Net VSS: dangling Wire at (6.220, 108.820) (6.220, 108.820) on layer: M2
Net VSS: dangling Wire at (287.020, 108.820) (287.020, 108.820) on layer: M2
Net VSS: dangling Wire at (6.220, 106.660) (6.220, 106.660) on layer: M2
Net VSS: dangling Wire at (287.020, 106.660) (287.020, 106.660) on layer: M2
Net VSS: dangling Wire at (6.220, 104.500) (6.220, 104.500) on layer: M2
Net VSS: dangling Wire at (287.020, 104.500) (287.020, 104.500) on layer: M2
Net VSS: dangling Wire at (6.220, 102.340) (6.220, 102.340) on layer: M2
Net VSS: dangling Wire at (287.020, 102.340) (287.020, 102.340) on layer: M2
Net VSS: dangling Wire at (6.220, 100.180) (6.220, 100.180) on layer: M2
Net VSS: dangling Wire at (287.020, 100.180) (287.020, 100.180) on layer: M2
Net VSS: dangling Wire at (6.220, 98.020) (6.220, 98.020) on layer: M2
Net VSS: dangling Wire at (287.020, 98.020) (287.020, 98.020) on layer: M2
Net VSS: dangling Wire at (6.220, 95.860) (6.220, 95.860) on layer: M2
Net VSS: dangling Wire at (287.020, 95.860) (287.020, 95.860) on layer: M2
Net VSS: dangling Wire at (6.220, 93.700) (6.220, 93.700) on layer: M2
Net VSS: dangling Wire at (287.020, 93.700) (287.020, 93.700) on layer: M2
Net VSS: dangling Wire at (6.220, 91.540) (6.220, 91.540) on layer: M2
Net VSS: dangling Wire at (287.020, 91.540) (287.020, 91.540) on layer: M2
Net VSS: dangling Wire at (6.220, 89.380) (6.220, 89.380) on layer: M2
Net VSS: dangling Wire at (287.020, 89.380) (287.020, 89.380) on layer: M2
Net VSS: dangling Wire at (6.220, 87.220) (6.220, 87.220) on layer: M2
Net VSS: dangling Wire at (287.020, 87.220) (287.020, 87.220) on layer: M2
Net VSS: dangling Wire at (6.220, 85.060) (6.220, 85.060) on layer: M2
Net VSS: dangling Wire at (287.020, 85.060) (287.020, 85.060) on layer: M2
Net VSS: dangling Wire at (6.220, 82.900) (6.220, 82.900) on layer: M2
Net VSS: dangling Wire at (287.020, 82.900) (287.020, 82.900) on layer: M2
Net VSS: dangling Wire at (6.220, 80.740) (6.220, 80.740) on layer: M2
Net VSS: dangling Wire at (287.020, 80.740) (287.020, 80.740) on layer: M2
Net VSS: dangling Wire at (6.220, 78.580) (6.220, 78.580) on layer: M2
Net VSS: dangling Wire at (287.020, 78.580) (287.020, 78.580) on layer: M2
Net VSS: dangling Wire at (6.220, 76.420) (6.220, 76.420) on layer: M2
Net VSS: dangling Wire at (287.020, 76.420) (287.020, 76.420) on layer: M2
Net VSS: dangling Wire at (6.220, 74.260) (6.220, 74.260) on layer: M2
Net VSS: dangling Wire at (287.020, 74.260) (287.020, 74.260) on layer: M2
Net VSS: dangling Wire at (6.220, 72.100) (6.220, 72.100) on layer: M2
Net VSS: dangling Wire at (287.020, 72.100) (287.020, 72.100) on layer: M2
Net VSS: dangling Wire at (6.220, 69.940) (6.220, 69.940) on layer: M2
Net VSS: dangling Wire at (287.020, 69.940) (287.020, 69.940) on layer: M2
Net VSS: dangling Wire at (6.220, 67.780) (6.220, 67.780) on layer: M2
Net VSS: dangling Wire at (287.020, 67.780) (287.020, 67.780) on layer: M2
Net VSS: dangling Wire at (6.220, 65.620) (6.220, 65.620) on layer: M2
Net VSS: dangling Wire at (287.020, 65.620) (287.020, 65.620) on layer: M2
Net VSS: dangling Wire at (6.220, 63.460) (6.220, 63.460) on layer: M2
Net VSS: dangling Wire at (287.020, 63.460) (287.020, 63.460) on layer: M2
Net VSS: dangling Wire at (6.220, 61.300) (6.220, 61.300) on layer: M2
Net VSS: dangling Wire at (287.020, 61.300) (287.020, 61.300) on layer: M2
Net VSS: dangling Wire at (6.220, 59.140) (6.220, 59.140) on layer: M2
Net VSS: dangling Wire at (287.020, 59.140) (287.020, 59.140) on layer: M2
Net VSS: dangling Wire at (6.220, 56.980) (6.220, 56.980) on layer: M2
Net VSS: dangling Wire at (287.020, 56.980) (287.020, 56.980) on layer: M2
Net VSS: dangling Wire at (6.220, 54.820) (6.220, 54.820) on layer: M2
Net VSS: dangling Wire at (287.020, 54.820) (287.020, 54.820) on layer: M2
Net VSS: dangling Wire at (6.220, 52.660) (6.220, 52.660) on layer: M2
Net VSS: dangling Wire at (287.020, 52.660) (287.020, 52.660) on layer: M2
Net VSS: dangling Wire at (6.220, 50.500) (6.220, 50.500) on layer: M2
Net VSS: dangling Wire at (287.020, 50.500) (287.020, 50.500) on layer: M2
Net VSS: dangling Wire at (6.220, 48.340) (6.220, 48.340) on layer: M2
Net VSS: dangling Wire at (287.020, 48.340) (287.020, 48.340) on layer: M2
Net VSS: dangling Wire at (6.220, 46.180) (6.220, 46.180) on layer: M2
Net VSS: dangling Wire at (287.020, 46.180) (287.020, 46.180) on layer: M2
Net VSS: dangling Wire at (6.220, 44.020) (6.220, 44.020) on layer: M2
Net VSS: dangling Wire at (287.020, 44.020) (287.020, 44.020) on layer: M2
Net VSS: dangling Wire at (6.220, 41.860) (6.220, 41.860) on layer: M2
Net VSS: dangling Wire at (287.020, 41.860) (287.020, 41.860) on layer: M2
Net VSS: dangling Wire at (6.220, 39.700) (6.220, 39.700) on layer: M2
Net VSS: dangling Wire at (287.020, 39.700) (287.020, 39.700) on layer: M2
Net VSS: dangling Wire at (6.220, 37.540) (6.220, 37.540) on layer: M2
Net VSS: dangling Wire at (287.020, 37.540) (287.020, 37.540) on layer: M2
Net VSS: dangling Wire at (6.220, 35.380) (6.220, 35.380) on layer: M2
Net VSS: dangling Wire at (287.020, 35.380) (287.020, 35.380) on layer: M2
Net VSS: dangling Wire at (6.220, 33.220) (6.220, 33.220) on layer: M2
Net VSS: dangling Wire at (287.020, 33.220) (287.020, 33.220) on layer: M2
Net VSS: dangling Wire at (6.220, 31.060) (6.220, 31.060) on layer: M2
Net VSS: dangling Wire at (287.020, 31.060) (287.020, 31.060) on layer: M2
Net VSS: dangling Wire at (6.220, 28.900) (6.220, 28.900) on layer: M2
Net VSS: dangling Wire at (287.020, 28.900) (287.020, 28.900) on layer: M2
Net VSS: dangling Wire at (6.220, 26.740) (6.220, 26.740) on layer: M2
Net VSS: dangling Wire at (287.020, 26.740) (287.020, 26.740) on layer: M2
Net VSS: dangling Wire at (6.220, 24.580) (6.220, 24.580) on layer: M2
Net VSS: dangling Wire at (287.020, 24.580) (287.020, 24.580) on layer: M2
Net VSS: dangling Wire at (6.220, 22.420) (6.220, 22.420) on layer: M2
Net VSS: dangling Wire at (287.020, 22.420) (287.020, 22.420) on layer: M2
Net VSS: dangling Wire at (6.220, 20.260) (6.220, 20.260) on layer: M2
Net VSS: dangling Wire at (287.020, 20.260) (287.020, 20.260) on layer: M2
Net VSS: dangling Wire at (6.220, 18.100) (6.220, 18.100) on layer: M2
Net VSS: dangling Wire at (287.020, 18.100) (287.020, 18.100) on layer: M2
Net VSS: dangling Wire at (6.220, 15.940) (6.220, 15.940) on layer: M2
Net VSS: dangling Wire at (287.020, 15.940) (287.020, 15.940) on layer: M2
Net VSS: dangling Wire at (6.220, 13.780) (6.220, 13.780) on layer: M2
Net VSS: dangling Wire at (287.020, 13.780) (287.020, 13.780) on layer: M2
Net VSS: dangling Wire at (6.220, 11.620) (6.220, 11.620) on layer: M2
Net VSS: dangling Wire at (287.020, 11.620) (287.020, 11.620) on layer: M2
Net VSS: dangling Wire at (6.220, 9.460) (6.220, 9.460) on layer: M2
Net VSS: dangling Wire at (287.020, 9.460) (287.020, 9.460) on layer: M2
Net VSS: dangling Wire at (6.220, 7.300) (6.220, 7.300) on layer: M2
Net VSS: dangling Wire at (287.020, 7.300) (287.020, 7.300) on layer: M2
Net VDD: dangling Wire at (6.220, 287.020) (6.220, 287.020) on layer: M1
Net VDD: dangling Wire at (287.020, 287.020) (287.020, 287.020) on layer: M1
Net VDD: dangling Wire at (6.220, 284.860) (6.220, 284.860) on layer: M1
Net VDD: dangling Wire at (287.020, 284.860) (287.020, 284.860) on layer: M1
Net VDD: dangling Wire at (6.220, 282.700) (6.220, 282.700) on layer: M1
Net VDD: dangling Wire at (287.020, 282.700) (287.020, 282.700) on layer: M1
Net VDD: dangling Wire at (6.220, 280.540) (6.220, 280.540) on layer: M1
Net VDD: dangling Wire at (287.020, 280.540) (287.020, 280.540) on layer: M1
Net VDD: dangling Wire at (6.220, 278.380) (6.220, 278.380) on layer: M1
Net VDD: dangling Wire at (287.020, 278.380) (287.020, 278.380) on layer: M1
Net VDD: dangling Wire at (6.220, 276.220) (6.220, 276.220) on layer: M1
Net VDD: dangling Wire at (287.020, 276.220) (287.020, 276.220) on layer: M1
Net VDD: dangling Wire at (6.220, 274.060) (6.220, 274.060) on layer: M1
Net VDD: dangling Wire at (287.020, 274.060) (287.020, 274.060) on layer: M1
Net VDD: dangling Wire at (6.220, 271.900) (6.220, 271.900) on layer: M1
Net VDD: dangling Wire at (287.020, 271.900) (287.020, 271.900) on layer: M1
Net VDD: dangling Wire at (6.220, 269.740) (6.220, 269.740) on layer: M1
Net VDD: dangling Wire at (287.020, 269.740) (287.020, 269.740) on layer: M1
Net VDD: dangling Wire at (6.220, 267.580) (6.220, 267.580) on layer: M1
Net VDD: dangling Wire at (287.020, 267.580) (287.020, 267.580) on layer: M1
Net VDD: dangling Wire at (6.220, 265.420) (6.220, 265.420) on layer: M1
Net VDD: dangling Wire at (287.020, 265.420) (287.020, 265.420) on layer: M1
Net VDD: dangling Wire at (6.220, 263.260) (6.220, 263.260) on layer: M1
Net VDD: dangling Wire at (287.020, 263.260) (287.020, 263.260) on layer: M1
Net VDD: dangling Wire at (6.220, 261.100) (6.220, 261.100) on layer: M1
Net VDD: dangling Wire at (287.020, 261.100) (287.020, 261.100) on layer: M1
Net VDD: dangling Wire at (6.220, 258.940) (6.220, 258.940) on layer: M1
Net VDD: dangling Wire at (287.020, 258.940) (287.020, 258.940) on layer: M1
Net VDD: dangling Wire at (6.220, 256.780) (6.220, 256.780) on layer: M1
Net VDD: dangling Wire at (287.020, 256.780) (287.020, 256.780) on layer: M1
Net VDD: dangling Wire at (6.220, 254.620) (6.220, 254.620) on layer: M1
Net VDD: dangling Wire at (287.020, 254.620) (287.020, 254.620) on layer: M1
Net VDD: dangling Wire at (6.220, 252.460) (6.220, 252.460) on layer: M1
Net VDD: dangling Wire at (287.020, 252.460) (287.020, 252.460) on layer: M1
Net VDD: dangling Wire at (6.220, 250.300) (6.220, 250.300) on layer: M1
Net VDD: dangling Wire at (287.020, 250.300) (287.020, 250.300) on layer: M1
Net VDD: dangling Wire at (6.220, 248.140) (6.220, 248.140) on layer: M1
Net VDD: dangling Wire at (287.020, 248.140) (287.020, 248.140) on layer: M1
Net VDD: dangling Wire at (6.220, 245.980) (6.220, 245.980) on layer: M1
Net VDD: dangling Wire at (287.020, 245.980) (287.020, 245.980) on layer: M1
Net VDD: dangling Wire at (6.220, 243.820) (6.220, 243.820) on layer: M1
Net VDD: dangling Wire at (287.020, 243.820) (287.020, 243.820) on layer: M1
Net VDD: dangling Wire at (6.220, 241.660) (6.220, 241.660) on layer: M1
Net VDD: dangling Wire at (287.020, 241.660) (287.020, 241.660) on layer: M1
Net VDD: dangling Wire at (6.220, 239.500) (6.220, 239.500) on layer: M1
Net VDD: dangling Wire at (287.020, 239.500) (287.020, 239.500) on layer: M1
Net VDD: dangling Wire at (6.220, 237.340) (6.220, 237.340) on layer: M1
Net VDD: dangling Wire at (287.020, 237.340) (287.020, 237.340) on layer: M1
Net VDD: dangling Wire at (6.220, 235.180) (6.220, 235.180) on layer: M1
Net VDD: dangling Wire at (287.020, 235.180) (287.020, 235.180) on layer: M1
Net VDD: dangling Wire at (6.220, 233.020) (6.220, 233.020) on layer: M1
Net VDD: dangling Wire at (287.020, 233.020) (287.020, 233.020) on layer: M1
Net VDD: dangling Wire at (6.220, 230.860) (6.220, 230.860) on layer: M1
Net VDD: dangling Wire at (287.020, 230.860) (287.020, 230.860) on layer: M1
Net VDD: dangling Wire at (6.220, 228.700) (6.220, 228.700) on layer: M1
Net VDD: dangling Wire at (287.020, 228.700) (287.020, 228.700) on layer: M1
Net VDD: dangling Wire at (6.220, 226.540) (6.220, 226.540) on layer: M1
Net VDD: dangling Wire at (287.020, 226.540) (287.020, 226.540) on layer: M1
Net VDD: dangling Wire at (6.220, 224.380) (6.220, 224.380) on layer: M1
Net VDD: dangling Wire at (287.020, 224.380) (287.020, 224.380) on layer: M1
Net VDD: dangling Wire at (6.220, 222.220) (6.220, 222.220) on layer: M1
Net VDD: dangling Wire at (287.020, 222.220) (287.020, 222.220) on layer: M1
Net VDD: dangling Wire at (6.220, 220.060) (6.220, 220.060) on layer: M1
Net VDD: dangling Wire at (287.020, 220.060) (287.020, 220.060) on layer: M1
Net VDD: dangling Wire at (6.220, 217.900) (6.220, 217.900) on layer: M1
Net VDD: dangling Wire at (287.020, 217.900) (287.020, 217.900) on layer: M1
Net VDD: dangling Wire at (6.220, 215.740) (6.220, 215.740) on layer: M1
Net VDD: dangling Wire at (287.020, 215.740) (287.020, 215.740) on layer: M1
Net VDD: dangling Wire at (6.220, 213.580) (6.220, 213.580) on layer: M1
Net VDD: dangling Wire at (287.020, 213.580) (287.020, 213.580) on layer: M1
Net VDD: dangling Wire at (6.220, 211.420) (6.220, 211.420) on layer: M1
Net VDD: dangling Wire at (287.020, 211.420) (287.020, 211.420) on layer: M1
Net VDD: dangling Wire at (6.220, 209.260) (6.220, 209.260) on layer: M1
Net VDD: dangling Wire at (287.020, 209.260) (287.020, 209.260) on layer: M1
Net VDD: dangling Wire at (6.220, 207.100) (6.220, 207.100) on layer: M1
Net VDD: dangling Wire at (287.020, 207.100) (287.020, 207.100) on layer: M1
Net VDD: dangling Wire at (6.220, 204.940) (6.220, 204.940) on layer: M1
Net VDD: dangling Wire at (287.020, 204.940) (287.020, 204.940) on layer: M1
Net VDD: dangling Wire at (6.220, 202.780) (6.220, 202.780) on layer: M1
Net VDD: dangling Wire at (287.020, 202.780) (287.020, 202.780) on layer: M1
Net VDD: dangling Wire at (6.220, 200.620) (6.220, 200.620) on layer: M1
Net VDD: dangling Wire at (287.020, 200.620) (287.020, 200.620) on layer: M1
Net VDD: dangling Wire at (6.220, 198.460) (6.220, 198.460) on layer: M1
Net VDD: dangling Wire at (287.020, 198.460) (287.020, 198.460) on layer: M1
Net VDD: dangling Wire at (6.220, 196.300) (6.220, 196.300) on layer: M1
Net VDD: dangling Wire at (287.020, 196.300) (287.020, 196.300) on layer: M1
Net VDD: dangling Wire at (6.220, 194.140) (6.220, 194.140) on layer: M1
Net VDD: dangling Wire at (287.020, 194.140) (287.020, 194.140) on layer: M1
Net VDD: dangling Wire at (6.220, 191.980) (6.220, 191.980) on layer: M1
Net VDD: dangling Wire at (287.020, 191.980) (287.020, 191.980) on layer: M1
Net VDD: dangling Wire at (6.220, 189.820) (6.220, 189.820) on layer: M1
Net VDD: dangling Wire at (287.020, 189.820) (287.020, 189.820) on layer: M1
Net VDD: dangling Wire at (6.220, 187.660) (6.220, 187.660) on layer: M1
Net VDD: dangling Wire at (287.020, 187.660) (287.020, 187.660) on layer: M1
Net VDD: dangling Wire at (6.220, 185.500) (6.220, 185.500) on layer: M1
Net VDD: dangling Wire at (287.020, 185.500) (287.020, 185.500) on layer: M1
Net VDD: dangling Wire at (6.220, 183.340) (6.220, 183.340) on layer: M1
Net VDD: dangling Wire at (287.020, 183.340) (287.020, 183.340) on layer: M1
Net VDD: dangling Wire at (6.220, 181.180) (6.220, 181.180) on layer: M1
Net VDD: dangling Wire at (287.020, 181.180) (287.020, 181.180) on layer: M1
Net VDD: dangling Wire at (6.220, 179.020) (6.220, 179.020) on layer: M1
Net VDD: dangling Wire at (287.020, 179.020) (287.020, 179.020) on layer: M1
Net VDD: dangling Wire at (6.220, 176.860) (6.220, 176.860) on layer: M1
Net VDD: dangling Wire at (287.020, 176.860) (287.020, 176.860) on layer: M1
Net VDD: dangling Wire at (287.020, 174.700) (287.020, 174.700) on layer: M1
Net VDD: dangling Wire at (6.220, 172.540) (6.220, 172.540) on layer: M1
Net VDD: dangling Wire at (287.020, 172.540) (287.020, 172.540) on layer: M1
Net VDD: dangling Wire at (6.220, 170.380) (6.220, 170.380) on layer: M1
Net VDD: dangling Wire at (287.020, 170.380) (287.020, 170.380) on layer: M1
Net VDD: dangling Wire at (6.220, 168.220) (6.220, 168.220) on layer: M1
Net VDD: dangling Wire at (287.020, 168.220) (287.020, 168.220) on layer: M1
Net VDD: dangling Wire at (6.220, 166.060) (6.220, 166.060) on layer: M1
Net VDD: dangling Wire at (287.020, 166.060) (287.020, 166.060) on layer: M1
Net VDD: dangling Wire at (287.020, 163.900) (287.020, 163.900) on layer: M1
Net VDD: dangling Wire at (6.220, 161.740) (6.220, 161.740) on layer: M1
Net VDD: dangling Wire at (287.020, 161.740) (287.020, 161.740) on layer: M1
Net VDD: dangling Wire at (6.220, 159.580) (6.220, 159.580) on layer: M1
Net VDD: dangling Wire at (287.020, 159.580) (287.020, 159.580) on layer: M1
Net VDD: dangling Wire at (6.220, 157.420) (6.220, 157.420) on layer: M1
Net VDD: dangling Wire at (287.020, 157.420) (287.020, 157.420) on layer: M1
Net VDD: dangling Wire at (6.220, 155.260) (6.220, 155.260) on layer: M1
Net VDD: dangling Wire at (287.020, 155.260) (287.020, 155.260) on layer: M1
Net VDD: dangling Wire at (6.220, 153.100) (6.220, 153.100) on layer: M1
Net VDD: dangling Wire at (287.020, 153.100) (287.020, 153.100) on layer: M1
Net VDD: dangling Wire at (287.020, 150.940) (287.020, 150.940) on layer: M1
Net VDD: dangling Wire at (6.220, 148.780) (6.220, 148.780) on layer: M1
Net VDD: dangling Wire at (287.020, 148.780) (287.020, 148.780) on layer: M1
Net VDD: dangling Wire at (6.220, 146.620) (6.220, 146.620) on layer: M1
Net VDD: dangling Wire at (287.020, 146.620) (287.020, 146.620) on layer: M1
Net VDD: dangling Wire at (6.220, 144.460) (6.220, 144.460) on layer: M1
Net VDD: dangling Wire at (287.020, 144.460) (287.020, 144.460) on layer: M1
Net VDD: dangling Wire at (6.220, 142.300) (6.220, 142.300) on layer: M1
Net VDD: dangling Wire at (287.020, 142.300) (287.020, 142.300) on layer: M1
Net VDD: dangling Wire at (6.220, 140.140) (6.220, 140.140) on layer: M1
Net VDD: dangling Wire at (287.020, 140.140) (287.020, 140.140) on layer: M1
Net VDD: dangling Wire at (6.220, 137.980) (6.220, 137.980) on layer: M1
Net VDD: dangling Wire at (287.020, 137.980) (287.020, 137.980) on layer: M1
Net VDD: dangling Wire at (6.220, 135.820) (6.220, 135.820) on layer: M1
Net VDD: dangling Wire at (287.020, 135.820) (287.020, 135.820) on layer: M1
Net VDD: dangling Wire at (6.220, 133.660) (6.220, 133.660) on layer: M1
Net VDD: dangling Wire at (287.020, 133.660) (287.020, 133.660) on layer: M1
Net VDD: dangling Wire at (6.220, 131.500) (6.220, 131.500) on layer: M1
Net VDD: dangling Wire at (287.020, 131.500) (287.020, 131.500) on layer: M1
Net VDD: dangling Wire at (287.020, 129.340) (287.020, 129.340) on layer: M1
Net VDD: dangling Wire at (6.220, 127.180) (6.220, 127.180) on layer: M1
Net VDD: dangling Wire at (287.020, 127.180) (287.020, 127.180) on layer: M1
Net VDD: dangling Wire at (287.020, 125.020) (287.020, 125.020) on layer: M1
Net VDD: dangling Wire at (287.020, 122.860) (287.020, 122.860) on layer: M1
Net VDD: dangling Wire at (287.020, 120.700) (287.020, 120.700) on layer: M1
Net VDD: dangling Wire at (6.220, 118.540) (6.220, 118.540) on layer: M1
Net VDD: dangling Wire at (287.020, 118.540) (287.020, 118.540) on layer: M1
Net VDD: dangling Wire at (6.220, 116.380) (6.220, 116.380) on layer: M1
Net VDD: dangling Wire at (287.020, 116.380) (287.020, 116.380) on layer: M1
Net VDD: dangling Wire at (6.220, 114.220) (6.220, 114.220) on layer: M1
Net VDD: dangling Wire at (287.020, 114.220) (287.020, 114.220) on layer: M1
Net VDD: dangling Wire at (6.220, 112.060) (6.220, 112.060) on layer: M1
Net VDD: dangling Wire at (287.020, 112.060) (287.020, 112.060) on layer: M1
Net VDD: dangling Wire at (6.220, 109.900) (6.220, 109.900) on layer: M1
Net VDD: dangling Wire at (287.020, 109.900) (287.020, 109.900) on layer: M1
Net VDD: dangling Wire at (6.220, 107.740) (6.220, 107.740) on layer: M1
Net VDD: dangling Wire at (287.020, 107.740) (287.020, 107.740) on layer: M1
Net VDD: dangling Wire at (6.220, 105.580) (6.220, 105.580) on layer: M1
Net VDD: dangling Wire at (287.020, 105.580) (287.020, 105.580) on layer: M1
Net VDD: dangling Wire at (6.220, 103.420) (6.220, 103.420) on layer: M1
Net VDD: dangling Wire at (287.020, 103.420) (287.020, 103.420) on layer: M1
Net VDD: dangling Wire at (6.220, 101.260) (6.220, 101.260) on layer: M1
Net VDD: dangling Wire at (287.020, 101.260) (287.020, 101.260) on layer: M1
Net VDD: dangling Wire at (6.220, 99.100) (6.220, 99.100) on layer: M1
Net VDD: dangling Wire at (287.020, 99.100) (287.020, 99.100) on layer: M1
Net VDD: dangling Wire at (6.220, 96.940) (6.220, 96.940) on layer: M1
Net VDD: dangling Wire at (287.020, 96.940) (287.020, 96.940) on layer: M1
Net VDD: dangling Wire at (6.220, 94.780) (6.220, 94.780) on layer: M1
Net VDD: dangling Wire at (287.020, 94.780) (287.020, 94.780) on layer: M1
Net VDD: dangling Wire at (6.220, 92.620) (6.220, 92.620) on layer: M1
Net VDD: dangling Wire at (287.020, 92.620) (287.020, 92.620) on layer: M1
Net VDD: dangling Wire at (6.220, 90.460) (6.220, 90.460) on layer: M1
Net VDD: dangling Wire at (287.020, 90.460) (287.020, 90.460) on layer: M1
Net VDD: dangling Wire at (6.220, 88.300) (6.220, 88.300) on layer: M1
Net VDD: dangling Wire at (287.020, 88.300) (287.020, 88.300) on layer: M1
Net VDD: dangling Wire at (6.220, 86.140) (6.220, 86.140) on layer: M1
Net VDD: dangling Wire at (287.020, 86.140) (287.020, 86.140) on layer: M1
Net VDD: dangling Wire at (6.220, 83.980) (6.220, 83.980) on layer: M1
Net VDD: dangling Wire at (287.020, 83.980) (287.020, 83.980) on layer: M1
Net VDD: dangling Wire at (6.220, 81.820) (6.220, 81.820) on layer: M1
Net VDD: dangling Wire at (287.020, 81.820) (287.020, 81.820) on layer: M1
Net VDD: dangling Wire at (287.020, 79.660) (287.020, 79.660) on layer: M1
Net VDD: dangling Wire at (287.020, 77.500) (287.020, 77.500) on layer: M1
Net VDD: dangling Wire at (6.220, 75.340) (6.220, 75.340) on layer: M1
Net VDD: dangling Wire at (287.020, 75.340) (287.020, 75.340) on layer: M1
Net VDD: dangling Wire at (6.220, 73.180) (6.220, 73.180) on layer: M1
Net VDD: dangling Wire at (287.020, 73.180) (287.020, 73.180) on layer: M1
Net VDD: dangling Wire at (6.220, 71.020) (6.220, 71.020) on layer: M1
Net VDD: dangling Wire at (287.020, 71.020) (287.020, 71.020) on layer: M1
Net VDD: dangling Wire at (6.220, 68.860) (6.220, 68.860) on layer: M1
Net VDD: dangling Wire at (287.020, 68.860) (287.020, 68.860) on layer: M1
Net VDD: dangling Wire at (6.220, 66.700) (6.220, 66.700) on layer: M1
Net VDD: dangling Wire at (287.020, 66.700) (287.020, 66.700) on layer: M1
Net VDD: dangling Wire at (6.220, 64.540) (6.220, 64.540) on layer: M1
Net VDD: dangling Wire at (287.020, 64.540) (287.020, 64.540) on layer: M1
Net VDD: dangling Wire at (6.220, 62.380) (6.220, 62.380) on layer: M1
Net VDD: dangling Wire at (287.020, 62.380) (287.020, 62.380) on layer: M1
Net VDD: dangling Wire at (6.220, 60.220) (6.220, 60.220) on layer: M1
Net VDD: dangling Wire at (287.020, 60.220) (287.020, 60.220) on layer: M1
Net VDD: dangling Wire at (6.220, 58.060) (6.220, 58.060) on layer: M1
Net VDD: dangling Wire at (287.020, 58.060) (287.020, 58.060) on layer: M1
Net VDD: dangling Wire at (6.220, 55.900) (6.220, 55.900) on layer: M1
Net VDD: dangling Wire at (287.020, 55.900) (287.020, 55.900) on layer: M1
Net VDD: dangling Wire at (6.220, 53.740) (6.220, 53.740) on layer: M1
Net VDD: dangling Wire at (287.020, 53.740) (287.020, 53.740) on layer: M1
Net VDD: dangling Wire at (6.220, 51.580) (6.220, 51.580) on layer: M1
Net VDD: dangling Wire at (287.020, 51.580) (287.020, 51.580) on layer: M1
Net VDD: dangling Wire at (6.220, 49.420) (6.220, 49.420) on layer: M1
Net VDD: dangling Wire at (287.020, 49.420) (287.020, 49.420) on layer: M1
Net VDD: dangling Wire at (6.220, 47.260) (6.220, 47.260) on layer: M1
Net VDD: dangling Wire at (287.020, 47.260) (287.020, 47.260) on layer: M1
Net VDD: dangling Wire at (6.220, 45.100) (6.220, 45.100) on layer: M1
Net VDD: dangling Wire at (287.020, 45.100) (287.020, 45.100) on layer: M1
Net VDD: dangling Wire at (6.220, 42.940) (6.220, 42.940) on layer: M1
Net VDD: dangling Wire at (287.020, 42.940) (287.020, 42.940) on layer: M1
Net VDD: dangling Wire at (6.220, 40.780) (6.220, 40.780) on layer: M1
Net VDD: dangling Wire at (287.020, 40.780) (287.020, 40.780) on layer: M1
Net VDD: dangling Wire at (6.220, 38.620) (6.220, 38.620) on layer: M1
Net VDD: dangling Wire at (287.020, 38.620) (287.020, 38.620) on layer: M1
Net VDD: dangling Wire at (6.220, 36.460) (6.220, 36.460) on layer: M1
Net VDD: dangling Wire at (287.020, 36.460) (287.020, 36.460) on layer: M1
Net VDD: dangling Wire at (6.220, 34.300) (6.220, 34.300) on layer: M1
Net VDD: dangling Wire at (287.020, 34.300) (287.020, 34.300) on layer: M1
Net VDD: dangling Wire at (6.220, 32.140) (6.220, 32.140) on layer: M1
Net VDD: dangling Wire at (287.020, 32.140) (287.020, 32.140) on layer: M1
Net VDD: dangling Wire at (6.220, 29.980) (6.220, 29.980) on layer: M1
Net VDD: dangling Wire at (287.020, 29.980) (287.020, 29.980) on layer: M1
Net VDD: dangling Wire at (6.220, 27.820) (6.220, 27.820) on layer: M1
Net VDD: dangling Wire at (287.020, 27.820) (287.020, 27.820) on layer: M1
Net VDD: dangling Wire at (6.220, 25.660) (6.220, 25.660) on layer: M1
Net VDD: dangling Wire at (287.020, 25.660) (287.020, 25.660) on layer: M1
Net VDD: dangling Wire at (6.220, 23.500) (6.220, 23.500) on layer: M1
Net VDD: dangling Wire at (287.020, 23.500) (287.020, 23.500) on layer: M1
Net VDD: dangling Wire at (6.220, 21.340) (6.220, 21.340) on layer: M1
Net VDD: dangling Wire at (287.020, 21.340) (287.020, 21.340) on layer: M1
Net VDD: dangling Wire at (6.220, 19.180) (6.220, 19.180) on layer: M1
Net VDD: dangling Wire at (287.020, 19.180) (287.020, 19.180) on layer: M1
Net VDD: dangling Wire at (6.220, 17.020) (6.220, 17.020) on layer: M1
Net VDD: dangling Wire at (287.020, 17.020) (287.020, 17.020) on layer: M1
Net VDD: dangling Wire at (6.220, 14.860) (6.220, 14.860) on layer: M1
Net VDD: dangling Wire at (287.020, 14.860) (287.020, 14.860) on layer: M1
Net VDD: dangling Wire at (6.220, 12.700) (6.220, 12.700) on layer: M1
Net VDD: dangling Wire at (287.020, 12.700) (287.020, 12.700) on layer: M1
Net VDD: dangling Wire at (6.220, 10.540) (6.220, 10.540) on layer: M1
Net VDD: dangling Wire at (287.020, 10.540) (287.020, 10.540) on layer: M1
Net VDD: dangling Wire at (6.220, 8.380) (6.220, 8.380) on layer: M1
Net VDD: dangling Wire at (287.020, 8.380) (287.020, 8.380) on layer: M1
Net VDD: dangling Wire at (6.220, 6.220) (6.220, 6.220) on layer: M1
Net VDD: dangling Wire at (287.020, 6.220) (287.020, 6.220) on layer: M1
Net VDD: dangling Wire at (6.220, 287.020) (6.220, 287.020) on layer: M2
Net VDD: dangling Wire at (287.020, 287.020) (287.020, 287.020) on layer: M2
Net VDD: dangling Wire at (6.220, 284.860) (6.220, 284.860) on layer: M2
Net VDD: dangling Wire at (287.020, 284.860) (287.020, 284.860) on layer: M2
Net VDD: dangling Wire at (6.220, 282.700) (6.220, 282.700) on layer: M2
Net VDD: dangling Wire at (287.020, 282.700) (287.020, 282.700) on layer: M2
Net VDD: dangling Wire at (6.220, 280.540) (6.220, 280.540) on layer: M2
Net VDD: dangling Wire at (287.020, 280.540) (287.020, 280.540) on layer: M2
Net VDD: dangling Wire at (6.220, 278.380) (6.220, 278.380) on layer: M2
Net VDD: dangling Wire at (287.020, 278.380) (287.020, 278.380) on layer: M2
Net VDD: dangling Wire at (6.220, 276.220) (6.220, 276.220) on layer: M2
Net VDD: dangling Wire at (287.020, 276.220) (287.020, 276.220) on layer: M2
Net VDD: dangling Wire at (6.220, 274.060) (6.220, 274.060) on layer: M2
Net VDD: dangling Wire at (287.020, 274.060) (287.020, 274.060) on layer: M2
Net VDD: dangling Wire at (6.220, 271.900) (6.220, 271.900) on layer: M2
Net VDD: dangling Wire at (287.020, 271.900) (287.020, 271.900) on layer: M2
Net VDD: dangling Wire at (6.220, 269.740) (6.220, 269.740) on layer: M2
Net VDD: dangling Wire at (287.020, 269.740) (287.020, 269.740) on layer: M2
Net VDD: dangling Wire at (6.220, 267.580) (6.220, 267.580) on layer: M2
Net VDD: dangling Wire at (287.020, 267.580) (287.020, 267.580) on layer: M2
Net VDD: dangling Wire at (6.220, 265.420) (6.220, 265.420) on layer: M2
Net VDD: dangling Wire at (287.020, 265.420) (287.020, 265.420) on layer: M2
Net VDD: dangling Wire at (6.220, 263.260) (6.220, 263.260) on layer: M2
Net VDD: dangling Wire at (287.020, 263.260) (287.020, 263.260) on layer: M2
Net VDD: dangling Wire at (6.220, 261.100) (6.220, 261.100) on layer: M2
Net VDD: dangling Wire at (287.020, 261.100) (287.020, 261.100) on layer: M2
Net VDD: dangling Wire at (6.220, 258.940) (6.220, 258.940) on layer: M2
Net VDD: dangling Wire at (287.020, 258.940) (287.020, 258.940) on layer: M2
Net VDD: dangling Wire at (6.220, 256.780) (6.220, 256.780) on layer: M2
Net VDD: dangling Wire at (287.020, 256.780) (287.020, 256.780) on layer: M2
Net VDD: dangling Wire at (6.220, 254.620) (6.220, 254.620) on layer: M2
Net VDD: dangling Wire at (287.020, 254.620) (287.020, 254.620) on layer: M2
Net VDD: dangling Wire at (6.220, 252.460) (6.220, 252.460) on layer: M2
Net VDD: dangling Wire at (287.020, 252.460) (287.020, 252.460) on layer: M2
Net VDD: dangling Wire at (6.220, 250.300) (6.220, 250.300) on layer: M2
Net VDD: dangling Wire at (287.020, 250.300) (287.020, 250.300) on layer: M2
Net VDD: dangling Wire at (6.220, 248.140) (6.220, 248.140) on layer: M2
Net VDD: dangling Wire at (287.020, 248.140) (287.020, 248.140) on layer: M2
Net VDD: dangling Wire at (6.220, 245.980) (6.220, 245.980) on layer: M2
Net VDD: dangling Wire at (287.020, 245.980) (287.020, 245.980) on layer: M2
Net VDD: dangling Wire at (6.220, 243.820) (6.220, 243.820) on layer: M2
Net VDD: dangling Wire at (287.020, 243.820) (287.020, 243.820) on layer: M2
Net VDD: dangling Wire at (6.220, 241.660) (6.220, 241.660) on layer: M2
Net VDD: dangling Wire at (287.020, 241.660) (287.020, 241.660) on layer: M2
Net VDD: dangling Wire at (6.220, 239.500) (6.220, 239.500) on layer: M2
Net VDD: dangling Wire at (287.020, 239.500) (287.020, 239.500) on layer: M2
Net VDD: dangling Wire at (6.220, 237.340) (6.220, 237.340) on layer: M2
Net VDD: dangling Wire at (287.020, 237.340) (287.020, 237.340) on layer: M2
Net VDD: dangling Wire at (6.220, 235.180) (6.220, 235.180) on layer: M2
Net VDD: dangling Wire at (287.020, 235.180) (287.020, 235.180) on layer: M2
Net VDD: dangling Wire at (6.220, 233.020) (6.220, 233.020) on layer: M2
Net VDD: dangling Wire at (287.020, 233.020) (287.020, 233.020) on layer: M2
Net VDD: dangling Wire at (6.220, 230.860) (6.220, 230.860) on layer: M2
Net VDD: dangling Wire at (287.020, 230.860) (287.020, 230.860) on layer: M2
Net VDD: dangling Wire at (6.220, 228.700) (6.220, 228.700) on layer: M2
Net VDD: dangling Wire at (287.020, 228.700) (287.020, 228.700) on layer: M2
Net VDD: dangling Wire at (6.220, 226.540) (6.220, 226.540) on layer: M2
Net VDD: dangling Wire at (287.020, 226.540) (287.020, 226.540) on layer: M2
Net VDD: dangling Wire at (6.220, 224.380) (6.220, 224.380) on layer: M2
Net VDD: dangling Wire at (287.020, 224.380) (287.020, 224.380) on layer: M2
Net VDD: dangling Wire at (6.220, 222.220) (6.220, 222.220) on layer: M2
Net VDD: dangling Wire at (287.020, 222.220) (287.020, 222.220) on layer: M2
Net VDD: dangling Wire at (6.220, 220.060) (6.220, 220.060) on layer: M2
Net VDD: dangling Wire at (287.020, 220.060) (287.020, 220.060) on layer: M2
Net VDD: dangling Wire at (6.220, 217.900) (6.220, 217.900) on layer: M2
Net VDD: dangling Wire at (287.020, 217.900) (287.020, 217.900) on layer: M2
Net VDD: dangling Wire at (6.220, 215.740) (6.220, 215.740) on layer: M2
Net VDD: dangling Wire at (287.020, 215.740) (287.020, 215.740) on layer: M2
Net VDD: dangling Wire at (6.220, 213.580) (6.220, 213.580) on layer: M2
Net VDD: dangling Wire at (287.020, 213.580) (287.020, 213.580) on layer: M2
Net VDD: dangling Wire at (6.220, 211.420) (6.220, 211.420) on layer: M2
Net VDD: dangling Wire at (287.020, 211.420) (287.020, 211.420) on layer: M2
Net VDD: dangling Wire at (6.220, 209.260) (6.220, 209.260) on layer: M2
Net VDD: dangling Wire at (287.020, 209.260) (287.020, 209.260) on layer: M2
Net VDD: dangling Wire at (6.220, 207.100) (6.220, 207.100) on layer: M2
Net VDD: dangling Wire at (287.020, 207.100) (287.020, 207.100) on layer: M2
Net VDD: dangling Wire at (6.220, 204.940) (6.220, 204.940) on layer: M2
Net VDD: dangling Wire at (287.020, 204.940) (287.020, 204.940) on layer: M2
Net VDD: dangling Wire at (6.220, 202.780) (6.220, 202.780) on layer: M2
Net VDD: dangling Wire at (287.020, 202.780) (287.020, 202.780) on layer: M2
Net VDD: dangling Wire at (6.220, 200.620) (6.220, 200.620) on layer: M2
Net VDD: dangling Wire at (287.020, 200.620) (287.020, 200.620) on layer: M2
Net VDD: dangling Wire at (6.220, 198.460) (6.220, 198.460) on layer: M2
Net VDD: dangling Wire at (287.020, 198.460) (287.020, 198.460) on layer: M2
Net VDD: dangling Wire at (6.220, 196.300) (6.220, 196.300) on layer: M2
Net VDD: dangling Wire at (287.020, 196.300) (287.020, 196.300) on layer: M2
Net VDD: dangling Wire at (6.220, 194.140) (6.220, 194.140) on layer: M2
Net VDD: dangling Wire at (287.020, 194.140) (287.020, 194.140) on layer: M2
Net VDD: dangling Wire at (6.220, 191.980) (6.220, 191.980) on layer: M2
Net VDD: dangling Wire at (287.020, 191.980) (287.020, 191.980) on layer: M2
Net VDD: dangling Wire at (6.220, 189.820) (6.220, 189.820) on layer: M2
Net VDD: dangling Wire at (287.020, 189.820) (287.020, 189.820) on layer: M2
Net VDD: dangling Wire at (6.220, 187.660) (6.220, 187.660) on layer: M2
Net VDD: dangling Wire at (287.020, 187.660) (287.020, 187.660) on layer: M2
Net VDD: dangling Wire at (6.220, 185.500) (6.220, 185.500) on layer: M2
Net VDD: dangling Wire at (287.020, 185.500) (287.020, 185.500) on layer: M2
Net VDD: dangling Wire at (6.220, 183.340) (6.220, 183.340) on layer: M2
Net VDD: dangling Wire at (287.020, 183.340) (287.020, 183.340) on layer: M2
Net VDD: dangling Wire at (6.220, 181.180) (6.220, 181.180) on layer: M2
Net VDD: dangling Wire at (287.020, 181.180) (287.020, 181.180) on layer: M2
Net VDD: dangling Wire at (6.220, 179.020) (6.220, 179.020) on layer: M2
Net VDD: dangling Wire at (287.020, 179.020) (287.020, 179.020) on layer: M2
Net VDD: dangling Wire at (6.220, 176.860) (6.220, 176.860) on layer: M2
Net VDD: dangling Wire at (287.020, 176.860) (287.020, 176.860) on layer: M2
Net VDD: dangling Wire at (6.220, 174.700) (6.220, 174.700) on layer: M2
Net VDD: dangling Wire at (287.020, 174.700) (287.020, 174.700) on layer: M2
Net VDD: dangling Wire at (6.220, 172.540) (6.220, 172.540) on layer: M2
Net VDD: dangling Wire at (287.020, 172.540) (287.020, 172.540) on layer: M2
Net VDD: dangling Wire at (6.220, 170.380) (6.220, 170.380) on layer: M2
Net VDD: dangling Wire at (287.020, 170.380) (287.020, 170.380) on layer: M2
Net VDD: dangling Wire at (6.220, 168.220) (6.220, 168.220) on layer: M2
Net VDD: dangling Wire at (287.020, 168.220) (287.020, 168.220) on layer: M2
Net VDD: dangling Wire at (6.220, 166.060) (6.220, 166.060) on layer: M2
Net VDD: dangling Wire at (287.020, 166.060) (287.020, 166.060) on layer: M2
Net VDD: dangling Wire at (6.220, 163.900) (6.220, 163.900) on layer: M2
Net VDD: dangling Wire at (287.020, 163.900) (287.020, 163.900) on layer: M2
Net VDD: dangling Wire at (6.220, 161.740) (6.220, 161.740) on layer: M2
Net VDD: dangling Wire at (287.020, 161.740) (287.020, 161.740) on layer: M2
Net VDD: dangling Wire at (6.220, 159.580) (6.220, 159.580) on layer: M2
Net VDD: dangling Wire at (287.020, 159.580) (287.020, 159.580) on layer: M2
Net VDD: dangling Wire at (6.220, 157.420) (6.220, 157.420) on layer: M2
Net VDD: dangling Wire at (287.020, 157.420) (287.020, 157.420) on layer: M2
Net VDD: dangling Wire at (6.220, 155.260) (6.220, 155.260) on layer: M2
Net VDD: dangling Wire at (287.020, 155.260) (287.020, 155.260) on layer: M2
Net VDD: dangling Wire at (6.220, 153.100) (6.220, 153.100) on layer: M2
Net VDD: dangling Wire at (287.020, 153.100) (287.020, 153.100) on layer: M2
Net VDD: dangling Wire at (6.220, 150.940) (6.220, 150.940) on layer: M2
Net VDD: dangling Wire at (287.020, 150.940) (287.020, 150.940) on layer: M2
Net VDD: dangling Wire at (6.220, 148.780) (6.220, 148.780) on layer: M2
Net VDD: dangling Wire at (287.020, 148.780) (287.020, 148.780) on layer: M2
Net VDD: dangling Wire at (6.220, 146.620) (6.220, 146.620) on layer: M2
Net VDD: dangling Wire at (287.020, 146.620) (287.020, 146.620) on layer: M2
Net VDD: dangling Wire at (6.220, 144.460) (6.220, 144.460) on layer: M2
Net VDD: dangling Wire at (287.020, 144.460) (287.020, 144.460) on layer: M2
Net VDD: dangling Wire at (6.220, 142.300) (6.220, 142.300) on layer: M2
Net VDD: dangling Wire at (287.020, 142.300) (287.020, 142.300) on layer: M2
Net VDD: dangling Wire at (6.220, 140.140) (6.220, 140.140) on layer: M2
Net VDD: dangling Wire at (287.020, 140.140) (287.020, 140.140) on layer: M2
Net VDD: dangling Wire at (6.220, 137.980) (6.220, 137.980) on layer: M2
Net VDD: dangling Wire at (287.020, 137.980) (287.020, 137.980) on layer: M2
Net VDD: dangling Wire at (6.220, 135.820) (6.220, 135.820) on layer: M2
Net VDD: dangling Wire at (287.020, 135.820) (287.020, 135.820) on layer: M2
Net VDD: dangling Wire at (6.220, 133.660) (6.220, 133.660) on layer: M2
Net VDD: dangling Wire at (287.020, 133.660) (287.020, 133.660) on layer: M2
Net VDD: dangling Wire at (6.220, 131.500) (6.220, 131.500) on layer: M2
Net VDD: dangling Wire at (287.020, 131.500) (287.020, 131.500) on layer: M2
Net VDD: dangling Wire at (6.220, 129.340) (6.220, 129.340) on layer: M2
Net VDD: dangling Wire at (287.020, 129.340) (287.020, 129.340) on layer: M2
Net VDD: dangling Wire at (6.220, 127.180) (6.220, 127.180) on layer: M2
Net VDD: dangling Wire at (287.020, 127.180) (287.020, 127.180) on layer: M2
Net VDD: dangling Wire at (6.220, 125.020) (6.220, 125.020) on layer: M2
Net VDD: dangling Wire at (287.020, 125.020) (287.020, 125.020) on layer: M2
Net VDD: dangling Wire at (6.220, 122.860) (6.220, 122.860) on layer: M2
Net VDD: dangling Wire at (287.020, 122.860) (287.020, 122.860) on layer: M2
Net VDD: dangling Wire at (6.220, 120.700) (6.220, 120.700) on layer: M2
Net VDD: dangling Wire at (287.020, 120.700) (287.020, 120.700) on layer: M2
Net VDD: dangling Wire at (6.220, 118.540) (6.220, 118.540) on layer: M2
Net VDD: dangling Wire at (287.020, 118.540) (287.020, 118.540) on layer: M2
Net VDD: dangling Wire at (6.220, 116.380) (6.220, 116.380) on layer: M2
Net VDD: dangling Wire at (287.020, 116.380) (287.020, 116.380) on layer: M2
Net VDD: dangling Wire at (6.220, 114.220) (6.220, 114.220) on layer: M2
Net VDD: dangling Wire at (287.020, 114.220) (287.020, 114.220) on layer: M2
Net VDD: dangling Wire at (6.220, 112.060) (6.220, 112.060) on layer: M2
Net VDD: dangling Wire at (287.020, 112.060) (287.020, 112.060) on layer: M2
Net VDD: dangling Wire at (6.220, 109.900) (6.220, 109.900) on layer: M2
Net VDD: dangling Wire at (287.020, 109.900) (287.020, 109.900) on layer: M2
Net VDD: dangling Wire at (6.220, 107.740) (6.220, 107.740) on layer: M2
Net VDD: dangling Wire at (287.020, 107.740) (287.020, 107.740) on layer: M2
Net VDD: dangling Wire at (6.220, 105.580) (6.220, 105.580) on layer: M2
Net VDD: dangling Wire at (287.020, 105.580) (287.020, 105.580) on layer: M2
Net VDD: dangling Wire at (6.220, 103.420) (6.220, 103.420) on layer: M2
Net VDD: dangling Wire at (287.020, 103.420) (287.020, 103.420) on layer: M2
Net VDD: dangling Wire at (6.220, 101.260) (6.220, 101.260) on layer: M2
Net VDD: dangling Wire at (287.020, 101.260) (287.020, 101.260) on layer: M2
Net VDD: dangling Wire at (6.220, 99.100) (6.220, 99.100) on layer: M2
Net VDD: dangling Wire at (287.020, 99.100) (287.020, 99.100) on layer: M2
Net VDD: dangling Wire at (6.220, 96.940) (6.220, 96.940) on layer: M2
Net VDD: dangling Wire at (287.020, 96.940) (287.020, 96.940) on layer: M2
Net VDD: dangling Wire at (6.220, 94.780) (6.220, 94.780) on layer: M2
Net VDD: dangling Wire at (287.020, 94.780) (287.020, 94.780) on layer: M2
Net VDD: dangling Wire at (6.220, 92.620) (6.220, 92.620) on layer: M2
Net VDD: dangling Wire at (287.020, 92.620) (287.020, 92.620) on layer: M2
Net VDD: dangling Wire at (6.220, 90.460) (6.220, 90.460) on layer: M2
Net VDD: dangling Wire at (287.020, 90.460) (287.020, 90.460) on layer: M2
Net VDD: dangling Wire at (6.220, 88.300) (6.220, 88.300) on layer: M2
Net VDD: dangling Wire at (287.020, 88.300) (287.020, 88.300) on layer: M2
Net VDD: dangling Wire at (6.220, 86.140) (6.220, 86.140) on layer: M2
Net VDD: dangling Wire at (287.020, 86.140) (287.020, 86.140) on layer: M2
Net VDD: dangling Wire at (6.220, 83.980) (6.220, 83.980) on layer: M2
Net VDD: dangling Wire at (287.020, 83.980) (287.020, 83.980) on layer: M2
Net VDD: dangling Wire at (6.220, 81.820) (6.220, 81.820) on layer: M2
Net VDD: dangling Wire at (287.020, 81.820) (287.020, 81.820) on layer: M2
Net VDD: dangling Wire at (6.220, 79.660) (6.220, 79.660) on layer: M2
Net VDD: dangling Wire at (287.020, 79.660) (287.020, 79.660) on layer: M2
Net VDD: dangling Wire at (6.220, 77.500) (6.220, 77.500) on layer: M2
Net VDD: dangling Wire at (287.020, 77.500) (287.020, 77.500) on layer: M2
Net VDD: dangling Wire at (6.220, 75.340) (6.220, 75.340) on layer: M2
Net VDD: dangling Wire at (287.020, 75.340) (287.020, 75.340) on layer: M2
Net VDD: dangling Wire at (6.220, 73.180) (6.220, 73.180) on layer: M2
Net VDD: dangling Wire at (287.020, 73.180) (287.020, 73.180) on layer: M2
Net VDD: dangling Wire at (6.220, 71.020) (6.220, 71.020) on layer: M2
Net VDD: dangling Wire at (287.020, 71.020) (287.020, 71.020) on layer: M2
Net VDD: dangling Wire at (6.220, 68.860) (6.220, 68.860) on layer: M2
Net VDD: dangling Wire at (287.020, 68.860) (287.020, 68.860) on layer: M2
Net VDD: dangling Wire at (6.220, 66.700) (6.220, 66.700) on layer: M2
Net VDD: dangling Wire at (287.020, 66.700) (287.020, 66.700) on layer: M2
Net VDD: dangling Wire at (6.220, 64.540) (6.220, 64.540) on layer: M2
Net VDD: dangling Wire at (287.020, 64.540) (287.020, 64.540) on layer: M2
Net VDD: dangling Wire at (6.220, 62.380) (6.220, 62.380) on layer: M2
Net VDD: dangling Wire at (287.020, 62.380) (287.020, 62.380) on layer: M2
Net VDD: dangling Wire at (6.220, 60.220) (6.220, 60.220) on layer: M2
Net VDD: dangling Wire at (287.020, 60.220) (287.020, 60.220) on layer: M2
Net VDD: dangling Wire at (6.220, 58.060) (6.220, 58.060) on layer: M2
Net VDD: dangling Wire at (287.020, 58.060) (287.020, 58.060) on layer: M2
Net VDD: dangling Wire at (6.220, 55.900) (6.220, 55.900) on layer: M2
Net VDD: dangling Wire at (287.020, 55.900) (287.020, 55.900) on layer: M2
Net VDD: dangling Wire at (6.220, 53.740) (6.220, 53.740) on layer: M2
Net VDD: dangling Wire at (287.020, 53.740) (287.020, 53.740) on layer: M2
Net VDD: dangling Wire at (6.220, 51.580) (6.220, 51.580) on layer: M2
Net VDD: dangling Wire at (287.020, 51.580) (287.020, 51.580) on layer: M2
Net VDD: dangling Wire at (6.220, 49.420) (6.220, 49.420) on layer: M2
Net VDD: dangling Wire at (287.020, 49.420) (287.020, 49.420) on layer: M2
Net VDD: dangling Wire at (6.220, 47.260) (6.220, 47.260) on layer: M2
Net VDD: dangling Wire at (287.020, 47.260) (287.020, 47.260) on layer: M2
Net VDD: dangling Wire at (6.220, 45.100) (6.220, 45.100) on layer: M2
Net VDD: dangling Wire at (287.020, 45.100) (287.020, 45.100) on layer: M2
Net VDD: dangling Wire at (6.220, 42.940) (6.220, 42.940) on layer: M2
Net VDD: dangling Wire at (287.020, 42.940) (287.020, 42.940) on layer: M2
Net VDD: dangling Wire at (6.220, 40.780) (6.220, 40.780) on layer: M2
Net VDD: dangling Wire at (287.020, 40.780) (287.020, 40.780) on layer: M2
Net VDD: dangling Wire at (6.220, 38.620) (6.220, 38.620) on layer: M2
Net VDD: dangling Wire at (287.020, 38.620) (287.020, 38.620) on layer: M2
Net VDD: dangling Wire at (6.220, 36.460) (6.220, 36.460) on layer: M2
Net VDD: dangling Wire at (287.020, 36.460) (287.020, 36.460) on layer: M2
Net VDD: dangling Wire at (6.220, 34.300) (6.220, 34.300) on layer: M2
Net VDD: dangling Wire at (287.020, 34.300) (287.020, 34.300) on layer: M2
Net VDD: dangling Wire at (6.220, 32.140) (6.220, 32.140) on layer: M2
Net VDD: dangling Wire at (287.020, 32.140) (287.020, 32.140) on layer: M2
Net VDD: dangling Wire at (6.220, 29.980) (6.220, 29.980) on layer: M2
Net VDD: dangling Wire at (287.020, 29.980) (287.020, 29.980) on layer: M2
Net VDD: dangling Wire at (6.220, 27.820) (6.220, 27.820) on layer: M2
Net VDD: dangling Wire at (287.020, 27.820) (287.020, 27.820) on layer: M2
Net VDD: dangling Wire at (6.220, 25.660) (6.220, 25.660) on layer: M2
Net VDD: dangling Wire at (287.020, 25.660) (287.020, 25.660) on layer: M2
Net VDD: dangling Wire at (6.220, 23.500) (6.220, 23.500) on layer: M2
Net VDD: dangling Wire at (287.020, 23.500) (287.020, 23.500) on layer: M2
Net VDD: dangling Wire at (6.220, 21.340) (6.220, 21.340) on layer: M2
Net VDD: dangling Wire at (287.020, 21.340) (287.020, 21.340) on layer: M2
Net VDD: dangling Wire at (6.220, 19.180) (6.220, 19.180) on layer: M2
Net VDD: dangling Wire at (287.020, 19.180) (287.020, 19.180) on layer: M2
Net VDD: dangling Wire at (6.220, 17.020) (6.220, 17.020) on layer: M2
Net VDD: dangling Wire at (287.020, 17.020) (287.020, 17.020) on layer: M2
Net VDD: dangling Wire at (6.220, 14.860) (6.220, 14.860) on layer: M2
Net VDD: dangling Wire at (287.020, 14.860) (287.020, 14.860) on layer: M2
Net VDD: dangling Wire at (6.220, 12.700) (6.220, 12.700) on layer: M2
Net VDD: dangling Wire at (287.020, 12.700) (287.020, 12.700) on layer: M2
Net VDD: dangling Wire at (6.220, 10.540) (6.220, 10.540) on layer: M2
Net VDD: dangling Wire at (287.020, 10.540) (287.020, 10.540) on layer: M2
Net VDD: dangling Wire at (6.220, 8.380) (6.220, 8.380) on layer: M2
Net VDD: dangling Wire at (287.020, 8.380) (287.020, 8.380) on layer: M2
Net VDD: dangling Wire at (6.220, 6.220) (6.220, 6.220) on layer: M2
Net VDD: dangling Wire at (287.020, 6.220) (287.020, 6.220) on layer: M2

Begin Summary
    1025 Problem(s) (IMPVFC-94): The net has dangling wire(s).
    1025 total info(s) created.
End Summary
