###############################################################
#  Generated by:      Cadence Innovus 21.13-s100_1
#  OS:                Linux x86_64(Host ID ic51)
#  Generated on:      Thu Feb 16 01:49:53 2023
#  Design:            CAST128
###############################################################
              SETUP     WNS    TNS   FEP   
      -----------------------------------------
         View : ALL   25.113  0.000     0  
      Group : Async  290.246  0.000     0  
     Group : in2out      N/A    N/A     0  
    Group : reg2out  247.225  0.000     0  
     Group : in2reg  220.185    0.0     0  
    Group : reg2reg   25.113    0.0     0  
                                           
      -----------------------------------------
 
      
               HOLD     WNS    TNS   FEP   
      -----------------------------------------
         View : ALL   19.136  0.000     0  
      Group : Async   39.048  0.000     0  
     Group : in2out      N/A    N/A     0  
    Group : reg2out  499.700  0.000     0  
     Group : in2reg   19.136    0.0     0  
    Group : reg2reg  109.138    0.0     0  
                                           
      -----------------------------------------
 
      
                        DRV  WNS   TNS   FEP   
      ---------------------------------------------
                 View : ALL                    
     Check : max_transition   N/A   N/A     0  
     Check : min_transition   N/A   N/A     0  
    Check : max_capacitance   N/A   N/A     0  
    Check : min_capacitance   N/A   N/A     0  
         Check : max_fanout   N/A   N/A     0  
         Check : min_fanout   N/A   N/A     0  
                                               
      ---------------------------------------------
 
      
                            Clock checks     WNS    TNS   FEP   
      --------------------------------------------------------------
                              View : ALL                        
    Check : min_pulse_width (clocktree)       N/A    N/A     0  
    Check : min_pulse_width (endpoints)   464.676  0.000     0  
                       Check : max_skew       N/A    N/A     0  
                     Check : min_period       N/A    N/A     0  
                                                                
      --------------------------------------------------------------
 
      
