###############################################################
#  Generated by:      Cadence Innovus 21.13-s100_1
#  OS:                Linux x86_64(Host ID ic51)
#  Generated on:      Mon Feb 13 09:16:42 2023
#  Design:            sha256
###############################################################
              SETUP     WNS    TNS   FEP   
      -----------------------------------------
         View : ALL   19.900  0.000     0  
      Group : Async  353.885  0.000     0  
     Group : in2out   19.900  0.000     0  
    Group : reg2out  106.419  0.000     0  
     Group : in2reg  212.139    0.0     0  
    Group : reg2reg   83.953    0.0     0  
                                           
      -----------------------------------------
 
      
               HOLD     WNS    TNS   FEP   
      -----------------------------------------
         View : ALL   21.759  0.000     0  
      Group : Async   22.614  0.000     0  
     Group : in2out  378.000  0.000     0  
    Group : reg2out  426.700  0.000     0  
     Group : in2reg   21.759    0.0     0  
    Group : reg2reg   87.897    0.0     0  
                                           
      -----------------------------------------
 
      
                        DRV  WNS   TNS   FEP   
      ---------------------------------------------
                 View : ALL                    
     Check : max_transition   N/A   N/A     0  
     Check : min_transition   N/A   N/A     0  
    Check : max_capacitance   N/A   N/A     0  
    Check : min_capacitance   N/A   N/A     0  
         Check : max_fanout   N/A   N/A     0  
         Check : min_fanout   N/A   N/A     0  
                                               
      ---------------------------------------------
 
      
                            Clock checks     WNS    TNS   FEP   
      --------------------------------------------------------------
                              View : ALL                        
    Check : min_pulse_width (clocktree)       N/A    N/A     0  
    Check : min_pulse_width (endpoints)   310.250  0.000     0  
                       Check : max_skew       N/A    N/A     0  
                     Check : min_period       N/A    N/A     0  
                                                                
      --------------------------------------------------------------
 
      
