Metrics' weights:
	des_pwr         : (1/3)
	sec_ti_sts_sum  : 0.5
	des_area_die    : 1.0
	des_prf_WNS_hld : 0.5
	sec_ti_fts      : 0.5
	des             : 0.5
	des_area        : (1/3)
	sec_ti          : 1.0
	sec             : 0.5
	sec_ti_sts_max  : (1/3)
	des_pwr_tot     : 1.0
	sec_ti_fts_sum  : 1.0
	des_prf         : (1/3)
	sec_ti_sts_med  : (1/6)
	sec_ti_sts      : 0.5
	des_prf_WNS_set : 0.5

Baseline numbers (raw, not weighted yet):
	sec_ti_sts_sum  : 25478
	des_area_die    : 42782.7856
	des_prf_WNS_hld : 29.350
	sec_ti_sts_max  : 3854
	des_pwr_tot     : 9.89065447
	sec_ti_fts_sum  : 65.77
	sec_ti_sts_med  : 33
	des_prf_WNS_set : 34.220

Submission numbers (raw, not weighted yet):
	sec_ti_sts_sum  : 25445
	des_area_die    : 42782.7856
	des_prf_WNS_hld : 29.463
	sec_ti_sts_max  : 3853
	des_pwr_tot     : 9.89881919
	sec_ti_fts_sum  : 65.73
	sec_ti_sts_med  : 33
	des_prf_WNS_set : 34.232

Score components (not weighted):
	sec_ti_sts_sum  : .998704
	des_prf_WNS_hld : .996164
	des_area_die    : 1.000000
	sec_ti_sts_max  : .999740
	des_pwr_tot     : 1.000825
	sec_ti_fts_sum  : .999391
	sec_ti_sts_med  : 1.000000
	des_prf_WNS_set : .999649

Scores (weighted; last digit subject to rounding):
	des_pwr         : 1.000825
	OVERALL         : 0.999452
	sec_ti_fts      : 0.999391
	des             : 0.999576
	des_area        : 1.000000
	sec             : 0.999328
	sec_ti          : 0.999328
	des_prf         : 0.997907
	sec_ti_sts      : 0.999264
