###############################################################
#  Generated by:      Cadence Innovus 21.13-s100_1
#  OS:                Linux x86_64(Host ID ic51)
#  Generated on:      Sun Feb 12 22:19:32 2023
#  Design:            SEED
#  Command:           check_connectivity -error 100000 -warning 100000 -check_wire_loops
###############################################################
Verify Connectivity Report is created on Sun Feb 12 22:19:32 2023




Multi-CPU acceleration using 24 CPU


Use pthread

Net VDD: dangling Wire at (6.220, 200.620) (6.220, 200.620) on layer: M1
Net VDD: dangling Wire at (200.620, 200.620) (200.620, 200.620) on layer: M1
Net VDD: dangling Wire at (6.220, 198.460) (6.220, 198.460) on layer: M1
Net VDD: dangling Wire at (200.620, 198.460) (200.620, 198.460) on layer: M1
Net VDD: dangling Wire at (6.220, 196.300) (6.220, 196.300) on layer: M1
Net VDD: dangling Wire at (200.620, 196.300) (200.620, 196.300) on layer: M1
Net VDD: dangling Wire at (6.220, 194.140) (6.220, 194.140) on layer: M1
Net VDD: dangling Wire at (200.620, 194.140) (200.620, 194.140) on layer: M1
Net VDD: dangling Wire at (6.220, 191.980) (6.220, 191.980) on layer: M1
Net VDD: dangling Wire at (200.620, 191.980) (200.620, 191.980) on layer: M1
Net VDD: dangling Wire at (6.220, 189.820) (6.220, 189.820) on layer: M1
Net VDD: dangling Wire at (200.620, 189.820) (200.620, 189.820) on layer: M1
Net VDD: dangling Wire at (6.220, 187.660) (6.220, 187.660) on layer: M1
Net VDD: dangling Wire at (200.620, 187.660) (200.620, 187.660) on layer: M1
Net VDD: dangling Wire at (6.220, 185.500) (6.220, 185.500) on layer: M1
Net VDD: dangling Wire at (200.620, 185.500) (200.620, 185.500) on layer: M1
Net VDD: dangling Wire at (200.620, 183.340) (200.620, 183.340) on layer: M1
Net VDD: dangling Wire at (6.220, 181.180) (6.220, 181.180) on layer: M1
Net VDD: dangling Wire at (200.620, 181.180) (200.620, 181.180) on layer: M1
Net VDD: dangling Wire at (200.620, 179.020) (200.620, 179.020) on layer: M1
Net VDD: dangling Wire at (6.220, 176.860) (6.220, 176.860) on layer: M1
Net VDD: dangling Wire at (200.620, 176.860) (200.620, 176.860) on layer: M1
Net VDD: dangling Wire at (200.620, 174.700) (200.620, 174.700) on layer: M1
Net VDD: dangling Wire at (200.620, 172.540) (200.620, 172.540) on layer: M1
Net VDD: dangling Wire at (6.220, 170.380) (6.220, 170.380) on layer: M1
Net VDD: dangling Wire at (200.620, 170.380) (200.620, 170.380) on layer: M1
Net VDD: dangling Wire at (200.620, 168.220) (200.620, 168.220) on layer: M1
Net VDD: dangling Wire at (6.220, 166.060) (6.220, 166.060) on layer: M1
Net VDD: dangling Wire at (200.620, 166.060) (200.620, 166.060) on layer: M1
Net VDD: dangling Wire at (6.220, 163.900) (6.220, 163.900) on layer: M1
Net VDD: dangling Wire at (200.620, 163.900) (200.620, 163.900) on layer: M1
Net VDD: dangling Wire at (6.220, 161.740) (6.220, 161.740) on layer: M1
Net VDD: dangling Wire at (200.620, 161.740) (200.620, 161.740) on layer: M1
Net VDD: dangling Wire at (6.220, 159.580) (6.220, 159.580) on layer: M1
Net VDD: dangling Wire at (200.620, 159.580) (200.620, 159.580) on layer: M1
Net VDD: dangling Wire at (200.620, 157.420) (200.620, 157.420) on layer: M1
Net VDD: dangling Wire at (6.220, 155.260) (6.220, 155.260) on layer: M1
Net VDD: dangling Wire at (200.620, 155.260) (200.620, 155.260) on layer: M1
Net VDD: dangling Wire at (6.220, 153.100) (6.220, 153.100) on layer: M1
Net VDD: dangling Wire at (200.620, 153.100) (200.620, 153.100) on layer: M1
Net VDD: dangling Wire at (6.220, 150.940) (6.220, 150.940) on layer: M1
Net VDD: dangling Wire at (200.620, 150.940) (200.620, 150.940) on layer: M1
Net VDD: dangling Wire at (6.220, 148.780) (6.220, 148.780) on layer: M1
Net VDD: dangling Wire at (200.620, 148.780) (200.620, 148.780) on layer: M1
Net VDD: dangling Wire at (6.220, 146.620) (6.220, 146.620) on layer: M1
Net VDD: dangling Wire at (200.620, 146.620) (200.620, 146.620) on layer: M1
Net VDD: dangling Wire at (200.620, 144.460) (200.620, 144.460) on layer: M1
Net VDD: dangling Wire at (6.220, 142.300) (6.220, 142.300) on layer: M1
Net VDD: dangling Wire at (200.620, 142.300) (200.620, 142.300) on layer: M1
Net VDD: dangling Wire at (6.220, 140.140) (6.220, 140.140) on layer: M1
Net VDD: dangling Wire at (200.620, 140.140) (200.620, 140.140) on layer: M1
Net VDD: dangling Wire at (6.220, 137.980) (6.220, 137.980) on layer: M1
Net VDD: dangling Wire at (200.620, 137.980) (200.620, 137.980) on layer: M1
Net VDD: dangling Wire at (6.220, 135.820) (6.220, 135.820) on layer: M1
Net VDD: dangling Wire at (200.620, 135.820) (200.620, 135.820) on layer: M1
Net VDD: dangling Wire at (6.220, 133.660) (6.220, 133.660) on layer: M1
Net VDD: dangling Wire at (200.620, 133.660) (200.620, 133.660) on layer: M1
Net VDD: dangling Wire at (6.220, 131.500) (6.220, 131.500) on layer: M1
Net VDD: dangling Wire at (200.620, 131.500) (200.620, 131.500) on layer: M1
Net VDD: dangling Wire at (6.220, 129.340) (6.220, 129.340) on layer: M1
Net VDD: dangling Wire at (200.620, 129.340) (200.620, 129.340) on layer: M1
Net VDD: dangling Wire at (6.220, 127.180) (6.220, 127.180) on layer: M1
Net VDD: dangling Wire at (200.620, 127.180) (200.620, 127.180) on layer: M1
Net VDD: dangling Wire at (6.220, 125.020) (6.220, 125.020) on layer: M1
Net VDD: dangling Wire at (200.620, 125.020) (200.620, 125.020) on layer: M1
Net VDD: dangling Wire at (6.220, 122.860) (6.220, 122.860) on layer: M1
Net VDD: dangling Wire at (200.620, 122.860) (200.620, 122.860) on layer: M1
Net VDD: dangling Wire at (6.220, 120.700) (6.220, 120.700) on layer: M1
Net VDD: dangling Wire at (200.620, 120.700) (200.620, 120.700) on layer: M1
Net VDD: dangling Wire at (6.220, 118.540) (6.220, 118.540) on layer: M1
Net VDD: dangling Wire at (200.620, 118.540) (200.620, 118.540) on layer: M1
Net VDD: dangling Wire at (6.220, 116.380) (6.220, 116.380) on layer: M1
Net VDD: dangling Wire at (200.620, 116.380) (200.620, 116.380) on layer: M1
Net VDD: dangling Wire at (6.220, 114.220) (6.220, 114.220) on layer: M1
Net VDD: dangling Wire at (200.620, 114.220) (200.620, 114.220) on layer: M1
Net VDD: dangling Wire at (6.220, 112.060) (6.220, 112.060) on layer: M1
Net VDD: dangling Wire at (200.620, 112.060) (200.620, 112.060) on layer: M1
Net VDD: dangling Wire at (6.220, 109.900) (6.220, 109.900) on layer: M1
Net VDD: dangling Wire at (200.620, 109.900) (200.620, 109.900) on layer: M1
Net VDD: dangling Wire at (6.220, 107.740) (6.220, 107.740) on layer: M1
Net VDD: dangling Wire at (200.620, 107.740) (200.620, 107.740) on layer: M1
Net VDD: dangling Wire at (6.220, 105.580) (6.220, 105.580) on layer: M1
Net VDD: dangling Wire at (200.620, 105.580) (200.620, 105.580) on layer: M1
Net VDD: dangling Wire at (6.220, 103.420) (6.220, 103.420) on layer: M1
Net VDD: dangling Wire at (200.620, 103.420) (200.620, 103.420) on layer: M1
Net VDD: dangling Wire at (6.220, 101.260) (6.220, 101.260) on layer: M1
Net VDD: dangling Wire at (200.620, 101.260) (200.620, 101.260) on layer: M1
Net VDD: dangling Wire at (200.620, 99.100) (200.620, 99.100) on layer: M1
Net VDD: dangling Wire at (200.620, 96.940) (200.620, 96.940) on layer: M1
Net VDD: dangling Wire at (200.620, 94.780) (200.620, 94.780) on layer: M1
Net VDD: dangling Wire at (200.620, 92.620) (200.620, 92.620) on layer: M1
Net VDD: dangling Wire at (200.620, 90.460) (200.620, 90.460) on layer: M1
Net VDD: dangling Wire at (200.620, 88.300) (200.620, 88.300) on layer: M1
Net VDD: dangling Wire at (200.620, 86.140) (200.620, 86.140) on layer: M1
Net VDD: dangling Wire at (200.620, 83.980) (200.620, 83.980) on layer: M1
Net VDD: dangling Wire at (6.220, 81.820) (6.220, 81.820) on layer: M1
Net VDD: dangling Wire at (200.620, 81.820) (200.620, 81.820) on layer: M1
Net VDD: dangling Wire at (6.220, 79.660) (6.220, 79.660) on layer: M1
Net VDD: dangling Wire at (200.620, 79.660) (200.620, 79.660) on layer: M1
Net VDD: dangling Wire at (6.220, 77.500) (6.220, 77.500) on layer: M1
Net VDD: dangling Wire at (200.620, 77.500) (200.620, 77.500) on layer: M1
Net VDD: dangling Wire at (6.220, 75.340) (6.220, 75.340) on layer: M1
Net VDD: dangling Wire at (200.620, 75.340) (200.620, 75.340) on layer: M1
Net VDD: dangling Wire at (6.220, 73.180) (6.220, 73.180) on layer: M1
Net VDD: dangling Wire at (200.620, 73.180) (200.620, 73.180) on layer: M1
Net VDD: dangling Wire at (200.620, 71.020) (200.620, 71.020) on layer: M1
Net VDD: dangling Wire at (200.620, 68.860) (200.620, 68.860) on layer: M1
Net VDD: dangling Wire at (6.220, 66.700) (6.220, 66.700) on layer: M1
Net VDD: dangling Wire at (200.620, 66.700) (200.620, 66.700) on layer: M1
Net VDD: dangling Wire at (6.220, 64.540) (6.220, 64.540) on layer: M1
Net VDD: dangling Wire at (200.620, 64.540) (200.620, 64.540) on layer: M1
Net VDD: dangling Wire at (6.220, 62.380) (6.220, 62.380) on layer: M1
Net VDD: dangling Wire at (200.620, 62.380) (200.620, 62.380) on layer: M1
Net VDD: dangling Wire at (6.220, 60.220) (6.220, 60.220) on layer: M1
Net VDD: dangling Wire at (200.620, 60.220) (200.620, 60.220) on layer: M1
Net VDD: dangling Wire at (6.220, 58.060) (6.220, 58.060) on layer: M1
Net VDD: dangling Wire at (200.620, 58.060) (200.620, 58.060) on layer: M1
Net VDD: dangling Wire at (6.220, 55.900) (6.220, 55.900) on layer: M1
Net VDD: dangling Wire at (200.620, 55.900) (200.620, 55.900) on layer: M1
Net VDD: dangling Wire at (6.220, 53.740) (6.220, 53.740) on layer: M1
Net VDD: dangling Wire at (200.620, 53.740) (200.620, 53.740) on layer: M1
Net VDD: dangling Wire at (6.220, 51.580) (6.220, 51.580) on layer: M1
Net VDD: dangling Wire at (200.620, 51.580) (200.620, 51.580) on layer: M1
Net VDD: dangling Wire at (6.220, 49.420) (6.220, 49.420) on layer: M1
Net VDD: dangling Wire at (200.620, 49.420) (200.620, 49.420) on layer: M1
Net VDD: dangling Wire at (6.220, 47.260) (6.220, 47.260) on layer: M1
Net VDD: dangling Wire at (200.620, 47.260) (200.620, 47.260) on layer: M1
Net VDD: dangling Wire at (6.220, 45.100) (6.220, 45.100) on layer: M1
Net VDD: dangling Wire at (200.620, 45.100) (200.620, 45.100) on layer: M1
Net VDD: dangling Wire at (6.220, 42.940) (6.220, 42.940) on layer: M1
Net VDD: dangling Wire at (200.620, 42.940) (200.620, 42.940) on layer: M1
Net VDD: dangling Wire at (6.220, 40.780) (6.220, 40.780) on layer: M1
Net VDD: dangling Wire at (200.620, 40.780) (200.620, 40.780) on layer: M1
Net VDD: dangling Wire at (6.220, 38.620) (6.220, 38.620) on layer: M1
Net VDD: dangling Wire at (200.620, 38.620) (200.620, 38.620) on layer: M1
Net VDD: dangling Wire at (6.220, 36.460) (6.220, 36.460) on layer: M1
Net VDD: dangling Wire at (200.620, 36.460) (200.620, 36.460) on layer: M1
Net VDD: dangling Wire at (6.220, 34.300) (6.220, 34.300) on layer: M1
Net VDD: dangling Wire at (200.620, 34.300) (200.620, 34.300) on layer: M1
Net VDD: dangling Wire at (6.220, 32.140) (6.220, 32.140) on layer: M1
Net VDD: dangling Wire at (200.620, 32.140) (200.620, 32.140) on layer: M1
Net VDD: dangling Wire at (6.220, 29.980) (6.220, 29.980) on layer: M1
Net VDD: dangling Wire at (200.620, 29.980) (200.620, 29.980) on layer: M1
Net VDD: dangling Wire at (6.220, 27.820) (6.220, 27.820) on layer: M1
Net VDD: dangling Wire at (200.620, 27.820) (200.620, 27.820) on layer: M1
Net VDD: dangling Wire at (6.220, 25.660) (6.220, 25.660) on layer: M1
Net VDD: dangling Wire at (200.620, 25.660) (200.620, 25.660) on layer: M1
Net VDD: dangling Wire at (6.220, 23.500) (6.220, 23.500) on layer: M1
Net VDD: dangling Wire at (200.620, 23.500) (200.620, 23.500) on layer: M1
Net VDD: dangling Wire at (6.220, 21.340) (6.220, 21.340) on layer: M1
Net VDD: dangling Wire at (200.620, 21.340) (200.620, 21.340) on layer: M1
Net VDD: dangling Wire at (6.220, 19.180) (6.220, 19.180) on layer: M1
Net VDD: dangling Wire at (200.620, 19.180) (200.620, 19.180) on layer: M1
Net VDD: dangling Wire at (6.220, 17.020) (6.220, 17.020) on layer: M1
Net VDD: dangling Wire at (200.620, 17.020) (200.620, 17.020) on layer: M1
Net VDD: dangling Wire at (6.220, 14.860) (6.220, 14.860) on layer: M1
Net VDD: dangling Wire at (200.620, 14.860) (200.620, 14.860) on layer: M1
Net VDD: dangling Wire at (6.220, 12.700) (6.220, 12.700) on layer: M1
Net VDD: dangling Wire at (200.620, 12.700) (200.620, 12.700) on layer: M1
Net VDD: dangling Wire at (6.220, 10.540) (6.220, 10.540) on layer: M1
Net VDD: dangling Wire at (200.620, 10.540) (200.620, 10.540) on layer: M1
Net VDD: dangling Wire at (6.220, 8.380) (6.220, 8.380) on layer: M1
Net VDD: dangling Wire at (200.620, 8.380) (200.620, 8.380) on layer: M1
Net VDD: dangling Wire at (6.220, 6.220) (6.220, 6.220) on layer: M1
Net VDD: dangling Wire at (200.620, 6.220) (200.620, 6.220) on layer: M1
Net VDD: dangling Wire at (6.220, 200.620) (6.220, 200.620) on layer: M2
Net VDD: dangling Wire at (200.620, 200.620) (200.620, 200.620) on layer: M2
Net VDD: dangling Wire at (6.220, 198.460) (6.220, 198.460) on layer: M2
Net VDD: dangling Wire at (200.620, 198.460) (200.620, 198.460) on layer: M2
Net VDD: dangling Wire at (6.220, 196.300) (6.220, 196.300) on layer: M2
Net VDD: dangling Wire at (200.620, 196.300) (200.620, 196.300) on layer: M2
Net VDD: dangling Wire at (6.220, 194.140) (6.220, 194.140) on layer: M2
Net VDD: dangling Wire at (200.620, 194.140) (200.620, 194.140) on layer: M2
Net VDD: dangling Wire at (6.220, 191.980) (6.220, 191.980) on layer: M2
Net VDD: dangling Wire at (200.620, 191.980) (200.620, 191.980) on layer: M2
Net VDD: dangling Wire at (6.220, 189.820) (6.220, 189.820) on layer: M2
Net VDD: dangling Wire at (200.620, 189.820) (200.620, 189.820) on layer: M2
Net VDD: dangling Wire at (6.220, 187.660) (6.220, 187.660) on layer: M2
Net VDD: dangling Wire at (200.620, 187.660) (200.620, 187.660) on layer: M2
Net VDD: dangling Wire at (6.220, 185.500) (6.220, 185.500) on layer: M2
Net VDD: dangling Wire at (200.620, 185.500) (200.620, 185.500) on layer: M2
Net VDD: dangling Wire at (6.220, 183.340) (6.220, 183.340) on layer: M2
Net VDD: dangling Wire at (200.620, 183.340) (200.620, 183.340) on layer: M2
Net VDD: dangling Wire at (6.220, 181.180) (6.220, 181.180) on layer: M2
Net VDD: dangling Wire at (200.620, 181.180) (200.620, 181.180) on layer: M2
Net VDD: dangling Wire at (6.220, 179.020) (6.220, 179.020) on layer: M2
Net VDD: dangling Wire at (200.620, 179.020) (200.620, 179.020) on layer: M2
Net VDD: dangling Wire at (6.220, 176.860) (6.220, 176.860) on layer: M2
Net VDD: dangling Wire at (200.620, 176.860) (200.620, 176.860) on layer: M2
Net VDD: dangling Wire at (6.220, 174.700) (6.220, 174.700) on layer: M2
Net VDD: dangling Wire at (200.620, 174.700) (200.620, 174.700) on layer: M2
Net VDD: dangling Wire at (6.220, 172.540) (6.220, 172.540) on layer: M2
Net VDD: dangling Wire at (200.620, 172.540) (200.620, 172.540) on layer: M2
Net VDD: dangling Wire at (6.220, 170.380) (6.220, 170.380) on layer: M2
Net VDD: dangling Wire at (200.620, 170.380) (200.620, 170.380) on layer: M2
Net VDD: dangling Wire at (6.220, 168.220) (6.220, 168.220) on layer: M2
Net VDD: dangling Wire at (200.620, 168.220) (200.620, 168.220) on layer: M2
Net VDD: dangling Wire at (6.220, 166.060) (6.220, 166.060) on layer: M2
Net VDD: dangling Wire at (200.620, 166.060) (200.620, 166.060) on layer: M2
Net VDD: dangling Wire at (6.220, 163.900) (6.220, 163.900) on layer: M2
Net VDD: dangling Wire at (200.620, 163.900) (200.620, 163.900) on layer: M2
Net VDD: dangling Wire at (6.220, 161.740) (6.220, 161.740) on layer: M2
Net VDD: dangling Wire at (200.620, 161.740) (200.620, 161.740) on layer: M2
Net VDD: dangling Wire at (6.220, 159.580) (6.220, 159.580) on layer: M2
Net VDD: dangling Wire at (200.620, 159.580) (200.620, 159.580) on layer: M2
Net VDD: dangling Wire at (6.220, 157.420) (6.220, 157.420) on layer: M2
Net VDD: dangling Wire at (200.620, 157.420) (200.620, 157.420) on layer: M2
Net VDD: dangling Wire at (6.220, 155.260) (6.220, 155.260) on layer: M2
Net VDD: dangling Wire at (200.620, 155.260) (200.620, 155.260) on layer: M2
Net VDD: dangling Wire at (6.220, 153.100) (6.220, 153.100) on layer: M2
Net VDD: dangling Wire at (200.620, 153.100) (200.620, 153.100) on layer: M2
Net VDD: dangling Wire at (6.220, 150.940) (6.220, 150.940) on layer: M2
Net VDD: dangling Wire at (200.620, 150.940) (200.620, 150.940) on layer: M2
Net VDD: dangling Wire at (6.220, 148.780) (6.220, 148.780) on layer: M2
Net VDD: dangling Wire at (200.620, 148.780) (200.620, 148.780) on layer: M2
Net VDD: dangling Wire at (6.220, 146.620) (6.220, 146.620) on layer: M2
Net VDD: dangling Wire at (200.620, 146.620) (200.620, 146.620) on layer: M2
Net VDD: dangling Wire at (6.220, 144.460) (6.220, 144.460) on layer: M2
Net VDD: dangling Wire at (200.620, 144.460) (200.620, 144.460) on layer: M2
Net VDD: dangling Wire at (6.220, 142.300) (6.220, 142.300) on layer: M2
Net VDD: dangling Wire at (200.620, 142.300) (200.620, 142.300) on layer: M2
Net VDD: dangling Wire at (6.220, 140.140) (6.220, 140.140) on layer: M2
Net VDD: dangling Wire at (200.620, 140.140) (200.620, 140.140) on layer: M2
Net VDD: dangling Wire at (6.220, 137.980) (6.220, 137.980) on layer: M2
Net VDD: dangling Wire at (200.620, 137.980) (200.620, 137.980) on layer: M2
Net VDD: dangling Wire at (6.220, 135.820) (6.220, 135.820) on layer: M2
Net VDD: dangling Wire at (200.620, 135.820) (200.620, 135.820) on layer: M2
Net VDD: dangling Wire at (6.220, 133.660) (6.220, 133.660) on layer: M2
Net VDD: dangling Wire at (200.620, 133.660) (200.620, 133.660) on layer: M2
Net VDD: dangling Wire at (6.220, 131.500) (6.220, 131.500) on layer: M2
Net VDD: dangling Wire at (200.620, 131.500) (200.620, 131.500) on layer: M2
Net VDD: dangling Wire at (6.220, 129.340) (6.220, 129.340) on layer: M2
Net VDD: dangling Wire at (200.620, 129.340) (200.620, 129.340) on layer: M2
Net VDD: dangling Wire at (6.220, 127.180) (6.220, 127.180) on layer: M2
Net VDD: dangling Wire at (200.620, 127.180) (200.620, 127.180) on layer: M2
Net VDD: dangling Wire at (6.220, 125.020) (6.220, 125.020) on layer: M2
Net VDD: dangling Wire at (200.620, 125.020) (200.620, 125.020) on layer: M2
Net VDD: dangling Wire at (6.220, 122.860) (6.220, 122.860) on layer: M2
Net VDD: dangling Wire at (200.620, 122.860) (200.620, 122.860) on layer: M2
Net VDD: dangling Wire at (6.220, 120.700) (6.220, 120.700) on layer: M2
Net VDD: dangling Wire at (200.620, 120.700) (200.620, 120.700) on layer: M2
Net VDD: dangling Wire at (6.220, 118.540) (6.220, 118.540) on layer: M2
Net VDD: dangling Wire at (200.620, 118.540) (200.620, 118.540) on layer: M2
Net VDD: dangling Wire at (6.220, 116.380) (6.220, 116.380) on layer: M2
Net VDD: dangling Wire at (200.620, 116.380) (200.620, 116.380) on layer: M2
Net VDD: dangling Wire at (6.220, 114.220) (6.220, 114.220) on layer: M2
Net VDD: dangling Wire at (200.620, 114.220) (200.620, 114.220) on layer: M2
Net VDD: dangling Wire at (6.220, 112.060) (6.220, 112.060) on layer: M2
Net VDD: dangling Wire at (200.620, 112.060) (200.620, 112.060) on layer: M2
Net VDD: dangling Wire at (6.220, 109.900) (6.220, 109.900) on layer: M2
Net VDD: dangling Wire at (200.620, 109.900) (200.620, 109.900) on layer: M2
Net VDD: dangling Wire at (6.220, 107.740) (6.220, 107.740) on layer: M2
Net VDD: dangling Wire at (200.620, 107.740) (200.620, 107.740) on layer: M2
Net VDD: dangling Wire at (6.220, 105.580) (6.220, 105.580) on layer: M2
Net VDD: dangling Wire at (200.620, 105.580) (200.620, 105.580) on layer: M2
Net VDD: dangling Wire at (6.220, 103.420) (6.220, 103.420) on layer: M2
Net VDD: dangling Wire at (200.620, 103.420) (200.620, 103.420) on layer: M2
Net VDD: dangling Wire at (6.220, 101.260) (6.220, 101.260) on layer: M2
Net VDD: dangling Wire at (200.620, 101.260) (200.620, 101.260) on layer: M2
Net VDD: dangling Wire at (6.220, 99.100) (6.220, 99.100) on layer: M2
Net VDD: dangling Wire at (200.620, 99.100) (200.620, 99.100) on layer: M2
Net VDD: dangling Wire at (6.220, 96.940) (6.220, 96.940) on layer: M2
Net VDD: dangling Wire at (200.620, 96.940) (200.620, 96.940) on layer: M2
Net VDD: dangling Wire at (6.220, 94.780) (6.220, 94.780) on layer: M2
Net VDD: dangling Wire at (200.620, 94.780) (200.620, 94.780) on layer: M2
Net VDD: dangling Wire at (6.220, 92.620) (6.220, 92.620) on layer: M2
Net VDD: dangling Wire at (200.620, 92.620) (200.620, 92.620) on layer: M2
Net VDD: dangling Wire at (6.220, 90.460) (6.220, 90.460) on layer: M2
Net VDD: dangling Wire at (200.620, 90.460) (200.620, 90.460) on layer: M2
Net VDD: dangling Wire at (6.220, 88.300) (6.220, 88.300) on layer: M2
Net VDD: dangling Wire at (200.620, 88.300) (200.620, 88.300) on layer: M2
Net VDD: dangling Wire at (6.220, 86.140) (6.220, 86.140) on layer: M2
Net VDD: dangling Wire at (200.620, 86.140) (200.620, 86.140) on layer: M2
Net VDD: dangling Wire at (6.220, 83.980) (6.220, 83.980) on layer: M2
Net VDD: dangling Wire at (200.620, 83.980) (200.620, 83.980) on layer: M2
Net VDD: dangling Wire at (6.220, 81.820) (6.220, 81.820) on layer: M2
Net VDD: dangling Wire at (200.620, 81.820) (200.620, 81.820) on layer: M2
Net VDD: dangling Wire at (6.220, 79.660) (6.220, 79.660) on layer: M2
Net VDD: dangling Wire at (200.620, 79.660) (200.620, 79.660) on layer: M2
Net VDD: dangling Wire at (6.220, 77.500) (6.220, 77.500) on layer: M2
Net VDD: dangling Wire at (200.620, 77.500) (200.620, 77.500) on layer: M2
Net VDD: dangling Wire at (6.220, 75.340) (6.220, 75.340) on layer: M2
Net VDD: dangling Wire at (200.620, 75.340) (200.620, 75.340) on layer: M2
Net VDD: dangling Wire at (6.220, 73.180) (6.220, 73.180) on layer: M2
Net VDD: dangling Wire at (200.620, 73.180) (200.620, 73.180) on layer: M2
Net VDD: dangling Wire at (6.220, 71.020) (6.220, 71.020) on layer: M2
Net VDD: dangling Wire at (200.620, 71.020) (200.620, 71.020) on layer: M2
Net VDD: dangling Wire at (6.220, 68.860) (6.220, 68.860) on layer: M2
Net VDD: dangling Wire at (200.620, 68.860) (200.620, 68.860) on layer: M2
Net VDD: dangling Wire at (6.220, 66.700) (6.220, 66.700) on layer: M2
Net VDD: dangling Wire at (200.620, 66.700) (200.620, 66.700) on layer: M2
Net VDD: dangling Wire at (6.220, 64.540) (6.220, 64.540) on layer: M2
Net VDD: dangling Wire at (200.620, 64.540) (200.620, 64.540) on layer: M2
Net VDD: dangling Wire at (6.220, 62.380) (6.220, 62.380) on layer: M2
Net VDD: dangling Wire at (200.620, 62.380) (200.620, 62.380) on layer: M2
Net VDD: dangling Wire at (6.220, 60.220) (6.220, 60.220) on layer: M2
Net VDD: dangling Wire at (200.620, 60.220) (200.620, 60.220) on layer: M2
Net VDD: dangling Wire at (6.220, 58.060) (6.220, 58.060) on layer: M2
Net VDD: dangling Wire at (200.620, 58.060) (200.620, 58.060) on layer: M2
Net VDD: dangling Wire at (6.220, 55.900) (6.220, 55.900) on layer: M2
Net VDD: dangling Wire at (200.620, 55.900) (200.620, 55.900) on layer: M2
Net VDD: dangling Wire at (6.220, 53.740) (6.220, 53.740) on layer: M2
Net VDD: dangling Wire at (200.620, 53.740) (200.620, 53.740) on layer: M2
Net VDD: dangling Wire at (6.220, 51.580) (6.220, 51.580) on layer: M2
Net VDD: dangling Wire at (200.620, 51.580) (200.620, 51.580) on layer: M2
Net VDD: dangling Wire at (6.220, 49.420) (6.220, 49.420) on layer: M2
Net VDD: dangling Wire at (200.620, 49.420) (200.620, 49.420) on layer: M2
Net VDD: dangling Wire at (6.220, 47.260) (6.220, 47.260) on layer: M2
Net VDD: dangling Wire at (200.620, 47.260) (200.620, 47.260) on layer: M2
Net VDD: dangling Wire at (6.220, 45.100) (6.220, 45.100) on layer: M2
Net VDD: dangling Wire at (200.620, 45.100) (200.620, 45.100) on layer: M2
Net VDD: dangling Wire at (6.220, 42.940) (6.220, 42.940) on layer: M2
Net VDD: dangling Wire at (200.620, 42.940) (200.620, 42.940) on layer: M2
Net VDD: dangling Wire at (6.220, 40.780) (6.220, 40.780) on layer: M2
Net VDD: dangling Wire at (200.620, 40.780) (200.620, 40.780) on layer: M2
Net VDD: dangling Wire at (6.220, 38.620) (6.220, 38.620) on layer: M2
Net VDD: dangling Wire at (200.620, 38.620) (200.620, 38.620) on layer: M2
Net VDD: dangling Wire at (6.220, 36.460) (6.220, 36.460) on layer: M2
Net VDD: dangling Wire at (200.620, 36.460) (200.620, 36.460) on layer: M2
Net VDD: dangling Wire at (6.220, 34.300) (6.220, 34.300) on layer: M2
Net VDD: dangling Wire at (200.620, 34.300) (200.620, 34.300) on layer: M2
Net VDD: dangling Wire at (6.220, 32.140) (6.220, 32.140) on layer: M2
Net VDD: dangling Wire at (200.620, 32.140) (200.620, 32.140) on layer: M2
Net VDD: dangling Wire at (6.220, 29.980) (6.220, 29.980) on layer: M2
Net VDD: dangling Wire at (200.620, 29.980) (200.620, 29.980) on layer: M2
Net VDD: dangling Wire at (6.220, 27.820) (6.220, 27.820) on layer: M2
Net VDD: dangling Wire at (200.620, 27.820) (200.620, 27.820) on layer: M2
Net VDD: dangling Wire at (6.220, 25.660) (6.220, 25.660) on layer: M2
Net VDD: dangling Wire at (200.620, 25.660) (200.620, 25.660) on layer: M2
Net VDD: dangling Wire at (6.220, 23.500) (6.220, 23.500) on layer: M2
Net VDD: dangling Wire at (200.620, 23.500) (200.620, 23.500) on layer: M2
Net VDD: dangling Wire at (6.220, 21.340) (6.220, 21.340) on layer: M2
Net VDD: dangling Wire at (200.620, 21.340) (200.620, 21.340) on layer: M2
Net VDD: dangling Wire at (6.220, 19.180) (6.220, 19.180) on layer: M2
Net VDD: dangling Wire at (200.620, 19.180) (200.620, 19.180) on layer: M2
Net VDD: dangling Wire at (6.220, 17.020) (6.220, 17.020) on layer: M2
Net VDD: dangling Wire at (200.620, 17.020) (200.620, 17.020) on layer: M2
Net VDD: dangling Wire at (6.220, 14.860) (6.220, 14.860) on layer: M2
Net VDD: dangling Wire at (200.620, 14.860) (200.620, 14.860) on layer: M2
Net VDD: dangling Wire at (6.220, 12.700) (6.220, 12.700) on layer: M2
Net VDD: dangling Wire at (200.620, 12.700) (200.620, 12.700) on layer: M2
Net VDD: dangling Wire at (6.220, 10.540) (6.220, 10.540) on layer: M2
Net VDD: dangling Wire at (200.620, 10.540) (200.620, 10.540) on layer: M2
Net VDD: dangling Wire at (6.220, 8.380) (6.220, 8.380) on layer: M2
Net VDD: dangling Wire at (200.620, 8.380) (200.620, 8.380) on layer: M2
Net VDD: dangling Wire at (6.220, 6.220) (6.220, 6.220) on layer: M2
Net VDD: dangling Wire at (200.620, 6.220) (200.620, 6.220) on layer: M2
Net VSS: dangling Wire at (6.220, 199.540) (6.220, 199.540) on layer: M1
Net VSS: dangling Wire at (200.620, 199.540) (200.620, 199.540) on layer: M1
Net VSS: dangling Wire at (6.220, 197.380) (6.220, 197.380) on layer: M1
Net VSS: dangling Wire at (200.620, 197.380) (200.620, 197.380) on layer: M1
Net VSS: dangling Wire at (6.220, 195.220) (6.220, 195.220) on layer: M1
Net VSS: dangling Wire at (200.620, 195.220) (200.620, 195.220) on layer: M1
Net VSS: dangling Wire at (6.220, 193.060) (6.220, 193.060) on layer: M1
Net VSS: dangling Wire at (200.620, 193.060) (200.620, 193.060) on layer: M1
Net VSS: dangling Wire at (6.220, 190.900) (6.220, 190.900) on layer: M1
Net VSS: dangling Wire at (200.620, 190.900) (200.620, 190.900) on layer: M1
Net VSS: dangling Wire at (6.220, 188.740) (6.220, 188.740) on layer: M1
Net VSS: dangling Wire at (200.620, 188.740) (200.620, 188.740) on layer: M1
Net VSS: dangling Wire at (6.220, 186.580) (6.220, 186.580) on layer: M1
Net VSS: dangling Wire at (200.620, 186.580) (200.620, 186.580) on layer: M1
Net VSS: dangling Wire at (200.620, 184.420) (200.620, 184.420) on layer: M1
Net VSS: dangling Wire at (6.220, 182.260) (6.220, 182.260) on layer: M1
Net VSS: dangling Wire at (200.620, 182.260) (200.620, 182.260) on layer: M1
Net VSS: dangling Wire at (200.620, 180.100) (200.620, 180.100) on layer: M1
Net VSS: dangling Wire at (6.220, 177.940) (6.220, 177.940) on layer: M1
Net VSS: dangling Wire at (200.620, 177.940) (200.620, 177.940) on layer: M1
Net VSS: dangling Wire at (200.620, 175.780) (200.620, 175.780) on layer: M1
Net VSS: dangling Wire at (200.620, 173.620) (200.620, 173.620) on layer: M1
Net VSS: dangling Wire at (200.620, 171.460) (200.620, 171.460) on layer: M1
Net VSS: dangling Wire at (200.620, 169.300) (200.620, 169.300) on layer: M1
Net VSS: dangling Wire at (6.220, 167.140) (6.220, 167.140) on layer: M1
Net VSS: dangling Wire at (200.620, 167.140) (200.620, 167.140) on layer: M1
Net VSS: dangling Wire at (6.220, 164.980) (6.220, 164.980) on layer: M1
Net VSS: dangling Wire at (200.620, 164.980) (200.620, 164.980) on layer: M1
Net VSS: dangling Wire at (6.220, 162.820) (6.220, 162.820) on layer: M1
Net VSS: dangling Wire at (200.620, 162.820) (200.620, 162.820) on layer: M1
Net VSS: dangling Wire at (6.220, 160.660) (6.220, 160.660) on layer: M1
Net VSS: dangling Wire at (200.620, 160.660) (200.620, 160.660) on layer: M1
Net VSS: dangling Wire at (6.220, 158.500) (6.220, 158.500) on layer: M1
Net VSS: dangling Wire at (200.620, 158.500) (200.620, 158.500) on layer: M1
Net VSS: dangling Wire at (200.620, 156.340) (200.620, 156.340) on layer: M1
Net VSS: dangling Wire at (6.220, 154.180) (6.220, 154.180) on layer: M1
Net VSS: dangling Wire at (200.620, 154.180) (200.620, 154.180) on layer: M1
Net VSS: dangling Wire at (6.220, 152.020) (6.220, 152.020) on layer: M1
Net VSS: dangling Wire at (200.620, 152.020) (200.620, 152.020) on layer: M1
Net VSS: dangling Wire at (6.220, 149.860) (6.220, 149.860) on layer: M1
Net VSS: dangling Wire at (200.620, 149.860) (200.620, 149.860) on layer: M1
Net VSS: dangling Wire at (6.220, 147.700) (6.220, 147.700) on layer: M1
Net VSS: dangling Wire at (200.620, 147.700) (200.620, 147.700) on layer: M1
Net VSS: dangling Wire at (200.620, 145.540) (200.620, 145.540) on layer: M1
Net VSS: dangling Wire at (200.620, 143.380) (200.620, 143.380) on layer: M1
Net VSS: dangling Wire at (6.220, 141.220) (6.220, 141.220) on layer: M1
Net VSS: dangling Wire at (200.620, 141.220) (200.620, 141.220) on layer: M1
Net VSS: dangling Wire at (6.220, 139.060) (6.220, 139.060) on layer: M1
Net VSS: dangling Wire at (200.620, 139.060) (200.620, 139.060) on layer: M1
Net VSS: dangling Wire at (6.220, 136.900) (6.220, 136.900) on layer: M1
Net VSS: dangling Wire at (200.620, 136.900) (200.620, 136.900) on layer: M1
Net VSS: dangling Wire at (6.220, 134.740) (6.220, 134.740) on layer: M1
Net VSS: dangling Wire at (200.620, 134.740) (200.620, 134.740) on layer: M1
Net VSS: dangling Wire at (6.220, 132.580) (6.220, 132.580) on layer: M1
Net VSS: dangling Wire at (200.620, 132.580) (200.620, 132.580) on layer: M1
Net VSS: dangling Wire at (6.220, 130.420) (6.220, 130.420) on layer: M1
Net VSS: dangling Wire at (200.620, 130.420) (200.620, 130.420) on layer: M1
Net VSS: dangling Wire at (6.220, 128.260) (6.220, 128.260) on layer: M1
Net VSS: dangling Wire at (200.620, 128.260) (200.620, 128.260) on layer: M1
Net VSS: dangling Wire at (6.220, 126.100) (6.220, 126.100) on layer: M1
Net VSS: dangling Wire at (200.620, 126.100) (200.620, 126.100) on layer: M1
Net VSS: dangling Wire at (6.220, 123.940) (6.220, 123.940) on layer: M1
Net VSS: dangling Wire at (200.620, 123.940) (200.620, 123.940) on layer: M1
Net VSS: dangling Wire at (6.220, 121.780) (6.220, 121.780) on layer: M1
Net VSS: dangling Wire at (200.620, 121.780) (200.620, 121.780) on layer: M1
Net VSS: dangling Wire at (6.220, 119.620) (6.220, 119.620) on layer: M1
Net VSS: dangling Wire at (200.620, 119.620) (200.620, 119.620) on layer: M1
Net VSS: dangling Wire at (6.220, 117.460) (6.220, 117.460) on layer: M1
Net VSS: dangling Wire at (200.620, 117.460) (200.620, 117.460) on layer: M1
Net VSS: dangling Wire at (6.220, 115.300) (6.220, 115.300) on layer: M1
Net VSS: dangling Wire at (200.620, 115.300) (200.620, 115.300) on layer: M1
Net VSS: dangling Wire at (6.220, 113.140) (6.220, 113.140) on layer: M1
Net VSS: dangling Wire at (200.620, 113.140) (200.620, 113.140) on layer: M1
Net VSS: dangling Wire at (6.220, 110.980) (6.220, 110.980) on layer: M1
Net VSS: dangling Wire at (200.620, 110.980) (200.620, 110.980) on layer: M1
Net VSS: dangling Wire at (6.220, 108.820) (6.220, 108.820) on layer: M1
Net VSS: dangling Wire at (200.620, 108.820) (200.620, 108.820) on layer: M1
Net VSS: dangling Wire at (6.220, 106.660) (6.220, 106.660) on layer: M1
Net VSS: dangling Wire at (200.620, 106.660) (200.620, 106.660) on layer: M1
Net VSS: dangling Wire at (6.220, 104.500) (6.220, 104.500) on layer: M1
Net VSS: dangling Wire at (200.620, 104.500) (200.620, 104.500) on layer: M1
Net VSS: dangling Wire at (6.220, 102.340) (6.220, 102.340) on layer: M1
Net VSS: dangling Wire at (200.620, 102.340) (200.620, 102.340) on layer: M1
Net VSS: dangling Wire at (200.620, 100.180) (200.620, 100.180) on layer: M1
Net VSS: dangling Wire at (200.620, 98.020) (200.620, 98.020) on layer: M1
Net VSS: dangling Wire at (200.620, 95.860) (200.620, 95.860) on layer: M1
Net VSS: dangling Wire at (200.620, 93.700) (200.620, 93.700) on layer: M1
Net VSS: dangling Wire at (200.620, 91.540) (200.620, 91.540) on layer: M1
Net VSS: dangling Wire at (200.620, 89.380) (200.620, 89.380) on layer: M1
Net VSS: dangling Wire at (200.620, 87.220) (200.620, 87.220) on layer: M1
Net VSS: dangling Wire at (200.620, 85.060) (200.620, 85.060) on layer: M1
Net VSS: dangling Wire at (200.620, 82.900) (200.620, 82.900) on layer: M1
Net VSS: dangling Wire at (6.220, 80.740) (6.220, 80.740) on layer: M1
Net VSS: dangling Wire at (200.620, 80.740) (200.620, 80.740) on layer: M1
Net VSS: dangling Wire at (6.220, 78.580) (6.220, 78.580) on layer: M1
Net VSS: dangling Wire at (200.620, 78.580) (200.620, 78.580) on layer: M1
Net VSS: dangling Wire at (6.220, 76.420) (6.220, 76.420) on layer: M1
Net VSS: dangling Wire at (200.620, 76.420) (200.620, 76.420) on layer: M1
Net VSS: dangling Wire at (6.220, 74.260) (6.220, 74.260) on layer: M1
Net VSS: dangling Wire at (200.620, 74.260) (200.620, 74.260) on layer: M1
Net VSS: dangling Wire at (200.620, 72.100) (200.620, 72.100) on layer: M1
Net VSS: dangling Wire at (200.620, 69.940) (200.620, 69.940) on layer: M1
Net VSS: dangling Wire at (200.620, 67.780) (200.620, 67.780) on layer: M1
Net VSS: dangling Wire at (6.220, 65.620) (6.220, 65.620) on layer: M1
Net VSS: dangling Wire at (200.620, 65.620) (200.620, 65.620) on layer: M1
Net VSS: dangling Wire at (6.220, 63.460) (6.220, 63.460) on layer: M1
Net VSS: dangling Wire at (200.620, 63.460) (200.620, 63.460) on layer: M1
Net VSS: dangling Wire at (6.220, 61.300) (6.220, 61.300) on layer: M1
Net VSS: dangling Wire at (200.620, 61.300) (200.620, 61.300) on layer: M1
Net VSS: dangling Wire at (6.220, 59.140) (6.220, 59.140) on layer: M1
Net VSS: dangling Wire at (200.620, 59.140) (200.620, 59.140) on layer: M1
Net VSS: dangling Wire at (6.220, 56.980) (6.220, 56.980) on layer: M1
Net VSS: dangling Wire at (200.620, 56.980) (200.620, 56.980) on layer: M1
Net VSS: dangling Wire at (6.220, 54.820) (6.220, 54.820) on layer: M1
Net VSS: dangling Wire at (200.620, 54.820) (200.620, 54.820) on layer: M1
Net VSS: dangling Wire at (6.220, 52.660) (6.220, 52.660) on layer: M1
Net VSS: dangling Wire at (200.620, 52.660) (200.620, 52.660) on layer: M1
Net VSS: dangling Wire at (6.220, 50.500) (6.220, 50.500) on layer: M1
Net VSS: dangling Wire at (200.620, 50.500) (200.620, 50.500) on layer: M1
Net VSS: dangling Wire at (6.220, 48.340) (6.220, 48.340) on layer: M1
Net VSS: dangling Wire at (200.620, 48.340) (200.620, 48.340) on layer: M1
Net VSS: dangling Wire at (6.220, 46.180) (6.220, 46.180) on layer: M1
Net VSS: dangling Wire at (200.620, 46.180) (200.620, 46.180) on layer: M1
Net VSS: dangling Wire at (6.220, 44.020) (6.220, 44.020) on layer: M1
Net VSS: dangling Wire at (200.620, 44.020) (200.620, 44.020) on layer: M1
Net VSS: dangling Wire at (6.220, 41.860) (6.220, 41.860) on layer: M1
Net VSS: dangling Wire at (200.620, 41.860) (200.620, 41.860) on layer: M1
Net VSS: dangling Wire at (6.220, 39.700) (6.220, 39.700) on layer: M1
Net VSS: dangling Wire at (200.620, 39.700) (200.620, 39.700) on layer: M1
Net VSS: dangling Wire at (6.220, 37.540) (6.220, 37.540) on layer: M1
Net VSS: dangling Wire at (200.620, 37.540) (200.620, 37.540) on layer: M1
Net VSS: dangling Wire at (6.220, 35.380) (6.220, 35.380) on layer: M1
Net VSS: dangling Wire at (200.620, 35.380) (200.620, 35.380) on layer: M1
Net VSS: dangling Wire at (6.220, 33.220) (6.220, 33.220) on layer: M1
Net VSS: dangling Wire at (200.620, 33.220) (200.620, 33.220) on layer: M1
Net VSS: dangling Wire at (6.220, 31.060) (6.220, 31.060) on layer: M1
Net VSS: dangling Wire at (200.620, 31.060) (200.620, 31.060) on layer: M1
Net VSS: dangling Wire at (6.220, 28.900) (6.220, 28.900) on layer: M1
Net VSS: dangling Wire at (200.620, 28.900) (200.620, 28.900) on layer: M1
Net VSS: dangling Wire at (6.220, 26.740) (6.220, 26.740) on layer: M1
Net VSS: dangling Wire at (200.620, 26.740) (200.620, 26.740) on layer: M1
Net VSS: dangling Wire at (6.220, 24.580) (6.220, 24.580) on layer: M1
Net VSS: dangling Wire at (200.620, 24.580) (200.620, 24.580) on layer: M1
Net VSS: dangling Wire at (6.220, 22.420) (6.220, 22.420) on layer: M1
Net VSS: dangling Wire at (200.620, 22.420) (200.620, 22.420) on layer: M1
Net VSS: dangling Wire at (6.220, 20.260) (6.220, 20.260) on layer: M1
Net VSS: dangling Wire at (200.620, 20.260) (200.620, 20.260) on layer: M1
Net VSS: dangling Wire at (6.220, 18.100) (6.220, 18.100) on layer: M1
Net VSS: dangling Wire at (200.620, 18.100) (200.620, 18.100) on layer: M1
Net VSS: dangling Wire at (6.220, 15.940) (6.220, 15.940) on layer: M1
Net VSS: dangling Wire at (200.620, 15.940) (200.620, 15.940) on layer: M1
Net VSS: dangling Wire at (6.220, 13.780) (6.220, 13.780) on layer: M1
Net VSS: dangling Wire at (200.620, 13.780) (200.620, 13.780) on layer: M1
Net VSS: dangling Wire at (6.220, 11.620) (6.220, 11.620) on layer: M1
Net VSS: dangling Wire at (200.620, 11.620) (200.620, 11.620) on layer: M1
Net VSS: dangling Wire at (6.220, 9.460) (6.220, 9.460) on layer: M1
Net VSS: dangling Wire at (200.620, 9.460) (200.620, 9.460) on layer: M1
Net VSS: dangling Wire at (6.220, 7.300) (6.220, 7.300) on layer: M1
Net VSS: dangling Wire at (200.620, 7.300) (200.620, 7.300) on layer: M1
Net VSS: dangling Wire at (6.220, 199.540) (6.220, 199.540) on layer: M2
Net VSS: dangling Wire at (200.620, 199.540) (200.620, 199.540) on layer: M2
Net VSS: dangling Wire at (6.220, 197.380) (6.220, 197.380) on layer: M2
Net VSS: dangling Wire at (200.620, 197.380) (200.620, 197.380) on layer: M2
Net VSS: dangling Wire at (6.220, 195.220) (6.220, 195.220) on layer: M2
Net VSS: dangling Wire at (200.620, 195.220) (200.620, 195.220) on layer: M2
Net VSS: dangling Wire at (6.220, 193.060) (6.220, 193.060) on layer: M2
Net VSS: dangling Wire at (200.620, 193.060) (200.620, 193.060) on layer: M2
Net VSS: dangling Wire at (6.220, 190.900) (6.220, 190.900) on layer: M2
Net VSS: dangling Wire at (200.620, 190.900) (200.620, 190.900) on layer: M2
Net VSS: dangling Wire at (6.220, 188.740) (6.220, 188.740) on layer: M2
Net VSS: dangling Wire at (200.620, 188.740) (200.620, 188.740) on layer: M2
Net VSS: dangling Wire at (6.220, 186.580) (6.220, 186.580) on layer: M2
Net VSS: dangling Wire at (200.620, 186.580) (200.620, 186.580) on layer: M2
Net VSS: dangling Wire at (6.220, 184.420) (6.220, 184.420) on layer: M2
Net VSS: dangling Wire at (200.620, 184.420) (200.620, 184.420) on layer: M2
Net VSS: dangling Wire at (6.220, 182.260) (6.220, 182.260) on layer: M2
Net VSS: dangling Wire at (200.620, 182.260) (200.620, 182.260) on layer: M2
Net VSS: dangling Wire at (6.220, 180.100) (6.220, 180.100) on layer: M2
Net VSS: dangling Wire at (200.620, 180.100) (200.620, 180.100) on layer: M2
Net VSS: dangling Wire at (6.220, 177.940) (6.220, 177.940) on layer: M2
Net VSS: dangling Wire at (200.620, 177.940) (200.620, 177.940) on layer: M2
Net VSS: dangling Wire at (6.220, 175.780) (6.220, 175.780) on layer: M2
Net VSS: dangling Wire at (200.620, 175.780) (200.620, 175.780) on layer: M2
Net VSS: dangling Wire at (6.220, 173.620) (6.220, 173.620) on layer: M2
Net VSS: dangling Wire at (200.620, 173.620) (200.620, 173.620) on layer: M2
Net VSS: dangling Wire at (6.220, 171.460) (6.220, 171.460) on layer: M2
Net VSS: dangling Wire at (200.620, 171.460) (200.620, 171.460) on layer: M2
Net VSS: dangling Wire at (6.220, 169.300) (6.220, 169.300) on layer: M2
Net VSS: dangling Wire at (200.620, 169.300) (200.620, 169.300) on layer: M2
Net VSS: dangling Wire at (6.220, 167.140) (6.220, 167.140) on layer: M2
Net VSS: dangling Wire at (200.620, 167.140) (200.620, 167.140) on layer: M2
Net VSS: dangling Wire at (6.220, 164.980) (6.220, 164.980) on layer: M2
Net VSS: dangling Wire at (200.620, 164.980) (200.620, 164.980) on layer: M2
Net VSS: dangling Wire at (6.220, 162.820) (6.220, 162.820) on layer: M2
Net VSS: dangling Wire at (200.620, 162.820) (200.620, 162.820) on layer: M2
Net VSS: dangling Wire at (6.220, 160.660) (6.220, 160.660) on layer: M2
Net VSS: dangling Wire at (200.620, 160.660) (200.620, 160.660) on layer: M2
Net VSS: dangling Wire at (6.220, 158.500) (6.220, 158.500) on layer: M2
Net VSS: dangling Wire at (200.620, 158.500) (200.620, 158.500) on layer: M2
Net VSS: dangling Wire at (6.220, 156.340) (6.220, 156.340) on layer: M2
Net VSS: dangling Wire at (200.620, 156.340) (200.620, 156.340) on layer: M2
Net VSS: dangling Wire at (6.220, 154.180) (6.220, 154.180) on layer: M2
Net VSS: dangling Wire at (200.620, 154.180) (200.620, 154.180) on layer: M2
Net VSS: dangling Wire at (6.220, 152.020) (6.220, 152.020) on layer: M2
Net VSS: dangling Wire at (200.620, 152.020) (200.620, 152.020) on layer: M2
Net VSS: dangling Wire at (6.220, 149.860) (6.220, 149.860) on layer: M2
Net VSS: dangling Wire at (200.620, 149.860) (200.620, 149.860) on layer: M2
Net VSS: dangling Wire at (6.220, 147.700) (6.220, 147.700) on layer: M2
Net VSS: dangling Wire at (200.620, 147.700) (200.620, 147.700) on layer: M2
Net VSS: dangling Wire at (6.220, 145.540) (6.220, 145.540) on layer: M2
Net VSS: dangling Wire at (200.620, 145.540) (200.620, 145.540) on layer: M2
Net VSS: dangling Wire at (6.220, 143.380) (6.220, 143.380) on layer: M2
Net VSS: dangling Wire at (200.620, 143.380) (200.620, 143.380) on layer: M2
Net VSS: dangling Wire at (6.220, 141.220) (6.220, 141.220) on layer: M2
Net VSS: dangling Wire at (200.620, 141.220) (200.620, 141.220) on layer: M2
Net VSS: dangling Wire at (6.220, 139.060) (6.220, 139.060) on layer: M2
Net VSS: dangling Wire at (200.620, 139.060) (200.620, 139.060) on layer: M2
Net VSS: dangling Wire at (6.220, 136.900) (6.220, 136.900) on layer: M2
Net VSS: dangling Wire at (200.620, 136.900) (200.620, 136.900) on layer: M2
Net VSS: dangling Wire at (6.220, 134.740) (6.220, 134.740) on layer: M2
Net VSS: dangling Wire at (200.620, 134.740) (200.620, 134.740) on layer: M2
Net VSS: dangling Wire at (6.220, 132.580) (6.220, 132.580) on layer: M2
Net VSS: dangling Wire at (200.620, 132.580) (200.620, 132.580) on layer: M2
Net VSS: dangling Wire at (6.220, 130.420) (6.220, 130.420) on layer: M2
Net VSS: dangling Wire at (200.620, 130.420) (200.620, 130.420) on layer: M2
Net VSS: dangling Wire at (6.220, 128.260) (6.220, 128.260) on layer: M2
Net VSS: dangling Wire at (200.620, 128.260) (200.620, 128.260) on layer: M2
Net VSS: dangling Wire at (6.220, 126.100) (6.220, 126.100) on layer: M2
Net VSS: dangling Wire at (200.620, 126.100) (200.620, 126.100) on layer: M2
Net VSS: dangling Wire at (6.220, 123.940) (6.220, 123.940) on layer: M2
Net VSS: dangling Wire at (200.620, 123.940) (200.620, 123.940) on layer: M2
Net VSS: dangling Wire at (6.220, 121.780) (6.220, 121.780) on layer: M2
Net VSS: dangling Wire at (200.620, 121.780) (200.620, 121.780) on layer: M2
Net VSS: dangling Wire at (6.220, 119.620) (6.220, 119.620) on layer: M2
Net VSS: dangling Wire at (200.620, 119.620) (200.620, 119.620) on layer: M2
Net VSS: dangling Wire at (6.220, 117.460) (6.220, 117.460) on layer: M2
Net VSS: dangling Wire at (200.620, 117.460) (200.620, 117.460) on layer: M2
Net VSS: dangling Wire at (6.220, 115.300) (6.220, 115.300) on layer: M2
Net VSS: dangling Wire at (200.620, 115.300) (200.620, 115.300) on layer: M2
Net VSS: dangling Wire at (6.220, 113.140) (6.220, 113.140) on layer: M2
Net VSS: dangling Wire at (200.620, 113.140) (200.620, 113.140) on layer: M2
Net VSS: dangling Wire at (6.220, 110.980) (6.220, 110.980) on layer: M2
Net VSS: dangling Wire at (200.620, 110.980) (200.620, 110.980) on layer: M2
Net VSS: dangling Wire at (6.220, 108.820) (6.220, 108.820) on layer: M2
Net VSS: dangling Wire at (200.620, 108.820) (200.620, 108.820) on layer: M2
Net VSS: dangling Wire at (6.220, 106.660) (6.220, 106.660) on layer: M2
Net VSS: dangling Wire at (200.620, 106.660) (200.620, 106.660) on layer: M2
Net VSS: dangling Wire at (6.220, 104.500) (6.220, 104.500) on layer: M2
Net VSS: dangling Wire at (200.620, 104.500) (200.620, 104.500) on layer: M2
Net VSS: dangling Wire at (6.220, 102.340) (6.220, 102.340) on layer: M2
Net VSS: dangling Wire at (200.620, 102.340) (200.620, 102.340) on layer: M2
Net VSS: dangling Wire at (6.220, 100.180) (6.220, 100.180) on layer: M2
Net VSS: dangling Wire at (200.620, 100.180) (200.620, 100.180) on layer: M2
Net VSS: dangling Wire at (6.220, 98.020) (6.220, 98.020) on layer: M2
Net VSS: dangling Wire at (200.620, 98.020) (200.620, 98.020) on layer: M2
Net VSS: dangling Wire at (6.220, 95.860) (6.220, 95.860) on layer: M2
Net VSS: dangling Wire at (200.620, 95.860) (200.620, 95.860) on layer: M2
Net VSS: dangling Wire at (6.220, 93.700) (6.220, 93.700) on layer: M2
Net VSS: dangling Wire at (200.620, 93.700) (200.620, 93.700) on layer: M2
Net VSS: dangling Wire at (6.220, 91.540) (6.220, 91.540) on layer: M2
Net VSS: dangling Wire at (200.620, 91.540) (200.620, 91.540) on layer: M2
Net VSS: dangling Wire at (6.220, 89.380) (6.220, 89.380) on layer: M2
Net VSS: dangling Wire at (200.620, 89.380) (200.620, 89.380) on layer: M2
Net VSS: dangling Wire at (6.220, 87.220) (6.220, 87.220) on layer: M2
Net VSS: dangling Wire at (200.620, 87.220) (200.620, 87.220) on layer: M2
Net VSS: dangling Wire at (6.220, 85.060) (6.220, 85.060) on layer: M2
Net VSS: dangling Wire at (200.620, 85.060) (200.620, 85.060) on layer: M2
Net VSS: dangling Wire at (6.220, 82.900) (6.220, 82.900) on layer: M2
Net VSS: dangling Wire at (200.620, 82.900) (200.620, 82.900) on layer: M2
Net VSS: dangling Wire at (6.220, 80.740) (6.220, 80.740) on layer: M2
Net VSS: dangling Wire at (200.620, 80.740) (200.620, 80.740) on layer: M2
Net VSS: dangling Wire at (6.220, 78.580) (6.220, 78.580) on layer: M2
Net VSS: dangling Wire at (200.620, 78.580) (200.620, 78.580) on layer: M2
Net VSS: dangling Wire at (6.220, 76.420) (6.220, 76.420) on layer: M2
Net VSS: dangling Wire at (200.620, 76.420) (200.620, 76.420) on layer: M2
Net VSS: dangling Wire at (6.220, 74.260) (6.220, 74.260) on layer: M2
Net VSS: dangling Wire at (200.620, 74.260) (200.620, 74.260) on layer: M2
Net VSS: dangling Wire at (6.220, 72.100) (6.220, 72.100) on layer: M2
Net VSS: dangling Wire at (200.620, 72.100) (200.620, 72.100) on layer: M2
Net VSS: dangling Wire at (6.220, 69.940) (6.220, 69.940) on layer: M2
Net VSS: dangling Wire at (200.620, 69.940) (200.620, 69.940) on layer: M2
Net VSS: dangling Wire at (6.220, 67.780) (6.220, 67.780) on layer: M2
Net VSS: dangling Wire at (200.620, 67.780) (200.620, 67.780) on layer: M2
Net VSS: dangling Wire at (6.220, 65.620) (6.220, 65.620) on layer: M2
Net VSS: dangling Wire at (200.620, 65.620) (200.620, 65.620) on layer: M2
Net VSS: dangling Wire at (6.220, 63.460) (6.220, 63.460) on layer: M2
Net VSS: dangling Wire at (200.620, 63.460) (200.620, 63.460) on layer: M2
Net VSS: dangling Wire at (6.220, 61.300) (6.220, 61.300) on layer: M2
Net VSS: dangling Wire at (200.620, 61.300) (200.620, 61.300) on layer: M2
Net VSS: dangling Wire at (6.220, 59.140) (6.220, 59.140) on layer: M2
Net VSS: dangling Wire at (200.620, 59.140) (200.620, 59.140) on layer: M2
Net VSS: dangling Wire at (6.220, 56.980) (6.220, 56.980) on layer: M2
Net VSS: dangling Wire at (200.620, 56.980) (200.620, 56.980) on layer: M2
Net VSS: dangling Wire at (6.220, 54.820) (6.220, 54.820) on layer: M2
Net VSS: dangling Wire at (200.620, 54.820) (200.620, 54.820) on layer: M2
Net VSS: dangling Wire at (6.220, 52.660) (6.220, 52.660) on layer: M2
Net VSS: dangling Wire at (200.620, 52.660) (200.620, 52.660) on layer: M2
Net VSS: dangling Wire at (6.220, 50.500) (6.220, 50.500) on layer: M2
Net VSS: dangling Wire at (200.620, 50.500) (200.620, 50.500) on layer: M2
Net VSS: dangling Wire at (6.220, 48.340) (6.220, 48.340) on layer: M2
Net VSS: dangling Wire at (200.620, 48.340) (200.620, 48.340) on layer: M2
Net VSS: dangling Wire at (6.220, 46.180) (6.220, 46.180) on layer: M2
Net VSS: dangling Wire at (200.620, 46.180) (200.620, 46.180) on layer: M2
Net VSS: dangling Wire at (6.220, 44.020) (6.220, 44.020) on layer: M2
Net VSS: dangling Wire at (200.620, 44.020) (200.620, 44.020) on layer: M2
Net VSS: dangling Wire at (6.220, 41.860) (6.220, 41.860) on layer: M2
Net VSS: dangling Wire at (200.620, 41.860) (200.620, 41.860) on layer: M2
Net VSS: dangling Wire at (6.220, 39.700) (6.220, 39.700) on layer: M2
Net VSS: dangling Wire at (200.620, 39.700) (200.620, 39.700) on layer: M2
Net VSS: dangling Wire at (6.220, 37.540) (6.220, 37.540) on layer: M2
Net VSS: dangling Wire at (200.620, 37.540) (200.620, 37.540) on layer: M2
Net VSS: dangling Wire at (6.220, 35.380) (6.220, 35.380) on layer: M2
Net VSS: dangling Wire at (200.620, 35.380) (200.620, 35.380) on layer: M2
Net VSS: dangling Wire at (6.220, 33.220) (6.220, 33.220) on layer: M2
Net VSS: dangling Wire at (200.620, 33.220) (200.620, 33.220) on layer: M2
Net VSS: dangling Wire at (6.220, 31.060) (6.220, 31.060) on layer: M2
Net VSS: dangling Wire at (200.620, 31.060) (200.620, 31.060) on layer: M2
Net VSS: dangling Wire at (6.220, 28.900) (6.220, 28.900) on layer: M2
Net VSS: dangling Wire at (200.620, 28.900) (200.620, 28.900) on layer: M2
Net VSS: dangling Wire at (6.220, 26.740) (6.220, 26.740) on layer: M2
Net VSS: dangling Wire at (200.620, 26.740) (200.620, 26.740) on layer: M2
Net VSS: dangling Wire at (6.220, 24.580) (6.220, 24.580) on layer: M2
Net VSS: dangling Wire at (200.620, 24.580) (200.620, 24.580) on layer: M2
Net VSS: dangling Wire at (6.220, 22.420) (6.220, 22.420) on layer: M2
Net VSS: dangling Wire at (200.620, 22.420) (200.620, 22.420) on layer: M2
Net VSS: dangling Wire at (6.220, 20.260) (6.220, 20.260) on layer: M2
Net VSS: dangling Wire at (200.620, 20.260) (200.620, 20.260) on layer: M2
Net VSS: dangling Wire at (6.220, 18.100) (6.220, 18.100) on layer: M2
Net VSS: dangling Wire at (200.620, 18.100) (200.620, 18.100) on layer: M2
Net VSS: dangling Wire at (6.220, 15.940) (6.220, 15.940) on layer: M2
Net VSS: dangling Wire at (200.620, 15.940) (200.620, 15.940) on layer: M2
Net VSS: dangling Wire at (6.220, 13.780) (6.220, 13.780) on layer: M2
Net VSS: dangling Wire at (200.620, 13.780) (200.620, 13.780) on layer: M2
Net VSS: dangling Wire at (6.220, 11.620) (6.220, 11.620) on layer: M2
Net VSS: dangling Wire at (200.620, 11.620) (200.620, 11.620) on layer: M2
Net VSS: dangling Wire at (6.220, 9.460) (6.220, 9.460) on layer: M2
Net VSS: dangling Wire at (200.620, 9.460) (200.620, 9.460) on layer: M2
Net VSS: dangling Wire at (6.220, 7.300) (6.220, 7.300) on layer: M2
Net VSS: dangling Wire at (200.620, 7.300) (200.620, 7.300) on layer: M2

Begin Summary
    686 Problem(s) (IMPVFC-94): The net has dangling wire(s).
    686 total info(s) created.
End Summary
