###############################################################
#  Generated by:      Cadence Innovus 21.13-s100_1
#  OS:                Linux x86_64(Host ID ic51)
#  Generated on:      Sun Feb 12 22:19:32 2023
#  Design:            SEED
#  Command:           check_pin_assignment
###############################################################

Start Checking pins of top cell: [SEED] 
Summary report for top level: [SEED] 
	Total Pins                         : 521
	Legally Assigned Pins              : 521
End of Summary report
End Checking pins of top cell: [SEED] 


===========================================================================================================================
                                                checkPinAssignment Summary
===========================================================================================================================
Partition   | pads  | pins   | legal  | illegal | internal | internal illegal | FT     | FT illegal | constant | unplaced |
===========================================================================================================================
SEED        |     0 |    521 |    521 |       0 |        0 |                0 |      0 |          0 |        0 |        0 |
===========================================================================================================================
TOTAL       |     0 |    521 |    521 |       0 |        0 |                0 |      0 |          0 |        0 |        0 |
===========================================================================================================================
