###############################################################
#  Generated by:      Cadence Innovus 21.13-s100_1
#  OS:                Linux x86_64(Host ID b134-l-os22-ee)
#  Generated on:      Fri Feb 10 15:12:23 2023
#  Design:            SEED
###############################################################
              SETUP     WNS    TNS   FEP   
      -----------------------------------------
         View : ALL   34.220  0.000     0  
      Group : Async  723.933  0.000     0  
     Group : in2out      N/A    N/A     0  
    Group : reg2out  364.489  0.000     0  
     Group : in2reg  193.483    0.0     0  
    Group : reg2reg   34.220    0.0     0  
                                           
      -----------------------------------------
 
      
               HOLD     WNS    TNS   FEP   
      -----------------------------------------
         View : ALL   29.350  0.000     0  
      Group : Async   50.273  0.000     0  
     Group : in2out      N/A    N/A     0  
    Group : reg2out  632.500  0.000     0  
     Group : in2reg   29.350    0.0     0  
    Group : reg2reg   66.483    0.0     0  
                                           
      -----------------------------------------
 
      
                        DRV  WNS   TNS   FEP   
      ---------------------------------------------
                 View : ALL                    
     Check : max_transition   N/A   N/A     0  
     Check : min_transition   N/A   N/A     0  
    Check : max_capacitance   N/A   N/A     0  
    Check : min_capacitance   N/A   N/A     0  
         Check : max_fanout   N/A   N/A     0  
         Check : min_fanout   N/A   N/A     0  
                                               
      ---------------------------------------------
 
      
                            Clock checks     WNS    TNS   FEP   
      --------------------------------------------------------------
                              View : ALL                        
    Check : min_pulse_width (clocktree)       N/A    N/A     0  
    Check : min_pulse_width (endpoints)   560.199  0.000     0  
                       Check : max_skew       N/A    N/A     0  
                     Check : min_period       N/A    N/A     0  
                                                                
      --------------------------------------------------------------
 
      
