#Calculating Track Utilization in region ( 0.00000 0.00000 206.84000 206.84000 ) for layer range: 2-10 [M2-Pad] ...
#
#+-------+------------------+--------------+-----------+-------------+-------------+-----------+--------+----------------+
#|                                         | BLOCKED BY                                                 |                |
#+-------+------------------+--------------+-----------+-------------+-------------+-----------+--------+----------------+
#| Layer | # of Tracks      | TrackLength  | PG Mesh % | Blkg & IO % | BlockCell % | StdCell % | Nets % | Avail Tracks % |
#+-------+------------------+--------------+-----------+-------------+-------------+-----------+--------+----------------+
#| M2    |             1336 |    276072.04 |     12.75 |        0.00 |        0.00 |      3.65 |  30.50 |          53.09 |
#| M3    |             1436 |    296775.97 |     20.47 |        0.00 |        0.00 |      0.00 |  30.19 |          49.34 |
#| M4    |             1076 |    222345.45 |      8.54 |        0.05 |        0.00 |      0.00 |  34.23 |          57.19 |
#| M5    |              957 |    197781.75 |      0.92 |        0.00 |        0.00 |      0.00 |  22.01 |          77.07 |
#| M6    |              718 |    148368.06 |      5.48 |        0.00 |        0.00 |      0.00 |  45.53 |          48.99 |
#| M7    |              718 |    148387.98 |      5.04 |        0.00 |        0.00 |      0.00 |  13.12 |          81.84 |
#| M8    |              538 |    111172.72 |      0.00 |        0.00 |        0.00 |      0.00 |   0.00 |         100.00 |
#| M9    |              574 |    118627.72 |      0.00 |        0.00 |        0.00 |      0.00 |   0.00 |         100.00 |
#| Pad   |               16 |      3306.25 |      0.00 |        0.00 |        0.00 |      0.00 |   0.00 |         100.00 |
#+-------+------------------+--------------+-----------+-------------+-------------+-----------+--------+----------------+
#| TOTAL |             7369 |   1522837.95 |      8.69 |        0.01 |        0.00 |      0.66 |  24.98 |          65.66 |
#+-------+------------------+--------------+-----------+-------------+-------------+-----------+--------+----------------+
#Calculating Track Utilization: cpu:00:00:05, real:00:00:00, mem:903.9 MB, peak:2.2 GB --15.67 [24]--
