###############################################################
#  Generated by:      Cadence Innovus 21.13-s100_1
#  OS:                Linux x86_64(Host ID ic51)
#  Generated on:      Mon Feb 13 08:13:56 2023
#  Design:            Camellia
#  Command:           check_connectivity -error 100000 -warning 100000 -check_wire_loops
###############################################################
Verify Connectivity Report is created on Mon Feb 13 08:13:56 2023




Multi-CPU acceleration using 24 CPU


Use pthread

Net VSS: dangling Wire at (6.220, 152.020) (6.220, 152.020) on layer: M1
Net VSS: dangling Wire at (152.020, 152.020) (152.020, 152.020) on layer: M1
Net VSS: dangling Wire at (6.220, 149.860) (6.220, 149.860) on layer: M1
Net VSS: dangling Wire at (152.020, 149.860) (152.020, 149.860) on layer: M1
Net VSS: dangling Wire at (6.220, 147.700) (6.220, 147.700) on layer: M1
Net VSS: dangling Wire at (152.020, 147.700) (152.020, 147.700) on layer: M1
Net VSS: dangling Wire at (6.220, 145.540) (6.220, 145.540) on layer: M1
Net VSS: dangling Wire at (152.020, 145.540) (152.020, 145.540) on layer: M1
Net VSS: dangling Wire at (6.220, 143.380) (6.220, 143.380) on layer: M1
Net VSS: dangling Wire at (6.220, 141.220) (6.220, 141.220) on layer: M1
Net VSS: dangling Wire at (152.020, 141.220) (152.020, 141.220) on layer: M1
Net VSS: dangling Wire at (6.220, 139.060) (6.220, 139.060) on layer: M1
Net VSS: dangling Wire at (6.220, 136.900) (6.220, 136.900) on layer: M1
Net VSS: dangling Wire at (6.220, 134.740) (6.220, 134.740) on layer: M1
Net VSS: dangling Wire at (152.020, 134.740) (152.020, 134.740) on layer: M1
Net VSS: dangling Wire at (6.220, 132.580) (6.220, 132.580) on layer: M1
Net VSS: dangling Wire at (152.020, 132.580) (152.020, 132.580) on layer: M1
Net VSS: dangling Wire at (6.220, 130.420) (6.220, 130.420) on layer: M1
Net VSS: dangling Wire at (152.020, 130.420) (152.020, 130.420) on layer: M1
Net VSS: dangling Wire at (6.220, 128.260) (6.220, 128.260) on layer: M1
Net VSS: dangling Wire at (6.220, 126.100) (6.220, 126.100) on layer: M1
Net VSS: dangling Wire at (152.020, 126.100) (152.020, 126.100) on layer: M1
Net VSS: dangling Wire at (6.220, 123.940) (6.220, 123.940) on layer: M1
Net VSS: dangling Wire at (152.020, 121.780) (152.020, 121.780) on layer: M1
Net VSS: dangling Wire at (152.020, 119.620) (152.020, 119.620) on layer: M1
Net VSS: dangling Wire at (152.020, 113.140) (152.020, 113.140) on layer: M1
Net VSS: dangling Wire at (152.020, 110.980) (152.020, 110.980) on layer: M1
Net VSS: dangling Wire at (6.220, 108.820) (6.220, 108.820) on layer: M1
Net VSS: dangling Wire at (152.020, 108.820) (152.020, 108.820) on layer: M1
Net VSS: dangling Wire at (152.020, 106.660) (152.020, 106.660) on layer: M1
Net VSS: dangling Wire at (6.220, 104.500) (6.220, 104.500) on layer: M1
Net VSS: dangling Wire at (152.020, 104.500) (152.020, 104.500) on layer: M1
Net VSS: dangling Wire at (6.220, 102.340) (6.220, 102.340) on layer: M1
Net VSS: dangling Wire at (6.220, 100.180) (6.220, 100.180) on layer: M1
Net VSS: dangling Wire at (6.220, 98.020) (6.220, 98.020) on layer: M1
Net VSS: dangling Wire at (152.020, 98.020) (152.020, 98.020) on layer: M1
Net VSS: dangling Wire at (6.220, 95.860) (6.220, 95.860) on layer: M1
Net VSS: dangling Wire at (152.020, 95.860) (152.020, 95.860) on layer: M1
Net VSS: dangling Wire at (6.220, 93.700) (6.220, 93.700) on layer: M1
Net VSS: dangling Wire at (152.020, 93.700) (152.020, 93.700) on layer: M1
Net VSS: dangling Wire at (6.220, 91.540) (6.220, 91.540) on layer: M1
Net VSS: dangling Wire at (152.020, 91.540) (152.020, 91.540) on layer: M1
Net VSS: dangling Wire at (6.220, 89.380) (6.220, 89.380) on layer: M1
Net VSS: dangling Wire at (152.020, 89.380) (152.020, 89.380) on layer: M1
Net VSS: dangling Wire at (6.220, 87.220) (6.220, 87.220) on layer: M1
Net VSS: dangling Wire at (152.020, 87.220) (152.020, 87.220) on layer: M1
Net VSS: dangling Wire at (6.220, 85.060) (6.220, 85.060) on layer: M1
Net VSS: dangling Wire at (152.020, 85.060) (152.020, 85.060) on layer: M1
Net VSS: dangling Wire at (152.020, 82.900) (152.020, 82.900) on layer: M1
Net VSS: dangling Wire at (6.220, 80.740) (6.220, 80.740) on layer: M1
Net VSS: dangling Wire at (152.020, 80.740) (152.020, 80.740) on layer: M1
Net VSS: dangling Wire at (6.220, 78.580) (6.220, 78.580) on layer: M1
Net VSS: dangling Wire at (152.020, 78.580) (152.020, 78.580) on layer: M1
Net VSS: dangling Wire at (6.220, 76.420) (6.220, 76.420) on layer: M1
Net VSS: dangling Wire at (152.020, 76.420) (152.020, 76.420) on layer: M1
Net VSS: dangling Wire at (152.020, 74.260) (152.020, 74.260) on layer: M1
Net VSS: dangling Wire at (6.220, 72.100) (6.220, 72.100) on layer: M1
Net VSS: dangling Wire at (152.020, 72.100) (152.020, 72.100) on layer: M1
Net VSS: dangling Wire at (6.220, 69.940) (6.220, 69.940) on layer: M1
Net VSS: dangling Wire at (152.020, 69.940) (152.020, 69.940) on layer: M1
Net VSS: dangling Wire at (6.220, 67.780) (6.220, 67.780) on layer: M1
Net VSS: dangling Wire at (152.020, 67.780) (152.020, 67.780) on layer: M1
Net VSS: dangling Wire at (6.220, 65.620) (6.220, 65.620) on layer: M1
Net VSS: dangling Wire at (152.020, 65.620) (152.020, 65.620) on layer: M1
Net VSS: dangling Wire at (152.020, 63.460) (152.020, 63.460) on layer: M1
Net VSS: dangling Wire at (152.020, 61.300) (152.020, 61.300) on layer: M1
Net VSS: dangling Wire at (6.220, 59.140) (6.220, 59.140) on layer: M1
Net VSS: dangling Wire at (152.020, 59.140) (152.020, 59.140) on layer: M1
Net VSS: dangling Wire at (6.220, 56.980) (6.220, 56.980) on layer: M1
Net VSS: dangling Wire at (152.020, 56.980) (152.020, 56.980) on layer: M1
Net VSS: dangling Wire at (6.220, 54.820) (6.220, 54.820) on layer: M1
Net VSS: dangling Wire at (152.020, 54.820) (152.020, 54.820) on layer: M1
Net VSS: dangling Wire at (6.220, 52.660) (6.220, 52.660) on layer: M1
Net VSS: dangling Wire at (152.020, 52.660) (152.020, 52.660) on layer: M1
Net VSS: dangling Wire at (6.220, 50.500) (6.220, 50.500) on layer: M1
Net VSS: dangling Wire at (152.020, 50.500) (152.020, 50.500) on layer: M1
Net VSS: dangling Wire at (6.220, 48.340) (6.220, 48.340) on layer: M1
Net VSS: dangling Wire at (6.220, 46.180) (6.220, 46.180) on layer: M1
Net VSS: dangling Wire at (152.020, 46.180) (152.020, 46.180) on layer: M1
Net VSS: dangling Wire at (152.020, 44.020) (152.020, 44.020) on layer: M1
Net VSS: dangling Wire at (152.020, 41.860) (152.020, 41.860) on layer: M1
Net VSS: dangling Wire at (6.220, 39.700) (6.220, 39.700) on layer: M1
Net VSS: dangling Wire at (152.020, 39.700) (152.020, 39.700) on layer: M1
Net VSS: dangling Wire at (6.220, 37.540) (6.220, 37.540) on layer: M1
Net VSS: dangling Wire at (152.020, 35.380) (152.020, 35.380) on layer: M1
Net VSS: dangling Wire at (6.220, 33.220) (6.220, 33.220) on layer: M1
Net VSS: dangling Wire at (152.020, 28.900) (152.020, 28.900) on layer: M1
Net VSS: dangling Wire at (6.220, 24.580) (6.220, 24.580) on layer: M1
Net VSS: dangling Wire at (152.020, 24.580) (152.020, 24.580) on layer: M1
Net VSS: dangling Wire at (6.220, 20.260) (6.220, 20.260) on layer: M1
Net VSS: dangling Wire at (6.220, 18.100) (6.220, 18.100) on layer: M1
Net VSS: dangling Wire at (152.020, 18.100) (152.020, 18.100) on layer: M1
Net VSS: dangling Wire at (6.220, 15.940) (6.220, 15.940) on layer: M1
Net VSS: dangling Wire at (152.020, 15.940) (152.020, 15.940) on layer: M1
Net VSS: dangling Wire at (6.220, 13.780) (6.220, 13.780) on layer: M1
Net VSS: dangling Wire at (152.020, 13.780) (152.020, 13.780) on layer: M1
Net VSS: dangling Wire at (6.220, 11.620) (6.220, 11.620) on layer: M1
Net VSS: dangling Wire at (152.020, 11.620) (152.020, 11.620) on layer: M1
Net VSS: dangling Wire at (6.220, 9.460) (6.220, 9.460) on layer: M1
Net VSS: dangling Wire at (6.220, 7.300) (6.220, 7.300) on layer: M1
Net VSS: dangling Wire at (152.020, 7.300) (152.020, 7.300) on layer: M1
Net VSS: dangling Wire at (6.220, 152.020) (6.220, 152.020) on layer: M2
Net VSS: dangling Wire at (152.020, 152.020) (152.020, 152.020) on layer: M2
Net VSS: dangling Wire at (6.220, 149.860) (6.220, 149.860) on layer: M2
Net VSS: dangling Wire at (152.020, 149.860) (152.020, 149.860) on layer: M2
Net VSS: dangling Wire at (6.220, 147.700) (6.220, 147.700) on layer: M2
Net VSS: dangling Wire at (152.020, 147.700) (152.020, 147.700) on layer: M2
Net VSS: dangling Wire at (6.220, 145.540) (6.220, 145.540) on layer: M2
Net VSS: dangling Wire at (152.020, 145.540) (152.020, 145.540) on layer: M2
Net VSS: dangling Wire at (6.220, 143.380) (6.220, 143.380) on layer: M2
Net VSS: dangling Wire at (152.020, 143.380) (152.020, 143.380) on layer: M2
Net VSS: dangling Wire at (6.220, 141.220) (6.220, 141.220) on layer: M2
Net VSS: dangling Wire at (152.020, 141.220) (152.020, 141.220) on layer: M2
Net VSS: dangling Wire at (6.220, 139.060) (6.220, 139.060) on layer: M2
Net VSS: dangling Wire at (152.020, 139.060) (152.020, 139.060) on layer: M2
Net VSS: dangling Wire at (6.220, 136.900) (6.220, 136.900) on layer: M2
Net VSS: dangling Wire at (152.020, 136.900) (152.020, 136.900) on layer: M2
Net VSS: dangling Wire at (6.220, 134.740) (6.220, 134.740) on layer: M2
Net VSS: dangling Wire at (152.020, 134.740) (152.020, 134.740) on layer: M2
Net VSS: dangling Wire at (6.220, 132.580) (6.220, 132.580) on layer: M2
Net VSS: dangling Wire at (152.020, 132.580) (152.020, 132.580) on layer: M2
Net VSS: dangling Wire at (6.220, 130.420) (6.220, 130.420) on layer: M2
Net VSS: dangling Wire at (152.020, 130.420) (152.020, 130.420) on layer: M2
Net VSS: dangling Wire at (6.220, 128.260) (6.220, 128.260) on layer: M2
Net VSS: dangling Wire at (152.020, 128.260) (152.020, 128.260) on layer: M2
Net VSS: dangling Wire at (6.220, 126.100) (6.220, 126.100) on layer: M2
Net VSS: dangling Wire at (152.020, 126.100) (152.020, 126.100) on layer: M2
Net VSS: dangling Wire at (6.220, 123.940) (6.220, 123.940) on layer: M2
Net VSS: dangling Wire at (152.020, 123.940) (152.020, 123.940) on layer: M2
Net VSS: dangling Wire at (6.220, 121.780) (6.220, 121.780) on layer: M2
Net VSS: dangling Wire at (152.020, 121.780) (152.020, 121.780) on layer: M2
Net VSS: dangling Wire at (6.220, 119.620) (6.220, 119.620) on layer: M2
Net VSS: dangling Wire at (152.020, 119.620) (152.020, 119.620) on layer: M2
Net VSS: dangling Wire at (6.220, 117.460) (6.220, 117.460) on layer: M2
Net VSS: dangling Wire at (152.020, 117.460) (152.020, 117.460) on layer: M2
Net VSS: dangling Wire at (6.220, 115.300) (6.220, 115.300) on layer: M2
Net VSS: dangling Wire at (152.020, 115.300) (152.020, 115.300) on layer: M2
Net VSS: dangling Wire at (6.220, 113.140) (6.220, 113.140) on layer: M2
Net VSS: dangling Wire at (152.020, 113.140) (152.020, 113.140) on layer: M2
Net VSS: dangling Wire at (6.220, 110.980) (6.220, 110.980) on layer: M2
Net VSS: dangling Wire at (152.020, 110.980) (152.020, 110.980) on layer: M2
Net VSS: dangling Wire at (6.220, 108.820) (6.220, 108.820) on layer: M2
Net VSS: dangling Wire at (152.020, 108.820) (152.020, 108.820) on layer: M2
Net VSS: dangling Wire at (6.220, 106.660) (6.220, 106.660) on layer: M2
Net VSS: dangling Wire at (152.020, 106.660) (152.020, 106.660) on layer: M2
Net VSS: dangling Wire at (6.220, 104.500) (6.220, 104.500) on layer: M2
Net VSS: dangling Wire at (152.020, 104.500) (152.020, 104.500) on layer: M2
Net VSS: dangling Wire at (6.220, 102.340) (6.220, 102.340) on layer: M2
Net VSS: dangling Wire at (152.020, 102.340) (152.020, 102.340) on layer: M2
Net VSS: dangling Wire at (6.220, 100.180) (6.220, 100.180) on layer: M2
Net VSS: dangling Wire at (152.020, 100.180) (152.020, 100.180) on layer: M2
Net VSS: dangling Wire at (6.220, 98.020) (6.220, 98.020) on layer: M2
Net VSS: dangling Wire at (152.020, 98.020) (152.020, 98.020) on layer: M2
Net VSS: dangling Wire at (6.220, 95.860) (6.220, 95.860) on layer: M2
Net VSS: dangling Wire at (152.020, 95.860) (152.020, 95.860) on layer: M2
Net VSS: dangling Wire at (6.220, 93.700) (6.220, 93.700) on layer: M2
Net VSS: dangling Wire at (152.020, 93.700) (152.020, 93.700) on layer: M2
Net VSS: dangling Wire at (6.220, 91.540) (6.220, 91.540) on layer: M2
Net VSS: dangling Wire at (152.020, 91.540) (152.020, 91.540) on layer: M2
Net VSS: dangling Wire at (6.220, 89.380) (6.220, 89.380) on layer: M2
Net VSS: dangling Wire at (152.020, 89.380) (152.020, 89.380) on layer: M2
Net VSS: dangling Wire at (6.220, 87.220) (6.220, 87.220) on layer: M2
Net VSS: dangling Wire at (152.020, 87.220) (152.020, 87.220) on layer: M2
Net VSS: dangling Wire at (6.220, 85.060) (6.220, 85.060) on layer: M2
Net VSS: dangling Wire at (152.020, 85.060) (152.020, 85.060) on layer: M2
Net VSS: dangling Wire at (6.220, 82.900) (6.220, 82.900) on layer: M2
Net VSS: dangling Wire at (152.020, 82.900) (152.020, 82.900) on layer: M2
Net VSS: dangling Wire at (6.220, 80.740) (6.220, 80.740) on layer: M2
Net VSS: dangling Wire at (152.020, 80.740) (152.020, 80.740) on layer: M2
Net VSS: dangling Wire at (6.220, 78.580) (6.220, 78.580) on layer: M2
Net VSS: dangling Wire at (152.020, 78.580) (152.020, 78.580) on layer: M2
Net VSS: dangling Wire at (6.220, 76.420) (6.220, 76.420) on layer: M2
Net VSS: dangling Wire at (152.020, 76.420) (152.020, 76.420) on layer: M2
Net VSS: dangling Wire at (6.220, 74.260) (6.220, 74.260) on layer: M2
Net VSS: dangling Wire at (152.020, 74.260) (152.020, 74.260) on layer: M2
Net VSS: dangling Wire at (6.220, 72.100) (6.220, 72.100) on layer: M2
Net VSS: dangling Wire at (152.020, 72.100) (152.020, 72.100) on layer: M2
Net VSS: dangling Wire at (6.220, 69.940) (6.220, 69.940) on layer: M2
Net VSS: dangling Wire at (152.020, 69.940) (152.020, 69.940) on layer: M2
Net VSS: dangling Wire at (6.220, 67.780) (6.220, 67.780) on layer: M2
Net VSS: dangling Wire at (152.020, 67.780) (152.020, 67.780) on layer: M2
Net VSS: dangling Wire at (6.220, 65.620) (6.220, 65.620) on layer: M2
Net VSS: dangling Wire at (152.020, 65.620) (152.020, 65.620) on layer: M2
Net VSS: dangling Wire at (6.220, 63.460) (6.220, 63.460) on layer: M2
Net VSS: dangling Wire at (152.020, 63.460) (152.020, 63.460) on layer: M2
Net VSS: dangling Wire at (6.220, 61.300) (6.220, 61.300) on layer: M2
Net VSS: dangling Wire at (152.020, 61.300) (152.020, 61.300) on layer: M2
Net VSS: dangling Wire at (6.220, 59.140) (6.220, 59.140) on layer: M2
Net VSS: dangling Wire at (152.020, 59.140) (152.020, 59.140) on layer: M2
Net VSS: dangling Wire at (6.220, 56.980) (6.220, 56.980) on layer: M2
Net VSS: dangling Wire at (152.020, 56.980) (152.020, 56.980) on layer: M2
Net VSS: dangling Wire at (6.220, 54.820) (6.220, 54.820) on layer: M2
Net VSS: dangling Wire at (152.020, 54.820) (152.020, 54.820) on layer: M2
Net VSS: dangling Wire at (6.220, 52.660) (6.220, 52.660) on layer: M2
Net VSS: dangling Wire at (152.020, 52.660) (152.020, 52.660) on layer: M2
Net VSS: dangling Wire at (6.220, 50.500) (6.220, 50.500) on layer: M2
Net VSS: dangling Wire at (152.020, 50.500) (152.020, 50.500) on layer: M2
Net VSS: dangling Wire at (6.220, 48.340) (6.220, 48.340) on layer: M2
Net VSS: dangling Wire at (152.020, 48.340) (152.020, 48.340) on layer: M2
Net VSS: dangling Wire at (6.220, 46.180) (6.220, 46.180) on layer: M2
Net VSS: dangling Wire at (152.020, 46.180) (152.020, 46.180) on layer: M2
Net VSS: dangling Wire at (6.220, 44.020) (6.220, 44.020) on layer: M2
Net VSS: dangling Wire at (152.020, 44.020) (152.020, 44.020) on layer: M2
Net VSS: dangling Wire at (6.220, 41.860) (6.220, 41.860) on layer: M2
Net VSS: dangling Wire at (152.020, 41.860) (152.020, 41.860) on layer: M2
Net VSS: dangling Wire at (6.220, 39.700) (6.220, 39.700) on layer: M2
Net VSS: dangling Wire at (152.020, 39.700) (152.020, 39.700) on layer: M2
Net VSS: dangling Wire at (6.220, 37.540) (6.220, 37.540) on layer: M2
Net VSS: dangling Wire at (152.020, 37.540) (152.020, 37.540) on layer: M2
Net VSS: dangling Wire at (6.220, 35.380) (6.220, 35.380) on layer: M2
Net VSS: dangling Wire at (152.020, 35.380) (152.020, 35.380) on layer: M2
Net VSS: dangling Wire at (6.220, 33.220) (6.220, 33.220) on layer: M2
Net VSS: dangling Wire at (152.020, 33.220) (152.020, 33.220) on layer: M2
Net VSS: dangling Wire at (6.220, 31.060) (6.220, 31.060) on layer: M2
Net VSS: dangling Wire at (152.020, 31.060) (152.020, 31.060) on layer: M2
Net VSS: dangling Wire at (6.220, 28.900) (6.220, 28.900) on layer: M2
Net VSS: dangling Wire at (152.020, 28.900) (152.020, 28.900) on layer: M2
Net VSS: dangling Wire at (6.220, 26.740) (6.220, 26.740) on layer: M2
Net VSS: dangling Wire at (152.020, 26.740) (152.020, 26.740) on layer: M2
Net VSS: dangling Wire at (6.220, 24.580) (6.220, 24.580) on layer: M2
Net VSS: dangling Wire at (152.020, 24.580) (152.020, 24.580) on layer: M2
Net VSS: dangling Wire at (6.220, 22.420) (6.220, 22.420) on layer: M2
Net VSS: dangling Wire at (152.020, 22.420) (152.020, 22.420) on layer: M2
Net VSS: dangling Wire at (6.220, 20.260) (6.220, 20.260) on layer: M2
Net VSS: dangling Wire at (152.020, 20.260) (152.020, 20.260) on layer: M2
Net VSS: dangling Wire at (6.220, 18.100) (6.220, 18.100) on layer: M2
Net VSS: dangling Wire at (152.020, 18.100) (152.020, 18.100) on layer: M2
Net VSS: dangling Wire at (6.220, 15.940) (6.220, 15.940) on layer: M2
Net VSS: dangling Wire at (152.020, 15.940) (152.020, 15.940) on layer: M2
Net VSS: dangling Wire at (6.220, 13.780) (6.220, 13.780) on layer: M2
Net VSS: dangling Wire at (152.020, 13.780) (152.020, 13.780) on layer: M2
Net VSS: dangling Wire at (6.220, 11.620) (6.220, 11.620) on layer: M2
Net VSS: dangling Wire at (152.020, 11.620) (152.020, 11.620) on layer: M2
Net VSS: dangling Wire at (6.220, 9.460) (6.220, 9.460) on layer: M2
Net VSS: dangling Wire at (152.020, 9.460) (152.020, 9.460) on layer: M2
Net VSS: dangling Wire at (6.220, 7.300) (6.220, 7.300) on layer: M2
Net VSS: dangling Wire at (152.020, 7.300) (152.020, 7.300) on layer: M2
Net VDD: dangling Wire at (6.220, 150.940) (6.220, 150.940) on layer: M1
Net VDD: dangling Wire at (152.020, 150.940) (152.020, 150.940) on layer: M1
Net VDD: dangling Wire at (6.220, 148.780) (6.220, 148.780) on layer: M1
Net VDD: dangling Wire at (152.020, 148.780) (152.020, 148.780) on layer: M1
Net VDD: dangling Wire at (6.220, 146.620) (6.220, 146.620) on layer: M1
Net VDD: dangling Wire at (152.020, 146.620) (152.020, 146.620) on layer: M1
Net VDD: dangling Wire at (6.220, 144.460) (6.220, 144.460) on layer: M1
Net VDD: dangling Wire at (6.220, 142.300) (6.220, 142.300) on layer: M1
Net VDD: dangling Wire at (152.020, 142.300) (152.020, 142.300) on layer: M1
Net VDD: dangling Wire at (6.220, 140.140) (6.220, 140.140) on layer: M1
Net VDD: dangling Wire at (6.220, 137.980) (6.220, 137.980) on layer: M1
Net VDD: dangling Wire at (152.020, 137.980) (152.020, 137.980) on layer: M1
Net VDD: dangling Wire at (6.220, 135.820) (6.220, 135.820) on layer: M1
Net VDD: dangling Wire at (6.220, 133.660) (6.220, 133.660) on layer: M1
Net VDD: dangling Wire at (152.020, 133.660) (152.020, 133.660) on layer: M1
Net VDD: dangling Wire at (6.220, 131.500) (6.220, 131.500) on layer: M1
Net VDD: dangling Wire at (152.020, 131.500) (152.020, 131.500) on layer: M1
Net VDD: dangling Wire at (6.220, 129.340) (6.220, 129.340) on layer: M1
Net VDD: dangling Wire at (152.020, 129.340) (152.020, 129.340) on layer: M1
Net VDD: dangling Wire at (6.220, 127.180) (6.220, 127.180) on layer: M1
Net VDD: dangling Wire at (6.220, 125.020) (6.220, 125.020) on layer: M1
Net VDD: dangling Wire at (6.220, 122.860) (6.220, 122.860) on layer: M1
Net VDD: dangling Wire at (152.020, 120.700) (152.020, 120.700) on layer: M1
Net VDD: dangling Wire at (6.220, 116.380) (6.220, 116.380) on layer: M1
Net VDD: dangling Wire at (152.020, 112.060) (152.020, 112.060) on layer: M1
Net VDD: dangling Wire at (6.220, 109.900) (6.220, 109.900) on layer: M1
Net VDD: dangling Wire at (152.020, 109.900) (152.020, 109.900) on layer: M1
Net VDD: dangling Wire at (6.220, 107.740) (6.220, 107.740) on layer: M1
Net VDD: dangling Wire at (152.020, 107.740) (152.020, 107.740) on layer: M1
Net VDD: dangling Wire at (152.020, 105.580) (152.020, 105.580) on layer: M1
Net VDD: dangling Wire at (6.220, 103.420) (6.220, 103.420) on layer: M1
Net VDD: dangling Wire at (6.220, 101.260) (6.220, 101.260) on layer: M1
Net VDD: dangling Wire at (6.220, 99.100) (6.220, 99.100) on layer: M1
Net VDD: dangling Wire at (6.220, 96.940) (6.220, 96.940) on layer: M1
Net VDD: dangling Wire at (152.020, 96.940) (152.020, 96.940) on layer: M1
Net VDD: dangling Wire at (6.220, 94.780) (6.220, 94.780) on layer: M1
Net VDD: dangling Wire at (152.020, 94.780) (152.020, 94.780) on layer: M1
Net VDD: dangling Wire at (6.220, 92.620) (6.220, 92.620) on layer: M1
Net VDD: dangling Wire at (152.020, 92.620) (152.020, 92.620) on layer: M1
Net VDD: dangling Wire at (6.220, 90.460) (6.220, 90.460) on layer: M1
Net VDD: dangling Wire at (152.020, 90.460) (152.020, 90.460) on layer: M1
Net VDD: dangling Wire at (6.220, 88.300) (6.220, 88.300) on layer: M1
Net VDD: dangling Wire at (152.020, 88.300) (152.020, 88.300) on layer: M1
Net VDD: dangling Wire at (6.220, 86.140) (6.220, 86.140) on layer: M1
Net VDD: dangling Wire at (152.020, 86.140) (152.020, 86.140) on layer: M1
Net VDD: dangling Wire at (152.020, 83.980) (152.020, 83.980) on layer: M1
Net VDD: dangling Wire at (152.020, 81.820) (152.020, 81.820) on layer: M1
Net VDD: dangling Wire at (6.220, 79.660) (6.220, 79.660) on layer: M1
Net VDD: dangling Wire at (152.020, 79.660) (152.020, 79.660) on layer: M1
Net VDD: dangling Wire at (6.220, 77.500) (6.220, 77.500) on layer: M1
Net VDD: dangling Wire at (152.020, 77.500) (152.020, 77.500) on layer: M1
Net VDD: dangling Wire at (6.220, 75.340) (6.220, 75.340) on layer: M1
Net VDD: dangling Wire at (152.020, 75.340) (152.020, 75.340) on layer: M1
Net VDD: dangling Wire at (152.020, 73.180) (152.020, 73.180) on layer: M1
Net VDD: dangling Wire at (6.220, 71.020) (6.220, 71.020) on layer: M1
Net VDD: dangling Wire at (152.020, 71.020) (152.020, 71.020) on layer: M1
Net VDD: dangling Wire at (6.220, 68.860) (6.220, 68.860) on layer: M1
Net VDD: dangling Wire at (152.020, 68.860) (152.020, 68.860) on layer: M1
Net VDD: dangling Wire at (6.220, 66.700) (6.220, 66.700) on layer: M1
Net VDD: dangling Wire at (152.020, 66.700) (152.020, 66.700) on layer: M1
Net VDD: dangling Wire at (6.220, 64.540) (6.220, 64.540) on layer: M1
Net VDD: dangling Wire at (152.020, 64.540) (152.020, 64.540) on layer: M1
Net VDD: dangling Wire at (152.020, 62.380) (152.020, 62.380) on layer: M1
Net VDD: dangling Wire at (6.220, 60.220) (6.220, 60.220) on layer: M1
Net VDD: dangling Wire at (152.020, 60.220) (152.020, 60.220) on layer: M1
Net VDD: dangling Wire at (6.220, 58.060) (6.220, 58.060) on layer: M1
Net VDD: dangling Wire at (152.020, 58.060) (152.020, 58.060) on layer: M1
Net VDD: dangling Wire at (6.220, 55.900) (6.220, 55.900) on layer: M1
Net VDD: dangling Wire at (152.020, 55.900) (152.020, 55.900) on layer: M1
Net VDD: dangling Wire at (6.220, 53.740) (6.220, 53.740) on layer: M1
Net VDD: dangling Wire at (152.020, 53.740) (152.020, 53.740) on layer: M1
Net VDD: dangling Wire at (6.220, 51.580) (6.220, 51.580) on layer: M1
Net VDD: dangling Wire at (152.020, 51.580) (152.020, 51.580) on layer: M1
Net VDD: dangling Wire at (6.220, 49.420) (6.220, 49.420) on layer: M1
Net VDD: dangling Wire at (152.020, 49.420) (152.020, 49.420) on layer: M1
Net VDD: dangling Wire at (6.220, 47.260) (6.220, 47.260) on layer: M1
Net VDD: dangling Wire at (152.020, 45.100) (152.020, 45.100) on layer: M1
Net VDD: dangling Wire at (152.020, 42.940) (152.020, 42.940) on layer: M1
Net VDD: dangling Wire at (152.020, 40.780) (152.020, 40.780) on layer: M1
Net VDD: dangling Wire at (6.220, 38.620) (6.220, 38.620) on layer: M1
Net VDD: dangling Wire at (6.220, 36.460) (6.220, 36.460) on layer: M1
Net VDD: dangling Wire at (152.020, 36.460) (152.020, 36.460) on layer: M1
Net VDD: dangling Wire at (152.020, 29.980) (152.020, 29.980) on layer: M1
Net VDD: dangling Wire at (6.220, 25.660) (6.220, 25.660) on layer: M1
Net VDD: dangling Wire at (152.020, 25.660) (152.020, 25.660) on layer: M1
Net VDD: dangling Wire at (6.220, 19.180) (6.220, 19.180) on layer: M1
Net VDD: dangling Wire at (6.220, 17.020) (6.220, 17.020) on layer: M1
Net VDD: dangling Wire at (152.020, 17.020) (152.020, 17.020) on layer: M1
Net VDD: dangling Wire at (6.220, 14.860) (6.220, 14.860) on layer: M1
Net VDD: dangling Wire at (152.020, 14.860) (152.020, 14.860) on layer: M1
Net VDD: dangling Wire at (6.220, 12.700) (6.220, 12.700) on layer: M1
Net VDD: dangling Wire at (152.020, 12.700) (152.020, 12.700) on layer: M1
Net VDD: dangling Wire at (6.220, 10.540) (6.220, 10.540) on layer: M1
Net VDD: dangling Wire at (6.220, 8.380) (6.220, 8.380) on layer: M1
Net VDD: dangling Wire at (152.020, 8.380) (152.020, 8.380) on layer: M1
Net VDD: dangling Wire at (6.220, 6.220) (6.220, 6.220) on layer: M1
Net VDD: dangling Wire at (152.020, 6.220) (152.020, 6.220) on layer: M1
Net VDD: dangling Wire at (6.220, 150.940) (6.220, 150.940) on layer: M2
Net VDD: dangling Wire at (152.020, 150.940) (152.020, 150.940) on layer: M2
Net VDD: dangling Wire at (6.220, 148.780) (6.220, 148.780) on layer: M2
Net VDD: dangling Wire at (152.020, 148.780) (152.020, 148.780) on layer: M2
Net VDD: dangling Wire at (6.220, 146.620) (6.220, 146.620) on layer: M2
Net VDD: dangling Wire at (152.020, 146.620) (152.020, 146.620) on layer: M2
Net VDD: dangling Wire at (6.220, 144.460) (6.220, 144.460) on layer: M2
Net VDD: dangling Wire at (152.020, 144.460) (152.020, 144.460) on layer: M2
Net VDD: dangling Wire at (6.220, 142.300) (6.220, 142.300) on layer: M2
Net VDD: dangling Wire at (152.020, 142.300) (152.020, 142.300) on layer: M2
Net VDD: dangling Wire at (6.220, 140.140) (6.220, 140.140) on layer: M2
Net VDD: dangling Wire at (152.020, 140.140) (152.020, 140.140) on layer: M2
Net VDD: dangling Wire at (6.220, 137.980) (6.220, 137.980) on layer: M2
Net VDD: dangling Wire at (152.020, 137.980) (152.020, 137.980) on layer: M2
Net VDD: dangling Wire at (6.220, 135.820) (6.220, 135.820) on layer: M2
Net VDD: dangling Wire at (152.020, 135.820) (152.020, 135.820) on layer: M2
Net VDD: dangling Wire at (6.220, 133.660) (6.220, 133.660) on layer: M2
Net VDD: dangling Wire at (152.020, 133.660) (152.020, 133.660) on layer: M2
Net VDD: dangling Wire at (6.220, 131.500) (6.220, 131.500) on layer: M2
Net VDD: dangling Wire at (152.020, 131.500) (152.020, 131.500) on layer: M2
Net VDD: dangling Wire at (6.220, 129.340) (6.220, 129.340) on layer: M2
Net VDD: dangling Wire at (152.020, 129.340) (152.020, 129.340) on layer: M2
Net VDD: dangling Wire at (6.220, 127.180) (6.220, 127.180) on layer: M2
Net VDD: dangling Wire at (152.020, 127.180) (152.020, 127.180) on layer: M2
Net VDD: dangling Wire at (6.220, 125.020) (6.220, 125.020) on layer: M2
Net VDD: dangling Wire at (152.020, 125.020) (152.020, 125.020) on layer: M2
Net VDD: dangling Wire at (6.220, 122.860) (6.220, 122.860) on layer: M2
Net VDD: dangling Wire at (152.020, 122.860) (152.020, 122.860) on layer: M2
Net VDD: dangling Wire at (6.220, 120.700) (6.220, 120.700) on layer: M2
Net VDD: dangling Wire at (152.020, 120.700) (152.020, 120.700) on layer: M2
Net VDD: dangling Wire at (6.220, 118.540) (6.220, 118.540) on layer: M2
Net VDD: dangling Wire at (152.020, 118.540) (152.020, 118.540) on layer: M2
Net VDD: dangling Wire at (6.220, 116.380) (6.220, 116.380) on layer: M2
Net VDD: dangling Wire at (152.020, 116.380) (152.020, 116.380) on layer: M2
Net VDD: dangling Wire at (6.220, 114.220) (6.220, 114.220) on layer: M2
Net VDD: dangling Wire at (152.020, 114.220) (152.020, 114.220) on layer: M2
Net VDD: dangling Wire at (6.220, 112.060) (6.220, 112.060) on layer: M2
Net VDD: dangling Wire at (152.020, 112.060) (152.020, 112.060) on layer: M2
Net VDD: dangling Wire at (6.220, 109.900) (6.220, 109.900) on layer: M2
Net VDD: dangling Wire at (152.020, 109.900) (152.020, 109.900) on layer: M2
Net VDD: dangling Wire at (6.220, 107.740) (6.220, 107.740) on layer: M2
Net VDD: dangling Wire at (152.020, 107.740) (152.020, 107.740) on layer: M2
Net VDD: dangling Wire at (6.220, 105.580) (6.220, 105.580) on layer: M2
Net VDD: dangling Wire at (152.020, 105.580) (152.020, 105.580) on layer: M2
Net VDD: dangling Wire at (6.220, 103.420) (6.220, 103.420) on layer: M2
Net VDD: dangling Wire at (152.020, 103.420) (152.020, 103.420) on layer: M2
Net VDD: dangling Wire at (6.220, 101.260) (6.220, 101.260) on layer: M2
Net VDD: dangling Wire at (152.020, 101.260) (152.020, 101.260) on layer: M2
Net VDD: dangling Wire at (6.220, 99.100) (6.220, 99.100) on layer: M2
Net VDD: dangling Wire at (152.020, 99.100) (152.020, 99.100) on layer: M2
Net VDD: dangling Wire at (6.220, 96.940) (6.220, 96.940) on layer: M2
Net VDD: dangling Wire at (152.020, 96.940) (152.020, 96.940) on layer: M2
Net VDD: dangling Wire at (6.220, 94.780) (6.220, 94.780) on layer: M2
Net VDD: dangling Wire at (152.020, 94.780) (152.020, 94.780) on layer: M2
Net VDD: dangling Wire at (6.220, 92.620) (6.220, 92.620) on layer: M2
Net VDD: dangling Wire at (152.020, 92.620) (152.020, 92.620) on layer: M2
Net VDD: dangling Wire at (6.220, 90.460) (6.220, 90.460) on layer: M2
Net VDD: dangling Wire at (152.020, 90.460) (152.020, 90.460) on layer: M2
Net VDD: dangling Wire at (6.220, 88.300) (6.220, 88.300) on layer: M2
Net VDD: dangling Wire at (152.020, 88.300) (152.020, 88.300) on layer: M2
Net VDD: dangling Wire at (6.220, 86.140) (6.220, 86.140) on layer: M2
Net VDD: dangling Wire at (152.020, 86.140) (152.020, 86.140) on layer: M2
Net VDD: dangling Wire at (6.220, 83.980) (6.220, 83.980) on layer: M2
Net VDD: dangling Wire at (152.020, 83.980) (152.020, 83.980) on layer: M2
Net VDD: dangling Wire at (6.220, 81.820) (6.220, 81.820) on layer: M2
Net VDD: dangling Wire at (152.020, 81.820) (152.020, 81.820) on layer: M2
Net VDD: dangling Wire at (6.220, 79.660) (6.220, 79.660) on layer: M2
Net VDD: dangling Wire at (152.020, 79.660) (152.020, 79.660) on layer: M2
Net VDD: dangling Wire at (6.220, 77.500) (6.220, 77.500) on layer: M2
Net VDD: dangling Wire at (152.020, 77.500) (152.020, 77.500) on layer: M2
Net VDD: dangling Wire at (6.220, 75.340) (6.220, 75.340) on layer: M2
Net VDD: dangling Wire at (152.020, 75.340) (152.020, 75.340) on layer: M2
Net VDD: dangling Wire at (6.220, 73.180) (6.220, 73.180) on layer: M2
Net VDD: dangling Wire at (152.020, 73.180) (152.020, 73.180) on layer: M2
Net VDD: dangling Wire at (6.220, 71.020) (6.220, 71.020) on layer: M2
Net VDD: dangling Wire at (152.020, 71.020) (152.020, 71.020) on layer: M2
Net VDD: dangling Wire at (6.220, 68.860) (6.220, 68.860) on layer: M2
Net VDD: dangling Wire at (152.020, 68.860) (152.020, 68.860) on layer: M2
Net VDD: dangling Wire at (6.220, 66.700) (6.220, 66.700) on layer: M2
Net VDD: dangling Wire at (152.020, 66.700) (152.020, 66.700) on layer: M2
Net VDD: dangling Wire at (6.220, 64.540) (6.220, 64.540) on layer: M2
Net VDD: dangling Wire at (152.020, 64.540) (152.020, 64.540) on layer: M2
Net VDD: dangling Wire at (6.220, 62.380) (6.220, 62.380) on layer: M2
Net VDD: dangling Wire at (152.020, 62.380) (152.020, 62.380) on layer: M2
Net VDD: dangling Wire at (6.220, 60.220) (6.220, 60.220) on layer: M2
Net VDD: dangling Wire at (152.020, 60.220) (152.020, 60.220) on layer: M2
Net VDD: dangling Wire at (6.220, 58.060) (6.220, 58.060) on layer: M2
Net VDD: dangling Wire at (152.020, 58.060) (152.020, 58.060) on layer: M2
Net VDD: dangling Wire at (6.220, 55.900) (6.220, 55.900) on layer: M2
Net VDD: dangling Wire at (152.020, 55.900) (152.020, 55.900) on layer: M2
Net VDD: dangling Wire at (6.220, 53.740) (6.220, 53.740) on layer: M2
Net VDD: dangling Wire at (152.020, 53.740) (152.020, 53.740) on layer: M2
Net VDD: dangling Wire at (6.220, 51.580) (6.220, 51.580) on layer: M2
Net VDD: dangling Wire at (152.020, 51.580) (152.020, 51.580) on layer: M2
Net VDD: dangling Wire at (6.220, 49.420) (6.220, 49.420) on layer: M2
Net VDD: dangling Wire at (152.020, 49.420) (152.020, 49.420) on layer: M2
Net VDD: dangling Wire at (6.220, 47.260) (6.220, 47.260) on layer: M2
Net VDD: dangling Wire at (152.020, 47.260) (152.020, 47.260) on layer: M2
Net VDD: dangling Wire at (6.220, 45.100) (6.220, 45.100) on layer: M2
Net VDD: dangling Wire at (152.020, 45.100) (152.020, 45.100) on layer: M2
Net VDD: dangling Wire at (6.220, 42.940) (6.220, 42.940) on layer: M2
Net VDD: dangling Wire at (152.020, 42.940) (152.020, 42.940) on layer: M2
Net VDD: dangling Wire at (6.220, 40.780) (6.220, 40.780) on layer: M2
Net VDD: dangling Wire at (152.020, 40.780) (152.020, 40.780) on layer: M2
Net VDD: dangling Wire at (6.220, 38.620) (6.220, 38.620) on layer: M2
Net VDD: dangling Wire at (152.020, 38.620) (152.020, 38.620) on layer: M2
Net VDD: dangling Wire at (6.220, 36.460) (6.220, 36.460) on layer: M2
Net VDD: dangling Wire at (152.020, 36.460) (152.020, 36.460) on layer: M2
Net VDD: dangling Wire at (6.220, 34.300) (6.220, 34.300) on layer: M2
Net VDD: dangling Wire at (152.020, 34.300) (152.020, 34.300) on layer: M2
Net VDD: dangling Wire at (6.220, 32.140) (6.220, 32.140) on layer: M2
Net VDD: dangling Wire at (152.020, 32.140) (152.020, 32.140) on layer: M2
Net VDD: dangling Wire at (6.220, 29.980) (6.220, 29.980) on layer: M2
Net VDD: dangling Wire at (152.020, 29.980) (152.020, 29.980) on layer: M2
Net VDD: dangling Wire at (6.220, 27.820) (6.220, 27.820) on layer: M2
Net VDD: dangling Wire at (152.020, 27.820) (152.020, 27.820) on layer: M2
Net VDD: dangling Wire at (6.220, 25.660) (6.220, 25.660) on layer: M2
Net VDD: dangling Wire at (152.020, 25.660) (152.020, 25.660) on layer: M2
Net VDD: dangling Wire at (6.220, 23.500) (6.220, 23.500) on layer: M2
Net VDD: dangling Wire at (152.020, 23.500) (152.020, 23.500) on layer: M2
Net VDD: dangling Wire at (6.220, 21.340) (6.220, 21.340) on layer: M2
Net VDD: dangling Wire at (152.020, 21.340) (152.020, 21.340) on layer: M2
Net VDD: dangling Wire at (6.220, 19.180) (6.220, 19.180) on layer: M2
Net VDD: dangling Wire at (152.020, 19.180) (152.020, 19.180) on layer: M2
Net VDD: dangling Wire at (6.220, 17.020) (6.220, 17.020) on layer: M2
Net VDD: dangling Wire at (152.020, 17.020) (152.020, 17.020) on layer: M2
Net VDD: dangling Wire at (6.220, 14.860) (6.220, 14.860) on layer: M2
Net VDD: dangling Wire at (152.020, 14.860) (152.020, 14.860) on layer: M2
Net VDD: dangling Wire at (6.220, 12.700) (6.220, 12.700) on layer: M2
Net VDD: dangling Wire at (152.020, 12.700) (152.020, 12.700) on layer: M2
Net VDD: dangling Wire at (6.220, 10.540) (6.220, 10.540) on layer: M2
Net VDD: dangling Wire at (152.020, 10.540) (152.020, 10.540) on layer: M2
Net VDD: dangling Wire at (6.220, 8.380) (6.220, 8.380) on layer: M2
Net VDD: dangling Wire at (152.020, 8.380) (152.020, 8.380) on layer: M2
Net VDD: dangling Wire at (6.220, 6.220) (6.220, 6.220) on layer: M2
Net VDD: dangling Wire at (152.020, 6.220) (152.020, 6.220) on layer: M2

Begin Summary
    470 Problem(s) (IMPVFC-94): The net has dangling wire(s).
    470 total info(s) created.
End Summary
