###############################################################
#  Generated by:      Cadence Innovus 21.13-s100_1
#  OS:                Linux x86_64(Host ID ic51)
#  Generated on:      Sun Feb 12 23:40:06 2023
#  Design:            Camellia
#  Command:           check_pin_assignment
###############################################################

Start Checking pins of top cell: [Camellia] 
Summary report for top level: [Camellia] 
	Total Pins                         : 393
	Legally Assigned Pins              : 393
End of Summary report
End Checking pins of top cell: [Camellia] 


===========================================================================================================================
                                                checkPinAssignment Summary
===========================================================================================================================
Partition   | pads  | pins   | legal  | illegal | internal | internal illegal | FT     | FT illegal | constant | unplaced |
===========================================================================================================================
Camellia    |     0 |    393 |    393 |       0 |        0 |                0 |      0 |          0 |        0 |        0 |
===========================================================================================================================
TOTAL       |     0 |    393 |    393 |       0 |        0 |                0 |      0 |          0 |        0 |        0 |
===========================================================================================================================
