================================================================================
                            Verification Report
--------------------------------------------------------------------------------
Category                                                                  Count
--------------------------------------------------------------------------------
1. Non-standard modeling options used:                                      0
--------------------------------------------------------------------------------
2. Incomplete verification:                                                 0
--------------------------------------------------------------------------------
3. User modification to design:                                             0
--------------------------------------------------------------------------------
4. Conformal Constraint Designer clock domain crossing checks recommended:  0
--------------------------------------------------------------------------------
5. Design ambiguity:                                                        0
--------------------------------------------------------------------------------
6. Compare Results:                                                        PASS
================================================================================

Mapping and compare statistics
================================================================================
                     Compare Result       Golden            Revised
--------------------------------------------------------------------------------
Root module name                          Camellia          Camellia          

Primary inputs                               262                262
   Mapped                                    262                262

Primary outputs                              131                131
   Mapped                                    131                131
      Equivalent                131

State key points                             397                397
   Mapped                                    397                397
      Equivalent                397
================================================================================

There is no unmapped point

Compared points are: Equivalent (reachable)
  (G) + 263   PO   /Dout[127]
  (R) + 263   PO   /Dout[127]

Compared points are: Equivalent (reachable)
  (G) + 264   PO   /Dout[126]
  (R) + 264   PO   /Dout[126]

Compared points are: Equivalent (reachable)
  (G) + 265   PO   /Dout[125]
  (R) + 265   PO   /Dout[125]

Compared points are: Equivalent (reachable)
  (G) + 266   PO   /Dout[124]
  (R) + 266   PO   /Dout[124]

Compared points are: Equivalent (reachable)
  (G) + 267   PO   /Dout[123]
  (R) + 267   PO   /Dout[123]

Compared points are: Equivalent (reachable)
  (G) + 268   PO   /Dout[122]
  (R) + 268   PO   /Dout[122]

Compared points are: Equivalent (reachable)
  (G) + 269   PO   /Dout[121]
  (R) + 269   PO   /Dout[121]

Compared points are: Equivalent (reachable)
  (G) + 270   PO   /Dout[120]
  (R) + 270   PO   /Dout[120]

Compared points are: Equivalent (reachable)
  (G) + 271   PO   /Dout[119]
  (R) + 271   PO   /Dout[119]

Compared points are: Equivalent (reachable)
  (G) + 272   PO   /Dout[118]
  (R) + 272   PO   /Dout[118]

Compared points are: Equivalent (reachable)
  (G) + 273   PO   /Dout[117]
  (R) + 273   PO   /Dout[117]

Compared points are: Equivalent (reachable)
  (G) + 274   PO   /Dout[116]
  (R) + 274   PO   /Dout[116]

Compared points are: Equivalent (reachable)
  (G) + 275   PO   /Dout[115]
  (R) + 275   PO   /Dout[115]

Compared points are: Equivalent (reachable)
  (G) + 276   PO   /Dout[114]
  (R) + 276   PO   /Dout[114]

Compared points are: Equivalent (reachable)
  (G) + 277   PO   /Dout[113]
  (R) + 277   PO   /Dout[113]

Compared points are: Equivalent (reachable)
  (G) + 278   PO   /Dout[112]
  (R) + 278   PO   /Dout[112]

Compared points are: Equivalent (reachable)
  (G) + 279   PO   /Dout[111]
  (R) + 279   PO   /Dout[111]

Compared points are: Equivalent (reachable)
  (G) + 280   PO   /Dout[110]
  (R) + 280   PO   /Dout[110]

Compared points are: Equivalent (reachable)
  (G) + 281   PO   /Dout[109]
  (R) + 281   PO   /Dout[109]

Compared points are: Equivalent (reachable)
  (G) + 282   PO   /Dout[108]
  (R) + 282   PO   /Dout[108]

Compared points are: Equivalent (reachable)
  (G) + 283   PO   /Dout[107]
  (R) + 283   PO   /Dout[107]

Compared points are: Equivalent (reachable)
  (G) + 284   PO   /Dout[106]
  (R) + 284   PO   /Dout[106]

Compared points are: Equivalent (reachable)
  (G) + 285   PO   /Dout[105]
  (R) + 285   PO   /Dout[105]

Compared points are: Equivalent (reachable)
  (G) + 286   PO   /Dout[104]
  (R) + 286   PO   /Dout[104]

Compared points are: Equivalent (reachable)
  (G) + 287   PO   /Dout[103]
  (R) + 287   PO   /Dout[103]

Compared points are: Equivalent (reachable)
  (G) + 288   PO   /Dout[102]
  (R) + 288   PO   /Dout[102]

Compared points are: Equivalent (reachable)
  (G) + 289   PO   /Dout[101]
  (R) + 289   PO   /Dout[101]

Compared points are: Equivalent (reachable)
  (G) + 290   PO   /Dout[100]
  (R) + 290   PO   /Dout[100]

Compared points are: Equivalent (reachable)
  (G) + 291   PO   /Dout[99]
  (R) + 291   PO   /Dout[99]

Compared points are: Equivalent (reachable)
  (G) + 292   PO   /Dout[98]
  (R) + 292   PO   /Dout[98]

Compared points are: Equivalent (reachable)
  (G) + 293   PO   /Dout[97]
  (R) + 293   PO   /Dout[97]

Compared points are: Equivalent (reachable)
  (G) + 294   PO   /Dout[96]
  (R) + 294   PO   /Dout[96]

Compared points are: Equivalent (reachable)
  (G) + 295   PO   /Dout[95]
  (R) + 295   PO   /Dout[95]

Compared points are: Equivalent (reachable)
  (G) + 296   PO   /Dout[94]
  (R) + 296   PO   /Dout[94]

Compared points are: Equivalent (reachable)
  (G) + 297   PO   /Dout[93]
  (R) + 297   PO   /Dout[93]

Compared points are: Equivalent (reachable)
  (G) + 298   PO   /Dout[92]
  (R) + 298   PO   /Dout[92]

Compared points are: Equivalent (reachable)
  (G) + 299   PO   /Dout[91]
  (R) + 299   PO   /Dout[91]

Compared points are: Equivalent (reachable)
  (G) + 300   PO   /Dout[90]
  (R) + 300   PO   /Dout[90]

Compared points are: Equivalent (reachable)
  (G) + 301   PO   /Dout[89]
  (R) + 301   PO   /Dout[89]

Compared points are: Equivalent (reachable)
  (G) + 302   PO   /Dout[88]
  (R) + 302   PO   /Dout[88]

Compared points are: Equivalent (reachable)
  (G) + 303   PO   /Dout[87]
  (R) + 303   PO   /Dout[87]

Compared points are: Equivalent (reachable)
  (G) + 304   PO   /Dout[86]
  (R) + 304   PO   /Dout[86]

Compared points are: Equivalent (reachable)
  (G) + 305   PO   /Dout[85]
  (R) + 305   PO   /Dout[85]

Compared points are: Equivalent (reachable)
  (G) + 306   PO   /Dout[84]
  (R) + 306   PO   /Dout[84]

Compared points are: Equivalent (reachable)
  (G) + 307   PO   /Dout[83]
  (R) + 307   PO   /Dout[83]

Compared points are: Equivalent (reachable)
  (G) + 308   PO   /Dout[82]
  (R) + 308   PO   /Dout[82]

Compared points are: Equivalent (reachable)
  (G) + 309   PO   /Dout[81]
  (R) + 309   PO   /Dout[81]

Compared points are: Equivalent (reachable)
  (G) + 310   PO   /Dout[80]
  (R) + 310   PO   /Dout[80]

Compared points are: Equivalent (reachable)
  (G) + 311   PO   /Dout[79]
  (R) + 311   PO   /Dout[79]

Compared points are: Equivalent (reachable)
  (G) + 312   PO   /Dout[78]
  (R) + 312   PO   /Dout[78]

Compared points are: Equivalent (reachable)
  (G) + 313   PO   /Dout[77]
  (R) + 313   PO   /Dout[77]

Compared points are: Equivalent (reachable)
  (G) + 314   PO   /Dout[76]
  (R) + 314   PO   /Dout[76]

Compared points are: Equivalent (reachable)
  (G) + 315   PO   /Dout[75]
  (R) + 315   PO   /Dout[75]

Compared points are: Equivalent (reachable)
  (G) + 316   PO   /Dout[74]
  (R) + 316   PO   /Dout[74]

Compared points are: Equivalent (reachable)
  (G) + 317   PO   /Dout[73]
  (R) + 317   PO   /Dout[73]

Compared points are: Equivalent (reachable)
  (G) + 318   PO   /Dout[72]
  (R) + 318   PO   /Dout[72]

Compared points are: Equivalent (reachable)
  (G) + 319   PO   /Dout[71]
  (R) + 319   PO   /Dout[71]

Compared points are: Equivalent (reachable)
  (G) + 320   PO   /Dout[70]
  (R) + 320   PO   /Dout[70]

Compared points are: Equivalent (reachable)
  (G) + 321   PO   /Dout[69]
  (R) + 321   PO   /Dout[69]

Compared points are: Equivalent (reachable)
  (G) + 322   PO   /Dout[68]
  (R) + 322   PO   /Dout[68]

Compared points are: Equivalent (reachable)
  (G) + 323   PO   /Dout[67]
  (R) + 323   PO   /Dout[67]

Compared points are: Equivalent (reachable)
  (G) + 324   PO   /Dout[66]
  (R) + 324   PO   /Dout[66]

Compared points are: Equivalent (reachable)
  (G) + 325   PO   /Dout[65]
  (R) + 325   PO   /Dout[65]

Compared points are: Equivalent (reachable)
  (G) + 326   PO   /Dout[64]
  (R) + 326   PO   /Dout[64]

Compared points are: Equivalent (reachable)
  (G) + 327   PO   /Dout[63]
  (R) + 327   PO   /Dout[63]

Compared points are: Equivalent (reachable)
  (G) + 328   PO   /Dout[62]
  (R) + 328   PO   /Dout[62]

Compared points are: Equivalent (reachable)
  (G) + 329   PO   /Dout[61]
  (R) + 329   PO   /Dout[61]

Compared points are: Equivalent (reachable)
  (G) + 330   PO   /Dout[60]
  (R) + 330   PO   /Dout[60]

Compared points are: Equivalent (reachable)
  (G) + 331   PO   /Dout[59]
  (R) + 331   PO   /Dout[59]

Compared points are: Equivalent (reachable)
  (G) + 332   PO   /Dout[58]
  (R) + 332   PO   /Dout[58]

Compared points are: Equivalent (reachable)
  (G) + 333   PO   /Dout[57]
  (R) + 333   PO   /Dout[57]

Compared points are: Equivalent (reachable)
  (G) + 334   PO   /Dout[56]
  (R) + 334   PO   /Dout[56]

Compared points are: Equivalent (reachable)
  (G) + 335   PO   /Dout[55]
  (R) + 335   PO   /Dout[55]

Compared points are: Equivalent (reachable)
  (G) + 336   PO   /Dout[54]
  (R) + 336   PO   /Dout[54]

Compared points are: Equivalent (reachable)
  (G) + 337   PO   /Dout[53]
  (R) + 337   PO   /Dout[53]

Compared points are: Equivalent (reachable)
  (G) + 338   PO   /Dout[52]
  (R) + 338   PO   /Dout[52]

Compared points are: Equivalent (reachable)
  (G) + 339   PO   /Dout[51]
  (R) + 339   PO   /Dout[51]

Compared points are: Equivalent (reachable)
  (G) + 340   PO   /Dout[50]
  (R) + 340   PO   /Dout[50]

Compared points are: Equivalent (reachable)
  (G) + 341   PO   /Dout[49]
  (R) + 341   PO   /Dout[49]

Compared points are: Equivalent (reachable)
  (G) + 342   PO   /Dout[48]
  (R) + 342   PO   /Dout[48]

Compared points are: Equivalent (reachable)
  (G) + 343   PO   /Dout[47]
  (R) + 343   PO   /Dout[47]

Compared points are: Equivalent (reachable)
  (G) + 344   PO   /Dout[46]
  (R) + 344   PO   /Dout[46]

Compared points are: Equivalent (reachable)
  (G) + 345   PO   /Dout[45]
  (R) + 345   PO   /Dout[45]

Compared points are: Equivalent (reachable)
  (G) + 346   PO   /Dout[44]
  (R) + 346   PO   /Dout[44]

Compared points are: Equivalent (reachable)
  (G) + 347   PO   /Dout[43]
  (R) + 347   PO   /Dout[43]

Compared points are: Equivalent (reachable)
  (G) + 348   PO   /Dout[42]
  (R) + 348   PO   /Dout[42]

Compared points are: Equivalent (reachable)
  (G) + 349   PO   /Dout[41]
  (R) + 349   PO   /Dout[41]

Compared points are: Equivalent (reachable)
  (G) + 350   PO   /Dout[40]
  (R) + 350   PO   /Dout[40]

Compared points are: Equivalent (reachable)
  (G) + 351   PO   /Dout[39]
  (R) + 351   PO   /Dout[39]

Compared points are: Equivalent (reachable)
  (G) + 352   PO   /Dout[38]
  (R) + 352   PO   /Dout[38]

Compared points are: Equivalent (reachable)
  (G) + 353   PO   /Dout[37]
  (R) + 353   PO   /Dout[37]

Compared points are: Equivalent (reachable)
  (G) + 354   PO   /Dout[36]
  (R) + 354   PO   /Dout[36]

Compared points are: Equivalent (reachable)
  (G) + 355   PO   /Dout[35]
  (R) + 355   PO   /Dout[35]

Compared points are: Equivalent (reachable)
  (G) + 356   PO   /Dout[34]
  (R) + 356   PO   /Dout[34]

Compared points are: Equivalent (reachable)
  (G) + 357   PO   /Dout[33]
  (R) + 357   PO   /Dout[33]

Compared points are: Equivalent (reachable)
  (G) + 358   PO   /Dout[32]
  (R) + 358   PO   /Dout[32]

Compared points are: Equivalent (reachable)
  (G) + 359   PO   /Dout[31]
  (R) + 359   PO   /Dout[31]

Compared points are: Equivalent (reachable)
  (G) + 360   PO   /Dout[30]
  (R) + 360   PO   /Dout[30]

Compared points are: Equivalent (reachable)
  (G) + 361   PO   /Dout[29]
  (R) + 361   PO   /Dout[29]

Compared points are: Equivalent (reachable)
  (G) + 362   PO   /Dout[28]
  (R) + 362   PO   /Dout[28]

Compared points are: Equivalent (reachable)
  (G) + 363   PO   /Dout[27]
  (R) + 363   PO   /Dout[27]

Compared points are: Equivalent (reachable)
  (G) + 364   PO   /Dout[26]
  (R) + 364   PO   /Dout[26]

Compared points are: Equivalent (reachable)
  (G) + 365   PO   /Dout[25]
  (R) + 365   PO   /Dout[25]

Compared points are: Equivalent (reachable)
  (G) + 366   PO   /Dout[24]
  (R) + 366   PO   /Dout[24]

Compared points are: Equivalent (reachable)
  (G) + 367   PO   /Dout[23]
  (R) + 367   PO   /Dout[23]

Compared points are: Equivalent (reachable)
  (G) + 368   PO   /Dout[22]
  (R) + 368   PO   /Dout[22]

Compared points are: Equivalent (reachable)
  (G) + 369   PO   /Dout[21]
  (R) + 369   PO   /Dout[21]

Compared points are: Equivalent (reachable)
  (G) + 370   PO   /Dout[20]
  (R) + 370   PO   /Dout[20]

Compared points are: Equivalent (reachable)
  (G) + 371   PO   /Dout[19]
  (R) + 371   PO   /Dout[19]

Compared points are: Equivalent (reachable)
  (G) + 372   PO   /Dout[18]
  (R) + 372   PO   /Dout[18]

Compared points are: Equivalent (reachable)
  (G) + 373   PO   /Dout[17]
  (R) + 373   PO   /Dout[17]

Compared points are: Equivalent (reachable)
  (G) + 374   PO   /Dout[16]
  (R) + 374   PO   /Dout[16]

Compared points are: Equivalent (reachable)
  (G) + 375   PO   /Dout[15]
  (R) + 375   PO   /Dout[15]

Compared points are: Equivalent (reachable)
  (G) + 376   PO   /Dout[14]
  (R) + 376   PO   /Dout[14]

Compared points are: Equivalent (reachable)
  (G) + 377   PO   /Dout[13]
  (R) + 377   PO   /Dout[13]

Compared points are: Equivalent (reachable)
  (G) + 378   PO   /Dout[12]
  (R) + 378   PO   /Dout[12]

Compared points are: Equivalent (reachable)
  (G) + 379   PO   /Dout[11]
  (R) + 379   PO   /Dout[11]

Compared points are: Equivalent (reachable)
  (G) + 380   PO   /Dout[10]
  (R) + 380   PO   /Dout[10]

Compared points are: Equivalent (reachable)
  (G) + 381   PO   /Dout[9]
  (R) + 381   PO   /Dout[9]

Compared points are: Equivalent (reachable)
  (G) + 382   PO   /Dout[8]
  (R) + 382   PO   /Dout[8]

Compared points are: Equivalent (reachable)
  (G) + 383   PO   /Dout[7]
  (R) + 383   PO   /Dout[7]

Compared points are: Equivalent (reachable)
  (G) + 384   PO   /Dout[6]
  (R) + 384   PO   /Dout[6]

Compared points are: Equivalent (reachable)
  (G) + 385   PO   /Dout[5]
  (R) + 385   PO   /Dout[5]

Compared points are: Equivalent (reachable)
  (G) + 386   PO   /Dout[4]
  (R) + 386   PO   /Dout[4]

Compared points are: Equivalent (reachable)
  (G) + 387   PO   /Dout[3]
  (R) + 387   PO   /Dout[3]

Compared points are: Equivalent (reachable)
  (G) + 388   PO   /Dout[2]
  (R) + 388   PO   /Dout[2]

Compared points are: Equivalent (reachable)
  (G) + 389   PO   /Dout[1]
  (R) + 389   PO   /Dout[1]

Compared points are: Equivalent (reachable)
  (G) + 390   PO   /Dout[0]
  (R) + 390   PO   /Dout[0]

Compared points are: Equivalent (reachable)
  (G) + 391   PO   /BSY
  (R) + 391   PO   /BSY

Compared points are: Equivalent (reachable)
  (G) + 392   PO   /Kvld
  (R) + 392   PO   /Kvld

Compared points are: Equivalent (reachable)
  (G) + 393   PO   /Dvld
  (R) + 393   PO   /Dvld

Compared points are: Equivalent (reachable)
  (G) + 394   DFF  /Dvld_reg_reg/U$1
  (R) + 394   DFF  /Dvld_reg_reg/U$1

Compared points are: Equivalent (reachable)
  (G) + 395   DFF  /Kvld_reg_reg/U$1
  (R) + 395   DFF  /Kvld_reg_reg/U$1

Compared points are: Equivalent (reachable)
  (G) + 396   DFF  /sequencer_round_reg[0]/U$1
  (R) + 396   DFF  /sequencer_round_reg[0]/U$1

Compared points are: Equivalent (reachable)
  (G) + 397   DFF  /sequencer_round_reg[1]/U$1
  (R) + 397   DFF  /sequencer_round_reg[1]/U$1

Compared points are: Equivalent (reachable)
  (G) + 398   DFF  /sequencer_round_reg[2]/U$1
  (R) + 398   DFF  /sequencer_round_reg[2]/U$1

Compared points are: Equivalent (reachable)
  (G) + 399   DFF  /sequencer_round_reg[3]/U$1
  (R) + 399   DFF  /sequencer_round_reg[3]/U$1

Compared points are: Equivalent (reachable)
  (G) + 400   DFF  /sequencer_round_reg[4]/U$1
  (R) + 400   DFF  /sequencer_round_reg[4]/U$1

Compared points are: Equivalent (reachable)
  (G) + 401   DFF  /sequencer_state_reg[0]/U$1
  (R) + 401   DFF  /sequencer_state_reg[0]/U$1

Compared points are: Equivalent (reachable)
  (G) + 402   DFF  /sequencer_state_reg[1]/U$1
  (R) + 402   DFF  /sequencer_state_reg[1]/U$1

Compared points are: Equivalent (reachable)
  (G) + 403   DFF  /sequencer_state_reg[2]/U$1
  (R) + 403   DFF  /sequencer_state_reg[2]/U$1

Compared points are: Equivalent (reachable)
  (G) + 404   DFF  /sequencer_state_reg[3]/U$1
  (R) + 404   DFF  /sequencer_state_reg[3]/U$1

Compared points are: Equivalent (reachable)
  (G) + 405   DFF  /randomize_Dout_reg_reg[0]/U$1
  (R) + 405   DFF  /randomize_Dout_reg_reg[0]/U$1

Compared points are: Equivalent (reachable)
  (G) + 406   DFF  /randomize_Dout_reg_reg[1]/U$1
  (R) + 406   DFF  /randomize_Dout_reg_reg[1]/U$1

Compared points are: Equivalent (reachable)
  (G) + 407   DFF  /randomize_Dout_reg_reg[2]/U$1
  (R) + 407   DFF  /randomize_Dout_reg_reg[2]/U$1

Compared points are: Equivalent (reachable)
  (G) + 408   DFF  /randomize_Dout_reg_reg[3]/U$1
  (R) + 408   DFF  /randomize_Dout_reg_reg[3]/U$1

Compared points are: Equivalent (reachable)
  (G) + 409   DFF  /randomize_Dout_reg_reg[4]/U$1
  (R) + 409   DFF  /randomize_Dout_reg_reg[4]/U$1

Compared points are: Equivalent (reachable)
  (G) + 410   DFF  /randomize_Dout_reg_reg[5]/U$1
  (R) + 410   DFF  /randomize_Dout_reg_reg[5]/U$1

Compared points are: Equivalent (reachable)
  (G) + 411   DFF  /randomize_Dout_reg_reg[6]/U$1
  (R) + 411   DFF  /randomize_Dout_reg_reg[6]/U$1

Compared points are: Equivalent (reachable)
  (G) + 412   DFF  /randomize_Dout_reg_reg[7]/U$1
  (R) + 412   DFF  /randomize_Dout_reg_reg[7]/U$1

Compared points are: Equivalent (reachable)
  (G) + 413   DFF  /randomize_Dout_reg_reg[8]/U$1
  (R) + 413   DFF  /randomize_Dout_reg_reg[8]/U$1

Compared points are: Equivalent (reachable)
  (G) + 414   DFF  /randomize_Dout_reg_reg[9]/U$1
  (R) + 414   DFF  /randomize_Dout_reg_reg[9]/U$1

Compared points are: Equivalent (reachable)
  (G) + 415   DFF  /randomize_Dout_reg_reg[10]/U$1
  (R) + 415   DFF  /randomize_Dout_reg_reg[10]/U$1

Compared points are: Equivalent (reachable)
  (G) + 416   DFF  /randomize_Dout_reg_reg[11]/U$1
  (R) + 416   DFF  /randomize_Dout_reg_reg[11]/U$1

Compared points are: Equivalent (reachable)
  (G) + 417   DFF  /randomize_Dout_reg_reg[12]/U$1
  (R) + 417   DFF  /randomize_Dout_reg_reg[12]/U$1

Compared points are: Equivalent (reachable)
  (G) + 418   DFF  /randomize_Dout_reg_reg[13]/U$1
  (R) + 418   DFF  /randomize_Dout_reg_reg[13]/U$1

Compared points are: Equivalent (reachable)
  (G) + 419   DFF  /randomize_Dout_reg_reg[14]/U$1
  (R) + 419   DFF  /randomize_Dout_reg_reg[14]/U$1

Compared points are: Equivalent (reachable)
  (G) + 420   DFF  /randomize_Dout_reg_reg[15]/U$1
  (R) + 420   DFF  /randomize_Dout_reg_reg[15]/U$1

Compared points are: Equivalent (reachable)
  (G) + 421   DFF  /randomize_Dout_reg_reg[16]/U$1
  (R) + 421   DFF  /randomize_Dout_reg_reg[16]/U$1

Compared points are: Equivalent (reachable)
  (G) + 422   DFF  /randomize_Dout_reg_reg[17]/U$1
  (R) + 422   DFF  /randomize_Dout_reg_reg[17]/U$1

Compared points are: Equivalent (reachable)
  (G) + 423   DFF  /randomize_Dout_reg_reg[18]/U$1
  (R) + 423   DFF  /randomize_Dout_reg_reg[18]/U$1

Compared points are: Equivalent (reachable)
  (G) + 424   DFF  /randomize_Dout_reg_reg[19]/U$1
  (R) + 424   DFF  /randomize_Dout_reg_reg[19]/U$1

Compared points are: Equivalent (reachable)
  (G) + 425   DFF  /randomize_Dout_reg_reg[20]/U$1
  (R) + 425   DFF  /randomize_Dout_reg_reg[20]/U$1

Compared points are: Equivalent (reachable)
  (G) + 426   DFF  /randomize_Dout_reg_reg[21]/U$1
  (R) + 426   DFF  /randomize_Dout_reg_reg[21]/U$1

Compared points are: Equivalent (reachable)
  (G) + 427   DFF  /randomize_Dout_reg_reg[22]/U$1
  (R) + 427   DFF  /randomize_Dout_reg_reg[22]/U$1

Compared points are: Equivalent (reachable)
  (G) + 428   DFF  /randomize_Dout_reg_reg[23]/U$1
  (R) + 428   DFF  /randomize_Dout_reg_reg[23]/U$1

Compared points are: Equivalent (reachable)
  (G) + 429   DFF  /randomize_Dout_reg_reg[24]/U$1
  (R) + 429   DFF  /randomize_Dout_reg_reg[24]/U$1

Compared points are: Equivalent (reachable)
  (G) + 430   DFF  /randomize_Dout_reg_reg[25]/U$1
  (R) + 430   DFF  /randomize_Dout_reg_reg[25]/U$1

Compared points are: Equivalent (reachable)
  (G) + 431   DFF  /randomize_Dout_reg_reg[26]/U$1
  (R) + 431   DFF  /randomize_Dout_reg_reg[26]/U$1

Compared points are: Equivalent (reachable)
  (G) + 432   DFF  /randomize_Dout_reg_reg[27]/U$1
  (R) + 432   DFF  /randomize_Dout_reg_reg[27]/U$1

Compared points are: Equivalent (reachable)
  (G) + 433   DFF  /randomize_Dout_reg_reg[28]/U$1
  (R) + 433   DFF  /randomize_Dout_reg_reg[28]/U$1

Compared points are: Equivalent (reachable)
  (G) + 434   DFF  /randomize_Dout_reg_reg[29]/U$1
  (R) + 434   DFF  /randomize_Dout_reg_reg[29]/U$1

Compared points are: Equivalent (reachable)
  (G) + 435   DFF  /randomize_Dout_reg_reg[30]/U$1
  (R) + 435   DFF  /randomize_Dout_reg_reg[30]/U$1

Compared points are: Equivalent (reachable)
  (G) + 436   DFF  /randomize_Dout_reg_reg[31]/U$1
  (R) + 436   DFF  /randomize_Dout_reg_reg[31]/U$1

Compared points are: Equivalent (reachable)
  (G) + 437   DFF  /randomize_Dout_reg_reg[32]/U$1
  (R) + 437   DFF  /randomize_Dout_reg_reg[32]/U$1

Compared points are: Equivalent (reachable)
  (G) + 438   DFF  /randomize_Dout_reg_reg[33]/U$1
  (R) + 438   DFF  /randomize_Dout_reg_reg[33]/U$1

Compared points are: Equivalent (reachable)
  (G) + 439   DFF  /randomize_Dout_reg_reg[34]/U$1
  (R) + 439   DFF  /randomize_Dout_reg_reg[34]/U$1

Compared points are: Equivalent (reachable)
  (G) + 440   DFF  /randomize_Dout_reg_reg[35]/U$1
  (R) + 440   DFF  /randomize_Dout_reg_reg[35]/U$1

Compared points are: Equivalent (reachable)
  (G) + 441   DFF  /randomize_Dout_reg_reg[36]/U$1
  (R) + 441   DFF  /randomize_Dout_reg_reg[36]/U$1

Compared points are: Equivalent (reachable)
  (G) + 442   DFF  /randomize_Dout_reg_reg[37]/U$1
  (R) + 442   DFF  /randomize_Dout_reg_reg[37]/U$1

Compared points are: Equivalent (reachable)
  (G) + 443   DFF  /randomize_Dout_reg_reg[38]/U$1
  (R) + 443   DFF  /randomize_Dout_reg_reg[38]/U$1

Compared points are: Equivalent (reachable)
  (G) + 444   DFF  /randomize_Dout_reg_reg[39]/U$1
  (R) + 444   DFF  /randomize_Dout_reg_reg[39]/U$1

Compared points are: Equivalent (reachable)
  (G) + 445   DFF  /randomize_Dout_reg_reg[40]/U$1
  (R) + 445   DFF  /randomize_Dout_reg_reg[40]/U$1

Compared points are: Equivalent (reachable)
  (G) + 446   DFF  /randomize_Dout_reg_reg[41]/U$1
  (R) + 446   DFF  /randomize_Dout_reg_reg[41]/U$1

Compared points are: Equivalent (reachable)
  (G) + 447   DFF  /randomize_Dout_reg_reg[42]/U$1
  (R) + 447   DFF  /randomize_Dout_reg_reg[42]/U$1

Compared points are: Equivalent (reachable)
  (G) + 448   DFF  /randomize_Dout_reg_reg[43]/U$1
  (R) + 448   DFF  /randomize_Dout_reg_reg[43]/U$1

Compared points are: Equivalent (reachable)
  (G) + 449   DFF  /randomize_Dout_reg_reg[44]/U$1
  (R) + 449   DFF  /randomize_Dout_reg_reg[44]/U$1

Compared points are: Equivalent (reachable)
  (G) + 450   DFF  /randomize_Dout_reg_reg[45]/U$1
  (R) + 450   DFF  /randomize_Dout_reg_reg[45]/U$1

Compared points are: Equivalent (reachable)
  (G) + 451   DFF  /randomize_Dout_reg_reg[46]/U$1
  (R) + 451   DFF  /randomize_Dout_reg_reg[46]/U$1

Compared points are: Equivalent (reachable)
  (G) + 452   DFF  /randomize_Dout_reg_reg[47]/U$1
  (R) + 452   DFF  /randomize_Dout_reg_reg[47]/U$1

Compared points are: Equivalent (reachable)
  (G) + 453   DFF  /randomize_Dout_reg_reg[48]/U$1
  (R) + 453   DFF  /randomize_Dout_reg_reg[48]/U$1

Compared points are: Equivalent (reachable)
  (G) + 454   DFF  /randomize_Dout_reg_reg[49]/U$1
  (R) + 454   DFF  /randomize_Dout_reg_reg[49]/U$1

Compared points are: Equivalent (reachable)
  (G) + 455   DFF  /randomize_Dout_reg_reg[50]/U$1
  (R) + 455   DFF  /randomize_Dout_reg_reg[50]/U$1

Compared points are: Equivalent (reachable)
  (G) + 456   DFF  /randomize_Dout_reg_reg[51]/U$1
  (R) + 456   DFF  /randomize_Dout_reg_reg[51]/U$1

Compared points are: Equivalent (reachable)
  (G) + 457   DFF  /randomize_Dout_reg_reg[52]/U$1
  (R) + 457   DFF  /randomize_Dout_reg_reg[52]/U$1

Compared points are: Equivalent (reachable)
  (G) + 458   DFF  /randomize_Dout_reg_reg[53]/U$1
  (R) + 458   DFF  /randomize_Dout_reg_reg[53]/U$1

Compared points are: Equivalent (reachable)
  (G) + 459   DFF  /randomize_Dout_reg_reg[54]/U$1
  (R) + 459   DFF  /randomize_Dout_reg_reg[54]/U$1

Compared points are: Equivalent (reachable)
  (G) + 460   DFF  /randomize_Dout_reg_reg[55]/U$1
  (R) + 460   DFF  /randomize_Dout_reg_reg[55]/U$1

Compared points are: Equivalent (reachable)
  (G) + 461   DFF  /randomize_Dout_reg_reg[56]/U$1
  (R) + 461   DFF  /randomize_Dout_reg_reg[56]/U$1

Compared points are: Equivalent (reachable)
  (G) + 462   DFF  /randomize_Dout_reg_reg[57]/U$1
  (R) + 462   DFF  /randomize_Dout_reg_reg[57]/U$1

Compared points are: Equivalent (reachable)
  (G) + 463   DFF  /randomize_Dout_reg_reg[58]/U$1
  (R) + 463   DFF  /randomize_Dout_reg_reg[58]/U$1

Compared points are: Equivalent (reachable)
  (G) + 464   DFF  /randomize_Dout_reg_reg[59]/U$1
  (R) + 464   DFF  /randomize_Dout_reg_reg[59]/U$1

Compared points are: Equivalent (reachable)
  (G) + 465   DFF  /randomize_Dout_reg_reg[60]/U$1
  (R) + 465   DFF  /randomize_Dout_reg_reg[60]/U$1

Compared points are: Equivalent (reachable)
  (G) + 466   DFF  /randomize_Dout_reg_reg[61]/U$1
  (R) + 466   DFF  /randomize_Dout_reg_reg[61]/U$1

Compared points are: Equivalent (reachable)
  (G) + 467   DFF  /randomize_Dout_reg_reg[62]/U$1
  (R) + 467   DFF  /randomize_Dout_reg_reg[62]/U$1

Compared points are: Equivalent (reachable)
  (G) + 468   DFF  /randomize_Dout_reg_reg[63]/U$1
  (R) + 468   DFF  /randomize_Dout_reg_reg[63]/U$1

Compared points are: Equivalent (reachable)
  (G) + 469   DFF  /randomize_Dout_reg_reg[64]/U$1
  (R) + 469   DFF  /randomize_Dout_reg_reg[64]/U$1

Compared points are: Equivalent (reachable)
  (G) + 470   DFF  /randomize_Dout_reg_reg[65]/U$1
  (R) + 470   DFF  /randomize_Dout_reg_reg[65]/U$1

Compared points are: Equivalent (reachable)
  (G) + 471   DFF  /randomize_Dout_reg_reg[66]/U$1
  (R) + 471   DFF  /randomize_Dout_reg_reg[66]/U$1

Compared points are: Equivalent (reachable)
  (G) + 472   DFF  /randomize_Dout_reg_reg[67]/U$1
  (R) + 472   DFF  /randomize_Dout_reg_reg[67]/U$1

Compared points are: Equivalent (reachable)
  (G) + 473   DFF  /randomize_Dout_reg_reg[68]/U$1
  (R) + 473   DFF  /randomize_Dout_reg_reg[68]/U$1

Compared points are: Equivalent (reachable)
  (G) + 474   DFF  /randomize_Dout_reg_reg[69]/U$1
  (R) + 474   DFF  /randomize_Dout_reg_reg[69]/U$1

Compared points are: Equivalent (reachable)
  (G) + 475   DFF  /randomize_Dout_reg_reg[70]/U$1
  (R) + 475   DFF  /randomize_Dout_reg_reg[70]/U$1

Compared points are: Equivalent (reachable)
  (G) + 476   DFF  /randomize_Dout_reg_reg[71]/U$1
  (R) + 476   DFF  /randomize_Dout_reg_reg[71]/U$1

Compared points are: Equivalent (reachable)
  (G) + 477   DFF  /randomize_Dout_reg_reg[72]/U$1
  (R) + 477   DFF  /randomize_Dout_reg_reg[72]/U$1

Compared points are: Equivalent (reachable)
  (G) + 478   DFF  /randomize_Dout_reg_reg[73]/U$1
  (R) + 478   DFF  /randomize_Dout_reg_reg[73]/U$1

Compared points are: Equivalent (reachable)
  (G) + 479   DFF  /randomize_Dout_reg_reg[74]/U$1
  (R) + 479   DFF  /randomize_Dout_reg_reg[74]/U$1

Compared points are: Equivalent (reachable)
  (G) + 480   DFF  /randomize_Dout_reg_reg[75]/U$1
  (R) + 480   DFF  /randomize_Dout_reg_reg[75]/U$1

Compared points are: Equivalent (reachable)
  (G) + 481   DFF  /randomize_Dout_reg_reg[76]/U$1
  (R) + 481   DFF  /randomize_Dout_reg_reg[76]/U$1

Compared points are: Equivalent (reachable)
  (G) + 482   DFF  /randomize_Dout_reg_reg[77]/U$1
  (R) + 482   DFF  /randomize_Dout_reg_reg[77]/U$1

Compared points are: Equivalent (reachable)
  (G) + 483   DFF  /randomize_Dout_reg_reg[78]/U$1
  (R) + 483   DFF  /randomize_Dout_reg_reg[78]/U$1

Compared points are: Equivalent (reachable)
  (G) + 484   DFF  /randomize_Dout_reg_reg[79]/U$1
  (R) + 484   DFF  /randomize_Dout_reg_reg[79]/U$1

Compared points are: Equivalent (reachable)
  (G) + 485   DFF  /randomize_Dout_reg_reg[80]/U$1
  (R) + 485   DFF  /randomize_Dout_reg_reg[80]/U$1

Compared points are: Equivalent (reachable)
  (G) + 486   DFF  /randomize_Dout_reg_reg[81]/U$1
  (R) + 486   DFF  /randomize_Dout_reg_reg[81]/U$1

Compared points are: Equivalent (reachable)
  (G) + 487   DFF  /randomize_Dout_reg_reg[82]/U$1
  (R) + 487   DFF  /randomize_Dout_reg_reg[82]/U$1

Compared points are: Equivalent (reachable)
  (G) + 488   DFF  /randomize_Dout_reg_reg[83]/U$1
  (R) + 488   DFF  /randomize_Dout_reg_reg[83]/U$1

Compared points are: Equivalent (reachable)
  (G) + 489   DFF  /randomize_Dout_reg_reg[84]/U$1
  (R) + 489   DFF  /randomize_Dout_reg_reg[84]/U$1

Compared points are: Equivalent (reachable)
  (G) + 490   DFF  /randomize_Dout_reg_reg[85]/U$1
  (R) + 490   DFF  /randomize_Dout_reg_reg[85]/U$1

Compared points are: Equivalent (reachable)
  (G) + 491   DFF  /randomize_Dout_reg_reg[86]/U$1
  (R) + 491   DFF  /randomize_Dout_reg_reg[86]/U$1

Compared points are: Equivalent (reachable)
  (G) + 492   DFF  /randomize_Dout_reg_reg[87]/U$1
  (R) + 492   DFF  /randomize_Dout_reg_reg[87]/U$1

Compared points are: Equivalent (reachable)
  (G) + 493   DFF  /randomize_Dout_reg_reg[88]/U$1
  (R) + 493   DFF  /randomize_Dout_reg_reg[88]/U$1

Compared points are: Equivalent (reachable)
  (G) + 494   DFF  /randomize_Dout_reg_reg[89]/U$1
  (R) + 494   DFF  /randomize_Dout_reg_reg[89]/U$1

Compared points are: Equivalent (reachable)
  (G) + 495   DFF  /randomize_Dout_reg_reg[90]/U$1
  (R) + 495   DFF  /randomize_Dout_reg_reg[90]/U$1

Compared points are: Equivalent (reachable)
  (G) + 496   DFF  /randomize_Dout_reg_reg[91]/U$1
  (R) + 496   DFF  /randomize_Dout_reg_reg[91]/U$1

Compared points are: Equivalent (reachable)
  (G) + 497   DFF  /randomize_Dout_reg_reg[92]/U$1
  (R) + 497   DFF  /randomize_Dout_reg_reg[92]/U$1

Compared points are: Equivalent (reachable)
  (G) + 498   DFF  /randomize_Dout_reg_reg[93]/U$1
  (R) + 498   DFF  /randomize_Dout_reg_reg[93]/U$1

Compared points are: Equivalent (reachable)
  (G) + 499   DFF  /randomize_Dout_reg_reg[94]/U$1
  (R) + 499   DFF  /randomize_Dout_reg_reg[94]/U$1

Compared points are: Equivalent (reachable)
  (G) + 500   DFF  /randomize_Dout_reg_reg[95]/U$1
  (R) + 500   DFF  /randomize_Dout_reg_reg[95]/U$1

Compared points are: Equivalent (reachable)
  (G) + 501   DFF  /randomize_Dout_reg_reg[96]/U$1
  (R) + 501   DFF  /randomize_Dout_reg_reg[96]/U$1

Compared points are: Equivalent (reachable)
  (G) + 502   DFF  /randomize_Dout_reg_reg[97]/U$1
  (R) + 502   DFF  /randomize_Dout_reg_reg[97]/U$1

Compared points are: Equivalent (reachable)
  (G) + 503   DFF  /randomize_Dout_reg_reg[98]/U$1
  (R) + 503   DFF  /randomize_Dout_reg_reg[98]/U$1

Compared points are: Equivalent (reachable)
  (G) + 504   DFF  /randomize_Dout_reg_reg[99]/U$1
  (R) + 504   DFF  /randomize_Dout_reg_reg[99]/U$1

Compared points are: Equivalent (reachable)
  (G) + 505   DFF  /randomize_Dout_reg_reg[100]/U$1
  (R) + 505   DFF  /randomize_Dout_reg_reg[100]/U$1

Compared points are: Equivalent (reachable)
  (G) + 506   DFF  /randomize_Dout_reg_reg[101]/U$1
  (R) + 506   DFF  /randomize_Dout_reg_reg[101]/U$1

Compared points are: Equivalent (reachable)
  (G) + 507   DFF  /randomize_Dout_reg_reg[102]/U$1
  (R) + 507   DFF  /randomize_Dout_reg_reg[102]/U$1

Compared points are: Equivalent (reachable)
  (G) + 508   DFF  /randomize_Dout_reg_reg[103]/U$1
  (R) + 508   DFF  /randomize_Dout_reg_reg[103]/U$1

Compared points are: Equivalent (reachable)
  (G) + 509   DFF  /randomize_Dout_reg_reg[104]/U$1
  (R) + 509   DFF  /randomize_Dout_reg_reg[104]/U$1

Compared points are: Equivalent (reachable)
  (G) + 510   DFF  /randomize_Dout_reg_reg[105]/U$1
  (R) + 510   DFF  /randomize_Dout_reg_reg[105]/U$1

Compared points are: Equivalent (reachable)
  (G) + 511   DFF  /randomize_Dout_reg_reg[106]/U$1
  (R) + 511   DFF  /randomize_Dout_reg_reg[106]/U$1

Compared points are: Equivalent (reachable)
  (G) + 512   DFF  /randomize_Dout_reg_reg[107]/U$1
  (R) + 512   DFF  /randomize_Dout_reg_reg[107]/U$1

Compared points are: Equivalent (reachable)
  (G) + 513   DFF  /randomize_Dout_reg_reg[108]/U$1
  (R) + 513   DFF  /randomize_Dout_reg_reg[108]/U$1

Compared points are: Equivalent (reachable)
  (G) + 514   DFF  /randomize_Dout_reg_reg[109]/U$1
  (R) + 514   DFF  /randomize_Dout_reg_reg[109]/U$1

Compared points are: Equivalent (reachable)
  (G) + 515   DFF  /randomize_Dout_reg_reg[110]/U$1
  (R) + 515   DFF  /randomize_Dout_reg_reg[110]/U$1

Compared points are: Equivalent (reachable)
  (G) + 516   DFF  /randomize_Dout_reg_reg[111]/U$1
  (R) + 516   DFF  /randomize_Dout_reg_reg[111]/U$1

Compared points are: Equivalent (reachable)
  (G) + 517   DFF  /randomize_Dout_reg_reg[112]/U$1
  (R) + 517   DFF  /randomize_Dout_reg_reg[112]/U$1

Compared points are: Equivalent (reachable)
  (G) + 518   DFF  /randomize_Dout_reg_reg[113]/U$1
  (R) + 518   DFF  /randomize_Dout_reg_reg[113]/U$1

Compared points are: Equivalent (reachable)
  (G) + 519   DFF  /randomize_Dout_reg_reg[114]/U$1
  (R) + 519   DFF  /randomize_Dout_reg_reg[114]/U$1

Compared points are: Equivalent (reachable)
  (G) + 520   DFF  /randomize_Dout_reg_reg[115]/U$1
  (R) + 520   DFF  /randomize_Dout_reg_reg[115]/U$1

Compared points are: Equivalent (reachable)
  (G) + 521   DFF  /randomize_Dout_reg_reg[116]/U$1
  (R) + 521   DFF  /randomize_Dout_reg_reg[116]/U$1

Compared points are: Equivalent (reachable)
  (G) + 522   DFF  /randomize_Dout_reg_reg[117]/U$1
  (R) + 522   DFF  /randomize_Dout_reg_reg[117]/U$1

Compared points are: Equivalent (reachable)
  (G) + 523   DFF  /randomize_Dout_reg_reg[118]/U$1
  (R) + 523   DFF  /randomize_Dout_reg_reg[118]/U$1

Compared points are: Equivalent (reachable)
  (G) + 524   DFF  /randomize_Dout_reg_reg[119]/U$1
  (R) + 524   DFF  /randomize_Dout_reg_reg[119]/U$1

Compared points are: Equivalent (reachable)
  (G) + 525   DFF  /randomize_Dout_reg_reg[120]/U$1
  (R) + 525   DFF  /randomize_Dout_reg_reg[120]/U$1

Compared points are: Equivalent (reachable)
  (G) + 526   DFF  /randomize_Dout_reg_reg[121]/U$1
  (R) + 526   DFF  /randomize_Dout_reg_reg[121]/U$1

Compared points are: Equivalent (reachable)
  (G) + 527   DFF  /randomize_Dout_reg_reg[122]/U$1
  (R) + 527   DFF  /randomize_Dout_reg_reg[122]/U$1

Compared points are: Equivalent (reachable)
  (G) + 528   DFF  /randomize_Dout_reg_reg[123]/U$1
  (R) + 528   DFF  /randomize_Dout_reg_reg[123]/U$1

Compared points are: Equivalent (reachable)
  (G) + 529   DFF  /randomize_Dout_reg_reg[124]/U$1
  (R) + 529   DFF  /randomize_Dout_reg_reg[124]/U$1

Compared points are: Equivalent (reachable)
  (G) + 530   DFF  /randomize_Dout_reg_reg[125]/U$1
  (R) + 530   DFF  /randomize_Dout_reg_reg[125]/U$1

Compared points are: Equivalent (reachable)
  (G) + 531   DFF  /randomize_Dout_reg_reg[126]/U$1
  (R) + 531   DFF  /randomize_Dout_reg_reg[126]/U$1

Compared points are: Equivalent (reachable)
  (G) + 532   DFF  /randomize_Dout_reg_reg[127]/U$1
  (R) + 532   DFF  /randomize_Dout_reg_reg[127]/U$1

Compared points are: Equivalent (reachable)
  (G) + 533   DFF  /randomize_EncDec_reg_reg/U$1
  (R) + 533   DFF  /randomize_EncDec_reg_reg/U$1

Compared points are: Equivalent (reachable)
  (G) + 534   DFF  /key_scheduler_EncDec_reg_reg/U$1
  (R) + 534   DFF  /key_scheduler_EncDec_reg_reg/U$1

Compared points are: Equivalent (reachable)
  (G) + 535   DFF  /key_scheduler_ka_reg[0]/U$1
  (R) + 535   DFF  /key_scheduler_ka_reg[0]/U$1

Compared points are: Equivalent (reachable)
  (G) + 536   DFF  /key_scheduler_ka_reg[1]/U$1
  (R) + 536   DFF  /key_scheduler_ka_reg[1]/U$1

Compared points are: Equivalent (reachable)
  (G) + 537   DFF  /key_scheduler_ka_reg[2]/U$1
  (R) + 537   DFF  /key_scheduler_ka_reg[2]/U$1

Compared points are: Equivalent (reachable)
  (G) + 538   DFF  /key_scheduler_ka_reg[3]/U$1
  (R) + 538   DFF  /key_scheduler_ka_reg[3]/U$1

Compared points are: Equivalent (reachable)
  (G) + 539   DFF  /key_scheduler_ka_reg[4]/U$1
  (R) + 539   DFF  /key_scheduler_ka_reg[4]/U$1

Compared points are: Equivalent (reachable)
  (G) + 540   DFF  /key_scheduler_ka_reg[5]/U$1
  (R) + 540   DFF  /key_scheduler_ka_reg[5]/U$1

Compared points are: Equivalent (reachable)
  (G) + 541   DFF  /key_scheduler_ka_reg[6]/U$1
  (R) + 541   DFF  /key_scheduler_ka_reg[6]/U$1

Compared points are: Equivalent (reachable)
  (G) + 542   DFF  /key_scheduler_ka_reg[7]/U$1
  (R) + 542   DFF  /key_scheduler_ka_reg[7]/U$1

Compared points are: Equivalent (reachable)
  (G) + 543   DFF  /key_scheduler_ka_reg[8]/U$1
  (R) + 543   DFF  /key_scheduler_ka_reg[8]/U$1

Compared points are: Equivalent (reachable)
  (G) + 544   DFF  /key_scheduler_ka_reg[9]/U$1
  (R) + 544   DFF  /key_scheduler_ka_reg[9]/U$1

Compared points are: Equivalent (reachable)
  (G) + 545   DFF  /key_scheduler_ka_reg[10]/U$1
  (R) + 545   DFF  /key_scheduler_ka_reg[10]/U$1

Compared points are: Equivalent (reachable)
  (G) + 546   DFF  /key_scheduler_ka_reg[11]/U$1
  (R) + 546   DFF  /key_scheduler_ka_reg[11]/U$1

Compared points are: Equivalent (reachable)
  (G) + 547   DFF  /key_scheduler_ka_reg[12]/U$1
  (R) + 547   DFF  /key_scheduler_ka_reg[12]/U$1

Compared points are: Equivalent (reachable)
  (G) + 548   DFF  /key_scheduler_ka_reg[13]/U$1
  (R) + 548   DFF  /key_scheduler_ka_reg[13]/U$1

Compared points are: Equivalent (reachable)
  (G) + 549   DFF  /key_scheduler_ka_reg[14]/U$1
  (R) + 549   DFF  /key_scheduler_ka_reg[14]/U$1

Compared points are: Equivalent (reachable)
  (G) + 550   DFF  /key_scheduler_ka_reg[15]/U$1
  (R) + 550   DFF  /key_scheduler_ka_reg[15]/U$1

Compared points are: Equivalent (reachable)
  (G) + 551   DFF  /key_scheduler_ka_reg[16]/U$1
  (R) + 551   DFF  /key_scheduler_ka_reg[16]/U$1

Compared points are: Equivalent (reachable)
  (G) + 552   DFF  /key_scheduler_ka_reg[17]/U$1
  (R) + 552   DFF  /key_scheduler_ka_reg[17]/U$1

Compared points are: Equivalent (reachable)
  (G) + 553   DFF  /key_scheduler_ka_reg[18]/U$1
  (R) + 553   DFF  /key_scheduler_ka_reg[18]/U$1

Compared points are: Equivalent (reachable)
  (G) + 554   DFF  /key_scheduler_ka_reg[19]/U$1
  (R) + 554   DFF  /key_scheduler_ka_reg[19]/U$1

Compared points are: Equivalent (reachable)
  (G) + 555   DFF  /key_scheduler_ka_reg[20]/U$1
  (R) + 555   DFF  /key_scheduler_ka_reg[20]/U$1

Compared points are: Equivalent (reachable)
  (G) + 556   DFF  /key_scheduler_ka_reg[21]/U$1
  (R) + 556   DFF  /key_scheduler_ka_reg[21]/U$1

Compared points are: Equivalent (reachable)
  (G) + 557   DFF  /key_scheduler_ka_reg[22]/U$1
  (R) + 557   DFF  /key_scheduler_ka_reg[22]/U$1

Compared points are: Equivalent (reachable)
  (G) + 558   DFF  /key_scheduler_ka_reg[23]/U$1
  (R) + 558   DFF  /key_scheduler_ka_reg[23]/U$1

Compared points are: Equivalent (reachable)
  (G) + 559   DFF  /key_scheduler_ka_reg[24]/U$1
  (R) + 559   DFF  /key_scheduler_ka_reg[24]/U$1

Compared points are: Equivalent (reachable)
  (G) + 560   DFF  /key_scheduler_ka_reg[25]/U$1
  (R) + 560   DFF  /key_scheduler_ka_reg[25]/U$1

Compared points are: Equivalent (reachable)
  (G) + 561   DFF  /key_scheduler_ka_reg[26]/U$1
  (R) + 561   DFF  /key_scheduler_ka_reg[26]/U$1

Compared points are: Equivalent (reachable)
  (G) + 562   DFF  /key_scheduler_ka_reg[27]/U$1
  (R) + 562   DFF  /key_scheduler_ka_reg[27]/U$1

Compared points are: Equivalent (reachable)
  (G) + 563   DFF  /key_scheduler_ka_reg[28]/U$1
  (R) + 563   DFF  /key_scheduler_ka_reg[28]/U$1

Compared points are: Equivalent (reachable)
  (G) + 564   DFF  /key_scheduler_ka_reg[29]/U$1
  (R) + 564   DFF  /key_scheduler_ka_reg[29]/U$1

Compared points are: Equivalent (reachable)
  (G) + 565   DFF  /key_scheduler_ka_reg[30]/U$1
  (R) + 565   DFF  /key_scheduler_ka_reg[30]/U$1

Compared points are: Equivalent (reachable)
  (G) + 566   DFF  /key_scheduler_ka_reg[31]/U$1
  (R) + 566   DFF  /key_scheduler_ka_reg[31]/U$1

Compared points are: Equivalent (reachable)
  (G) + 567   DFF  /key_scheduler_ka_reg[32]/U$1
  (R) + 567   DFF  /key_scheduler_ka_reg[32]/U$1

Compared points are: Equivalent (reachable)
  (G) + 568   DFF  /key_scheduler_ka_reg[33]/U$1
  (R) + 568   DFF  /key_scheduler_ka_reg[33]/U$1

Compared points are: Equivalent (reachable)
  (G) + 569   DFF  /key_scheduler_ka_reg[34]/U$1
  (R) + 569   DFF  /key_scheduler_ka_reg[34]/U$1

Compared points are: Equivalent (reachable)
  (G) + 570   DFF  /key_scheduler_ka_reg[35]/U$1
  (R) + 570   DFF  /key_scheduler_ka_reg[35]/U$1

Compared points are: Equivalent (reachable)
  (G) + 571   DFF  /key_scheduler_ka_reg[36]/U$1
  (R) + 571   DFF  /key_scheduler_ka_reg[36]/U$1

Compared points are: Equivalent (reachable)
  (G) + 572   DFF  /key_scheduler_ka_reg[37]/U$1
  (R) + 572   DFF  /key_scheduler_ka_reg[37]/U$1

Compared points are: Equivalent (reachable)
  (G) + 573   DFF  /key_scheduler_ka_reg[38]/U$1
  (R) + 573   DFF  /key_scheduler_ka_reg[38]/U$1

Compared points are: Equivalent (reachable)
  (G) + 574   DFF  /key_scheduler_ka_reg[39]/U$1
  (R) + 574   DFF  /key_scheduler_ka_reg[39]/U$1

Compared points are: Equivalent (reachable)
  (G) + 575   DFF  /key_scheduler_ka_reg[40]/U$1
  (R) + 575   DFF  /key_scheduler_ka_reg[40]/U$1

Compared points are: Equivalent (reachable)
  (G) + 576   DFF  /key_scheduler_ka_reg[41]/U$1
  (R) + 576   DFF  /key_scheduler_ka_reg[41]/U$1

Compared points are: Equivalent (reachable)
  (G) + 577   DFF  /key_scheduler_ka_reg[42]/U$1
  (R) + 577   DFF  /key_scheduler_ka_reg[42]/U$1

Compared points are: Equivalent (reachable)
  (G) + 578   DFF  /key_scheduler_ka_reg[43]/U$1
  (R) + 578   DFF  /key_scheduler_ka_reg[43]/U$1

Compared points are: Equivalent (reachable)
  (G) + 579   DFF  /key_scheduler_ka_reg[44]/U$1
  (R) + 579   DFF  /key_scheduler_ka_reg[44]/U$1

Compared points are: Equivalent (reachable)
  (G) + 580   DFF  /key_scheduler_ka_reg[45]/U$1
  (R) + 580   DFF  /key_scheduler_ka_reg[45]/U$1

Compared points are: Equivalent (reachable)
  (G) + 581   DFF  /key_scheduler_ka_reg[46]/U$1
  (R) + 581   DFF  /key_scheduler_ka_reg[46]/U$1

Compared points are: Equivalent (reachable)
  (G) + 582   DFF  /key_scheduler_ka_reg[47]/U$1
  (R) + 582   DFF  /key_scheduler_ka_reg[47]/U$1

Compared points are: Equivalent (reachable)
  (G) + 583   DFF  /key_scheduler_ka_reg[48]/U$1
  (R) + 583   DFF  /key_scheduler_ka_reg[48]/U$1

Compared points are: Equivalent (reachable)
  (G) + 584   DFF  /key_scheduler_ka_reg[49]/U$1
  (R) + 584   DFF  /key_scheduler_ka_reg[49]/U$1

Compared points are: Equivalent (reachable)
  (G) + 585   DFF  /key_scheduler_ka_reg[50]/U$1
  (R) + 585   DFF  /key_scheduler_ka_reg[50]/U$1

Compared points are: Equivalent (reachable)
  (G) + 586   DFF  /key_scheduler_ka_reg[51]/U$1
  (R) + 586   DFF  /key_scheduler_ka_reg[51]/U$1

Compared points are: Equivalent (reachable)
  (G) + 587   DFF  /key_scheduler_ka_reg[52]/U$1
  (R) + 587   DFF  /key_scheduler_ka_reg[52]/U$1

Compared points are: Equivalent (reachable)
  (G) + 588   DFF  /key_scheduler_ka_reg[53]/U$1
  (R) + 588   DFF  /key_scheduler_ka_reg[53]/U$1

Compared points are: Equivalent (reachable)
  (G) + 589   DFF  /key_scheduler_ka_reg[54]/U$1
  (R) + 589   DFF  /key_scheduler_ka_reg[54]/U$1

Compared points are: Equivalent (reachable)
  (G) + 590   DFF  /key_scheduler_ka_reg[55]/U$1
  (R) + 590   DFF  /key_scheduler_ka_reg[55]/U$1

Compared points are: Equivalent (reachable)
  (G) + 591   DFF  /key_scheduler_ka_reg[56]/U$1
  (R) + 591   DFF  /key_scheduler_ka_reg[56]/U$1

Compared points are: Equivalent (reachable)
  (G) + 592   DFF  /key_scheduler_ka_reg[57]/U$1
  (R) + 592   DFF  /key_scheduler_ka_reg[57]/U$1

Compared points are: Equivalent (reachable)
  (G) + 593   DFF  /key_scheduler_ka_reg[58]/U$1
  (R) + 593   DFF  /key_scheduler_ka_reg[58]/U$1

Compared points are: Equivalent (reachable)
  (G) + 594   DFF  /key_scheduler_ka_reg[59]/U$1
  (R) + 594   DFF  /key_scheduler_ka_reg[59]/U$1

Compared points are: Equivalent (reachable)
  (G) + 595   DFF  /key_scheduler_ka_reg[60]/U$1
  (R) + 595   DFF  /key_scheduler_ka_reg[60]/U$1

Compared points are: Equivalent (reachable)
  (G) + 596   DFF  /key_scheduler_ka_reg[61]/U$1
  (R) + 596   DFF  /key_scheduler_ka_reg[61]/U$1

Compared points are: Equivalent (reachable)
  (G) + 597   DFF  /key_scheduler_ka_reg[62]/U$1
  (R) + 597   DFF  /key_scheduler_ka_reg[62]/U$1

Compared points are: Equivalent (reachable)
  (G) + 598   DFF  /key_scheduler_ka_reg[63]/U$1
  (R) + 598   DFF  /key_scheduler_ka_reg[63]/U$1

Compared points are: Equivalent (reachable)
  (G) + 599   DFF  /key_scheduler_ka_reg[64]/U$1
  (R) + 599   DFF  /key_scheduler_ka_reg[64]/U$1

Compared points are: Equivalent (reachable)
  (G) + 600   DFF  /key_scheduler_ka_reg[65]/U$1
  (R) + 600   DFF  /key_scheduler_ka_reg[65]/U$1

Compared points are: Equivalent (reachable)
  (G) + 601   DFF  /key_scheduler_ka_reg[66]/U$1
  (R) + 601   DFF  /key_scheduler_ka_reg[66]/U$1

Compared points are: Equivalent (reachable)
  (G) + 602   DFF  /key_scheduler_ka_reg[67]/U$1
  (R) + 602   DFF  /key_scheduler_ka_reg[67]/U$1

Compared points are: Equivalent (reachable)
  (G) + 603   DFF  /key_scheduler_ka_reg[68]/U$1
  (R) + 603   DFF  /key_scheduler_ka_reg[68]/U$1

Compared points are: Equivalent (reachable)
  (G) + 604   DFF  /key_scheduler_ka_reg[69]/U$1
  (R) + 604   DFF  /key_scheduler_ka_reg[69]/U$1

Compared points are: Equivalent (reachable)
  (G) + 605   DFF  /key_scheduler_ka_reg[70]/U$1
  (R) + 605   DFF  /key_scheduler_ka_reg[70]/U$1

Compared points are: Equivalent (reachable)
  (G) + 606   DFF  /key_scheduler_ka_reg[71]/U$1
  (R) + 606   DFF  /key_scheduler_ka_reg[71]/U$1

Compared points are: Equivalent (reachable)
  (G) + 607   DFF  /key_scheduler_ka_reg[72]/U$1
  (R) + 607   DFF  /key_scheduler_ka_reg[72]/U$1

Compared points are: Equivalent (reachable)
  (G) + 608   DFF  /key_scheduler_ka_reg[73]/U$1
  (R) + 608   DFF  /key_scheduler_ka_reg[73]/U$1

Compared points are: Equivalent (reachable)
  (G) + 609   DFF  /key_scheduler_ka_reg[74]/U$1
  (R) + 609   DFF  /key_scheduler_ka_reg[74]/U$1

Compared points are: Equivalent (reachable)
  (G) + 610   DFF  /key_scheduler_ka_reg[75]/U$1
  (R) + 610   DFF  /key_scheduler_ka_reg[75]/U$1

Compared points are: Equivalent (reachable)
  (G) + 611   DFF  /key_scheduler_ka_reg[76]/U$1
  (R) + 611   DFF  /key_scheduler_ka_reg[76]/U$1

Compared points are: Equivalent (reachable)
  (G) + 612   DFF  /key_scheduler_ka_reg[77]/U$1
  (R) + 612   DFF  /key_scheduler_ka_reg[77]/U$1

Compared points are: Equivalent (reachable)
  (G) + 613   DFF  /key_scheduler_ka_reg[78]/U$1
  (R) + 613   DFF  /key_scheduler_ka_reg[78]/U$1

Compared points are: Equivalent (reachable)
  (G) + 614   DFF  /key_scheduler_ka_reg[79]/U$1
  (R) + 614   DFF  /key_scheduler_ka_reg[79]/U$1

Compared points are: Equivalent (reachable)
  (G) + 615   DFF  /key_scheduler_ka_reg[80]/U$1
  (R) + 615   DFF  /key_scheduler_ka_reg[80]/U$1

Compared points are: Equivalent (reachable)
  (G) + 616   DFF  /key_scheduler_ka_reg[81]/U$1
  (R) + 616   DFF  /key_scheduler_ka_reg[81]/U$1

Compared points are: Equivalent (reachable)
  (G) + 617   DFF  /key_scheduler_ka_reg[82]/U$1
  (R) + 617   DFF  /key_scheduler_ka_reg[82]/U$1

Compared points are: Equivalent (reachable)
  (G) + 618   DFF  /key_scheduler_ka_reg[83]/U$1
  (R) + 618   DFF  /key_scheduler_ka_reg[83]/U$1

Compared points are: Equivalent (reachable)
  (G) + 619   DFF  /key_scheduler_ka_reg[84]/U$1
  (R) + 619   DFF  /key_scheduler_ka_reg[84]/U$1

Compared points are: Equivalent (reachable)
  (G) + 620   DFF  /key_scheduler_ka_reg[85]/U$1
  (R) + 620   DFF  /key_scheduler_ka_reg[85]/U$1

Compared points are: Equivalent (reachable)
  (G) + 621   DFF  /key_scheduler_ka_reg[86]/U$1
  (R) + 621   DFF  /key_scheduler_ka_reg[86]/U$1

Compared points are: Equivalent (reachable)
  (G) + 622   DFF  /key_scheduler_ka_reg[87]/U$1
  (R) + 622   DFF  /key_scheduler_ka_reg[87]/U$1

Compared points are: Equivalent (reachable)
  (G) + 623   DFF  /key_scheduler_ka_reg[88]/U$1
  (R) + 623   DFF  /key_scheduler_ka_reg[88]/U$1

Compared points are: Equivalent (reachable)
  (G) + 624   DFF  /key_scheduler_ka_reg[89]/U$1
  (R) + 624   DFF  /key_scheduler_ka_reg[89]/U$1

Compared points are: Equivalent (reachable)
  (G) + 625   DFF  /key_scheduler_ka_reg[90]/U$1
  (R) + 625   DFF  /key_scheduler_ka_reg[90]/U$1

Compared points are: Equivalent (reachable)
  (G) + 626   DFF  /key_scheduler_ka_reg[91]/U$1
  (R) + 626   DFF  /key_scheduler_ka_reg[91]/U$1

Compared points are: Equivalent (reachable)
  (G) + 627   DFF  /key_scheduler_ka_reg[92]/U$1
  (R) + 627   DFF  /key_scheduler_ka_reg[92]/U$1

Compared points are: Equivalent (reachable)
  (G) + 628   DFF  /key_scheduler_ka_reg[93]/U$1
  (R) + 628   DFF  /key_scheduler_ka_reg[93]/U$1

Compared points are: Equivalent (reachable)
  (G) + 629   DFF  /key_scheduler_ka_reg[94]/U$1
  (R) + 629   DFF  /key_scheduler_ka_reg[94]/U$1

Compared points are: Equivalent (reachable)
  (G) + 630   DFF  /key_scheduler_ka_reg[95]/U$1
  (R) + 630   DFF  /key_scheduler_ka_reg[95]/U$1

Compared points are: Equivalent (reachable)
  (G) + 631   DFF  /key_scheduler_ka_reg[96]/U$1
  (R) + 631   DFF  /key_scheduler_ka_reg[96]/U$1

Compared points are: Equivalent (reachable)
  (G) + 632   DFF  /key_scheduler_ka_reg[97]/U$1
  (R) + 632   DFF  /key_scheduler_ka_reg[97]/U$1

Compared points are: Equivalent (reachable)
  (G) + 633   DFF  /key_scheduler_ka_reg[98]/U$1
  (R) + 633   DFF  /key_scheduler_ka_reg[98]/U$1

Compared points are: Equivalent (reachable)
  (G) + 634   DFF  /key_scheduler_ka_reg[99]/U$1
  (R) + 634   DFF  /key_scheduler_ka_reg[99]/U$1

Compared points are: Equivalent (reachable)
  (G) + 635   DFF  /key_scheduler_ka_reg[100]/U$1
  (R) + 635   DFF  /key_scheduler_ka_reg[100]/U$1

Compared points are: Equivalent (reachable)
  (G) + 636   DFF  /key_scheduler_ka_reg[101]/U$1
  (R) + 636   DFF  /key_scheduler_ka_reg[101]/U$1

Compared points are: Equivalent (reachable)
  (G) + 637   DFF  /key_scheduler_ka_reg[102]/U$1
  (R) + 637   DFF  /key_scheduler_ka_reg[102]/U$1

Compared points are: Equivalent (reachable)
  (G) + 638   DFF  /key_scheduler_ka_reg[103]/U$1
  (R) + 638   DFF  /key_scheduler_ka_reg[103]/U$1

Compared points are: Equivalent (reachable)
  (G) + 639   DFF  /key_scheduler_ka_reg[104]/U$1
  (R) + 639   DFF  /key_scheduler_ka_reg[104]/U$1

Compared points are: Equivalent (reachable)
  (G) + 640   DFF  /key_scheduler_ka_reg[105]/U$1
  (R) + 640   DFF  /key_scheduler_ka_reg[105]/U$1

Compared points are: Equivalent (reachable)
  (G) + 641   DFF  /key_scheduler_ka_reg[106]/U$1
  (R) + 641   DFF  /key_scheduler_ka_reg[106]/U$1

Compared points are: Equivalent (reachable)
  (G) + 642   DFF  /key_scheduler_ka_reg[107]/U$1
  (R) + 642   DFF  /key_scheduler_ka_reg[107]/U$1

Compared points are: Equivalent (reachable)
  (G) + 643   DFF  /key_scheduler_ka_reg[108]/U$1
  (R) + 643   DFF  /key_scheduler_ka_reg[108]/U$1

Compared points are: Equivalent (reachable)
  (G) + 644   DFF  /key_scheduler_ka_reg[109]/U$1
  (R) + 644   DFF  /key_scheduler_ka_reg[109]/U$1

Compared points are: Equivalent (reachable)
  (G) + 645   DFF  /key_scheduler_ka_reg[110]/U$1
  (R) + 645   DFF  /key_scheduler_ka_reg[110]/U$1

Compared points are: Equivalent (reachable)
  (G) + 646   DFF  /key_scheduler_ka_reg[111]/U$1
  (R) + 646   DFF  /key_scheduler_ka_reg[111]/U$1

Compared points are: Equivalent (reachable)
  (G) + 647   DFF  /key_scheduler_ka_reg[112]/U$1
  (R) + 647   DFF  /key_scheduler_ka_reg[112]/U$1

Compared points are: Equivalent (reachable)
  (G) + 648   DFF  /key_scheduler_ka_reg[113]/U$1
  (R) + 648   DFF  /key_scheduler_ka_reg[113]/U$1

Compared points are: Equivalent (reachable)
  (G) + 649   DFF  /key_scheduler_ka_reg[114]/U$1
  (R) + 649   DFF  /key_scheduler_ka_reg[114]/U$1

Compared points are: Equivalent (reachable)
  (G) + 650   DFF  /key_scheduler_ka_reg[115]/U$1
  (R) + 650   DFF  /key_scheduler_ka_reg[115]/U$1

Compared points are: Equivalent (reachable)
  (G) + 651   DFF  /key_scheduler_ka_reg[116]/U$1
  (R) + 651   DFF  /key_scheduler_ka_reg[116]/U$1

Compared points are: Equivalent (reachable)
  (G) + 652   DFF  /key_scheduler_ka_reg[117]/U$1
  (R) + 652   DFF  /key_scheduler_ka_reg[117]/U$1

Compared points are: Equivalent (reachable)
  (G) + 653   DFF  /key_scheduler_ka_reg[118]/U$1
  (R) + 653   DFF  /key_scheduler_ka_reg[118]/U$1

Compared points are: Equivalent (reachable)
  (G) + 654   DFF  /key_scheduler_ka_reg[119]/U$1
  (R) + 654   DFF  /key_scheduler_ka_reg[119]/U$1

Compared points are: Equivalent (reachable)
  (G) + 655   DFF  /key_scheduler_ka_reg[120]/U$1
  (R) + 655   DFF  /key_scheduler_ka_reg[120]/U$1

Compared points are: Equivalent (reachable)
  (G) + 656   DFF  /key_scheduler_ka_reg[121]/U$1
  (R) + 656   DFF  /key_scheduler_ka_reg[121]/U$1

Compared points are: Equivalent (reachable)
  (G) + 657   DFF  /key_scheduler_ka_reg[122]/U$1
  (R) + 657   DFF  /key_scheduler_ka_reg[122]/U$1

Compared points are: Equivalent (reachable)
  (G) + 658   DFF  /key_scheduler_ka_reg[123]/U$1
  (R) + 658   DFF  /key_scheduler_ka_reg[123]/U$1

Compared points are: Equivalent (reachable)
  (G) + 659   DFF  /key_scheduler_ka_reg[124]/U$1
  (R) + 659   DFF  /key_scheduler_ka_reg[124]/U$1

Compared points are: Equivalent (reachable)
  (G) + 660   DFF  /key_scheduler_ka_reg[125]/U$1
  (R) + 660   DFF  /key_scheduler_ka_reg[125]/U$1

Compared points are: Equivalent (reachable)
  (G) + 661   DFF  /key_scheduler_ka_reg[126]/U$1
  (R) + 661   DFF  /key_scheduler_ka_reg[126]/U$1

Compared points are: Equivalent (reachable)
  (G) + 662   DFF  /key_scheduler_ka_reg[127]/U$1
  (R) + 662   DFF  /key_scheduler_ka_reg[127]/U$1

Compared points are: Equivalent (reachable)
  (G) + 663   DFF  /key_scheduler_kl_reg[0]/U$1
  (R) + 663   DFF  /key_scheduler_kl_reg[0]/U$1

Compared points are: Equivalent (reachable)
  (G) + 664   DFF  /key_scheduler_kl_reg[1]/U$1
  (R) + 664   DFF  /key_scheduler_kl_reg[1]/U$1

Compared points are: Equivalent (reachable)
  (G) + 665   DFF  /key_scheduler_kl_reg[2]/U$1
  (R) + 665   DFF  /key_scheduler_kl_reg[2]/U$1

Compared points are: Equivalent (reachable)
  (G) + 666   DFF  /key_scheduler_kl_reg[3]/U$1
  (R) + 666   DFF  /key_scheduler_kl_reg[3]/U$1

Compared points are: Equivalent (reachable)
  (G) + 667   DFF  /key_scheduler_kl_reg[4]/U$1
  (R) + 667   DFF  /key_scheduler_kl_reg[4]/U$1

Compared points are: Equivalent (reachable)
  (G) + 668   DFF  /key_scheduler_kl_reg[5]/U$1
  (R) + 668   DFF  /key_scheduler_kl_reg[5]/U$1

Compared points are: Equivalent (reachable)
  (G) + 669   DFF  /key_scheduler_kl_reg[6]/U$1
  (R) + 669   DFF  /key_scheduler_kl_reg[6]/U$1

Compared points are: Equivalent (reachable)
  (G) + 670   DFF  /key_scheduler_kl_reg[7]/U$1
  (R) + 670   DFF  /key_scheduler_kl_reg[7]/U$1

Compared points are: Equivalent (reachable)
  (G) + 671   DFF  /key_scheduler_kl_reg[8]/U$1
  (R) + 671   DFF  /key_scheduler_kl_reg[8]/U$1

Compared points are: Equivalent (reachable)
  (G) + 672   DFF  /key_scheduler_kl_reg[9]/U$1
  (R) + 672   DFF  /key_scheduler_kl_reg[9]/U$1

Compared points are: Equivalent (reachable)
  (G) + 673   DFF  /key_scheduler_kl_reg[10]/U$1
  (R) + 673   DFF  /key_scheduler_kl_reg[10]/U$1

Compared points are: Equivalent (reachable)
  (G) + 674   DFF  /key_scheduler_kl_reg[11]/U$1
  (R) + 674   DFF  /key_scheduler_kl_reg[11]/U$1

Compared points are: Equivalent (reachable)
  (G) + 675   DFF  /key_scheduler_kl_reg[12]/U$1
  (R) + 675   DFF  /key_scheduler_kl_reg[12]/U$1

Compared points are: Equivalent (reachable)
  (G) + 676   DFF  /key_scheduler_kl_reg[13]/U$1
  (R) + 676   DFF  /key_scheduler_kl_reg[13]/U$1

Compared points are: Equivalent (reachable)
  (G) + 677   DFF  /key_scheduler_kl_reg[14]/U$1
  (R) + 677   DFF  /key_scheduler_kl_reg[14]/U$1

Compared points are: Equivalent (reachable)
  (G) + 678   DFF  /key_scheduler_kl_reg[15]/U$1
  (R) + 678   DFF  /key_scheduler_kl_reg[15]/U$1

Compared points are: Equivalent (reachable)
  (G) + 679   DFF  /key_scheduler_kl_reg[16]/U$1
  (R) + 679   DFF  /key_scheduler_kl_reg[16]/U$1

Compared points are: Equivalent (reachable)
  (G) + 680   DFF  /key_scheduler_kl_reg[17]/U$1
  (R) + 680   DFF  /key_scheduler_kl_reg[17]/U$1

Compared points are: Equivalent (reachable)
  (G) + 681   DFF  /key_scheduler_kl_reg[18]/U$1
  (R) + 681   DFF  /key_scheduler_kl_reg[18]/U$1

Compared points are: Equivalent (reachable)
  (G) + 682   DFF  /key_scheduler_kl_reg[19]/U$1
  (R) + 682   DFF  /key_scheduler_kl_reg[19]/U$1

Compared points are: Equivalent (reachable)
  (G) + 683   DFF  /key_scheduler_kl_reg[20]/U$1
  (R) + 683   DFF  /key_scheduler_kl_reg[20]/U$1

Compared points are: Equivalent (reachable)
  (G) + 684   DFF  /key_scheduler_kl_reg[21]/U$1
  (R) + 684   DFF  /key_scheduler_kl_reg[21]/U$1

Compared points are: Equivalent (reachable)
  (G) + 685   DFF  /key_scheduler_kl_reg[22]/U$1
  (R) + 685   DFF  /key_scheduler_kl_reg[22]/U$1

Compared points are: Equivalent (reachable)
  (G) + 686   DFF  /key_scheduler_kl_reg[23]/U$1
  (R) + 686   DFF  /key_scheduler_kl_reg[23]/U$1

Compared points are: Equivalent (reachable)
  (G) + 687   DFF  /key_scheduler_kl_reg[24]/U$1
  (R) + 687   DFF  /key_scheduler_kl_reg[24]/U$1

Compared points are: Equivalent (reachable)
  (G) + 688   DFF  /key_scheduler_kl_reg[25]/U$1
  (R) + 688   DFF  /key_scheduler_kl_reg[25]/U$1

Compared points are: Equivalent (reachable)
  (G) + 689   DFF  /key_scheduler_kl_reg[26]/U$1
  (R) + 689   DFF  /key_scheduler_kl_reg[26]/U$1

Compared points are: Equivalent (reachable)
  (G) + 690   DFF  /key_scheduler_kl_reg[27]/U$1
  (R) + 690   DFF  /key_scheduler_kl_reg[27]/U$1

Compared points are: Equivalent (reachable)
  (G) + 691   DFF  /key_scheduler_kl_reg[28]/U$1
  (R) + 691   DFF  /key_scheduler_kl_reg[28]/U$1

Compared points are: Equivalent (reachable)
  (G) + 692   DFF  /key_scheduler_kl_reg[29]/U$1
  (R) + 692   DFF  /key_scheduler_kl_reg[29]/U$1

Compared points are: Equivalent (reachable)
  (G) + 693   DFF  /key_scheduler_kl_reg[30]/U$1
  (R) + 693   DFF  /key_scheduler_kl_reg[30]/U$1

Compared points are: Equivalent (reachable)
  (G) + 694   DFF  /key_scheduler_kl_reg[31]/U$1
  (R) + 694   DFF  /key_scheduler_kl_reg[31]/U$1

Compared points are: Equivalent (reachable)
  (G) + 695   DFF  /key_scheduler_kl_reg[32]/U$1
  (R) + 695   DFF  /key_scheduler_kl_reg[32]/U$1

Compared points are: Equivalent (reachable)
  (G) + 696   DFF  /key_scheduler_kl_reg[33]/U$1
  (R) + 696   DFF  /key_scheduler_kl_reg[33]/U$1

Compared points are: Equivalent (reachable)
  (G) + 697   DFF  /key_scheduler_kl_reg[34]/U$1
  (R) + 697   DFF  /key_scheduler_kl_reg[34]/U$1

Compared points are: Equivalent (reachable)
  (G) + 698   DFF  /key_scheduler_kl_reg[35]/U$1
  (R) + 698   DFF  /key_scheduler_kl_reg[35]/U$1

Compared points are: Equivalent (reachable)
  (G) + 699   DFF  /key_scheduler_kl_reg[36]/U$1
  (R) + 699   DFF  /key_scheduler_kl_reg[36]/U$1

Compared points are: Equivalent (reachable)
  (G) + 700   DFF  /key_scheduler_kl_reg[37]/U$1
  (R) + 700   DFF  /key_scheduler_kl_reg[37]/U$1

Compared points are: Equivalent (reachable)
  (G) + 701   DFF  /key_scheduler_kl_reg[38]/U$1
  (R) + 701   DFF  /key_scheduler_kl_reg[38]/U$1

Compared points are: Equivalent (reachable)
  (G) + 702   DFF  /key_scheduler_kl_reg[39]/U$1
  (R) + 702   DFF  /key_scheduler_kl_reg[39]/U$1

Compared points are: Equivalent (reachable)
  (G) + 703   DFF  /key_scheduler_kl_reg[40]/U$1
  (R) + 703   DFF  /key_scheduler_kl_reg[40]/U$1

Compared points are: Equivalent (reachable)
  (G) + 704   DFF  /key_scheduler_kl_reg[41]/U$1
  (R) + 704   DFF  /key_scheduler_kl_reg[41]/U$1

Compared points are: Equivalent (reachable)
  (G) + 705   DFF  /key_scheduler_kl_reg[42]/U$1
  (R) + 705   DFF  /key_scheduler_kl_reg[42]/U$1

Compared points are: Equivalent (reachable)
  (G) + 706   DFF  /key_scheduler_kl_reg[43]/U$1
  (R) + 706   DFF  /key_scheduler_kl_reg[43]/U$1

Compared points are: Equivalent (reachable)
  (G) + 707   DFF  /key_scheduler_kl_reg[44]/U$1
  (R) + 707   DFF  /key_scheduler_kl_reg[44]/U$1

Compared points are: Equivalent (reachable)
  (G) + 708   DFF  /key_scheduler_kl_reg[45]/U$1
  (R) + 708   DFF  /key_scheduler_kl_reg[45]/U$1

Compared points are: Equivalent (reachable)
  (G) + 709   DFF  /key_scheduler_kl_reg[46]/U$1
  (R) + 709   DFF  /key_scheduler_kl_reg[46]/U$1

Compared points are: Equivalent (reachable)
  (G) + 710   DFF  /key_scheduler_kl_reg[47]/U$1
  (R) + 710   DFF  /key_scheduler_kl_reg[47]/U$1

Compared points are: Equivalent (reachable)
  (G) + 711   DFF  /key_scheduler_kl_reg[48]/U$1
  (R) + 711   DFF  /key_scheduler_kl_reg[48]/U$1

Compared points are: Equivalent (reachable)
  (G) + 712   DFF  /key_scheduler_kl_reg[49]/U$1
  (R) + 712   DFF  /key_scheduler_kl_reg[49]/U$1

Compared points are: Equivalent (reachable)
  (G) + 713   DFF  /key_scheduler_kl_reg[50]/U$1
  (R) + 713   DFF  /key_scheduler_kl_reg[50]/U$1

Compared points are: Equivalent (reachable)
  (G) + 714   DFF  /key_scheduler_kl_reg[51]/U$1
  (R) + 714   DFF  /key_scheduler_kl_reg[51]/U$1

Compared points are: Equivalent (reachable)
  (G) + 715   DFF  /key_scheduler_kl_reg[52]/U$1
  (R) + 715   DFF  /key_scheduler_kl_reg[52]/U$1

Compared points are: Equivalent (reachable)
  (G) + 716   DFF  /key_scheduler_kl_reg[53]/U$1
  (R) + 716   DFF  /key_scheduler_kl_reg[53]/U$1

Compared points are: Equivalent (reachable)
  (G) + 717   DFF  /key_scheduler_kl_reg[54]/U$1
  (R) + 717   DFF  /key_scheduler_kl_reg[54]/U$1

Compared points are: Equivalent (reachable)
  (G) + 718   DFF  /key_scheduler_kl_reg[55]/U$1
  (R) + 718   DFF  /key_scheduler_kl_reg[55]/U$1

Compared points are: Equivalent (reachable)
  (G) + 719   DFF  /key_scheduler_kl_reg[56]/U$1
  (R) + 719   DFF  /key_scheduler_kl_reg[56]/U$1

Compared points are: Equivalent (reachable)
  (G) + 720   DFF  /key_scheduler_kl_reg[57]/U$1
  (R) + 720   DFF  /key_scheduler_kl_reg[57]/U$1

Compared points are: Equivalent (reachable)
  (G) + 721   DFF  /key_scheduler_kl_reg[58]/U$1
  (R) + 721   DFF  /key_scheduler_kl_reg[58]/U$1

Compared points are: Equivalent (reachable)
  (G) + 722   DFF  /key_scheduler_kl_reg[59]/U$1
  (R) + 722   DFF  /key_scheduler_kl_reg[59]/U$1

Compared points are: Equivalent (reachable)
  (G) + 723   DFF  /key_scheduler_kl_reg[60]/U$1
  (R) + 723   DFF  /key_scheduler_kl_reg[60]/U$1

Compared points are: Equivalent (reachable)
  (G) + 724   DFF  /key_scheduler_kl_reg[61]/U$1
  (R) + 724   DFF  /key_scheduler_kl_reg[61]/U$1

Compared points are: Equivalent (reachable)
  (G) + 725   DFF  /key_scheduler_kl_reg[62]/U$1
  (R) + 725   DFF  /key_scheduler_kl_reg[62]/U$1

Compared points are: Equivalent (reachable)
  (G) + 726   DFF  /key_scheduler_kl_reg[63]/U$1
  (R) + 726   DFF  /key_scheduler_kl_reg[63]/U$1

Compared points are: Equivalent (reachable)
  (G) + 727   DFF  /key_scheduler_kl_reg[64]/U$1
  (R) + 727   DFF  /key_scheduler_kl_reg[64]/U$1

Compared points are: Equivalent (reachable)
  (G) + 728   DFF  /key_scheduler_kl_reg[65]/U$1
  (R) + 728   DFF  /key_scheduler_kl_reg[65]/U$1

Compared points are: Equivalent (reachable)
  (G) + 729   DFF  /key_scheduler_kl_reg[66]/U$1
  (R) + 729   DFF  /key_scheduler_kl_reg[66]/U$1

Compared points are: Equivalent (reachable)
  (G) + 730   DFF  /key_scheduler_kl_reg[67]/U$1
  (R) + 730   DFF  /key_scheduler_kl_reg[67]/U$1

Compared points are: Equivalent (reachable)
  (G) + 731   DFF  /key_scheduler_kl_reg[68]/U$1
  (R) + 731   DFF  /key_scheduler_kl_reg[68]/U$1

Compared points are: Equivalent (reachable)
  (G) + 732   DFF  /key_scheduler_kl_reg[69]/U$1
  (R) + 732   DFF  /key_scheduler_kl_reg[69]/U$1

Compared points are: Equivalent (reachable)
  (G) + 733   DFF  /key_scheduler_kl_reg[70]/U$1
  (R) + 733   DFF  /key_scheduler_kl_reg[70]/U$1

Compared points are: Equivalent (reachable)
  (G) + 734   DFF  /key_scheduler_kl_reg[71]/U$1
  (R) + 734   DFF  /key_scheduler_kl_reg[71]/U$1

Compared points are: Equivalent (reachable)
  (G) + 735   DFF  /key_scheduler_kl_reg[72]/U$1
  (R) + 735   DFF  /key_scheduler_kl_reg[72]/U$1

Compared points are: Equivalent (reachable)
  (G) + 736   DFF  /key_scheduler_kl_reg[73]/U$1
  (R) + 736   DFF  /key_scheduler_kl_reg[73]/U$1

Compared points are: Equivalent (reachable)
  (G) + 737   DFF  /key_scheduler_kl_reg[74]/U$1
  (R) + 737   DFF  /key_scheduler_kl_reg[74]/U$1

Compared points are: Equivalent (reachable)
  (G) + 738   DFF  /key_scheduler_kl_reg[75]/U$1
  (R) + 738   DFF  /key_scheduler_kl_reg[75]/U$1

Compared points are: Equivalent (reachable)
  (G) + 739   DFF  /key_scheduler_kl_reg[76]/U$1
  (R) + 739   DFF  /key_scheduler_kl_reg[76]/U$1

Compared points are: Equivalent (reachable)
  (G) + 740   DFF  /key_scheduler_kl_reg[77]/U$1
  (R) + 740   DFF  /key_scheduler_kl_reg[77]/U$1

Compared points are: Equivalent (reachable)
  (G) + 741   DFF  /key_scheduler_kl_reg[78]/U$1
  (R) + 741   DFF  /key_scheduler_kl_reg[78]/U$1

Compared points are: Equivalent (reachable)
  (G) + 742   DFF  /key_scheduler_kl_reg[79]/U$1
  (R) + 742   DFF  /key_scheduler_kl_reg[79]/U$1

Compared points are: Equivalent (reachable)
  (G) + 743   DFF  /key_scheduler_kl_reg[80]/U$1
  (R) + 743   DFF  /key_scheduler_kl_reg[80]/U$1

Compared points are: Equivalent (reachable)
  (G) + 744   DFF  /key_scheduler_kl_reg[81]/U$1
  (R) + 744   DFF  /key_scheduler_kl_reg[81]/U$1

Compared points are: Equivalent (reachable)
  (G) + 745   DFF  /key_scheduler_kl_reg[82]/U$1
  (R) + 745   DFF  /key_scheduler_kl_reg[82]/U$1

Compared points are: Equivalent (reachable)
  (G) + 746   DFF  /key_scheduler_kl_reg[83]/U$1
  (R) + 746   DFF  /key_scheduler_kl_reg[83]/U$1

Compared points are: Equivalent (reachable)
  (G) + 747   DFF  /key_scheduler_kl_reg[84]/U$1
  (R) + 747   DFF  /key_scheduler_kl_reg[84]/U$1

Compared points are: Equivalent (reachable)
  (G) + 748   DFF  /key_scheduler_kl_reg[85]/U$1
  (R) + 748   DFF  /key_scheduler_kl_reg[85]/U$1

Compared points are: Equivalent (reachable)
  (G) + 749   DFF  /key_scheduler_kl_reg[86]/U$1
  (R) + 749   DFF  /key_scheduler_kl_reg[86]/U$1

Compared points are: Equivalent (reachable)
  (G) + 750   DFF  /key_scheduler_kl_reg[87]/U$1
  (R) + 750   DFF  /key_scheduler_kl_reg[87]/U$1

Compared points are: Equivalent (reachable)
  (G) + 751   DFF  /key_scheduler_kl_reg[88]/U$1
  (R) + 751   DFF  /key_scheduler_kl_reg[88]/U$1

Compared points are: Equivalent (reachable)
  (G) + 752   DFF  /key_scheduler_kl_reg[89]/U$1
  (R) + 752   DFF  /key_scheduler_kl_reg[89]/U$1

Compared points are: Equivalent (reachable)
  (G) + 753   DFF  /key_scheduler_kl_reg[90]/U$1
  (R) + 753   DFF  /key_scheduler_kl_reg[90]/U$1

Compared points are: Equivalent (reachable)
  (G) + 754   DFF  /key_scheduler_kl_reg[91]/U$1
  (R) + 754   DFF  /key_scheduler_kl_reg[91]/U$1

Compared points are: Equivalent (reachable)
  (G) + 755   DFF  /key_scheduler_kl_reg[92]/U$1
  (R) + 755   DFF  /key_scheduler_kl_reg[92]/U$1

Compared points are: Equivalent (reachable)
  (G) + 756   DFF  /key_scheduler_kl_reg[93]/U$1
  (R) + 756   DFF  /key_scheduler_kl_reg[93]/U$1

Compared points are: Equivalent (reachable)
  (G) + 757   DFF  /key_scheduler_kl_reg[94]/U$1
  (R) + 757   DFF  /key_scheduler_kl_reg[94]/U$1

Compared points are: Equivalent (reachable)
  (G) + 758   DFF  /key_scheduler_kl_reg[95]/U$1
  (R) + 758   DFF  /key_scheduler_kl_reg[95]/U$1

Compared points are: Equivalent (reachable)
  (G) + 759   DFF  /key_scheduler_kl_reg[96]/U$1
  (R) + 759   DFF  /key_scheduler_kl_reg[96]/U$1

Compared points are: Equivalent (reachable)
  (G) + 760   DFF  /key_scheduler_kl_reg[97]/U$1
  (R) + 760   DFF  /key_scheduler_kl_reg[97]/U$1

Compared points are: Equivalent (reachable)
  (G) + 761   DFF  /key_scheduler_kl_reg[98]/U$1
  (R) + 761   DFF  /key_scheduler_kl_reg[98]/U$1

Compared points are: Equivalent (reachable)
  (G) + 762   DFF  /key_scheduler_kl_reg[99]/U$1
  (R) + 762   DFF  /key_scheduler_kl_reg[99]/U$1

Compared points are: Equivalent (reachable)
  (G) + 763   DFF  /key_scheduler_kl_reg[100]/U$1
  (R) + 763   DFF  /key_scheduler_kl_reg[100]/U$1

Compared points are: Equivalent (reachable)
  (G) + 764   DFF  /key_scheduler_kl_reg[101]/U$1
  (R) + 764   DFF  /key_scheduler_kl_reg[101]/U$1

Compared points are: Equivalent (reachable)
  (G) + 765   DFF  /key_scheduler_kl_reg[102]/U$1
  (R) + 765   DFF  /key_scheduler_kl_reg[102]/U$1

Compared points are: Equivalent (reachable)
  (G) + 766   DFF  /key_scheduler_kl_reg[103]/U$1
  (R) + 766   DFF  /key_scheduler_kl_reg[103]/U$1

Compared points are: Equivalent (reachable)
  (G) + 767   DFF  /key_scheduler_kl_reg[104]/U$1
  (R) + 767   DFF  /key_scheduler_kl_reg[104]/U$1

Compared points are: Equivalent (reachable)
  (G) + 768   DFF  /key_scheduler_kl_reg[105]/U$1
  (R) + 768   DFF  /key_scheduler_kl_reg[105]/U$1

Compared points are: Equivalent (reachable)
  (G) + 769   DFF  /key_scheduler_kl_reg[106]/U$1
  (R) + 769   DFF  /key_scheduler_kl_reg[106]/U$1

Compared points are: Equivalent (reachable)
  (G) + 770   DFF  /key_scheduler_kl_reg[107]/U$1
  (R) + 770   DFF  /key_scheduler_kl_reg[107]/U$1

Compared points are: Equivalent (reachable)
  (G) + 771   DFF  /key_scheduler_kl_reg[108]/U$1
  (R) + 771   DFF  /key_scheduler_kl_reg[108]/U$1

Compared points are: Equivalent (reachable)
  (G) + 772   DFF  /key_scheduler_kl_reg[109]/U$1
  (R) + 772   DFF  /key_scheduler_kl_reg[109]/U$1

Compared points are: Equivalent (reachable)
  (G) + 773   DFF  /key_scheduler_kl_reg[110]/U$1
  (R) + 773   DFF  /key_scheduler_kl_reg[110]/U$1

Compared points are: Equivalent (reachable)
  (G) + 774   DFF  /key_scheduler_kl_reg[111]/U$1
  (R) + 774   DFF  /key_scheduler_kl_reg[111]/U$1

Compared points are: Equivalent (reachable)
  (G) + 775   DFF  /key_scheduler_kl_reg[112]/U$1
  (R) + 775   DFF  /key_scheduler_kl_reg[112]/U$1

Compared points are: Equivalent (reachable)
  (G) + 776   DFF  /key_scheduler_kl_reg[113]/U$1
  (R) + 776   DFF  /key_scheduler_kl_reg[113]/U$1

Compared points are: Equivalent (reachable)
  (G) + 777   DFF  /key_scheduler_kl_reg[114]/U$1
  (R) + 777   DFF  /key_scheduler_kl_reg[114]/U$1

Compared points are: Equivalent (reachable)
  (G) + 778   DFF  /key_scheduler_kl_reg[115]/U$1
  (R) + 778   DFF  /key_scheduler_kl_reg[115]/U$1

Compared points are: Equivalent (reachable)
  (G) + 779   DFF  /key_scheduler_kl_reg[116]/U$1
  (R) + 779   DFF  /key_scheduler_kl_reg[116]/U$1

Compared points are: Equivalent (reachable)
  (G) + 780   DFF  /key_scheduler_kl_reg[117]/U$1
  (R) + 780   DFF  /key_scheduler_kl_reg[117]/U$1

Compared points are: Equivalent (reachable)
  (G) + 781   DFF  /key_scheduler_kl_reg[118]/U$1
  (R) + 781   DFF  /key_scheduler_kl_reg[118]/U$1

Compared points are: Equivalent (reachable)
  (G) + 782   DFF  /key_scheduler_kl_reg[119]/U$1
  (R) + 782   DFF  /key_scheduler_kl_reg[119]/U$1

Compared points are: Equivalent (reachable)
  (G) + 783   DFF  /key_scheduler_kl_reg[120]/U$1
  (R) + 783   DFF  /key_scheduler_kl_reg[120]/U$1

Compared points are: Equivalent (reachable)
  (G) + 784   DFF  /key_scheduler_kl_reg[121]/U$1
  (R) + 784   DFF  /key_scheduler_kl_reg[121]/U$1

Compared points are: Equivalent (reachable)
  (G) + 785   DFF  /key_scheduler_kl_reg[122]/U$1
  (R) + 785   DFF  /key_scheduler_kl_reg[122]/U$1

Compared points are: Equivalent (reachable)
  (G) + 786   DFF  /key_scheduler_kl_reg[123]/U$1
  (R) + 786   DFF  /key_scheduler_kl_reg[123]/U$1

Compared points are: Equivalent (reachable)
  (G) + 787   DFF  /key_scheduler_kl_reg[124]/U$1
  (R) + 787   DFF  /key_scheduler_kl_reg[124]/U$1

Compared points are: Equivalent (reachable)
  (G) + 788   DFF  /key_scheduler_kl_reg[125]/U$1
  (R) + 788   DFF  /key_scheduler_kl_reg[125]/U$1

Compared points are: Equivalent (reachable)
  (G) + 789   DFF  /key_scheduler_kl_reg[126]/U$1
  (R) + 789   DFF  /key_scheduler_kl_reg[126]/U$1

Compared points are: Equivalent (reachable)
  (G) + 790   DFF  /key_scheduler_kl_reg[127]/U$1
  (R) + 790   DFF  /key_scheduler_kl_reg[127]/U$1

528 compared point(s) reported
================================================================================
Compared points      PO     DFF       Total   
--------------------------------------------------------------------------------
Equivalent           131    397       528     
================================================================================
