Metrics' weights:
	des_pwr         : (1/3)
	sec_ti_sts_sum  : 0.5
	des_area_die    : 1.0
	des_prf_WNS_hld : 0.5
	sec_ti_fts      : 0.5
	des             : 0.5
	des_area        : (1/3)
	sec_ti          : 1.0
	sec             : 0.5
	sec_ti_sts_max  : (1/3)
	des_pwr_tot     : 1.0
	sec_ti_fts_sum  : 1.0
	des_prf         : (1/3)
	sec_ti_sts_med  : (1/6)
	sec_ti_sts      : 0.5
	des_prf_WNS_set : 0.5

Baseline numbers (raw, not weighted yet):
	sec_ti_sts_sum  : 8820
	des_area_die    : 25039.8976
	des_prf_WNS_hld : 20.088
	sec_ti_sts_max  : 1403
	des_pwr_tot     : 20.44598933
	sec_ti_fts_sum  : 58.76
	sec_ti_sts_med  : 46
	des_prf_WNS_set : 21.703

Submission numbers (raw, not weighted yet):
	sec_ti_sts_sum  : 8761
	des_area_die    : 25039.8976
	des_prf_WNS_hld : 19.677
	sec_ti_sts_max  : 1361
	des_pwr_tot     : 20.46564393
	sec_ti_fts_sum  : 58.68
	sec_ti_sts_med  : 46
	des_prf_WNS_set : 21.403

Score components (not weighted):
	sec_ti_sts_sum  : .993310
	des_prf_WNS_hld : 1.020887
	des_area_die    : 1.000000
	sec_ti_sts_max  : .970064
	des_pwr_tot     : 1.000961
	sec_ti_fts_sum  : .998638
	sec_ti_sts_med  : 1.000000
	des_prf_WNS_set : 1.014016

Scores (weighted; last digit subject to rounding):
	des_pwr         : 1.000961
	OVERALL         : 0.999397
	sec_ti_fts      : 0.998638
	des             : 1.006137
	des_area        : 1.000000
	sec             : 0.992657
	sec_ti          : 0.992657
	des_prf         : 1.017451
	sec_ti_sts      : 0.986676
