###############################################################
#  Generated by:      Cadence Innovus 21.13-s100_1
#  OS:                Linux x86_64(Host ID ic51)
#  Generated on:      Sun Feb 12 23:40:56 2023
#  Design:            Camellia
#  Command:           report_timing_summary > reports/timing.rpt
###############################################################
# SETUP                 WNS    TNS   FEP   
#-----------------------------------------
 View : ALL          21.403  0.000     0  
    Group : Async    99.663  0.000     0  
    Group : in2out      N/A    N/A     0  
    Group : reg2out  21.403  0.000     0  
    Group : in2reg   88.312    0.0     0  
    Group : reg2reg  49.641    0.0     0  
                                          
#-----------------------------------------
 
# HOLD                   WNS    TNS   FEP   
#------------------------------------------
 View : ALL           19.677  0.000     0  
    Group : Async     34.355  0.000     0  
    Group : in2out       N/A    N/A     0  
    Group : reg2out  258.600  0.000     0  
    Group : in2reg    19.677    0.0     0  
    Group : reg2reg   66.441    0.0     0  
                                           
#------------------------------------------
 
# DRV                         WNS   TNS   FEP   
#----------------------------------------------
 View : ALL                                    
    Check : max_transition    N/A   N/A     0  
    Check : min_transition    N/A   N/A     0  
    Check : max_capacitance   N/A   N/A     0  
    Check : min_capacitance   N/A   N/A     0  
    Check : max_fanout        N/A   N/A     0  
    Check : min_fanout        N/A   N/A     0  
                                               
#----------------------------------------------
 
# Clock checks                                WNS    TNS   FEP   
#---------------------------------------------------------------
 View : ALL                                                     
    Check : min_pulse_width (clocktree)       N/A    N/A     0  
    Check : min_pulse_width (endpoints)   209.519  0.000     0  
    Check : max_skew                          N/A    N/A     0  
    Check : min_period                        N/A    N/A     0  
                                                                
#---------------------------------------------------------------
 
