================================================================================
                            Verification Report
--------------------------------------------------------------------------------
Category                                                                  Count
--------------------------------------------------------------------------------
1. Non-standard modeling options used:                                      0
--------------------------------------------------------------------------------
2. Incomplete verification:                                                 0
--------------------------------------------------------------------------------
3. User modification to design:                                             0
--------------------------------------------------------------------------------
4. Conformal Constraint Designer clock domain crossing checks recommended:  0
--------------------------------------------------------------------------------
5. Design ambiguity:                                                        0
--------------------------------------------------------------------------------
6. Compare Results:                                                        PASS
================================================================================

Mapping and compare statistics
================================================================================
                     Compare Result       Golden            Revised
--------------------------------------------------------------------------------
Root module name                          top               top               

Primary inputs                               133                133
   Mapped                                    133                133

Primary outputs                               67                 67
   Mapped                                     67                 67
      Equivalent                 67

State key points                             332                332
   Mapped                                    332                332
      Equivalent                332
================================================================================

There is no unmapped point

Compared points are: Equivalent (reachable)
  (G) + 134   PO   /data_out[63]
  (R) + 134   PO   /data_out[63]

Compared points are: Equivalent (reachable)
  (G) + 135   PO   /data_out[62]
  (R) + 135   PO   /data_out[62]

Compared points are: Equivalent (reachable)
  (G) + 136   PO   /data_out[61]
  (R) + 136   PO   /data_out[61]

Compared points are: Equivalent (reachable)
  (G) + 137   PO   /data_out[60]
  (R) + 137   PO   /data_out[60]

Compared points are: Equivalent (reachable)
  (G) + 138   PO   /data_out[59]
  (R) + 138   PO   /data_out[59]

Compared points are: Equivalent (reachable)
  (G) + 139   PO   /data_out[58]
  (R) + 139   PO   /data_out[58]

Compared points are: Equivalent (reachable)
  (G) + 140   PO   /data_out[57]
  (R) + 140   PO   /data_out[57]

Compared points are: Equivalent (reachable)
  (G) + 141   PO   /data_out[56]
  (R) + 141   PO   /data_out[56]

Compared points are: Equivalent (reachable)
  (G) + 142   PO   /data_out[55]
  (R) + 142   PO   /data_out[55]

Compared points are: Equivalent (reachable)
  (G) + 143   PO   /data_out[54]
  (R) + 143   PO   /data_out[54]

Compared points are: Equivalent (reachable)
  (G) + 144   PO   /data_out[53]
  (R) + 144   PO   /data_out[53]

Compared points are: Equivalent (reachable)
  (G) + 145   PO   /data_out[52]
  (R) + 145   PO   /data_out[52]

Compared points are: Equivalent (reachable)
  (G) + 146   PO   /data_out[51]
  (R) + 146   PO   /data_out[51]

Compared points are: Equivalent (reachable)
  (G) + 147   PO   /data_out[50]
  (R) + 147   PO   /data_out[50]

Compared points are: Equivalent (reachable)
  (G) + 148   PO   /data_out[49]
  (R) + 148   PO   /data_out[49]

Compared points are: Equivalent (reachable)
  (G) + 149   PO   /data_out[48]
  (R) + 149   PO   /data_out[48]

Compared points are: Equivalent (reachable)
  (G) + 150   PO   /data_out[47]
  (R) + 150   PO   /data_out[47]

Compared points are: Equivalent (reachable)
  (G) + 151   PO   /data_out[46]
  (R) + 151   PO   /data_out[46]

Compared points are: Equivalent (reachable)
  (G) + 152   PO   /data_out[45]
  (R) + 152   PO   /data_out[45]

Compared points are: Equivalent (reachable)
  (G) + 153   PO   /data_out[44]
  (R) + 153   PO   /data_out[44]

Compared points are: Equivalent (reachable)
  (G) + 154   PO   /data_out[43]
  (R) + 154   PO   /data_out[43]

Compared points are: Equivalent (reachable)
  (G) + 155   PO   /data_out[42]
  (R) + 155   PO   /data_out[42]

Compared points are: Equivalent (reachable)
  (G) + 156   PO   /data_out[41]
  (R) + 156   PO   /data_out[41]

Compared points are: Equivalent (reachable)
  (G) + 157   PO   /data_out[40]
  (R) + 157   PO   /data_out[40]

Compared points are: Equivalent (reachable)
  (G) + 158   PO   /data_out[39]
  (R) + 158   PO   /data_out[39]

Compared points are: Equivalent (reachable)
  (G) + 159   PO   /data_out[38]
  (R) + 159   PO   /data_out[38]

Compared points are: Equivalent (reachable)
  (G) + 160   PO   /data_out[37]
  (R) + 160   PO   /data_out[37]

Compared points are: Equivalent (reachable)
  (G) + 161   PO   /data_out[36]
  (R) + 161   PO   /data_out[36]

Compared points are: Equivalent (reachable)
  (G) + 162   PO   /data_out[35]
  (R) + 162   PO   /data_out[35]

Compared points are: Equivalent (reachable)
  (G) + 163   PO   /data_out[34]
  (R) + 163   PO   /data_out[34]

Compared points are: Equivalent (reachable)
  (G) + 164   PO   /data_out[33]
  (R) + 164   PO   /data_out[33]

Compared points are: Equivalent (reachable)
  (G) + 165   PO   /data_out[32]
  (R) + 165   PO   /data_out[32]

Compared points are: Equivalent (reachable)
  (G) + 166   PO   /data_out[31]
  (R) + 166   PO   /data_out[31]

Compared points are: Equivalent (reachable)
  (G) + 167   PO   /data_out[30]
  (R) + 167   PO   /data_out[30]

Compared points are: Equivalent (reachable)
  (G) + 168   PO   /data_out[29]
  (R) + 168   PO   /data_out[29]

Compared points are: Equivalent (reachable)
  (G) + 169   PO   /data_out[28]
  (R) + 169   PO   /data_out[28]

Compared points are: Equivalent (reachable)
  (G) + 170   PO   /data_out[27]
  (R) + 170   PO   /data_out[27]

Compared points are: Equivalent (reachable)
  (G) + 171   PO   /data_out[26]
  (R) + 171   PO   /data_out[26]

Compared points are: Equivalent (reachable)
  (G) + 172   PO   /data_out[25]
  (R) + 172   PO   /data_out[25]

Compared points are: Equivalent (reachable)
  (G) + 173   PO   /data_out[24]
  (R) + 173   PO   /data_out[24]

Compared points are: Equivalent (reachable)
  (G) + 174   PO   /data_out[23]
  (R) + 174   PO   /data_out[23]

Compared points are: Equivalent (reachable)
  (G) + 175   PO   /data_out[22]
  (R) + 175   PO   /data_out[22]

Compared points are: Equivalent (reachable)
  (G) + 176   PO   /data_out[21]
  (R) + 176   PO   /data_out[21]

Compared points are: Equivalent (reachable)
  (G) + 177   PO   /data_out[20]
  (R) + 177   PO   /data_out[20]

Compared points are: Equivalent (reachable)
  (G) + 178   PO   /data_out[19]
  (R) + 178   PO   /data_out[19]

Compared points are: Equivalent (reachable)
  (G) + 179   PO   /data_out[18]
  (R) + 179   PO   /data_out[18]

Compared points are: Equivalent (reachable)
  (G) + 180   PO   /data_out[17]
  (R) + 180   PO   /data_out[17]

Compared points are: Equivalent (reachable)
  (G) + 181   PO   /data_out[16]
  (R) + 181   PO   /data_out[16]

Compared points are: Equivalent (reachable)
  (G) + 182   PO   /data_out[15]
  (R) + 182   PO   /data_out[15]

Compared points are: Equivalent (reachable)
  (G) + 183   PO   /data_out[14]
  (R) + 183   PO   /data_out[14]

Compared points are: Equivalent (reachable)
  (G) + 184   PO   /data_out[13]
  (R) + 184   PO   /data_out[13]

Compared points are: Equivalent (reachable)
  (G) + 185   PO   /data_out[12]
  (R) + 185   PO   /data_out[12]

Compared points are: Equivalent (reachable)
  (G) + 186   PO   /data_out[11]
  (R) + 186   PO   /data_out[11]

Compared points are: Equivalent (reachable)
  (G) + 187   PO   /data_out[10]
  (R) + 187   PO   /data_out[10]

Compared points are: Equivalent (reachable)
  (G) + 188   PO   /data_out[9]
  (R) + 188   PO   /data_out[9]

Compared points are: Equivalent (reachable)
  (G) + 189   PO   /data_out[8]
  (R) + 189   PO   /data_out[8]

Compared points are: Equivalent (reachable)
  (G) + 190   PO   /data_out[7]
  (R) + 190   PO   /data_out[7]

Compared points are: Equivalent (reachable)
  (G) + 191   PO   /data_out[6]
  (R) + 191   PO   /data_out[6]

Compared points are: Equivalent (reachable)
  (G) + 192   PO   /data_out[5]
  (R) + 192   PO   /data_out[5]

Compared points are: Equivalent (reachable)
  (G) + 193   PO   /data_out[4]
  (R) + 193   PO   /data_out[4]

Compared points are: Equivalent (reachable)
  (G) + 194   PO   /data_out[3]
  (R) + 194   PO   /data_out[3]

Compared points are: Equivalent (reachable)
  (G) + 195   PO   /data_out[2]
  (R) + 195   PO   /data_out[2]

Compared points are: Equivalent (reachable)
  (G) + 196   PO   /data_out[1]
  (R) + 196   PO   /data_out[1]

Compared points are: Equivalent (reachable)
  (G) + 197   PO   /data_out[0]
  (R) + 197   PO   /data_out[0]

Compared points are: Equivalent (reachable)
  (G) + 198   PO   /data_valid
  (R) + 198   PO   /data_valid

Compared points are: Equivalent (reachable)
  (G) + 199   PO   /key_valid
  (R) + 199   PO   /key_valid

Compared points are: Equivalent (reachable)
  (G) + 200   PO   /busy
  (R) + 200   PO   /busy

Compared points are: Equivalent (reachable)
  (G) + 201   DFF  /key_sched_K_reg_reg[0]/U$1
  (R) + 201   DFF  /key_sched_K_reg_reg[0]/U$1

Compared points are: Equivalent (reachable)
  (G) + 202   DFF  /key_sched_K_reg_reg[1]/U$1
  (R) + 202   DFF  /key_sched_K_reg_reg[1]/U$1

Compared points are: Equivalent (reachable)
  (G) + 203   DFF  /key_sched_K_reg_reg[2]/U$1
  (R) + 203   DFF  /key_sched_K_reg_reg[2]/U$1

Compared points are: Equivalent (reachable)
  (G) + 204   DFF  /key_sched_K_reg_reg[3]/U$1
  (R) + 204   DFF  /key_sched_K_reg_reg[3]/U$1

Compared points are: Equivalent (reachable)
  (G) + 205   DFF  /key_sched_K_reg_reg[4]/U$1
  (R) + 205   DFF  /key_sched_K_reg_reg[4]/U$1

Compared points are: Equivalent (reachable)
  (G) + 206   DFF  /key_sched_K_reg_reg[5]/U$1
  (R) + 206   DFF  /key_sched_K_reg_reg[5]/U$1

Compared points are: Equivalent (reachable)
  (G) + 207   DFF  /key_sched_K_reg_reg[6]/U$1
  (R) + 207   DFF  /key_sched_K_reg_reg[6]/U$1

Compared points are: Equivalent (reachable)
  (G) + 208   DFF  /key_sched_K_reg_reg[7]/U$1
  (R) + 208   DFF  /key_sched_K_reg_reg[7]/U$1

Compared points are: Equivalent (reachable)
  (G) + 209   DFF  /key_sched_K_reg_reg[8]/U$1
  (R) + 209   DFF  /key_sched_K_reg_reg[8]/U$1

Compared points are: Equivalent (reachable)
  (G) + 210   DFF  /key_sched_K_reg_reg[9]/U$1
  (R) + 210   DFF  /key_sched_K_reg_reg[9]/U$1

Compared points are: Equivalent (reachable)
  (G) + 211   DFF  /key_sched_K_reg_reg[10]/U$1
  (R) + 211   DFF  /key_sched_K_reg_reg[10]/U$1

Compared points are: Equivalent (reachable)
  (G) + 212   DFF  /key_sched_K_reg_reg[11]/U$1
  (R) + 212   DFF  /key_sched_K_reg_reg[11]/U$1

Compared points are: Equivalent (reachable)
  (G) + 213   DFF  /key_sched_K_reg_reg[12]/U$1
  (R) + 213   DFF  /key_sched_K_reg_reg[12]/U$1

Compared points are: Equivalent (reachable)
  (G) + 214   DFF  /key_sched_K_reg_reg[13]/U$1
  (R) + 214   DFF  /key_sched_K_reg_reg[13]/U$1

Compared points are: Equivalent (reachable)
  (G) + 215   DFF  /key_sched_K_reg_reg[14]/U$1
  (R) + 215   DFF  /key_sched_K_reg_reg[14]/U$1

Compared points are: Equivalent (reachable)
  (G) + 216   DFF  /key_sched_K_reg_reg[15]/U$1
  (R) + 216   DFF  /key_sched_K_reg_reg[15]/U$1

Compared points are: Equivalent (reachable)
  (G) + 217   DFF  /key_sched_K_reg_reg[16]/U$1
  (R) + 217   DFF  /key_sched_K_reg_reg[16]/U$1

Compared points are: Equivalent (reachable)
  (G) + 218   DFF  /key_sched_K_reg_reg[17]/U$1
  (R) + 218   DFF  /key_sched_K_reg_reg[17]/U$1

Compared points are: Equivalent (reachable)
  (G) + 219   DFF  /key_sched_K_reg_reg[18]/U$1
  (R) + 219   DFF  /key_sched_K_reg_reg[18]/U$1

Compared points are: Equivalent (reachable)
  (G) + 220   DFF  /key_sched_K_reg_reg[19]/U$1
  (R) + 220   DFF  /key_sched_K_reg_reg[19]/U$1

Compared points are: Equivalent (reachable)
  (G) + 221   DFF  /key_sched_K_reg_reg[20]/U$1
  (R) + 221   DFF  /key_sched_K_reg_reg[20]/U$1

Compared points are: Equivalent (reachable)
  (G) + 222   DFF  /key_sched_K_reg_reg[21]/U$1
  (R) + 222   DFF  /key_sched_K_reg_reg[21]/U$1

Compared points are: Equivalent (reachable)
  (G) + 223   DFF  /key_sched_K_reg_reg[22]/U$1
  (R) + 223   DFF  /key_sched_K_reg_reg[22]/U$1

Compared points are: Equivalent (reachable)
  (G) + 224   DFF  /key_sched_K_reg_reg[23]/U$1
  (R) + 224   DFF  /key_sched_K_reg_reg[23]/U$1

Compared points are: Equivalent (reachable)
  (G) + 225   DFF  /key_sched_K_reg_reg[24]/U$1
  (R) + 225   DFF  /key_sched_K_reg_reg[24]/U$1

Compared points are: Equivalent (reachable)
  (G) + 226   DFF  /key_sched_K_reg_reg[25]/U$1
  (R) + 226   DFF  /key_sched_K_reg_reg[25]/U$1

Compared points are: Equivalent (reachable)
  (G) + 227   DFF  /key_sched_K_reg_reg[26]/U$1
  (R) + 227   DFF  /key_sched_K_reg_reg[26]/U$1

Compared points are: Equivalent (reachable)
  (G) + 228   DFF  /key_sched_K_reg_reg[27]/U$1
  (R) + 228   DFF  /key_sched_K_reg_reg[27]/U$1

Compared points are: Equivalent (reachable)
  (G) + 229   DFF  /key_sched_K_reg_reg[28]/U$1
  (R) + 229   DFF  /key_sched_K_reg_reg[28]/U$1

Compared points are: Equivalent (reachable)
  (G) + 230   DFF  /key_sched_K_reg_reg[29]/U$1
  (R) + 230   DFF  /key_sched_K_reg_reg[29]/U$1

Compared points are: Equivalent (reachable)
  (G) + 231   DFF  /key_sched_K_reg_reg[30]/U$1
  (R) + 231   DFF  /key_sched_K_reg_reg[30]/U$1

Compared points are: Equivalent (reachable)
  (G) + 232   DFF  /key_sched_K_reg_reg[31]/U$1
  (R) + 232   DFF  /key_sched_K_reg_reg[31]/U$1

Compared points are: Equivalent (reachable)
  (G) + 233   DFF  /key_sched_K_reg_reg[32]/U$1
  (R) + 233   DFF  /key_sched_K_reg_reg[32]/U$1

Compared points are: Equivalent (reachable)
  (G) + 234   DFF  /key_sched_K_reg_reg[33]/U$1
  (R) + 234   DFF  /key_sched_K_reg_reg[33]/U$1

Compared points are: Equivalent (reachable)
  (G) + 235   DFF  /key_sched_K_reg_reg[34]/U$1
  (R) + 235   DFF  /key_sched_K_reg_reg[34]/U$1

Compared points are: Equivalent (reachable)
  (G) + 236   DFF  /key_sched_K_reg_reg[35]/U$1
  (R) + 236   DFF  /key_sched_K_reg_reg[35]/U$1

Compared points are: Equivalent (reachable)
  (G) + 237   DFF  /key_sched_K_reg_reg[36]/U$1
  (R) + 237   DFF  /key_sched_K_reg_reg[36]/U$1

Compared points are: Equivalent (reachable)
  (G) + 238   DFF  /key_sched_K_reg_reg[37]/U$1
  (R) + 238   DFF  /key_sched_K_reg_reg[37]/U$1

Compared points are: Equivalent (reachable)
  (G) + 239   DFF  /key_sched_K_reg_reg[38]/U$1
  (R) + 239   DFF  /key_sched_K_reg_reg[38]/U$1

Compared points are: Equivalent (reachable)
  (G) + 240   DFF  /key_sched_K_reg_reg[39]/U$1
  (R) + 240   DFF  /key_sched_K_reg_reg[39]/U$1

Compared points are: Equivalent (reachable)
  (G) + 241   DFF  /key_sched_K_reg_reg[40]/U$1
  (R) + 241   DFF  /key_sched_K_reg_reg[40]/U$1

Compared points are: Equivalent (reachable)
  (G) + 242   DFF  /key_sched_K_reg_reg[41]/U$1
  (R) + 242   DFF  /key_sched_K_reg_reg[41]/U$1

Compared points are: Equivalent (reachable)
  (G) + 243   DFF  /key_sched_K_reg_reg[42]/U$1
  (R) + 243   DFF  /key_sched_K_reg_reg[42]/U$1

Compared points are: Equivalent (reachable)
  (G) + 244   DFF  /key_sched_K_reg_reg[43]/U$1
  (R) + 244   DFF  /key_sched_K_reg_reg[43]/U$1

Compared points are: Equivalent (reachable)
  (G) + 245   DFF  /key_sched_K_reg_reg[44]/U$1
  (R) + 245   DFF  /key_sched_K_reg_reg[44]/U$1

Compared points are: Equivalent (reachable)
  (G) + 246   DFF  /key_sched_K_reg_reg[45]/U$1
  (R) + 246   DFF  /key_sched_K_reg_reg[45]/U$1

Compared points are: Equivalent (reachable)
  (G) + 247   DFF  /key_sched_K_reg_reg[46]/U$1
  (R) + 247   DFF  /key_sched_K_reg_reg[46]/U$1

Compared points are: Equivalent (reachable)
  (G) + 248   DFF  /key_sched_K_reg_reg[47]/U$1
  (R) + 248   DFF  /key_sched_K_reg_reg[47]/U$1

Compared points are: Equivalent (reachable)
  (G) + 249   DFF  /key_sched_K_reg_reg[48]/U$1
  (R) + 249   DFF  /key_sched_K_reg_reg[48]/U$1

Compared points are: Equivalent (reachable)
  (G) + 250   DFF  /key_sched_K_reg_reg[49]/U$1
  (R) + 250   DFF  /key_sched_K_reg_reg[49]/U$1

Compared points are: Equivalent (reachable)
  (G) + 251   DFF  /key_sched_K_reg_reg[50]/U$1
  (R) + 251   DFF  /key_sched_K_reg_reg[50]/U$1

Compared points are: Equivalent (reachable)
  (G) + 252   DFF  /key_sched_K_reg_reg[51]/U$1
  (R) + 252   DFF  /key_sched_K_reg_reg[51]/U$1

Compared points are: Equivalent (reachable)
  (G) + 253   DFF  /key_sched_K_reg_reg[52]/U$1
  (R) + 253   DFF  /key_sched_K_reg_reg[52]/U$1

Compared points are: Equivalent (reachable)
  (G) + 254   DFF  /key_sched_K_reg_reg[53]/U$1
  (R) + 254   DFF  /key_sched_K_reg_reg[53]/U$1

Compared points are: Equivalent (reachable)
  (G) + 255   DFF  /key_sched_K_reg_reg[54]/U$1
  (R) + 255   DFF  /key_sched_K_reg_reg[54]/U$1

Compared points are: Equivalent (reachable)
  (G) + 256   DFF  /key_sched_K_reg_reg[55]/U$1
  (R) + 256   DFF  /key_sched_K_reg_reg[55]/U$1

Compared points are: Equivalent (reachable)
  (G) + 257   DFF  /key_sched_K_reg_reg[56]/U$1
  (R) + 257   DFF  /key_sched_K_reg_reg[56]/U$1

Compared points are: Equivalent (reachable)
  (G) + 258   DFF  /key_sched_K_reg_reg[57]/U$1
  (R) + 258   DFF  /key_sched_K_reg_reg[57]/U$1

Compared points are: Equivalent (reachable)
  (G) + 259   DFF  /key_sched_K_reg_reg[58]/U$1
  (R) + 259   DFF  /key_sched_K_reg_reg[58]/U$1

Compared points are: Equivalent (reachable)
  (G) + 260   DFF  /key_sched_K_reg_reg[59]/U$1
  (R) + 260   DFF  /key_sched_K_reg_reg[59]/U$1

Compared points are: Equivalent (reachable)
  (G) + 261   DFF  /key_sched_K_reg_reg[60]/U$1
  (R) + 261   DFF  /key_sched_K_reg_reg[60]/U$1

Compared points are: Equivalent (reachable)
  (G) + 262   DFF  /key_sched_K_reg_reg[61]/U$1
  (R) + 262   DFF  /key_sched_K_reg_reg[61]/U$1

Compared points are: Equivalent (reachable)
  (G) + 263   DFF  /key_sched_K_reg_reg[62]/U$1
  (R) + 263   DFF  /key_sched_K_reg_reg[62]/U$1

Compared points are: Equivalent (reachable)
  (G) + 264   DFF  /key_sched_K_reg_reg[63]/U$1
  (R) + 264   DFF  /key_sched_K_reg_reg[63]/U$1

Compared points are: Equivalent (reachable)
  (G) + 265   DFF  /key_sched_K_reg_reg[64]/U$1
  (R) + 265   DFF  /key_sched_K_reg_reg[64]/U$1

Compared points are: Equivalent (reachable)
  (G) + 266   DFF  /key_sched_K_reg_reg[65]/U$1
  (R) + 266   DFF  /key_sched_K_reg_reg[65]/U$1

Compared points are: Equivalent (reachable)
  (G) + 267   DFF  /key_sched_K_reg_reg[66]/U$1
  (R) + 267   DFF  /key_sched_K_reg_reg[66]/U$1

Compared points are: Equivalent (reachable)
  (G) + 268   DFF  /key_sched_K_reg_reg[67]/U$1
  (R) + 268   DFF  /key_sched_K_reg_reg[67]/U$1

Compared points are: Equivalent (reachable)
  (G) + 269   DFF  /key_sched_K_reg_reg[68]/U$1
  (R) + 269   DFF  /key_sched_K_reg_reg[68]/U$1

Compared points are: Equivalent (reachable)
  (G) + 270   DFF  /key_sched_K_reg_reg[69]/U$1
  (R) + 270   DFF  /key_sched_K_reg_reg[69]/U$1

Compared points are: Equivalent (reachable)
  (G) + 271   DFF  /key_sched_K_reg_reg[70]/U$1
  (R) + 271   DFF  /key_sched_K_reg_reg[70]/U$1

Compared points are: Equivalent (reachable)
  (G) + 272   DFF  /key_sched_K_reg_reg[71]/U$1
  (R) + 272   DFF  /key_sched_K_reg_reg[71]/U$1

Compared points are: Equivalent (reachable)
  (G) + 273   DFF  /key_sched_K_reg_reg[72]/U$1
  (R) + 273   DFF  /key_sched_K_reg_reg[72]/U$1

Compared points are: Equivalent (reachable)
  (G) + 274   DFF  /key_sched_K_reg_reg[73]/U$1
  (R) + 274   DFF  /key_sched_K_reg_reg[73]/U$1

Compared points are: Equivalent (reachable)
  (G) + 275   DFF  /key_sched_K_reg_reg[74]/U$1
  (R) + 275   DFF  /key_sched_K_reg_reg[74]/U$1

Compared points are: Equivalent (reachable)
  (G) + 276   DFF  /key_sched_K_reg_reg[75]/U$1
  (R) + 276   DFF  /key_sched_K_reg_reg[75]/U$1

Compared points are: Equivalent (reachable)
  (G) + 277   DFF  /key_sched_K_reg_reg[76]/U$1
  (R) + 277   DFF  /key_sched_K_reg_reg[76]/U$1

Compared points are: Equivalent (reachable)
  (G) + 278   DFF  /key_sched_K_reg_reg[77]/U$1
  (R) + 278   DFF  /key_sched_K_reg_reg[77]/U$1

Compared points are: Equivalent (reachable)
  (G) + 279   DFF  /key_sched_K_reg_reg[78]/U$1
  (R) + 279   DFF  /key_sched_K_reg_reg[78]/U$1

Compared points are: Equivalent (reachable)
  (G) + 280   DFF  /key_sched_K_reg_reg[79]/U$1
  (R) + 280   DFF  /key_sched_K_reg_reg[79]/U$1

Compared points are: Equivalent (reachable)
  (G) + 281   DFF  /key_sched_K_reg_reg[80]/U$1
  (R) + 281   DFF  /key_sched_K_reg_reg[80]/U$1

Compared points are: Equivalent (reachable)
  (G) + 282   DFF  /key_sched_K_reg_reg[81]/U$1
  (R) + 282   DFF  /key_sched_K_reg_reg[81]/U$1

Compared points are: Equivalent (reachable)
  (G) + 283   DFF  /key_sched_K_reg_reg[82]/U$1
  (R) + 283   DFF  /key_sched_K_reg_reg[82]/U$1

Compared points are: Equivalent (reachable)
  (G) + 284   DFF  /key_sched_K_reg_reg[83]/U$1
  (R) + 284   DFF  /key_sched_K_reg_reg[83]/U$1

Compared points are: Equivalent (reachable)
  (G) + 285   DFF  /key_sched_K_reg_reg[84]/U$1
  (R) + 285   DFF  /key_sched_K_reg_reg[84]/U$1

Compared points are: Equivalent (reachable)
  (G) + 286   DFF  /key_sched_K_reg_reg[85]/U$1
  (R) + 286   DFF  /key_sched_K_reg_reg[85]/U$1

Compared points are: Equivalent (reachable)
  (G) + 287   DFF  /key_sched_K_reg_reg[86]/U$1
  (R) + 287   DFF  /key_sched_K_reg_reg[86]/U$1

Compared points are: Equivalent (reachable)
  (G) + 288   DFF  /key_sched_K_reg_reg[87]/U$1
  (R) + 288   DFF  /key_sched_K_reg_reg[87]/U$1

Compared points are: Equivalent (reachable)
  (G) + 289   DFF  /key_sched_K_reg_reg[88]/U$1
  (R) + 289   DFF  /key_sched_K_reg_reg[88]/U$1

Compared points are: Equivalent (reachable)
  (G) + 290   DFF  /key_sched_K_reg_reg[89]/U$1
  (R) + 290   DFF  /key_sched_K_reg_reg[89]/U$1

Compared points are: Equivalent (reachable)
  (G) + 291   DFF  /key_sched_K_reg_reg[90]/U$1
  (R) + 291   DFF  /key_sched_K_reg_reg[90]/U$1

Compared points are: Equivalent (reachable)
  (G) + 292   DFF  /key_sched_K_reg_reg[91]/U$1
  (R) + 292   DFF  /key_sched_K_reg_reg[91]/U$1

Compared points are: Equivalent (reachable)
  (G) + 293   DFF  /key_sched_K_reg_reg[92]/U$1
  (R) + 293   DFF  /key_sched_K_reg_reg[92]/U$1

Compared points are: Equivalent (reachable)
  (G) + 294   DFF  /key_sched_K_reg_reg[93]/U$1
  (R) + 294   DFF  /key_sched_K_reg_reg[93]/U$1

Compared points are: Equivalent (reachable)
  (G) + 295   DFF  /key_sched_K_reg_reg[94]/U$1
  (R) + 295   DFF  /key_sched_K_reg_reg[94]/U$1

Compared points are: Equivalent (reachable)
  (G) + 296   DFF  /key_sched_K_reg_reg[95]/U$1
  (R) + 296   DFF  /key_sched_K_reg_reg[95]/U$1

Compared points are: Equivalent (reachable)
  (G) + 297   DFF  /key_sched_K_reg_reg[96]/U$1
  (R) + 297   DFF  /key_sched_K_reg_reg[96]/U$1

Compared points are: Equivalent (reachable)
  (G) + 298   DFF  /key_sched_K_reg_reg[97]/U$1
  (R) + 298   DFF  /key_sched_K_reg_reg[97]/U$1

Compared points are: Equivalent (reachable)
  (G) + 299   DFF  /key_sched_K_reg_reg[98]/U$1
  (R) + 299   DFF  /key_sched_K_reg_reg[98]/U$1

Compared points are: Equivalent (reachable)
  (G) + 300   DFF  /key_sched_K_reg_reg[99]/U$1
  (R) + 300   DFF  /key_sched_K_reg_reg[99]/U$1

Compared points are: Equivalent (reachable)
  (G) + 301   DFF  /key_sched_K_reg_reg[100]/U$1
  (R) + 301   DFF  /key_sched_K_reg_reg[100]/U$1

Compared points are: Equivalent (reachable)
  (G) + 302   DFF  /key_sched_K_reg_reg[101]/U$1
  (R) + 302   DFF  /key_sched_K_reg_reg[101]/U$1

Compared points are: Equivalent (reachable)
  (G) + 303   DFF  /key_sched_K_reg_reg[102]/U$1
  (R) + 303   DFF  /key_sched_K_reg_reg[102]/U$1

Compared points are: Equivalent (reachable)
  (G) + 304   DFF  /key_sched_K_reg_reg[103]/U$1
  (R) + 304   DFF  /key_sched_K_reg_reg[103]/U$1

Compared points are: Equivalent (reachable)
  (G) + 305   DFF  /key_sched_K_reg_reg[104]/U$1
  (R) + 305   DFF  /key_sched_K_reg_reg[104]/U$1

Compared points are: Equivalent (reachable)
  (G) + 306   DFF  /key_sched_K_reg_reg[105]/U$1
  (R) + 306   DFF  /key_sched_K_reg_reg[105]/U$1

Compared points are: Equivalent (reachable)
  (G) + 307   DFF  /key_sched_K_reg_reg[106]/U$1
  (R) + 307   DFF  /key_sched_K_reg_reg[106]/U$1

Compared points are: Equivalent (reachable)
  (G) + 308   DFF  /key_sched_K_reg_reg[107]/U$1
  (R) + 308   DFF  /key_sched_K_reg_reg[107]/U$1

Compared points are: Equivalent (reachable)
  (G) + 309   DFF  /key_sched_K_reg_reg[108]/U$1
  (R) + 309   DFF  /key_sched_K_reg_reg[108]/U$1

Compared points are: Equivalent (reachable)
  (G) + 310   DFF  /key_sched_K_reg_reg[109]/U$1
  (R) + 310   DFF  /key_sched_K_reg_reg[109]/U$1

Compared points are: Equivalent (reachable)
  (G) + 311   DFF  /key_sched_K_reg_reg[110]/U$1
  (R) + 311   DFF  /key_sched_K_reg_reg[110]/U$1

Compared points are: Equivalent (reachable)
  (G) + 312   DFF  /key_sched_K_reg_reg[111]/U$1
  (R) + 312   DFF  /key_sched_K_reg_reg[111]/U$1

Compared points are: Equivalent (reachable)
  (G) + 313   DFF  /key_sched_K_reg_reg[112]/U$1
  (R) + 313   DFF  /key_sched_K_reg_reg[112]/U$1

Compared points are: Equivalent (reachable)
  (G) + 314   DFF  /key_sched_K_reg_reg[113]/U$1
  (R) + 314   DFF  /key_sched_K_reg_reg[113]/U$1

Compared points are: Equivalent (reachable)
  (G) + 315   DFF  /key_sched_K_reg_reg[114]/U$1
  (R) + 315   DFF  /key_sched_K_reg_reg[114]/U$1

Compared points are: Equivalent (reachable)
  (G) + 316   DFF  /key_sched_K_reg_reg[115]/U$1
  (R) + 316   DFF  /key_sched_K_reg_reg[115]/U$1

Compared points are: Equivalent (reachable)
  (G) + 317   DFF  /key_sched_K_reg_reg[116]/U$1
  (R) + 317   DFF  /key_sched_K_reg_reg[116]/U$1

Compared points are: Equivalent (reachable)
  (G) + 318   DFF  /key_sched_K_reg_reg[117]/U$1
  (R) + 318   DFF  /key_sched_K_reg_reg[117]/U$1

Compared points are: Equivalent (reachable)
  (G) + 319   DFF  /key_sched_K_reg_reg[118]/U$1
  (R) + 319   DFF  /key_sched_K_reg_reg[118]/U$1

Compared points are: Equivalent (reachable)
  (G) + 320   DFF  /key_sched_K_reg_reg[119]/U$1
  (R) + 320   DFF  /key_sched_K_reg_reg[119]/U$1

Compared points are: Equivalent (reachable)
  (G) + 321   DFF  /key_sched_K_reg_reg[120]/U$1
  (R) + 321   DFF  /key_sched_K_reg_reg[120]/U$1

Compared points are: Equivalent (reachable)
  (G) + 322   DFF  /key_sched_K_reg_reg[121]/U$1
  (R) + 322   DFF  /key_sched_K_reg_reg[121]/U$1

Compared points are: Equivalent (reachable)
  (G) + 323   DFF  /key_sched_K_reg_reg[122]/U$1
  (R) + 323   DFF  /key_sched_K_reg_reg[122]/U$1

Compared points are: Equivalent (reachable)
  (G) + 324   DFF  /key_sched_K_reg_reg[123]/U$1
  (R) + 324   DFF  /key_sched_K_reg_reg[123]/U$1

Compared points are: Equivalent (reachable)
  (G) + 325   DFF  /key_sched_K_reg_reg[124]/U$1
  (R) + 325   DFF  /key_sched_K_reg_reg[124]/U$1

Compared points are: Equivalent (reachable)
  (G) + 326   DFF  /key_sched_K_reg_reg[125]/U$1
  (R) + 326   DFF  /key_sched_K_reg_reg[125]/U$1

Compared points are: Equivalent (reachable)
  (G) + 327   DFF  /key_sched_K_reg_reg[126]/U$1
  (R) + 327   DFF  /key_sched_K_reg_reg[126]/U$1

Compared points are: Equivalent (reachable)
  (G) + 328   DFF  /key_sched_K_reg_reg[127]/U$1
  (R) + 328   DFF  /key_sched_K_reg_reg[127]/U$1

Compared points are: Equivalent (reachable)
  (G) + 329   DFF  /key_sched_Kp_reg_reg[0]/U$1
  (R) + 329   DFF  /key_sched_Kp_reg_reg[0]/U$1

Compared points are: Equivalent (reachable)
  (G) + 330   DFF  /key_sched_Kp_reg_reg[1]/U$1
  (R) + 330   DFF  /key_sched_Kp_reg_reg[1]/U$1

Compared points are: Equivalent (reachable)
  (G) + 331   DFF  /key_sched_Kp_reg_reg[2]/U$1
  (R) + 331   DFF  /key_sched_Kp_reg_reg[2]/U$1

Compared points are: Equivalent (reachable)
  (G) + 332   DFF  /key_sched_Kp_reg_reg[3]/U$1
  (R) + 332   DFF  /key_sched_Kp_reg_reg[3]/U$1

Compared points are: Equivalent (reachable)
  (G) + 333   DFF  /key_sched_Kp_reg_reg[4]/U$1
  (R) + 333   DFF  /key_sched_Kp_reg_reg[4]/U$1

Compared points are: Equivalent (reachable)
  (G) + 334   DFF  /key_sched_Kp_reg_reg[5]/U$1
  (R) + 334   DFF  /key_sched_Kp_reg_reg[5]/U$1

Compared points are: Equivalent (reachable)
  (G) + 335   DFF  /key_sched_Kp_reg_reg[6]/U$1
  (R) + 335   DFF  /key_sched_Kp_reg_reg[6]/U$1

Compared points are: Equivalent (reachable)
  (G) + 336   DFF  /key_sched_Kp_reg_reg[7]/U$1
  (R) + 336   DFF  /key_sched_Kp_reg_reg[7]/U$1

Compared points are: Equivalent (reachable)
  (G) + 337   DFF  /key_sched_Kp_reg_reg[8]/U$1
  (R) + 337   DFF  /key_sched_Kp_reg_reg[8]/U$1

Compared points are: Equivalent (reachable)
  (G) + 338   DFF  /key_sched_Kp_reg_reg[9]/U$1
  (R) + 338   DFF  /key_sched_Kp_reg_reg[9]/U$1

Compared points are: Equivalent (reachable)
  (G) + 339   DFF  /key_sched_Kp_reg_reg[10]/U$1
  (R) + 339   DFF  /key_sched_Kp_reg_reg[10]/U$1

Compared points are: Equivalent (reachable)
  (G) + 340   DFF  /key_sched_Kp_reg_reg[11]/U$1
  (R) + 340   DFF  /key_sched_Kp_reg_reg[11]/U$1

Compared points are: Equivalent (reachable)
  (G) + 341   DFF  /key_sched_Kp_reg_reg[12]/U$1
  (R) + 341   DFF  /key_sched_Kp_reg_reg[12]/U$1

Compared points are: Equivalent (reachable)
  (G) + 342   DFF  /key_sched_Kp_reg_reg[13]/U$1
  (R) + 342   DFF  /key_sched_Kp_reg_reg[13]/U$1

Compared points are: Equivalent (reachable)
  (G) + 343   DFF  /key_sched_Kp_reg_reg[14]/U$1
  (R) + 343   DFF  /key_sched_Kp_reg_reg[14]/U$1

Compared points are: Equivalent (reachable)
  (G) + 344   DFF  /key_sched_Kp_reg_reg[15]/U$1
  (R) + 344   DFF  /key_sched_Kp_reg_reg[15]/U$1

Compared points are: Equivalent (reachable)
  (G) + 345   DFF  /key_sched_Kp_reg_reg[16]/U$1
  (R) + 345   DFF  /key_sched_Kp_reg_reg[16]/U$1

Compared points are: Equivalent (reachable)
  (G) + 346   DFF  /key_sched_Kp_reg_reg[17]/U$1
  (R) + 346   DFF  /key_sched_Kp_reg_reg[17]/U$1

Compared points are: Equivalent (reachable)
  (G) + 347   DFF  /key_sched_Kp_reg_reg[18]/U$1
  (R) + 347   DFF  /key_sched_Kp_reg_reg[18]/U$1

Compared points are: Equivalent (reachable)
  (G) + 348   DFF  /key_sched_Kp_reg_reg[19]/U$1
  (R) + 348   DFF  /key_sched_Kp_reg_reg[19]/U$1

Compared points are: Equivalent (reachable)
  (G) + 349   DFF  /key_sched_Kp_reg_reg[20]/U$1
  (R) + 349   DFF  /key_sched_Kp_reg_reg[20]/U$1

Compared points are: Equivalent (reachable)
  (G) + 350   DFF  /key_sched_Kp_reg_reg[21]/U$1
  (R) + 350   DFF  /key_sched_Kp_reg_reg[21]/U$1

Compared points are: Equivalent (reachable)
  (G) + 351   DFF  /key_sched_Kp_reg_reg[22]/U$1
  (R) + 351   DFF  /key_sched_Kp_reg_reg[22]/U$1

Compared points are: Equivalent (reachable)
  (G) + 352   DFF  /key_sched_Kp_reg_reg[23]/U$1
  (R) + 352   DFF  /key_sched_Kp_reg_reg[23]/U$1

Compared points are: Equivalent (reachable)
  (G) + 353   DFF  /key_sched_Kp_reg_reg[24]/U$1
  (R) + 353   DFF  /key_sched_Kp_reg_reg[24]/U$1

Compared points are: Equivalent (reachable)
  (G) + 354   DFF  /key_sched_Kp_reg_reg[25]/U$1
  (R) + 354   DFF  /key_sched_Kp_reg_reg[25]/U$1

Compared points are: Equivalent (reachable)
  (G) + 355   DFF  /key_sched_Kp_reg_reg[26]/U$1
  (R) + 355   DFF  /key_sched_Kp_reg_reg[26]/U$1

Compared points are: Equivalent (reachable)
  (G) + 356   DFF  /key_sched_Kp_reg_reg[27]/U$1
  (R) + 356   DFF  /key_sched_Kp_reg_reg[27]/U$1

Compared points are: Equivalent (reachable)
  (G) + 357   DFF  /key_sched_Kp_reg_reg[28]/U$1
  (R) + 357   DFF  /key_sched_Kp_reg_reg[28]/U$1

Compared points are: Equivalent (reachable)
  (G) + 358   DFF  /key_sched_Kp_reg_reg[29]/U$1
  (R) + 358   DFF  /key_sched_Kp_reg_reg[29]/U$1

Compared points are: Equivalent (reachable)
  (G) + 359   DFF  /key_sched_Kp_reg_reg[30]/U$1
  (R) + 359   DFF  /key_sched_Kp_reg_reg[30]/U$1

Compared points are: Equivalent (reachable)
  (G) + 360   DFF  /key_sched_Kp_reg_reg[31]/U$1
  (R) + 360   DFF  /key_sched_Kp_reg_reg[31]/U$1

Compared points are: Equivalent (reachable)
  (G) + 361   DFF  /key_sched_Kp_reg_reg[32]/U$1
  (R) + 361   DFF  /key_sched_Kp_reg_reg[32]/U$1

Compared points are: Equivalent (reachable)
  (G) + 362   DFF  /key_sched_Kp_reg_reg[33]/U$1
  (R) + 362   DFF  /key_sched_Kp_reg_reg[33]/U$1

Compared points are: Equivalent (reachable)
  (G) + 363   DFF  /key_sched_Kp_reg_reg[34]/U$1
  (R) + 363   DFF  /key_sched_Kp_reg_reg[34]/U$1

Compared points are: Equivalent (reachable)
  (G) + 364   DFF  /key_sched_Kp_reg_reg[35]/U$1
  (R) + 364   DFF  /key_sched_Kp_reg_reg[35]/U$1

Compared points are: Equivalent (reachable)
  (G) + 365   DFF  /key_sched_Kp_reg_reg[36]/U$1
  (R) + 365   DFF  /key_sched_Kp_reg_reg[36]/U$1

Compared points are: Equivalent (reachable)
  (G) + 366   DFF  /key_sched_Kp_reg_reg[37]/U$1
  (R) + 366   DFF  /key_sched_Kp_reg_reg[37]/U$1

Compared points are: Equivalent (reachable)
  (G) + 367   DFF  /key_sched_Kp_reg_reg[38]/U$1
  (R) + 367   DFF  /key_sched_Kp_reg_reg[38]/U$1

Compared points are: Equivalent (reachable)
  (G) + 368   DFF  /key_sched_Kp_reg_reg[39]/U$1
  (R) + 368   DFF  /key_sched_Kp_reg_reg[39]/U$1

Compared points are: Equivalent (reachable)
  (G) + 369   DFF  /key_sched_Kp_reg_reg[40]/U$1
  (R) + 369   DFF  /key_sched_Kp_reg_reg[40]/U$1

Compared points are: Equivalent (reachable)
  (G) + 370   DFF  /key_sched_Kp_reg_reg[41]/U$1
  (R) + 370   DFF  /key_sched_Kp_reg_reg[41]/U$1

Compared points are: Equivalent (reachable)
  (G) + 371   DFF  /key_sched_Kp_reg_reg[42]/U$1
  (R) + 371   DFF  /key_sched_Kp_reg_reg[42]/U$1

Compared points are: Equivalent (reachable)
  (G) + 372   DFF  /key_sched_Kp_reg_reg[43]/U$1
  (R) + 372   DFF  /key_sched_Kp_reg_reg[43]/U$1

Compared points are: Equivalent (reachable)
  (G) + 373   DFF  /key_sched_Kp_reg_reg[44]/U$1
  (R) + 373   DFF  /key_sched_Kp_reg_reg[44]/U$1

Compared points are: Equivalent (reachable)
  (G) + 374   DFF  /key_sched_Kp_reg_reg[45]/U$1
  (R) + 374   DFF  /key_sched_Kp_reg_reg[45]/U$1

Compared points are: Equivalent (reachable)
  (G) + 375   DFF  /key_sched_Kp_reg_reg[46]/U$1
  (R) + 375   DFF  /key_sched_Kp_reg_reg[46]/U$1

Compared points are: Equivalent (reachable)
  (G) + 376   DFF  /key_sched_Kp_reg_reg[47]/U$1
  (R) + 376   DFF  /key_sched_Kp_reg_reg[47]/U$1

Compared points are: Equivalent (reachable)
  (G) + 377   DFF  /key_sched_Kp_reg_reg[48]/U$1
  (R) + 377   DFF  /key_sched_Kp_reg_reg[48]/U$1

Compared points are: Equivalent (reachable)
  (G) + 378   DFF  /key_sched_Kp_reg_reg[49]/U$1
  (R) + 378   DFF  /key_sched_Kp_reg_reg[49]/U$1

Compared points are: Equivalent (reachable)
  (G) + 379   DFF  /key_sched_Kp_reg_reg[50]/U$1
  (R) + 379   DFF  /key_sched_Kp_reg_reg[50]/U$1

Compared points are: Equivalent (reachable)
  (G) + 380   DFF  /key_sched_Kp_reg_reg[51]/U$1
  (R) + 380   DFF  /key_sched_Kp_reg_reg[51]/U$1

Compared points are: Equivalent (reachable)
  (G) + 381   DFF  /key_sched_Kp_reg_reg[52]/U$1
  (R) + 381   DFF  /key_sched_Kp_reg_reg[52]/U$1

Compared points are: Equivalent (reachable)
  (G) + 382   DFF  /key_sched_Kp_reg_reg[53]/U$1
  (R) + 382   DFF  /key_sched_Kp_reg_reg[53]/U$1

Compared points are: Equivalent (reachable)
  (G) + 383   DFF  /key_sched_Kp_reg_reg[54]/U$1
  (R) + 383   DFF  /key_sched_Kp_reg_reg[54]/U$1

Compared points are: Equivalent (reachable)
  (G) + 384   DFF  /key_sched_Kp_reg_reg[55]/U$1
  (R) + 384   DFF  /key_sched_Kp_reg_reg[55]/U$1

Compared points are: Equivalent (reachable)
  (G) + 385   DFF  /key_sched_Kp_reg_reg[56]/U$1
  (R) + 385   DFF  /key_sched_Kp_reg_reg[56]/U$1

Compared points are: Equivalent (reachable)
  (G) + 386   DFF  /key_sched_Kp_reg_reg[57]/U$1
  (R) + 386   DFF  /key_sched_Kp_reg_reg[57]/U$1

Compared points are: Equivalent (reachable)
  (G) + 387   DFF  /key_sched_Kp_reg_reg[58]/U$1
  (R) + 387   DFF  /key_sched_Kp_reg_reg[58]/U$1

Compared points are: Equivalent (reachable)
  (G) + 388   DFF  /key_sched_Kp_reg_reg[59]/U$1
  (R) + 388   DFF  /key_sched_Kp_reg_reg[59]/U$1

Compared points are: Equivalent (reachable)
  (G) + 389   DFF  /key_sched_Kp_reg_reg[60]/U$1
  (R) + 389   DFF  /key_sched_Kp_reg_reg[60]/U$1

Compared points are: Equivalent (reachable)
  (G) + 390   DFF  /key_sched_Kp_reg_reg[61]/U$1
  (R) + 390   DFF  /key_sched_Kp_reg_reg[61]/U$1

Compared points are: Equivalent (reachable)
  (G) + 391   DFF  /key_sched_Kp_reg_reg[62]/U$1
  (R) + 391   DFF  /key_sched_Kp_reg_reg[62]/U$1

Compared points are: Equivalent (reachable)
  (G) + 392   DFF  /key_sched_Kp_reg_reg[63]/U$1
  (R) + 392   DFF  /key_sched_Kp_reg_reg[63]/U$1

Compared points are: Equivalent (reachable)
  (G) + 393   DFF  /key_sched_Kp_reg_reg[64]/U$1
  (R) + 393   DFF  /key_sched_Kp_reg_reg[64]/U$1

Compared points are: Equivalent (reachable)
  (G) + 394   DFF  /key_sched_Kp_reg_reg[65]/U$1
  (R) + 394   DFF  /key_sched_Kp_reg_reg[65]/U$1

Compared points are: Equivalent (reachable)
  (G) + 395   DFF  /key_sched_Kp_reg_reg[66]/U$1
  (R) + 395   DFF  /key_sched_Kp_reg_reg[66]/U$1

Compared points are: Equivalent (reachable)
  (G) + 396   DFF  /key_sched_Kp_reg_reg[67]/U$1
  (R) + 396   DFF  /key_sched_Kp_reg_reg[67]/U$1

Compared points are: Equivalent (reachable)
  (G) + 397   DFF  /key_sched_Kp_reg_reg[68]/U$1
  (R) + 397   DFF  /key_sched_Kp_reg_reg[68]/U$1

Compared points are: Equivalent (reachable)
  (G) + 398   DFF  /key_sched_Kp_reg_reg[69]/U$1
  (R) + 398   DFF  /key_sched_Kp_reg_reg[69]/U$1

Compared points are: Equivalent (reachable)
  (G) + 399   DFF  /key_sched_Kp_reg_reg[70]/U$1
  (R) + 399   DFF  /key_sched_Kp_reg_reg[70]/U$1

Compared points are: Equivalent (reachable)
  (G) + 400   DFF  /key_sched_Kp_reg_reg[71]/U$1
  (R) + 400   DFF  /key_sched_Kp_reg_reg[71]/U$1

Compared points are: Equivalent (reachable)
  (G) + 401   DFF  /key_sched_Kp_reg_reg[72]/U$1
  (R) + 401   DFF  /key_sched_Kp_reg_reg[72]/U$1

Compared points are: Equivalent (reachable)
  (G) + 402   DFF  /key_sched_Kp_reg_reg[73]/U$1
  (R) + 402   DFF  /key_sched_Kp_reg_reg[73]/U$1

Compared points are: Equivalent (reachable)
  (G) + 403   DFF  /key_sched_Kp_reg_reg[74]/U$1
  (R) + 403   DFF  /key_sched_Kp_reg_reg[74]/U$1

Compared points are: Equivalent (reachable)
  (G) + 404   DFF  /key_sched_Kp_reg_reg[75]/U$1
  (R) + 404   DFF  /key_sched_Kp_reg_reg[75]/U$1

Compared points are: Equivalent (reachable)
  (G) + 405   DFF  /key_sched_Kp_reg_reg[76]/U$1
  (R) + 405   DFF  /key_sched_Kp_reg_reg[76]/U$1

Compared points are: Equivalent (reachable)
  (G) + 406   DFF  /key_sched_Kp_reg_reg[77]/U$1
  (R) + 406   DFF  /key_sched_Kp_reg_reg[77]/U$1

Compared points are: Equivalent (reachable)
  (G) + 407   DFF  /key_sched_Kp_reg_reg[78]/U$1
  (R) + 407   DFF  /key_sched_Kp_reg_reg[78]/U$1

Compared points are: Equivalent (reachable)
  (G) + 408   DFF  /key_sched_Kp_reg_reg[79]/U$1
  (R) + 408   DFF  /key_sched_Kp_reg_reg[79]/U$1

Compared points are: Equivalent (reachable)
  (G) + 409   DFF  /key_sched_Kp_reg_reg[80]/U$1
  (R) + 409   DFF  /key_sched_Kp_reg_reg[80]/U$1

Compared points are: Equivalent (reachable)
  (G) + 410   DFF  /key_sched_Kp_reg_reg[81]/U$1
  (R) + 410   DFF  /key_sched_Kp_reg_reg[81]/U$1

Compared points are: Equivalent (reachable)
  (G) + 411   DFF  /key_sched_Kp_reg_reg[82]/U$1
  (R) + 411   DFF  /key_sched_Kp_reg_reg[82]/U$1

Compared points are: Equivalent (reachable)
  (G) + 412   DFF  /key_sched_Kp_reg_reg[83]/U$1
  (R) + 412   DFF  /key_sched_Kp_reg_reg[83]/U$1

Compared points are: Equivalent (reachable)
  (G) + 413   DFF  /key_sched_Kp_reg_reg[84]/U$1
  (R) + 413   DFF  /key_sched_Kp_reg_reg[84]/U$1

Compared points are: Equivalent (reachable)
  (G) + 414   DFF  /key_sched_Kp_reg_reg[85]/U$1
  (R) + 414   DFF  /key_sched_Kp_reg_reg[85]/U$1

Compared points are: Equivalent (reachable)
  (G) + 415   DFF  /key_sched_Kp_reg_reg[86]/U$1
  (R) + 415   DFF  /key_sched_Kp_reg_reg[86]/U$1

Compared points are: Equivalent (reachable)
  (G) + 416   DFF  /key_sched_Kp_reg_reg[87]/U$1
  (R) + 416   DFF  /key_sched_Kp_reg_reg[87]/U$1

Compared points are: Equivalent (reachable)
  (G) + 417   DFF  /key_sched_Kp_reg_reg[88]/U$1
  (R) + 417   DFF  /key_sched_Kp_reg_reg[88]/U$1

Compared points are: Equivalent (reachable)
  (G) + 418   DFF  /key_sched_Kp_reg_reg[89]/U$1
  (R) + 418   DFF  /key_sched_Kp_reg_reg[89]/U$1

Compared points are: Equivalent (reachable)
  (G) + 419   DFF  /key_sched_Kp_reg_reg[90]/U$1
  (R) + 419   DFF  /key_sched_Kp_reg_reg[90]/U$1

Compared points are: Equivalent (reachable)
  (G) + 420   DFF  /key_sched_Kp_reg_reg[91]/U$1
  (R) + 420   DFF  /key_sched_Kp_reg_reg[91]/U$1

Compared points are: Equivalent (reachable)
  (G) + 421   DFF  /key_sched_Kp_reg_reg[92]/U$1
  (R) + 421   DFF  /key_sched_Kp_reg_reg[92]/U$1

Compared points are: Equivalent (reachable)
  (G) + 422   DFF  /key_sched_Kp_reg_reg[93]/U$1
  (R) + 422   DFF  /key_sched_Kp_reg_reg[93]/U$1

Compared points are: Equivalent (reachable)
  (G) + 423   DFF  /key_sched_Kp_reg_reg[94]/U$1
  (R) + 423   DFF  /key_sched_Kp_reg_reg[94]/U$1

Compared points are: Equivalent (reachable)
  (G) + 424   DFF  /key_sched_Kp_reg_reg[95]/U$1
  (R) + 424   DFF  /key_sched_Kp_reg_reg[95]/U$1

Compared points are: Equivalent (reachable)
  (G) + 425   DFF  /key_sched_Kp_reg_reg[96]/U$1
  (R) + 425   DFF  /key_sched_Kp_reg_reg[96]/U$1

Compared points are: Equivalent (reachable)
  (G) + 426   DFF  /key_sched_Kp_reg_reg[97]/U$1
  (R) + 426   DFF  /key_sched_Kp_reg_reg[97]/U$1

Compared points are: Equivalent (reachable)
  (G) + 427   DFF  /key_sched_Kp_reg_reg[98]/U$1
  (R) + 427   DFF  /key_sched_Kp_reg_reg[98]/U$1

Compared points are: Equivalent (reachable)
  (G) + 428   DFF  /key_sched_Kp_reg_reg[99]/U$1
  (R) + 428   DFF  /key_sched_Kp_reg_reg[99]/U$1

Compared points are: Equivalent (reachable)
  (G) + 429   DFF  /key_sched_Kp_reg_reg[100]/U$1
  (R) + 429   DFF  /key_sched_Kp_reg_reg[100]/U$1

Compared points are: Equivalent (reachable)
  (G) + 430   DFF  /key_sched_Kp_reg_reg[101]/U$1
  (R) + 430   DFF  /key_sched_Kp_reg_reg[101]/U$1

Compared points are: Equivalent (reachable)
  (G) + 431   DFF  /key_sched_Kp_reg_reg[102]/U$1
  (R) + 431   DFF  /key_sched_Kp_reg_reg[102]/U$1

Compared points are: Equivalent (reachable)
  (G) + 432   DFF  /key_sched_Kp_reg_reg[103]/U$1
  (R) + 432   DFF  /key_sched_Kp_reg_reg[103]/U$1

Compared points are: Equivalent (reachable)
  (G) + 433   DFF  /key_sched_Kp_reg_reg[104]/U$1
  (R) + 433   DFF  /key_sched_Kp_reg_reg[104]/U$1

Compared points are: Equivalent (reachable)
  (G) + 434   DFF  /key_sched_Kp_reg_reg[105]/U$1
  (R) + 434   DFF  /key_sched_Kp_reg_reg[105]/U$1

Compared points are: Equivalent (reachable)
  (G) + 435   DFF  /key_sched_Kp_reg_reg[106]/U$1
  (R) + 435   DFF  /key_sched_Kp_reg_reg[106]/U$1

Compared points are: Equivalent (reachable)
  (G) + 436   DFF  /key_sched_Kp_reg_reg[107]/U$1
  (R) + 436   DFF  /key_sched_Kp_reg_reg[107]/U$1

Compared points are: Equivalent (reachable)
  (G) + 437   DFF  /key_sched_Kp_reg_reg[108]/U$1
  (R) + 437   DFF  /key_sched_Kp_reg_reg[108]/U$1

Compared points are: Equivalent (reachable)
  (G) + 438   DFF  /key_sched_Kp_reg_reg[109]/U$1
  (R) + 438   DFF  /key_sched_Kp_reg_reg[109]/U$1

Compared points are: Equivalent (reachable)
  (G) + 439   DFF  /key_sched_Kp_reg_reg[110]/U$1
  (R) + 439   DFF  /key_sched_Kp_reg_reg[110]/U$1

Compared points are: Equivalent (reachable)
  (G) + 440   DFF  /key_sched_Kp_reg_reg[111]/U$1
  (R) + 440   DFF  /key_sched_Kp_reg_reg[111]/U$1

Compared points are: Equivalent (reachable)
  (G) + 441   DFF  /key_sched_Kp_reg_reg[112]/U$1
  (R) + 441   DFF  /key_sched_Kp_reg_reg[112]/U$1

Compared points are: Equivalent (reachable)
  (G) + 442   DFF  /key_sched_Kp_reg_reg[113]/U$1
  (R) + 442   DFF  /key_sched_Kp_reg_reg[113]/U$1

Compared points are: Equivalent (reachable)
  (G) + 443   DFF  /key_sched_Kp_reg_reg[114]/U$1
  (R) + 443   DFF  /key_sched_Kp_reg_reg[114]/U$1

Compared points are: Equivalent (reachable)
  (G) + 444   DFF  /key_sched_Kp_reg_reg[115]/U$1
  (R) + 444   DFF  /key_sched_Kp_reg_reg[115]/U$1

Compared points are: Equivalent (reachable)
  (G) + 445   DFF  /key_sched_Kp_reg_reg[116]/U$1
  (R) + 445   DFF  /key_sched_Kp_reg_reg[116]/U$1

Compared points are: Equivalent (reachable)
  (G) + 446   DFF  /key_sched_Kp_reg_reg[117]/U$1
  (R) + 446   DFF  /key_sched_Kp_reg_reg[117]/U$1

Compared points are: Equivalent (reachable)
  (G) + 447   DFF  /key_sched_Kp_reg_reg[118]/U$1
  (R) + 447   DFF  /key_sched_Kp_reg_reg[118]/U$1

Compared points are: Equivalent (reachable)
  (G) + 448   DFF  /key_sched_Kp_reg_reg[119]/U$1
  (R) + 448   DFF  /key_sched_Kp_reg_reg[119]/U$1

Compared points are: Equivalent (reachable)
  (G) + 449   DFF  /key_sched_Kp_reg_reg[120]/U$1
  (R) + 449   DFF  /key_sched_Kp_reg_reg[120]/U$1

Compared points are: Equivalent (reachable)
  (G) + 450   DFF  /key_sched_Kp_reg_reg[121]/U$1
  (R) + 450   DFF  /key_sched_Kp_reg_reg[121]/U$1

Compared points are: Equivalent (reachable)
  (G) + 451   DFF  /key_sched_Kp_reg_reg[122]/U$1
  (R) + 451   DFF  /key_sched_Kp_reg_reg[122]/U$1

Compared points are: Equivalent (reachable)
  (G) + 452   DFF  /key_sched_Kp_reg_reg[123]/U$1
  (R) + 452   DFF  /key_sched_Kp_reg_reg[123]/U$1

Compared points are: Equivalent (reachable)
  (G) + 453   DFF  /key_sched_Kp_reg_reg[124]/U$1
  (R) + 453   DFF  /key_sched_Kp_reg_reg[124]/U$1

Compared points are: Equivalent (reachable)
  (G) + 454   DFF  /key_sched_Kp_reg_reg[125]/U$1
  (R) + 454   DFF  /key_sched_Kp_reg_reg[125]/U$1

Compared points are: Equivalent (reachable)
  (G) + 455   DFF  /key_sched_Kp_reg_reg[126]/U$1
  (R) + 455   DFF  /key_sched_Kp_reg_reg[126]/U$1

Compared points are: Equivalent (reachable)
  (G) + 456   DFF  /key_sched_Kp_reg_reg[127]/U$1
  (R) + 456   DFF  /key_sched_Kp_reg_reg[127]/U$1

Compared points are: Equivalent (reachable)
  (G) + 457   DFF  /randomize_data_reg_reg[0]/U$1
  (R) + 457   DFF  /randomize_data_reg_reg[0]/U$1

Compared points are: Equivalent (reachable)
  (G) + 458   DFF  /randomize_data_reg_reg[1]/U$1
  (R) + 458   DFF  /randomize_data_reg_reg[1]/U$1

Compared points are: Equivalent (reachable)
  (G) + 459   DFF  /randomize_data_reg_reg[2]/U$1
  (R) + 459   DFF  /randomize_data_reg_reg[2]/U$1

Compared points are: Equivalent (reachable)
  (G) + 460   DFF  /randomize_data_reg_reg[3]/U$1
  (R) + 460   DFF  /randomize_data_reg_reg[3]/U$1

Compared points are: Equivalent (reachable)
  (G) + 461   DFF  /randomize_data_reg_reg[4]/U$1
  (R) + 461   DFF  /randomize_data_reg_reg[4]/U$1

Compared points are: Equivalent (reachable)
  (G) + 462   DFF  /randomize_data_reg_reg[5]/U$1
  (R) + 462   DFF  /randomize_data_reg_reg[5]/U$1

Compared points are: Equivalent (reachable)
  (G) + 463   DFF  /randomize_data_reg_reg[6]/U$1
  (R) + 463   DFF  /randomize_data_reg_reg[6]/U$1

Compared points are: Equivalent (reachable)
  (G) + 464   DFF  /randomize_data_reg_reg[7]/U$1
  (R) + 464   DFF  /randomize_data_reg_reg[7]/U$1

Compared points are: Equivalent (reachable)
  (G) + 465   DFF  /randomize_data_reg_reg[8]/U$1
  (R) + 465   DFF  /randomize_data_reg_reg[8]/U$1

Compared points are: Equivalent (reachable)
  (G) + 466   DFF  /randomize_data_reg_reg[9]/U$1
  (R) + 466   DFF  /randomize_data_reg_reg[9]/U$1

Compared points are: Equivalent (reachable)
  (G) + 467   DFF  /randomize_data_reg_reg[10]/U$1
  (R) + 467   DFF  /randomize_data_reg_reg[10]/U$1

Compared points are: Equivalent (reachable)
  (G) + 468   DFF  /randomize_data_reg_reg[11]/U$1
  (R) + 468   DFF  /randomize_data_reg_reg[11]/U$1

Compared points are: Equivalent (reachable)
  (G) + 469   DFF  /randomize_data_reg_reg[12]/U$1
  (R) + 469   DFF  /randomize_data_reg_reg[12]/U$1

Compared points are: Equivalent (reachable)
  (G) + 470   DFF  /randomize_data_reg_reg[13]/U$1
  (R) + 470   DFF  /randomize_data_reg_reg[13]/U$1

Compared points are: Equivalent (reachable)
  (G) + 471   DFF  /randomize_data_reg_reg[14]/U$1
  (R) + 471   DFF  /randomize_data_reg_reg[14]/U$1

Compared points are: Equivalent (reachable)
  (G) + 472   DFF  /randomize_data_reg_reg[15]/U$1
  (R) + 472   DFF  /randomize_data_reg_reg[15]/U$1

Compared points are: Equivalent (reachable)
  (G) + 473   DFF  /randomize_data_reg_reg[16]/U$1
  (R) + 473   DFF  /randomize_data_reg_reg[16]/U$1

Compared points are: Equivalent (reachable)
  (G) + 474   DFF  /randomize_data_reg_reg[17]/U$1
  (R) + 474   DFF  /randomize_data_reg_reg[17]/U$1

Compared points are: Equivalent (reachable)
  (G) + 475   DFF  /randomize_data_reg_reg[18]/U$1
  (R) + 475   DFF  /randomize_data_reg_reg[18]/U$1

Compared points are: Equivalent (reachable)
  (G) + 476   DFF  /randomize_data_reg_reg[19]/U$1
  (R) + 476   DFF  /randomize_data_reg_reg[19]/U$1

Compared points are: Equivalent (reachable)
  (G) + 477   DFF  /randomize_data_reg_reg[20]/U$1
  (R) + 477   DFF  /randomize_data_reg_reg[20]/U$1

Compared points are: Equivalent (reachable)
  (G) + 478   DFF  /randomize_data_reg_reg[21]/U$1
  (R) + 478   DFF  /randomize_data_reg_reg[21]/U$1

Compared points are: Equivalent (reachable)
  (G) + 479   DFF  /randomize_data_reg_reg[22]/U$1
  (R) + 479   DFF  /randomize_data_reg_reg[22]/U$1

Compared points are: Equivalent (reachable)
  (G) + 480   DFF  /randomize_data_reg_reg[23]/U$1
  (R) + 480   DFF  /randomize_data_reg_reg[23]/U$1

Compared points are: Equivalent (reachable)
  (G) + 481   DFF  /randomize_data_reg_reg[24]/U$1
  (R) + 481   DFF  /randomize_data_reg_reg[24]/U$1

Compared points are: Equivalent (reachable)
  (G) + 482   DFF  /randomize_data_reg_reg[25]/U$1
  (R) + 482   DFF  /randomize_data_reg_reg[25]/U$1

Compared points are: Equivalent (reachable)
  (G) + 483   DFF  /randomize_data_reg_reg[26]/U$1
  (R) + 483   DFF  /randomize_data_reg_reg[26]/U$1

Compared points are: Equivalent (reachable)
  (G) + 484   DFF  /randomize_data_reg_reg[27]/U$1
  (R) + 484   DFF  /randomize_data_reg_reg[27]/U$1

Compared points are: Equivalent (reachable)
  (G) + 485   DFF  /randomize_data_reg_reg[28]/U$1
  (R) + 485   DFF  /randomize_data_reg_reg[28]/U$1

Compared points are: Equivalent (reachable)
  (G) + 486   DFF  /randomize_data_reg_reg[29]/U$1
  (R) + 486   DFF  /randomize_data_reg_reg[29]/U$1

Compared points are: Equivalent (reachable)
  (G) + 487   DFF  /randomize_data_reg_reg[30]/U$1
  (R) + 487   DFF  /randomize_data_reg_reg[30]/U$1

Compared points are: Equivalent (reachable)
  (G) + 488   DFF  /randomize_data_reg_reg[31]/U$1
  (R) + 488   DFF  /randomize_data_reg_reg[31]/U$1

Compared points are: Equivalent (reachable)
  (G) + 489   DFF  /randomize_data_reg_reg[32]/U$1
  (R) + 489   DFF  /randomize_data_reg_reg[32]/U$1

Compared points are: Equivalent (reachable)
  (G) + 490   DFF  /randomize_data_reg_reg[33]/U$1
  (R) + 490   DFF  /randomize_data_reg_reg[33]/U$1

Compared points are: Equivalent (reachable)
  (G) + 491   DFF  /randomize_data_reg_reg[34]/U$1
  (R) + 491   DFF  /randomize_data_reg_reg[34]/U$1

Compared points are: Equivalent (reachable)
  (G) + 492   DFF  /randomize_data_reg_reg[35]/U$1
  (R) + 492   DFF  /randomize_data_reg_reg[35]/U$1

Compared points are: Equivalent (reachable)
  (G) + 493   DFF  /randomize_data_reg_reg[36]/U$1
  (R) + 493   DFF  /randomize_data_reg_reg[36]/U$1

Compared points are: Equivalent (reachable)
  (G) + 494   DFF  /randomize_data_reg_reg[37]/U$1
  (R) + 494   DFF  /randomize_data_reg_reg[37]/U$1

Compared points are: Equivalent (reachable)
  (G) + 495   DFF  /randomize_data_reg_reg[38]/U$1
  (R) + 495   DFF  /randomize_data_reg_reg[38]/U$1

Compared points are: Equivalent (reachable)
  (G) + 496   DFF  /randomize_data_reg_reg[39]/U$1
  (R) + 496   DFF  /randomize_data_reg_reg[39]/U$1

Compared points are: Equivalent (reachable)
  (G) + 497   DFF  /randomize_data_reg_reg[40]/U$1
  (R) + 497   DFF  /randomize_data_reg_reg[40]/U$1

Compared points are: Equivalent (reachable)
  (G) + 498   DFF  /randomize_data_reg_reg[41]/U$1
  (R) + 498   DFF  /randomize_data_reg_reg[41]/U$1

Compared points are: Equivalent (reachable)
  (G) + 499   DFF  /randomize_data_reg_reg[42]/U$1
  (R) + 499   DFF  /randomize_data_reg_reg[42]/U$1

Compared points are: Equivalent (reachable)
  (G) + 500   DFF  /randomize_data_reg_reg[43]/U$1
  (R) + 500   DFF  /randomize_data_reg_reg[43]/U$1

Compared points are: Equivalent (reachable)
  (G) + 501   DFF  /randomize_data_reg_reg[44]/U$1
  (R) + 501   DFF  /randomize_data_reg_reg[44]/U$1

Compared points are: Equivalent (reachable)
  (G) + 502   DFF  /randomize_data_reg_reg[45]/U$1
  (R) + 502   DFF  /randomize_data_reg_reg[45]/U$1

Compared points are: Equivalent (reachable)
  (G) + 503   DFF  /randomize_data_reg_reg[46]/U$1
  (R) + 503   DFF  /randomize_data_reg_reg[46]/U$1

Compared points are: Equivalent (reachable)
  (G) + 504   DFF  /randomize_data_reg_reg[47]/U$1
  (R) + 504   DFF  /randomize_data_reg_reg[47]/U$1

Compared points are: Equivalent (reachable)
  (G) + 505   DFF  /randomize_data_reg_reg[48]/U$1
  (R) + 505   DFF  /randomize_data_reg_reg[48]/U$1

Compared points are: Equivalent (reachable)
  (G) + 506   DFF  /randomize_data_reg_reg[49]/U$1
  (R) + 506   DFF  /randomize_data_reg_reg[49]/U$1

Compared points are: Equivalent (reachable)
  (G) + 507   DFF  /randomize_data_reg_reg[50]/U$1
  (R) + 507   DFF  /randomize_data_reg_reg[50]/U$1

Compared points are: Equivalent (reachable)
  (G) + 508   DFF  /randomize_data_reg_reg[51]/U$1
  (R) + 508   DFF  /randomize_data_reg_reg[51]/U$1

Compared points are: Equivalent (reachable)
  (G) + 509   DFF  /randomize_data_reg_reg[52]/U$1
  (R) + 509   DFF  /randomize_data_reg_reg[52]/U$1

Compared points are: Equivalent (reachable)
  (G) + 510   DFF  /randomize_data_reg_reg[53]/U$1
  (R) + 510   DFF  /randomize_data_reg_reg[53]/U$1

Compared points are: Equivalent (reachable)
  (G) + 511   DFF  /randomize_data_reg_reg[54]/U$1
  (R) + 511   DFF  /randomize_data_reg_reg[54]/U$1

Compared points are: Equivalent (reachable)
  (G) + 512   DFF  /randomize_data_reg_reg[55]/U$1
  (R) + 512   DFF  /randomize_data_reg_reg[55]/U$1

Compared points are: Equivalent (reachable)
  (G) + 513   DFF  /randomize_data_reg_reg[56]/U$1
  (R) + 513   DFF  /randomize_data_reg_reg[56]/U$1

Compared points are: Equivalent (reachable)
  (G) + 514   DFF  /randomize_data_reg_reg[57]/U$1
  (R) + 514   DFF  /randomize_data_reg_reg[57]/U$1

Compared points are: Equivalent (reachable)
  (G) + 515   DFF  /randomize_data_reg_reg[58]/U$1
  (R) + 515   DFF  /randomize_data_reg_reg[58]/U$1

Compared points are: Equivalent (reachable)
  (G) + 516   DFF  /randomize_data_reg_reg[59]/U$1
  (R) + 516   DFF  /randomize_data_reg_reg[59]/U$1

Compared points are: Equivalent (reachable)
  (G) + 517   DFF  /randomize_data_reg_reg[60]/U$1
  (R) + 517   DFF  /randomize_data_reg_reg[60]/U$1

Compared points are: Equivalent (reachable)
  (G) + 518   DFF  /randomize_data_reg_reg[61]/U$1
  (R) + 518   DFF  /randomize_data_reg_reg[61]/U$1

Compared points are: Equivalent (reachable)
  (G) + 519   DFF  /randomize_data_reg_reg[62]/U$1
  (R) + 519   DFF  /randomize_data_reg_reg[62]/U$1

Compared points are: Equivalent (reachable)
  (G) + 520   DFF  /randomize_data_reg_reg[63]/U$1
  (R) + 520   DFF  /randomize_data_reg_reg[63]/U$1

Compared points are: Equivalent (reachable)
  (G) + 521   DFF  /round_reg_reg[0]/U$1
  (R) + 521   DFF  /round_reg_reg[0]/U$1

Compared points are: Equivalent (reachable)
  (G) + 522   DFF  /round_reg_reg[1]/U$1
  (R) + 522   DFF  /round_reg_reg[1]/U$1

Compared points are: Equivalent (reachable)
  (G) + 523   DFF  /round_reg_reg[2]/U$1
  (R) + 523   DFF  /round_reg_reg[2]/U$1

Compared points are: Equivalent (reachable)
  (G) + 524   DFF  /round_reg_reg[3]/U$1
  (R) + 524   DFF  /round_reg_reg[3]/U$1

Compared points are: Equivalent (reachable)
  (G) + 525   DFF  /round_reg_reg[4]/U$1
  (R) + 525   DFF  /round_reg_reg[4]/U$1

Compared points are: Equivalent (reachable)
  (G) + 526   DFF  /round_reg_reg[5]/U$1
  (R) + 526   DFF  /round_reg_reg[5]/U$1

Compared points are: Equivalent (reachable)
  (G) + 527   DFF  /round_reg_reg[6]/U$1
  (R) + 527   DFF  /round_reg_reg[6]/U$1

Compared points are: Equivalent (reachable)
  (G) + 528   DFF  /round_reg_reg[7]/U$1
  (R) + 528   DFF  /round_reg_reg[7]/U$1

Compared points are: Equivalent (reachable)
  (G) + 529   DFF  /round_reg_reg[8]/U$1
  (R) + 529   DFF  /round_reg_reg[8]/U$1

Compared points are: Equivalent (reachable)
  (G) + 530   DFF  /state_reg_reg[0]/U$1
  (R) + 530   DFF  /state_reg_reg[0]/U$1

Compared points are: Equivalent (reachable)
  (G) + 531   DFF  /state_reg_reg[1]/U$1
  (R) + 531   DFF  /state_reg_reg[1]/U$1

Compared points are: Equivalent (reachable)
  (G) + 532   DFF  /state_reg_reg[2]/U$1
  (R) + 532   DFF  /state_reg_reg[2]/U$1

399 compared point(s) reported
================================================================================
Compared points      PO     DFF       Total   
--------------------------------------------------------------------------------
Equivalent           67     332       399     
================================================================================
