###############################################################
#  Generated by:      Cadence Innovus 21.13-s100_1
#  OS:                Linux x86_64(Host ID ic51)
#  Generated on:      Thu Feb 16 01:13:09 2023
#  Design:            top
#  Command:           check_connectivity -error 100000 -warning 100000 -check_wire_loops
###############################################################
Verify Connectivity Report is created on Thu Feb 16 01:13:09 2023




Multi-CPU acceleration using 24 CPU


Use pthread

Net VSS: dangling Wire at (6.220, 167.140) (6.220, 167.140) on layer: M1
Net VSS: dangling Wire at (168.220, 167.140) (168.220, 167.140) on layer: M1
Net VSS: dangling Wire at (6.220, 164.980) (6.220, 164.980) on layer: M1
Net VSS: dangling Wire at (168.220, 164.980) (168.220, 164.980) on layer: M1
Net VSS: dangling Wire at (6.220, 162.820) (6.220, 162.820) on layer: M1
Net VSS: dangling Wire at (6.220, 160.660) (6.220, 160.660) on layer: M1
Net VSS: dangling Wire at (6.220, 158.500) (6.220, 158.500) on layer: M1
Net VSS: dangling Wire at (6.220, 156.340) (6.220, 156.340) on layer: M1
Net VSS: dangling Wire at (6.220, 154.180) (6.220, 154.180) on layer: M1
Net VSS: dangling Wire at (6.220, 152.020) (6.220, 152.020) on layer: M1
Net VSS: dangling Wire at (6.220, 149.860) (6.220, 149.860) on layer: M1
Net VSS: dangling Wire at (6.220, 147.700) (6.220, 147.700) on layer: M1
Net VSS: dangling Wire at (168.220, 147.700) (168.220, 147.700) on layer: M1
Net VSS: dangling Wire at (6.220, 145.540) (6.220, 145.540) on layer: M1
Net VSS: dangling Wire at (6.220, 143.380) (6.220, 143.380) on layer: M1
Net VSS: dangling Wire at (168.220, 143.380) (168.220, 143.380) on layer: M1
Net VSS: dangling Wire at (6.220, 141.220) (6.220, 141.220) on layer: M1
Net VSS: dangling Wire at (6.220, 139.060) (6.220, 139.060) on layer: M1
Net VSS: dangling Wire at (6.220, 134.740) (6.220, 134.740) on layer: M1
Net VSS: dangling Wire at (6.220, 132.580) (6.220, 132.580) on layer: M1
Net VSS: dangling Wire at (168.220, 132.580) (168.220, 132.580) on layer: M1
Net VSS: dangling Wire at (6.220, 130.420) (6.220, 130.420) on layer: M1
Net VSS: dangling Wire at (6.220, 128.260) (6.220, 128.260) on layer: M1
Net VSS: dangling Wire at (168.220, 128.260) (168.220, 128.260) on layer: M1
Net VSS: dangling Wire at (6.220, 126.100) (6.220, 126.100) on layer: M1
Net VSS: dangling Wire at (6.220, 123.940) (6.220, 123.940) on layer: M1
Net VSS: dangling Wire at (168.220, 123.940) (168.220, 123.940) on layer: M1
Net VSS: dangling Wire at (6.220, 121.780) (6.220, 121.780) on layer: M1
Net VSS: dangling Wire at (168.220, 121.780) (168.220, 121.780) on layer: M1
Net VSS: dangling Wire at (6.220, 119.620) (6.220, 119.620) on layer: M1
Net VSS: dangling Wire at (168.220, 119.620) (168.220, 119.620) on layer: M1
Net VSS: dangling Wire at (6.220, 117.460) (6.220, 117.460) on layer: M1
Net VSS: dangling Wire at (168.220, 117.460) (168.220, 117.460) on layer: M1
Net VSS: dangling Wire at (6.220, 115.300) (6.220, 115.300) on layer: M1
Net VSS: dangling Wire at (168.220, 115.300) (168.220, 115.300) on layer: M1
Net VSS: dangling Wire at (6.220, 113.140) (6.220, 113.140) on layer: M1
Net VSS: dangling Wire at (6.220, 110.980) (6.220, 110.980) on layer: M1
Net VSS: dangling Wire at (6.220, 108.820) (6.220, 108.820) on layer: M1
Net VSS: dangling Wire at (6.220, 106.660) (6.220, 106.660) on layer: M1
Net VSS: dangling Wire at (6.220, 104.500) (6.220, 104.500) on layer: M1
Net VSS: dangling Wire at (6.220, 102.340) (6.220, 102.340) on layer: M1
Net VSS: dangling Wire at (6.220, 100.180) (6.220, 100.180) on layer: M1
Net VSS: dangling Wire at (168.220, 100.180) (168.220, 100.180) on layer: M1
Net VSS: dangling Wire at (6.220, 98.020) (6.220, 98.020) on layer: M1
Net VSS: dangling Wire at (6.220, 95.860) (6.220, 95.860) on layer: M1
Net VSS: dangling Wire at (6.220, 91.540) (6.220, 91.540) on layer: M1
Net VSS: dangling Wire at (6.220, 89.380) (6.220, 89.380) on layer: M1
Net VSS: dangling Wire at (6.220, 87.220) (6.220, 87.220) on layer: M1
Net VSS: dangling Wire at (6.220, 85.060) (6.220, 85.060) on layer: M1
Net VSS: dangling Wire at (6.220, 82.900) (6.220, 82.900) on layer: M1
Net VSS: dangling Wire at (6.220, 80.740) (6.220, 80.740) on layer: M1
Net VSS: dangling Wire at (6.220, 78.580) (6.220, 78.580) on layer: M1
Net VSS: dangling Wire at (6.220, 76.420) (6.220, 76.420) on layer: M1
Net VSS: dangling Wire at (6.220, 74.260) (6.220, 74.260) on layer: M1
Net VSS: dangling Wire at (6.220, 72.100) (6.220, 72.100) on layer: M1
Net VSS: dangling Wire at (6.220, 69.940) (6.220, 69.940) on layer: M1
Net VSS: dangling Wire at (6.220, 67.780) (6.220, 67.780) on layer: M1
Net VSS: dangling Wire at (6.220, 65.620) (6.220, 65.620) on layer: M1
Net VSS: dangling Wire at (168.220, 61.300) (168.220, 61.300) on layer: M1
Net VSS: dangling Wire at (6.220, 59.140) (6.220, 59.140) on layer: M1
Net VSS: dangling Wire at (6.220, 56.980) (6.220, 56.980) on layer: M1
Net VSS: dangling Wire at (168.220, 56.980) (168.220, 56.980) on layer: M1
Net VSS: dangling Wire at (6.220, 54.820) (6.220, 54.820) on layer: M1
Net VSS: dangling Wire at (168.220, 54.820) (168.220, 54.820) on layer: M1
Net VSS: dangling Wire at (6.220, 52.660) (6.220, 52.660) on layer: M1
Net VSS: dangling Wire at (6.220, 50.500) (6.220, 50.500) on layer: M1
Net VSS: dangling Wire at (6.220, 48.340) (6.220, 48.340) on layer: M1
Net VSS: dangling Wire at (6.220, 46.180) (6.220, 46.180) on layer: M1
Net VSS: dangling Wire at (6.220, 44.020) (6.220, 44.020) on layer: M1
Net VSS: dangling Wire at (6.220, 41.860) (6.220, 41.860) on layer: M1
Net VSS: dangling Wire at (6.220, 39.700) (6.220, 39.700) on layer: M1
Net VSS: dangling Wire at (168.220, 39.700) (168.220, 39.700) on layer: M1
Net VSS: dangling Wire at (6.220, 37.540) (6.220, 37.540) on layer: M1
Net VSS: dangling Wire at (6.220, 35.380) (6.220, 35.380) on layer: M1
Net VSS: dangling Wire at (6.220, 33.220) (6.220, 33.220) on layer: M1
Net VSS: dangling Wire at (168.220, 33.220) (168.220, 33.220) on layer: M1
Net VSS: dangling Wire at (6.220, 31.060) (6.220, 31.060) on layer: M1
Net VSS: dangling Wire at (6.220, 28.900) (6.220, 28.900) on layer: M1
Net VSS: dangling Wire at (6.220, 26.740) (6.220, 26.740) on layer: M1
Net VSS: dangling Wire at (6.220, 24.580) (6.220, 24.580) on layer: M1
Net VSS: dangling Wire at (6.220, 22.420) (6.220, 22.420) on layer: M1
Net VSS: dangling Wire at (6.220, 20.260) (6.220, 20.260) on layer: M1
Net VSS: dangling Wire at (168.220, 20.260) (168.220, 20.260) on layer: M1
Net VSS: dangling Wire at (6.220, 18.100) (6.220, 18.100) on layer: M1
Net VSS: dangling Wire at (168.220, 18.100) (168.220, 18.100) on layer: M1
Net VSS: dangling Wire at (6.220, 15.940) (6.220, 15.940) on layer: M1
Net VSS: dangling Wire at (6.220, 13.780) (6.220, 13.780) on layer: M1
Net VSS: dangling Wire at (6.220, 11.620) (6.220, 11.620) on layer: M1
Net VSS: dangling Wire at (168.220, 11.620) (168.220, 11.620) on layer: M1
Net VSS: dangling Wire at (6.220, 9.460) (6.220, 9.460) on layer: M1
Net VSS: dangling Wire at (168.220, 9.460) (168.220, 9.460) on layer: M1
Net VSS: dangling Wire at (6.220, 7.300) (6.220, 7.300) on layer: M1
Net VSS: dangling Wire at (168.220, 7.300) (168.220, 7.300) on layer: M1
Net VSS: dangling Wire at (6.220, 167.140) (6.220, 167.140) on layer: M2
Net VSS: dangling Wire at (168.220, 167.140) (168.220, 167.140) on layer: M2
Net VSS: dangling Wire at (6.220, 164.980) (6.220, 164.980) on layer: M2
Net VSS: dangling Wire at (168.220, 164.980) (168.220, 164.980) on layer: M2
Net VSS: dangling Wire at (6.220, 162.820) (6.220, 162.820) on layer: M2
Net VSS: dangling Wire at (168.220, 162.820) (168.220, 162.820) on layer: M2
Net VSS: dangling Wire at (6.220, 160.660) (6.220, 160.660) on layer: M2
Net VSS: dangling Wire at (168.220, 160.660) (168.220, 160.660) on layer: M2
Net VSS: dangling Wire at (6.220, 158.500) (6.220, 158.500) on layer: M2
Net VSS: dangling Wire at (168.220, 158.500) (168.220, 158.500) on layer: M2
Net VSS: dangling Wire at (6.220, 156.340) (6.220, 156.340) on layer: M2
Net VSS: dangling Wire at (168.220, 156.340) (168.220, 156.340) on layer: M2
Net VSS: dangling Wire at (6.220, 154.180) (6.220, 154.180) on layer: M2
Net VSS: dangling Wire at (168.220, 154.180) (168.220, 154.180) on layer: M2
Net VSS: dangling Wire at (6.220, 152.020) (6.220, 152.020) on layer: M2
Net VSS: dangling Wire at (168.220, 152.020) (168.220, 152.020) on layer: M2
Net VSS: dangling Wire at (6.220, 149.860) (6.220, 149.860) on layer: M2
Net VSS: dangling Wire at (168.220, 149.860) (168.220, 149.860) on layer: M2
Net VSS: dangling Wire at (6.220, 147.700) (6.220, 147.700) on layer: M2
Net VSS: dangling Wire at (168.220, 147.700) (168.220, 147.700) on layer: M2
Net VSS: dangling Wire at (6.220, 145.540) (6.220, 145.540) on layer: M2
Net VSS: dangling Wire at (168.220, 145.540) (168.220, 145.540) on layer: M2
Net VSS: dangling Wire at (6.220, 143.380) (6.220, 143.380) on layer: M2
Net VSS: dangling Wire at (168.220, 143.380) (168.220, 143.380) on layer: M2
Net VSS: dangling Wire at (6.220, 141.220) (6.220, 141.220) on layer: M2
Net VSS: dangling Wire at (168.220, 141.220) (168.220, 141.220) on layer: M2
Net VSS: dangling Wire at (6.220, 139.060) (6.220, 139.060) on layer: M2
Net VSS: dangling Wire at (168.220, 139.060) (168.220, 139.060) on layer: M2
Net VSS: dangling Wire at (6.220, 136.900) (6.220, 136.900) on layer: M2
Net VSS: dangling Wire at (168.220, 136.900) (168.220, 136.900) on layer: M2
Net VSS: dangling Wire at (6.220, 134.740) (6.220, 134.740) on layer: M2
Net VSS: dangling Wire at (168.220, 134.740) (168.220, 134.740) on layer: M2
Net VSS: dangling Wire at (6.220, 132.580) (6.220, 132.580) on layer: M2
Net VSS: dangling Wire at (168.220, 132.580) (168.220, 132.580) on layer: M2
Net VSS: dangling Wire at (6.220, 130.420) (6.220, 130.420) on layer: M2
Net VSS: dangling Wire at (168.220, 130.420) (168.220, 130.420) on layer: M2
Net VSS: dangling Wire at (6.220, 128.260) (6.220, 128.260) on layer: M2
Net VSS: dangling Wire at (168.220, 128.260) (168.220, 128.260) on layer: M2
Net VSS: dangling Wire at (6.220, 126.100) (6.220, 126.100) on layer: M2
Net VSS: dangling Wire at (168.220, 126.100) (168.220, 126.100) on layer: M2
Net VSS: dangling Wire at (6.220, 123.940) (6.220, 123.940) on layer: M2
Net VSS: dangling Wire at (168.220, 123.940) (168.220, 123.940) on layer: M2
Net VSS: dangling Wire at (6.220, 121.780) (6.220, 121.780) on layer: M2
Net VSS: dangling Wire at (168.220, 121.780) (168.220, 121.780) on layer: M2
Net VSS: dangling Wire at (6.220, 119.620) (6.220, 119.620) on layer: M2
Net VSS: dangling Wire at (168.220, 119.620) (168.220, 119.620) on layer: M2
Net VSS: dangling Wire at (6.220, 117.460) (6.220, 117.460) on layer: M2
Net VSS: dangling Wire at (168.220, 117.460) (168.220, 117.460) on layer: M2
Net VSS: dangling Wire at (6.220, 115.300) (6.220, 115.300) on layer: M2
Net VSS: dangling Wire at (168.220, 115.300) (168.220, 115.300) on layer: M2
Net VSS: dangling Wire at (6.220, 113.140) (6.220, 113.140) on layer: M2
Net VSS: dangling Wire at (168.220, 113.140) (168.220, 113.140) on layer: M2
Net VSS: dangling Wire at (6.220, 110.980) (6.220, 110.980) on layer: M2
Net VSS: dangling Wire at (168.220, 110.980) (168.220, 110.980) on layer: M2
Net VSS: dangling Wire at (6.220, 108.820) (6.220, 108.820) on layer: M2
Net VSS: dangling Wire at (168.220, 108.820) (168.220, 108.820) on layer: M2
Net VSS: dangling Wire at (6.220, 106.660) (6.220, 106.660) on layer: M2
Net VSS: dangling Wire at (168.220, 106.660) (168.220, 106.660) on layer: M2
Net VSS: dangling Wire at (6.220, 104.500) (6.220, 104.500) on layer: M2
Net VSS: dangling Wire at (168.220, 104.500) (168.220, 104.500) on layer: M2
Net VSS: dangling Wire at (6.220, 102.340) (6.220, 102.340) on layer: M2
Net VSS: dangling Wire at (168.220, 102.340) (168.220, 102.340) on layer: M2
Net VSS: dangling Wire at (6.220, 100.180) (6.220, 100.180) on layer: M2
Net VSS: dangling Wire at (168.220, 100.180) (168.220, 100.180) on layer: M2
Net VSS: dangling Wire at (6.220, 98.020) (6.220, 98.020) on layer: M2
Net VSS: dangling Wire at (168.220, 98.020) (168.220, 98.020) on layer: M2
Net VSS: dangling Wire at (6.220, 95.860) (6.220, 95.860) on layer: M2
Net VSS: dangling Wire at (168.220, 95.860) (168.220, 95.860) on layer: M2
Net VSS: dangling Wire at (6.220, 93.700) (6.220, 93.700) on layer: M2
Net VSS: dangling Wire at (168.220, 93.700) (168.220, 93.700) on layer: M2
Net VSS: dangling Wire at (6.220, 91.540) (6.220, 91.540) on layer: M2
Net VSS: dangling Wire at (168.220, 91.540) (168.220, 91.540) on layer: M2
Net VSS: dangling Wire at (6.220, 89.380) (6.220, 89.380) on layer: M2
Net VSS: dangling Wire at (168.220, 89.380) (168.220, 89.380) on layer: M2
Net VSS: dangling Wire at (6.220, 87.220) (6.220, 87.220) on layer: M2
Net VSS: dangling Wire at (168.220, 87.220) (168.220, 87.220) on layer: M2
Net VSS: dangling Wire at (6.220, 85.060) (6.220, 85.060) on layer: M2
Net VSS: dangling Wire at (168.220, 85.060) (168.220, 85.060) on layer: M2
Net VSS: dangling Wire at (6.220, 82.900) (6.220, 82.900) on layer: M2
Net VSS: dangling Wire at (168.220, 82.900) (168.220, 82.900) on layer: M2
Net VSS: dangling Wire at (6.220, 80.740) (6.220, 80.740) on layer: M2
Net VSS: dangling Wire at (168.220, 80.740) (168.220, 80.740) on layer: M2
Net VSS: dangling Wire at (6.220, 78.580) (6.220, 78.580) on layer: M2
Net VSS: dangling Wire at (168.220, 78.580) (168.220, 78.580) on layer: M2
Net VSS: dangling Wire at (6.220, 76.420) (6.220, 76.420) on layer: M2
Net VSS: dangling Wire at (168.220, 76.420) (168.220, 76.420) on layer: M2
Net VSS: dangling Wire at (6.220, 74.260) (6.220, 74.260) on layer: M2
Net VSS: dangling Wire at (168.220, 74.260) (168.220, 74.260) on layer: M2
Net VSS: dangling Wire at (6.220, 72.100) (6.220, 72.100) on layer: M2
Net VSS: dangling Wire at (168.220, 72.100) (168.220, 72.100) on layer: M2
Net VSS: dangling Wire at (6.220, 69.940) (6.220, 69.940) on layer: M2
Net VSS: dangling Wire at (168.220, 69.940) (168.220, 69.940) on layer: M2
Net VSS: dangling Wire at (6.220, 67.780) (6.220, 67.780) on layer: M2
Net VSS: dangling Wire at (168.220, 67.780) (168.220, 67.780) on layer: M2
Net VSS: dangling Wire at (6.220, 65.620) (6.220, 65.620) on layer: M2
Net VSS: dangling Wire at (168.220, 65.620) (168.220, 65.620) on layer: M2
Net VSS: dangling Wire at (6.220, 63.460) (6.220, 63.460) on layer: M2
Net VSS: dangling Wire at (168.220, 63.460) (168.220, 63.460) on layer: M2
Net VSS: dangling Wire at (6.220, 61.300) (6.220, 61.300) on layer: M2
Net VSS: dangling Wire at (168.220, 61.300) (168.220, 61.300) on layer: M2
Net VSS: dangling Wire at (6.220, 59.140) (6.220, 59.140) on layer: M2
Net VSS: dangling Wire at (168.220, 59.140) (168.220, 59.140) on layer: M2
Net VSS: dangling Wire at (6.220, 56.980) (6.220, 56.980) on layer: M2
Net VSS: dangling Wire at (168.220, 56.980) (168.220, 56.980) on layer: M2
Net VSS: dangling Wire at (6.220, 54.820) (6.220, 54.820) on layer: M2
Net VSS: dangling Wire at (168.220, 54.820) (168.220, 54.820) on layer: M2
Net VSS: dangling Wire at (6.220, 52.660) (6.220, 52.660) on layer: M2
Net VSS: dangling Wire at (168.220, 52.660) (168.220, 52.660) on layer: M2
Net VSS: dangling Wire at (6.220, 50.500) (6.220, 50.500) on layer: M2
Net VSS: dangling Wire at (168.220, 50.500) (168.220, 50.500) on layer: M2
Net VSS: dangling Wire at (6.220, 48.340) (6.220, 48.340) on layer: M2
Net VSS: dangling Wire at (168.220, 48.340) (168.220, 48.340) on layer: M2
Net VSS: dangling Wire at (6.220, 46.180) (6.220, 46.180) on layer: M2
Net VSS: dangling Wire at (168.220, 46.180) (168.220, 46.180) on layer: M2
Net VSS: dangling Wire at (6.220, 44.020) (6.220, 44.020) on layer: M2
Net VSS: dangling Wire at (168.220, 44.020) (168.220, 44.020) on layer: M2
Net VSS: dangling Wire at (6.220, 41.860) (6.220, 41.860) on layer: M2
Net VSS: dangling Wire at (168.220, 41.860) (168.220, 41.860) on layer: M2
Net VSS: dangling Wire at (6.220, 39.700) (6.220, 39.700) on layer: M2
Net VSS: dangling Wire at (168.220, 39.700) (168.220, 39.700) on layer: M2
Net VSS: dangling Wire at (6.220, 37.540) (6.220, 37.540) on layer: M2
Net VSS: dangling Wire at (168.220, 37.540) (168.220, 37.540) on layer: M2
Net VSS: dangling Wire at (6.220, 35.380) (6.220, 35.380) on layer: M2
Net VSS: dangling Wire at (168.220, 35.380) (168.220, 35.380) on layer: M2
Net VSS: dangling Wire at (6.220, 33.220) (6.220, 33.220) on layer: M2
Net VSS: dangling Wire at (168.220, 33.220) (168.220, 33.220) on layer: M2
Net VSS: dangling Wire at (6.220, 31.060) (6.220, 31.060) on layer: M2
Net VSS: dangling Wire at (168.220, 31.060) (168.220, 31.060) on layer: M2
Net VSS: dangling Wire at (6.220, 28.900) (6.220, 28.900) on layer: M2
Net VSS: dangling Wire at (168.220, 28.900) (168.220, 28.900) on layer: M2
Net VSS: dangling Wire at (6.220, 26.740) (6.220, 26.740) on layer: M2
Net VSS: dangling Wire at (168.220, 26.740) (168.220, 26.740) on layer: M2
Net VSS: dangling Wire at (6.220, 24.580) (6.220, 24.580) on layer: M2
Net VSS: dangling Wire at (168.220, 24.580) (168.220, 24.580) on layer: M2
Net VSS: dangling Wire at (6.220, 22.420) (6.220, 22.420) on layer: M2
Net VSS: dangling Wire at (168.220, 22.420) (168.220, 22.420) on layer: M2
Net VSS: dangling Wire at (6.220, 20.260) (6.220, 20.260) on layer: M2
Net VSS: dangling Wire at (168.220, 20.260) (168.220, 20.260) on layer: M2
Net VSS: dangling Wire at (6.220, 18.100) (6.220, 18.100) on layer: M2
Net VSS: dangling Wire at (168.220, 18.100) (168.220, 18.100) on layer: M2
Net VSS: dangling Wire at (6.220, 15.940) (6.220, 15.940) on layer: M2
Net VSS: dangling Wire at (168.220, 15.940) (168.220, 15.940) on layer: M2
Net VSS: dangling Wire at (6.220, 13.780) (6.220, 13.780) on layer: M2
Net VSS: dangling Wire at (168.220, 13.780) (168.220, 13.780) on layer: M2
Net VSS: dangling Wire at (6.220, 11.620) (6.220, 11.620) on layer: M2
Net VSS: dangling Wire at (168.220, 11.620) (168.220, 11.620) on layer: M2
Net VSS: dangling Wire at (6.220, 9.460) (6.220, 9.460) on layer: M2
Net VSS: dangling Wire at (168.220, 9.460) (168.220, 9.460) on layer: M2
Net VSS: dangling Wire at (6.220, 7.300) (6.220, 7.300) on layer: M2
Net VSS: dangling Wire at (168.220, 7.300) (168.220, 7.300) on layer: M2
Net VDD: dangling Wire at (6.220, 168.220) (6.220, 168.220) on layer: M1
Net VDD: dangling Wire at (168.220, 168.220) (168.220, 168.220) on layer: M1
Net VDD: dangling Wire at (6.220, 166.060) (6.220, 166.060) on layer: M1
Net VDD: dangling Wire at (168.220, 166.060) (168.220, 166.060) on layer: M1
Net VDD: dangling Wire at (6.220, 163.900) (6.220, 163.900) on layer: M1
Net VDD: dangling Wire at (6.220, 161.740) (6.220, 161.740) on layer: M1
Net VDD: dangling Wire at (6.220, 159.580) (6.220, 159.580) on layer: M1
Net VDD: dangling Wire at (6.220, 157.420) (6.220, 157.420) on layer: M1
Net VDD: dangling Wire at (6.220, 155.260) (6.220, 155.260) on layer: M1
Net VDD: dangling Wire at (168.220, 155.260) (168.220, 155.260) on layer: M1
Net VDD: dangling Wire at (6.220, 153.100) (6.220, 153.100) on layer: M1
Net VDD: dangling Wire at (6.220, 150.940) (6.220, 150.940) on layer: M1
Net VDD: dangling Wire at (6.220, 148.780) (6.220, 148.780) on layer: M1
Net VDD: dangling Wire at (6.220, 146.620) (6.220, 146.620) on layer: M1
Net VDD: dangling Wire at (6.220, 144.460) (6.220, 144.460) on layer: M1
Net VDD: dangling Wire at (168.220, 144.460) (168.220, 144.460) on layer: M1
Net VDD: dangling Wire at (6.220, 142.300) (6.220, 142.300) on layer: M1
Net VDD: dangling Wire at (6.220, 140.140) (6.220, 140.140) on layer: M1
Net VDD: dangling Wire at (6.220, 137.980) (6.220, 137.980) on layer: M1
Net VDD: dangling Wire at (168.220, 137.980) (168.220, 137.980) on layer: M1
Net VDD: dangling Wire at (6.220, 133.660) (6.220, 133.660) on layer: M1
Net VDD: dangling Wire at (6.220, 131.500) (6.220, 131.500) on layer: M1
Net VDD: dangling Wire at (168.220, 131.500) (168.220, 131.500) on layer: M1
Net VDD: dangling Wire at (6.220, 129.340) (6.220, 129.340) on layer: M1
Net VDD: dangling Wire at (6.220, 127.180) (6.220, 127.180) on layer: M1
Net VDD: dangling Wire at (6.220, 125.020) (6.220, 125.020) on layer: M1
Net VDD: dangling Wire at (168.220, 125.020) (168.220, 125.020) on layer: M1
Net VDD: dangling Wire at (6.220, 122.860) (6.220, 122.860) on layer: M1
Net VDD: dangling Wire at (168.220, 122.860) (168.220, 122.860) on layer: M1
Net VDD: dangling Wire at (6.220, 120.700) (6.220, 120.700) on layer: M1
Net VDD: dangling Wire at (168.220, 120.700) (168.220, 120.700) on layer: M1
Net VDD: dangling Wire at (6.220, 118.540) (6.220, 118.540) on layer: M1
Net VDD: dangling Wire at (168.220, 118.540) (168.220, 118.540) on layer: M1
Net VDD: dangling Wire at (6.220, 116.380) (6.220, 116.380) on layer: M1
Net VDD: dangling Wire at (168.220, 116.380) (168.220, 116.380) on layer: M1
Net VDD: dangling Wire at (6.220, 114.220) (6.220, 114.220) on layer: M1
Net VDD: dangling Wire at (168.220, 114.220) (168.220, 114.220) on layer: M1
Net VDD: dangling Wire at (6.220, 112.060) (6.220, 112.060) on layer: M1
Net VDD: dangling Wire at (6.220, 109.900) (6.220, 109.900) on layer: M1
Net VDD: dangling Wire at (6.220, 107.740) (6.220, 107.740) on layer: M1
Net VDD: dangling Wire at (168.220, 107.740) (168.220, 107.740) on layer: M1
Net VDD: dangling Wire at (6.220, 105.580) (6.220, 105.580) on layer: M1
Net VDD: dangling Wire at (6.220, 103.420) (6.220, 103.420) on layer: M1
Net VDD: dangling Wire at (6.220, 101.260) (6.220, 101.260) on layer: M1
Net VDD: dangling Wire at (6.220, 99.100) (6.220, 99.100) on layer: M1
Net VDD: dangling Wire at (168.220, 99.100) (168.220, 99.100) on layer: M1
Net VDD: dangling Wire at (6.220, 96.940) (6.220, 96.940) on layer: M1
Net VDD: dangling Wire at (6.220, 92.620) (6.220, 92.620) on layer: M1
Net VDD: dangling Wire at (6.220, 90.460) (6.220, 90.460) on layer: M1
Net VDD: dangling Wire at (6.220, 88.300) (6.220, 88.300) on layer: M1
Net VDD: dangling Wire at (6.220, 86.140) (6.220, 86.140) on layer: M1
Net VDD: dangling Wire at (6.220, 83.980) (6.220, 83.980) on layer: M1
Net VDD: dangling Wire at (6.220, 81.820) (6.220, 81.820) on layer: M1
Net VDD: dangling Wire at (6.220, 79.660) (6.220, 79.660) on layer: M1
Net VDD: dangling Wire at (6.220, 77.500) (6.220, 77.500) on layer: M1
Net VDD: dangling Wire at (6.220, 75.340) (6.220, 75.340) on layer: M1
Net VDD: dangling Wire at (6.220, 73.180) (6.220, 73.180) on layer: M1
Net VDD: dangling Wire at (6.220, 71.020) (6.220, 71.020) on layer: M1
Net VDD: dangling Wire at (6.220, 68.860) (6.220, 68.860) on layer: M1
Net VDD: dangling Wire at (168.220, 68.860) (168.220, 68.860) on layer: M1
Net VDD: dangling Wire at (6.220, 66.700) (6.220, 66.700) on layer: M1
Net VDD: dangling Wire at (6.220, 64.540) (6.220, 64.540) on layer: M1
Net VDD: dangling Wire at (6.220, 58.060) (6.220, 58.060) on layer: M1
Net VDD: dangling Wire at (6.220, 55.900) (6.220, 55.900) on layer: M1
Net VDD: dangling Wire at (168.220, 55.900) (168.220, 55.900) on layer: M1
Net VDD: dangling Wire at (6.220, 53.740) (6.220, 53.740) on layer: M1
Net VDD: dangling Wire at (168.220, 53.740) (168.220, 53.740) on layer: M1
Net VDD: dangling Wire at (6.220, 51.580) (6.220, 51.580) on layer: M1
Net VDD: dangling Wire at (6.220, 49.420) (6.220, 49.420) on layer: M1
Net VDD: dangling Wire at (6.220, 47.260) (6.220, 47.260) on layer: M1
Net VDD: dangling Wire at (6.220, 45.100) (6.220, 45.100) on layer: M1
Net VDD: dangling Wire at (6.220, 42.940) (6.220, 42.940) on layer: M1
Net VDD: dangling Wire at (6.220, 40.780) (6.220, 40.780) on layer: M1
Net VDD: dangling Wire at (168.220, 40.780) (168.220, 40.780) on layer: M1
Net VDD: dangling Wire at (6.220, 38.620) (6.220, 38.620) on layer: M1
Net VDD: dangling Wire at (168.220, 38.620) (168.220, 38.620) on layer: M1
Net VDD: dangling Wire at (6.220, 36.460) (6.220, 36.460) on layer: M1
Net VDD: dangling Wire at (6.220, 34.300) (6.220, 34.300) on layer: M1
Net VDD: dangling Wire at (6.220, 32.140) (6.220, 32.140) on layer: M1
Net VDD: dangling Wire at (6.220, 29.980) (6.220, 29.980) on layer: M1
Net VDD: dangling Wire at (6.220, 27.820) (6.220, 27.820) on layer: M1
Net VDD: dangling Wire at (6.220, 25.660) (6.220, 25.660) on layer: M1
Net VDD: dangling Wire at (6.220, 23.500) (6.220, 23.500) on layer: M1
Net VDD: dangling Wire at (6.220, 21.340) (6.220, 21.340) on layer: M1
Net VDD: dangling Wire at (6.220, 19.180) (6.220, 19.180) on layer: M1
Net VDD: dangling Wire at (168.220, 19.180) (168.220, 19.180) on layer: M1
Net VDD: dangling Wire at (6.220, 17.020) (6.220, 17.020) on layer: M1
Net VDD: dangling Wire at (6.220, 14.860) (6.220, 14.860) on layer: M1
Net VDD: dangling Wire at (168.220, 14.860) (168.220, 14.860) on layer: M1
Net VDD: dangling Wire at (6.220, 12.700) (6.220, 12.700) on layer: M1
Net VDD: dangling Wire at (6.220, 10.540) (6.220, 10.540) on layer: M1
Net VDD: dangling Wire at (168.220, 10.540) (168.220, 10.540) on layer: M1
Net VDD: dangling Wire at (6.220, 8.380) (6.220, 8.380) on layer: M1
Net VDD: dangling Wire at (168.220, 8.380) (168.220, 8.380) on layer: M1
Net VDD: dangling Wire at (6.220, 6.220) (6.220, 6.220) on layer: M1
Net VDD: dangling Wire at (168.220, 6.220) (168.220, 6.220) on layer: M1
Net VDD: dangling Wire at (6.220, 168.220) (6.220, 168.220) on layer: M2
Net VDD: dangling Wire at (168.220, 168.220) (168.220, 168.220) on layer: M2
Net VDD: dangling Wire at (6.220, 166.060) (6.220, 166.060) on layer: M2
Net VDD: dangling Wire at (168.220, 166.060) (168.220, 166.060) on layer: M2
Net VDD: dangling Wire at (6.220, 163.900) (6.220, 163.900) on layer: M2
Net VDD: dangling Wire at (168.220, 163.900) (168.220, 163.900) on layer: M2
Net VDD: dangling Wire at (6.220, 161.740) (6.220, 161.740) on layer: M2
Net VDD: dangling Wire at (168.220, 161.740) (168.220, 161.740) on layer: M2
Net VDD: dangling Wire at (6.220, 159.580) (6.220, 159.580) on layer: M2
Net VDD: dangling Wire at (168.220, 159.580) (168.220, 159.580) on layer: M2
Net VDD: dangling Wire at (6.220, 157.420) (6.220, 157.420) on layer: M2
Net VDD: dangling Wire at (168.220, 157.420) (168.220, 157.420) on layer: M2
Net VDD: dangling Wire at (6.220, 155.260) (6.220, 155.260) on layer: M2
Net VDD: dangling Wire at (168.220, 155.260) (168.220, 155.260) on layer: M2
Net VDD: dangling Wire at (6.220, 153.100) (6.220, 153.100) on layer: M2
Net VDD: dangling Wire at (168.220, 153.100) (168.220, 153.100) on layer: M2
Net VDD: dangling Wire at (6.220, 150.940) (6.220, 150.940) on layer: M2
Net VDD: dangling Wire at (168.220, 150.940) (168.220, 150.940) on layer: M2
Net VDD: dangling Wire at (6.220, 148.780) (6.220, 148.780) on layer: M2
Net VDD: dangling Wire at (168.220, 148.780) (168.220, 148.780) on layer: M2
Net VDD: dangling Wire at (6.220, 146.620) (6.220, 146.620) on layer: M2
Net VDD: dangling Wire at (168.220, 146.620) (168.220, 146.620) on layer: M2
Net VDD: dangling Wire at (6.220, 144.460) (6.220, 144.460) on layer: M2
Net VDD: dangling Wire at (168.220, 144.460) (168.220, 144.460) on layer: M2
Net VDD: dangling Wire at (6.220, 142.300) (6.220, 142.300) on layer: M2
Net VDD: dangling Wire at (168.220, 142.300) (168.220, 142.300) on layer: M2
Net VDD: dangling Wire at (6.220, 140.140) (6.220, 140.140) on layer: M2
Net VDD: dangling Wire at (168.220, 140.140) (168.220, 140.140) on layer: M2
Net VDD: dangling Wire at (6.220, 137.980) (6.220, 137.980) on layer: M2
Net VDD: dangling Wire at (168.220, 137.980) (168.220, 137.980) on layer: M2
Net VDD: dangling Wire at (6.220, 135.820) (6.220, 135.820) on layer: M2
Net VDD: dangling Wire at (168.220, 135.820) (168.220, 135.820) on layer: M2
Net VDD: dangling Wire at (6.220, 133.660) (6.220, 133.660) on layer: M2
Net VDD: dangling Wire at (168.220, 133.660) (168.220, 133.660) on layer: M2
Net VDD: dangling Wire at (6.220, 131.500) (6.220, 131.500) on layer: M2
Net VDD: dangling Wire at (168.220, 131.500) (168.220, 131.500) on layer: M2
Net VDD: dangling Wire at (6.220, 129.340) (6.220, 129.340) on layer: M2
Net VDD: dangling Wire at (168.220, 129.340) (168.220, 129.340) on layer: M2
Net VDD: dangling Wire at (6.220, 127.180) (6.220, 127.180) on layer: M2
Net VDD: dangling Wire at (168.220, 127.180) (168.220, 127.180) on layer: M2
Net VDD: dangling Wire at (6.220, 125.020) (6.220, 125.020) on layer: M2
Net VDD: dangling Wire at (168.220, 125.020) (168.220, 125.020) on layer: M2
Net VDD: dangling Wire at (6.220, 122.860) (6.220, 122.860) on layer: M2
Net VDD: dangling Wire at (168.220, 122.860) (168.220, 122.860) on layer: M2
Net VDD: dangling Wire at (6.220, 120.700) (6.220, 120.700) on layer: M2
Net VDD: dangling Wire at (168.220, 120.700) (168.220, 120.700) on layer: M2
Net VDD: dangling Wire at (6.220, 118.540) (6.220, 118.540) on layer: M2
Net VDD: dangling Wire at (168.220, 118.540) (168.220, 118.540) on layer: M2
Net VDD: dangling Wire at (6.220, 116.380) (6.220, 116.380) on layer: M2
Net VDD: dangling Wire at (168.220, 116.380) (168.220, 116.380) on layer: M2
Net VDD: dangling Wire at (6.220, 114.220) (6.220, 114.220) on layer: M2
Net VDD: dangling Wire at (168.220, 114.220) (168.220, 114.220) on layer: M2
Net VDD: dangling Wire at (6.220, 112.060) (6.220, 112.060) on layer: M2
Net VDD: dangling Wire at (168.220, 112.060) (168.220, 112.060) on layer: M2
Net VDD: dangling Wire at (6.220, 109.900) (6.220, 109.900) on layer: M2
Net VDD: dangling Wire at (168.220, 109.900) (168.220, 109.900) on layer: M2
Net VDD: dangling Wire at (6.220, 107.740) (6.220, 107.740) on layer: M2
Net VDD: dangling Wire at (168.220, 107.740) (168.220, 107.740) on layer: M2
Net VDD: dangling Wire at (6.220, 105.580) (6.220, 105.580) on layer: M2
Net VDD: dangling Wire at (168.220, 105.580) (168.220, 105.580) on layer: M2
Net VDD: dangling Wire at (6.220, 103.420) (6.220, 103.420) on layer: M2
Net VDD: dangling Wire at (168.220, 103.420) (168.220, 103.420) on layer: M2
Net VDD: dangling Wire at (6.220, 101.260) (6.220, 101.260) on layer: M2
Net VDD: dangling Wire at (168.220, 101.260) (168.220, 101.260) on layer: M2
Net VDD: dangling Wire at (6.220, 99.100) (6.220, 99.100) on layer: M2
Net VDD: dangling Wire at (168.220, 99.100) (168.220, 99.100) on layer: M2
Net VDD: dangling Wire at (6.220, 96.940) (6.220, 96.940) on layer: M2
Net VDD: dangling Wire at (168.220, 96.940) (168.220, 96.940) on layer: M2
Net VDD: dangling Wire at (6.220, 94.780) (6.220, 94.780) on layer: M2
Net VDD: dangling Wire at (168.220, 94.780) (168.220, 94.780) on layer: M2
Net VDD: dangling Wire at (6.220, 92.620) (6.220, 92.620) on layer: M2
Net VDD: dangling Wire at (168.220, 92.620) (168.220, 92.620) on layer: M2
Net VDD: dangling Wire at (6.220, 90.460) (6.220, 90.460) on layer: M2
Net VDD: dangling Wire at (168.220, 90.460) (168.220, 90.460) on layer: M2
Net VDD: dangling Wire at (6.220, 88.300) (6.220, 88.300) on layer: M2
Net VDD: dangling Wire at (168.220, 88.300) (168.220, 88.300) on layer: M2
Net VDD: dangling Wire at (6.220, 86.140) (6.220, 86.140) on layer: M2
Net VDD: dangling Wire at (168.220, 86.140) (168.220, 86.140) on layer: M2
Net VDD: dangling Wire at (6.220, 83.980) (6.220, 83.980) on layer: M2
Net VDD: dangling Wire at (168.220, 83.980) (168.220, 83.980) on layer: M2
Net VDD: dangling Wire at (6.220, 81.820) (6.220, 81.820) on layer: M2
Net VDD: dangling Wire at (168.220, 81.820) (168.220, 81.820) on layer: M2
Net VDD: dangling Wire at (6.220, 79.660) (6.220, 79.660) on layer: M2
Net VDD: dangling Wire at (168.220, 79.660) (168.220, 79.660) on layer: M2
Net VDD: dangling Wire at (6.220, 77.500) (6.220, 77.500) on layer: M2
Net VDD: dangling Wire at (168.220, 77.500) (168.220, 77.500) on layer: M2
Net VDD: dangling Wire at (6.220, 75.340) (6.220, 75.340) on layer: M2
Net VDD: dangling Wire at (168.220, 75.340) (168.220, 75.340) on layer: M2
Net VDD: dangling Wire at (6.220, 73.180) (6.220, 73.180) on layer: M2
Net VDD: dangling Wire at (168.220, 73.180) (168.220, 73.180) on layer: M2
Net VDD: dangling Wire at (6.220, 71.020) (6.220, 71.020) on layer: M2
Net VDD: dangling Wire at (168.220, 71.020) (168.220, 71.020) on layer: M2
Net VDD: dangling Wire at (6.220, 68.860) (6.220, 68.860) on layer: M2
Net VDD: dangling Wire at (168.220, 68.860) (168.220, 68.860) on layer: M2
Net VDD: dangling Wire at (6.220, 66.700) (6.220, 66.700) on layer: M2
Net VDD: dangling Wire at (168.220, 66.700) (168.220, 66.700) on layer: M2
Net VDD: dangling Wire at (6.220, 64.540) (6.220, 64.540) on layer: M2
Net VDD: dangling Wire at (168.220, 64.540) (168.220, 64.540) on layer: M2
Net VDD: dangling Wire at (6.220, 62.380) (6.220, 62.380) on layer: M2
Net VDD: dangling Wire at (168.220, 62.380) (168.220, 62.380) on layer: M2
Net VDD: dangling Wire at (6.220, 60.220) (6.220, 60.220) on layer: M2
Net VDD: dangling Wire at (168.220, 60.220) (168.220, 60.220) on layer: M2
Net VDD: dangling Wire at (6.220, 58.060) (6.220, 58.060) on layer: M2
Net VDD: dangling Wire at (168.220, 58.060) (168.220, 58.060) on layer: M2
Net VDD: dangling Wire at (6.220, 55.900) (6.220, 55.900) on layer: M2
Net VDD: dangling Wire at (168.220, 55.900) (168.220, 55.900) on layer: M2
Net VDD: dangling Wire at (6.220, 53.740) (6.220, 53.740) on layer: M2
Net VDD: dangling Wire at (168.220, 53.740) (168.220, 53.740) on layer: M2
Net VDD: dangling Wire at (6.220, 51.580) (6.220, 51.580) on layer: M2
Net VDD: dangling Wire at (168.220, 51.580) (168.220, 51.580) on layer: M2
Net VDD: dangling Wire at (6.220, 49.420) (6.220, 49.420) on layer: M2
Net VDD: dangling Wire at (168.220, 49.420) (168.220, 49.420) on layer: M2
Net VDD: dangling Wire at (6.220, 47.260) (6.220, 47.260) on layer: M2
Net VDD: dangling Wire at (168.220, 47.260) (168.220, 47.260) on layer: M2
Net VDD: dangling Wire at (6.220, 45.100) (6.220, 45.100) on layer: M2
Net VDD: dangling Wire at (168.220, 45.100) (168.220, 45.100) on layer: M2
Net VDD: dangling Wire at (6.220, 42.940) (6.220, 42.940) on layer: M2
Net VDD: dangling Wire at (168.220, 42.940) (168.220, 42.940) on layer: M2
Net VDD: dangling Wire at (6.220, 40.780) (6.220, 40.780) on layer: M2
Net VDD: dangling Wire at (168.220, 40.780) (168.220, 40.780) on layer: M2
Net VDD: dangling Wire at (6.220, 38.620) (6.220, 38.620) on layer: M2
Net VDD: dangling Wire at (168.220, 38.620) (168.220, 38.620) on layer: M2
Net VDD: dangling Wire at (6.220, 36.460) (6.220, 36.460) on layer: M2
Net VDD: dangling Wire at (168.220, 36.460) (168.220, 36.460) on layer: M2
Net VDD: dangling Wire at (6.220, 34.300) (6.220, 34.300) on layer: M2
Net VDD: dangling Wire at (168.220, 34.300) (168.220, 34.300) on layer: M2
Net VDD: dangling Wire at (6.220, 32.140) (6.220, 32.140) on layer: M2
Net VDD: dangling Wire at (168.220, 32.140) (168.220, 32.140) on layer: M2
Net VDD: dangling Wire at (6.220, 29.980) (6.220, 29.980) on layer: M2
Net VDD: dangling Wire at (168.220, 29.980) (168.220, 29.980) on layer: M2
Net VDD: dangling Wire at (6.220, 27.820) (6.220, 27.820) on layer: M2
Net VDD: dangling Wire at (168.220, 27.820) (168.220, 27.820) on layer: M2
Net VDD: dangling Wire at (6.220, 25.660) (6.220, 25.660) on layer: M2
Net VDD: dangling Wire at (168.220, 25.660) (168.220, 25.660) on layer: M2
Net VDD: dangling Wire at (6.220, 23.500) (6.220, 23.500) on layer: M2
Net VDD: dangling Wire at (168.220, 23.500) (168.220, 23.500) on layer: M2
Net VDD: dangling Wire at (6.220, 21.340) (6.220, 21.340) on layer: M2
Net VDD: dangling Wire at (168.220, 21.340) (168.220, 21.340) on layer: M2
Net VDD: dangling Wire at (6.220, 19.180) (6.220, 19.180) on layer: M2
Net VDD: dangling Wire at (168.220, 19.180) (168.220, 19.180) on layer: M2
Net VDD: dangling Wire at (6.220, 17.020) (6.220, 17.020) on layer: M2
Net VDD: dangling Wire at (168.220, 17.020) (168.220, 17.020) on layer: M2
Net VDD: dangling Wire at (6.220, 14.860) (6.220, 14.860) on layer: M2
Net VDD: dangling Wire at (168.220, 14.860) (168.220, 14.860) on layer: M2
Net VDD: dangling Wire at (6.220, 12.700) (6.220, 12.700) on layer: M2
Net VDD: dangling Wire at (168.220, 12.700) (168.220, 12.700) on layer: M2
Net VDD: dangling Wire at (6.220, 10.540) (6.220, 10.540) on layer: M2
Net VDD: dangling Wire at (168.220, 10.540) (168.220, 10.540) on layer: M2
Net VDD: dangling Wire at (6.220, 8.380) (6.220, 8.380) on layer: M2
Net VDD: dangling Wire at (168.220, 8.380) (168.220, 8.380) on layer: M2
Net VDD: dangling Wire at (6.220, 6.220) (6.220, 6.220) on layer: M2
Net VDD: dangling Wire at (168.220, 6.220) (168.220, 6.220) on layer: M2

Begin Summary
    491 Problem(s) (IMPVFC-94): The net has dangling wire(s).
    491 total info(s) created.
End Summary
