#Calculating Track Utilization in region ( 0.00000 0.00000 174.44000 174.44000 ) for layer range: 2-10 [M2-Pad] ...
#
#+-------+------------------+--------------+-----------+-------------+-------------+-----------+--------+----------------+
#|                                         | BLOCKED BY                                                 |                |
#+-------+------------------+--------------+-----------+-------------+-------------+-----------+--------+----------------+
#| Layer | # of Tracks      | TrackLength  | PG Mesh % | Blkg & IO % | BlockCell % | StdCell % | Nets % | Avail Tracks % |
#+-------+------------------+--------------+-----------+-------------+-------------+-----------+--------+----------------+
#| M2    |             1126 |    196195.08 |     12.48 |        0.00 |        0.00 |      1.01 |  31.66 |          54.84 |
#| M3    |             1211 |    211039.15 |     20.95 |        0.00 |        0.00 |      0.00 |  30.62 |          48.42 |
#| M4    |              908 |    158210.60 |      9.01 |        0.01 |        0.00 |      0.00 |  32.35 |          58.62 |
#| M5    |              807 |    140634.68 |      1.13 |        0.00 |        0.00 |      0.00 |  24.67 |          74.20 |
#| M6    |              606 |    105589.89 |      6.52 |        0.00 |        0.00 |      0.00 |  45.51 |          47.97 |
#| M7    |              606 |    105606.71 |      5.95 |        0.00 |        0.00 |      0.00 |  12.28 |          81.77 |
#| M8    |              453 |     78931.06 |      0.00 |        0.00 |        0.00 |      0.00 |   0.00 |         100.00 |
#| M9    |              484 |     84345.95 |      0.00 |        0.00 |        0.00 |      0.00 |   0.00 |         100.00 |
#| Pad   |               14 |      2439.37 |      0.00 |        0.00 |        0.00 |      0.00 |   0.00 |         100.00 |
#+-------+------------------+--------------+-----------+-------------+-------------+-----------+--------+----------------+
#| TOTAL |             6215 |   1082992.51 |      9.02 |        0.00 |        0.00 |      0.18 |  25.27 |          65.52 |
#+-------+------------------+--------------+-----------+-------------+-------------+-----------+--------+----------------+
#Calculating Track Utilization: cpu:00:00:04, real:00:00:00, mem:876.3 MB, peak:1.7 GB --16.03 [24]--
