
Power Net Detected:
        Voltage	    Name
             0V	    VSS
           0.7V	    VDD
Using Power View: view_tc.
Load RC corner of view view_tc

Begin Power Analysis

             0V	    VSS
           0.7V	    VDD

Begin Processing Timing Library for Power Calculation

Begin Processing Timing Library for Power Calculation



Begin Processing Power Net/Grid for Power Calculation

Ended Processing Power Net/Grid for Power Calculation: (cpu=0:00:00, real=0:00:00, mem(process/total/peak)=1814.94MB/4021.08MB/1814.96MB)

Begin Processing Timing Window Data for Power Calculation

clk(1666.67MHz) CK: assigning clock clk to net clk
Ended Processing Timing Window Data for Power Calculation: (cpu=0:00:00, real=0:00:00, mem(process/total/peak)=1815.60MB/4021.08MB/1815.61MB)

Begin Processing User Attributes

Ended Processing User Attributes: (cpu=0:00:00, real=0:00:00, mem(process/total/peak)=1815.67MB/4021.08MB/1815.67MB)

Begin Processing Signal Activity


Starting Levelizing
2023-Feb-13 09:16:41 (2023-Feb-13 01:16:41 GMT)
2023-Feb-13 09:16:41 (2023-Feb-13 01:16:41 GMT): 10%
2023-Feb-13 09:16:41 (2023-Feb-13 01:16:41 GMT): 20%
2023-Feb-13 09:16:41 (2023-Feb-13 01:16:41 GMT): 30%
2023-Feb-13 09:16:41 (2023-Feb-13 01:16:41 GMT): 40%
2023-Feb-13 09:16:41 (2023-Feb-13 01:16:41 GMT): 50%
2023-Feb-13 09:16:41 (2023-Feb-13 01:16:41 GMT): 60%
2023-Feb-13 09:16:41 (2023-Feb-13 01:16:41 GMT): 70%
2023-Feb-13 09:16:41 (2023-Feb-13 01:16:41 GMT): 80%
2023-Feb-13 09:16:41 (2023-Feb-13 01:16:41 GMT): 90%

Finished Levelizing
2023-Feb-13 09:16:41 (2023-Feb-13 01:16:41 GMT)

Starting Activity Propagation
2023-Feb-13 09:16:41 (2023-Feb-13 01:16:41 GMT)
** INFO:  (VOLTUS_POWR-1356): No default input activity has been set. Defaulting to 0.2.
Use 'set_default_switching_activity -input_activity' command to change the default activity value.

2023-Feb-13 09:16:41 (2023-Feb-13 01:16:41 GMT): 10%
2023-Feb-13 09:16:41 (2023-Feb-13 01:16:41 GMT): 20%

Finished Activity Propagation
2023-Feb-13 09:16:41 (2023-Feb-13 01:16:41 GMT)
Ended Processing Signal Activity: (cpu=0:00:00, real=0:00:00, mem(process/total/peak)=1816.03MB/4021.08MB/1816.03MB)

Begin Power Computation

      ----------------------------------------------------------
      # of cell(s) missing both power/leakage table: 0
      # of cell(s) missing power table: 2
      # of cell(s) missing leakage table: 0
      ----------------------------------------------------------
CellName                                  Missing Table(s)
TIEHIx1_ASAP7_75t_SL                      internal power, 
TIELOx1_ASAP7_75t_SL                      internal power, 



Starting Calculating power
2023-Feb-13 09:16:41 (2023-Feb-13 01:16:41 GMT)
2023-Feb-13 09:16:42 (2023-Feb-13 01:16:42 GMT): 10%
2023-Feb-13 09:16:42 (2023-Feb-13 01:16:42 GMT): 20%
2023-Feb-13 09:16:42 (2023-Feb-13 01:16:42 GMT): 30%
2023-Feb-13 09:16:42 (2023-Feb-13 01:16:42 GMT): 40%
2023-Feb-13 09:16:42 (2023-Feb-13 01:16:42 GMT): 50%
2023-Feb-13 09:16:42 (2023-Feb-13 01:16:42 GMT): 60%
2023-Feb-13 09:16:42 (2023-Feb-13 01:16:42 GMT): 70%
2023-Feb-13 09:16:42 (2023-Feb-13 01:16:42 GMT): 80%
2023-Feb-13 09:16:42 (2023-Feb-13 01:16:42 GMT): 90%

Finished Calculating power
2023-Feb-13 09:16:42 (2023-Feb-13 01:16:42 GMT)
      # of MSMV cell(s) missing power_level: 0
Ended Power Computation: (cpu=0:00:03, real=0:00:00, mem(process/total/peak)=1862.36MB/4216.14MB/1862.37MB)

Begin Processing User Attributes

Ended Processing User Attributes: (cpu=0:00:00, real=0:00:00, mem(process/total/peak)=1862.37MB/4216.14MB/1862.42MB)

Ended Power Analysis: (cpu=0:00:04, real=0:00:01, mem(process/total/peak)=1862.42MB/4216.14MB/1862.42MB)

Begin Boundary Leakage Calculation
Ended Boundary Leakage Calculation: (cpu=0:00:00, real=0:00:00,
mem(process/total/peak)=1862.43MB/4216.14MB/1862.43MB)
Begin Static Power Report Generation
*----------------------------------------------------------------------------------------
*	Innovus 21.13-s100_1 (64bit) 03/04/2022 14:32 (Linux 3.10.0-693.el7.x86_64)
*	
*
* 	Date & Time:	2023-Feb-13 09:16:42 (2023-Feb-13 01:16:42 GMT)
*
*----------------------------------------------------------------------------------------
*
*	Design: sha256
*
*	Liberty Libraries used:
*	        view_tc: ASAP7/asap7sc7p5t_AO_LVT_TT_nldm_211120.lib
*	        view_tc: ASAP7/asap7sc7p5t_INVBUF_LVT_TT_nldm_220122.lib
*	        view_tc: ASAP7/asap7sc7p5t_OA_LVT_TT_nldm_211120.lib
*	        view_tc: ASAP7/asap7sc7p5t_SEQ_LVT_TT_nldm_220123.lib
*	        view_tc: ASAP7/asap7sc7p5t_SIMPLE_LVT_TT_nldm_211120.lib
*	        view_tc: ASAP7/asap7sc7p5t_AO_SLVT_TT_nldm_211120.lib
*	        view_tc: ASAP7/asap7sc7p5t_INVBUF_SLVT_TT_nldm_220122.lib
*	        view_tc: ASAP7/asap7sc7p5t_OA_SLVT_TT_nldm_211120.lib
*	        view_tc: ASAP7/asap7sc7p5t_SEQ_SLVT_TT_nldm_220123.lib
*	        view_tc: ASAP7/asap7sc7p5t_SIMPLE_SLVT_TT_nldm_211120.lib
*
*	Parasitic Files used:
*
*       Power View : view_tc
*
*       User-Defined Activity : N.A.
*
*       Activity File: N.A.
*
*       Hierarchical Global Activity: N.A.
*
*       Global Activity: N.A.
*
*       Sequential Element Activity: 0.200000
*
*       Primary Input Activity: 0.200000
*
*       Default icg ratio: N.A.
*
*       Global Comb ClockGate Ratio: N.A.
*
*	Power Units = 1mW
*
*	Time Units = 1e-12 secs
*
*       report_power
*
-----------------------------------------------------------------------------------------
*



Total Power
-----------------------------------------------------------------------------------------
Total Internal Power:        7.32845708 	   65.5330%
Total Switching Power:       3.72923003 	   33.3477%
Total Leakage Power:         0.12517160 	    1.1193%
Total Power:                11.18285871
-----------------------------------------------------------------------------------------


Group                           Internal   Switching     Leakage       Total  Percentage 
                                Power      Power         Power         Power  (%)        
-----------------------------------------------------------------------------------------
Sequential                         4.701      0.4281     0.05122        5.18       46.32
Macro                                  0           0           0           0           0
IO                                     0           0    5.53e-07    5.53e-07   4.945e-06
Combinational                      2.382       2.368     0.07226       4.822       43.12
Clock (Combinational)             0.2457      0.9328    0.001688        1.18       10.55
Clock (Sequential)                     0           0           0           0           0
-----------------------------------------------------------------------------------------
Total                              7.328       3.729      0.1252       11.18         100
-----------------------------------------------------------------------------------------


Rail                  Voltage   Internal   Switching     Leakage       Total  Percentage 
                                Power      Power         Power         Power  (%)        
-----------------------------------------------------------------------------------------
VDD                       0.7      7.328       3.729      0.1252       11.18         100


Clock                           Internal   Switching     Leakage       Total  Percentage 
                                Power      Power         Power         Power  (%)        
-----------------------------------------------------------------------------------------
clk                               0.2457      0.9328    0.001688        1.18       10.55
-----------------------------------------------------------------------------------------
Total                             0.2457      0.9328    0.001688        1.18       10.55
-----------------------------------------------------------------------------------------
Clock: clk
Clock Period: 0.000600 usec 
Clock Toggle Rate:  3333.3332 Mhz 
Clock Static Probability:  0.5000
  
 
 
-----------------------------------------------------------------------------------------
*	Power Distribution Summary: 
*              Highest Average Power:       CTS_ccl_a_buf_00086 (BUFx12_ASAP7_75t_SL):          0.05972
*              Highest Leakage Power:       CTS_ccl_a_buf_00112 (BUFx12f_ASAP7_75t_SL):        8.169e-05
*                Total Cap:      2.63775e-11 F
*                Total instances in design:  9805
*                Total instances in design with no power:     0
*                Total instances in design with no activty:     0

*                Total Fillers and Decap:     0
-----------------------------------------------------------------------------------------
 
** INFO:  (VOLTUS_POWR-3465): There are 0 decaps and 0 fillers in the design

Ended Static Power Report Generation: (cpu=0:00:00, real=0:00:00,
mem(process/total/peak)=1865.93MB/4218.89MB/1865.95MB)

