###############################################################
#  Generated by:      Cadence Innovus 21.13-s100_1
#  OS:                Linux x86_64(Host ID ic51)
#  Generated on:      Mon Feb 13 09:15:24 2023
#  Design:            sha256
#  Command:           check_pin_assignment
###############################################################

Start Checking pins of top cell: [sha256] 
Summary report for top level: [sha256] 
	Total Pins                         : 77
	Legally Assigned Pins              : 77
End of Summary report
End Checking pins of top cell: [sha256] 


===========================================================================================================================
                                                checkPinAssignment Summary
===========================================================================================================================
Partition   | pads  | pins   | legal  | illegal | internal | internal illegal | FT     | FT illegal | constant | unplaced |
===========================================================================================================================
sha256      |     0 |     77 |     77 |       0 |        0 |                0 |      0 |          0 |        0 |        0 |
===========================================================================================================================
TOTAL       |     0 |     77 |     77 |       0 |        0 |                0 |      0 |          0 |        0 |        0 |
===========================================================================================================================
