###############################################################
#  Generated by:      Cadence Innovus 21.13-s100_1
#  OS:                Linux x86_64(Host ID ic51)
#  Generated on:      Mon Feb 13 09:15:24 2023
#  Design:            sha256
#  Command:           check_connectivity -error 100000 -warning 100000 -check_wire_loops
###############################################################
Verify Connectivity Report is created on Mon Feb 13 09:15:24 2023




Multi-CPU acceleration using 24 CPU


Use pthread

Net VSS: dangling Wire at (6.220, 184.420) (6.220, 184.420) on layer: M1
Net VSS: dangling Wire at (184.420, 184.420) (184.420, 184.420) on layer: M1
Net VSS: dangling Wire at (6.220, 182.260) (6.220, 182.260) on layer: M1
Net VSS: dangling Wire at (184.420, 182.260) (184.420, 182.260) on layer: M1
Net VSS: dangling Wire at (6.220, 180.100) (6.220, 180.100) on layer: M1
Net VSS: dangling Wire at (184.420, 180.100) (184.420, 180.100) on layer: M1
Net VSS: dangling Wire at (6.220, 177.940) (6.220, 177.940) on layer: M1
Net VSS: dangling Wire at (184.420, 177.940) (184.420, 177.940) on layer: M1
Net VSS: dangling Wire at (6.220, 175.780) (6.220, 175.780) on layer: M1
Net VSS: dangling Wire at (184.420, 175.780) (184.420, 175.780) on layer: M1
Net VSS: dangling Wire at (6.220, 173.620) (6.220, 173.620) on layer: M1
Net VSS: dangling Wire at (184.420, 173.620) (184.420, 173.620) on layer: M1
Net VSS: dangling Wire at (6.220, 171.460) (6.220, 171.460) on layer: M1
Net VSS: dangling Wire at (184.420, 171.460) (184.420, 171.460) on layer: M1
Net VSS: dangling Wire at (6.220, 169.300) (6.220, 169.300) on layer: M1
Net VSS: dangling Wire at (184.420, 169.300) (184.420, 169.300) on layer: M1
Net VSS: dangling Wire at (6.220, 167.140) (6.220, 167.140) on layer: M1
Net VSS: dangling Wire at (184.420, 167.140) (184.420, 167.140) on layer: M1
Net VSS: dangling Wire at (6.220, 164.980) (6.220, 164.980) on layer: M1
Net VSS: dangling Wire at (184.420, 164.980) (184.420, 164.980) on layer: M1
Net VSS: dangling Wire at (6.220, 162.820) (6.220, 162.820) on layer: M1
Net VSS: dangling Wire at (184.420, 162.820) (184.420, 162.820) on layer: M1
Net VSS: dangling Wire at (6.220, 160.660) (6.220, 160.660) on layer: M1
Net VSS: dangling Wire at (184.420, 160.660) (184.420, 160.660) on layer: M1
Net VSS: dangling Wire at (6.220, 158.500) (6.220, 158.500) on layer: M1
Net VSS: dangling Wire at (184.420, 158.500) (184.420, 158.500) on layer: M1
Net VSS: dangling Wire at (6.220, 156.340) (6.220, 156.340) on layer: M1
Net VSS: dangling Wire at (184.420, 156.340) (184.420, 156.340) on layer: M1
Net VSS: dangling Wire at (6.220, 154.180) (6.220, 154.180) on layer: M1
Net VSS: dangling Wire at (184.420, 154.180) (184.420, 154.180) on layer: M1
Net VSS: dangling Wire at (6.220, 152.020) (6.220, 152.020) on layer: M1
Net VSS: dangling Wire at (184.420, 152.020) (184.420, 152.020) on layer: M1
Net VSS: dangling Wire at (6.220, 149.860) (6.220, 149.860) on layer: M1
Net VSS: dangling Wire at (184.420, 149.860) (184.420, 149.860) on layer: M1
Net VSS: dangling Wire at (6.220, 147.700) (6.220, 147.700) on layer: M1
Net VSS: dangling Wire at (184.420, 147.700) (184.420, 147.700) on layer: M1
Net VSS: dangling Wire at (6.220, 145.540) (6.220, 145.540) on layer: M1
Net VSS: dangling Wire at (184.420, 145.540) (184.420, 145.540) on layer: M1
Net VSS: dangling Wire at (6.220, 143.380) (6.220, 143.380) on layer: M1
Net VSS: dangling Wire at (184.420, 143.380) (184.420, 143.380) on layer: M1
Net VSS: dangling Wire at (6.220, 141.220) (6.220, 141.220) on layer: M1
Net VSS: dangling Wire at (184.420, 141.220) (184.420, 141.220) on layer: M1
Net VSS: dangling Wire at (6.220, 139.060) (6.220, 139.060) on layer: M1
Net VSS: dangling Wire at (184.420, 139.060) (184.420, 139.060) on layer: M1
Net VSS: dangling Wire at (6.220, 136.900) (6.220, 136.900) on layer: M1
Net VSS: dangling Wire at (184.420, 136.900) (184.420, 136.900) on layer: M1
Net VSS: dangling Wire at (6.220, 134.740) (6.220, 134.740) on layer: M1
Net VSS: dangling Wire at (184.420, 134.740) (184.420, 134.740) on layer: M1
Net VSS: dangling Wire at (184.420, 132.580) (184.420, 132.580) on layer: M1
Net VSS: dangling Wire at (6.220, 130.420) (6.220, 130.420) on layer: M1
Net VSS: dangling Wire at (184.420, 130.420) (184.420, 130.420) on layer: M1
Net VSS: dangling Wire at (6.220, 128.260) (6.220, 128.260) on layer: M1
Net VSS: dangling Wire at (184.420, 128.260) (184.420, 128.260) on layer: M1
Net VSS: dangling Wire at (6.220, 126.100) (6.220, 126.100) on layer: M1
Net VSS: dangling Wire at (184.420, 126.100) (184.420, 126.100) on layer: M1
Net VSS: dangling Wire at (6.220, 123.940) (6.220, 123.940) on layer: M1
Net VSS: dangling Wire at (184.420, 123.940) (184.420, 123.940) on layer: M1
Net VSS: dangling Wire at (6.220, 121.780) (6.220, 121.780) on layer: M1
Net VSS: dangling Wire at (184.420, 121.780) (184.420, 121.780) on layer: M1
Net VSS: dangling Wire at (6.220, 119.620) (6.220, 119.620) on layer: M1
Net VSS: dangling Wire at (184.420, 119.620) (184.420, 119.620) on layer: M1
Net VSS: dangling Wire at (6.220, 117.460) (6.220, 117.460) on layer: M1
Net VSS: dangling Wire at (184.420, 117.460) (184.420, 117.460) on layer: M1
Net VSS: dangling Wire at (184.420, 115.300) (184.420, 115.300) on layer: M1
Net VSS: dangling Wire at (184.420, 113.140) (184.420, 113.140) on layer: M1
Net VSS: dangling Wire at (6.220, 110.980) (6.220, 110.980) on layer: M1
Net VSS: dangling Wire at (184.420, 110.980) (184.420, 110.980) on layer: M1
Net VSS: dangling Wire at (6.220, 108.820) (6.220, 108.820) on layer: M1
Net VSS: dangling Wire at (184.420, 108.820) (184.420, 108.820) on layer: M1
Net VSS: dangling Wire at (6.220, 106.660) (6.220, 106.660) on layer: M1
Net VSS: dangling Wire at (184.420, 106.660) (184.420, 106.660) on layer: M1
Net VSS: dangling Wire at (6.220, 104.500) (6.220, 104.500) on layer: M1
Net VSS: dangling Wire at (184.420, 104.500) (184.420, 104.500) on layer: M1
Net VSS: dangling Wire at (6.220, 102.340) (6.220, 102.340) on layer: M1
Net VSS: dangling Wire at (184.420, 102.340) (184.420, 102.340) on layer: M1
Net VSS: dangling Wire at (6.220, 100.180) (6.220, 100.180) on layer: M1
Net VSS: dangling Wire at (184.420, 100.180) (184.420, 100.180) on layer: M1
Net VSS: dangling Wire at (6.220, 98.020) (6.220, 98.020) on layer: M1
Net VSS: dangling Wire at (184.420, 98.020) (184.420, 98.020) on layer: M1
Net VSS: dangling Wire at (6.220, 95.860) (6.220, 95.860) on layer: M1
Net VSS: dangling Wire at (184.420, 95.860) (184.420, 95.860) on layer: M1
Net VSS: dangling Wire at (184.420, 93.700) (184.420, 93.700) on layer: M1
Net VSS: dangling Wire at (184.420, 91.540) (184.420, 91.540) on layer: M1
Net VSS: dangling Wire at (6.220, 89.380) (6.220, 89.380) on layer: M1
Net VSS: dangling Wire at (184.420, 89.380) (184.420, 89.380) on layer: M1
Net VSS: dangling Wire at (184.420, 87.220) (184.420, 87.220) on layer: M1
Net VSS: dangling Wire at (6.220, 85.060) (6.220, 85.060) on layer: M1
Net VSS: dangling Wire at (184.420, 85.060) (184.420, 85.060) on layer: M1
Net VSS: dangling Wire at (6.220, 82.900) (6.220, 82.900) on layer: M1
Net VSS: dangling Wire at (184.420, 82.900) (184.420, 82.900) on layer: M1
Net VSS: dangling Wire at (6.220, 80.740) (6.220, 80.740) on layer: M1
Net VSS: dangling Wire at (184.420, 80.740) (184.420, 80.740) on layer: M1
Net VSS: dangling Wire at (6.220, 78.580) (6.220, 78.580) on layer: M1
Net VSS: dangling Wire at (184.420, 78.580) (184.420, 78.580) on layer: M1
Net VSS: dangling Wire at (6.220, 76.420) (6.220, 76.420) on layer: M1
Net VSS: dangling Wire at (184.420, 76.420) (184.420, 76.420) on layer: M1
Net VSS: dangling Wire at (6.220, 74.260) (6.220, 74.260) on layer: M1
Net VSS: dangling Wire at (184.420, 74.260) (184.420, 74.260) on layer: M1
Net VSS: dangling Wire at (6.220, 72.100) (6.220, 72.100) on layer: M1
Net VSS: dangling Wire at (184.420, 72.100) (184.420, 72.100) on layer: M1
Net VSS: dangling Wire at (6.220, 69.940) (6.220, 69.940) on layer: M1
Net VSS: dangling Wire at (184.420, 69.940) (184.420, 69.940) on layer: M1
Net VSS: dangling Wire at (6.220, 67.780) (6.220, 67.780) on layer: M1
Net VSS: dangling Wire at (184.420, 67.780) (184.420, 67.780) on layer: M1
Net VSS: dangling Wire at (6.220, 65.620) (6.220, 65.620) on layer: M1
Net VSS: dangling Wire at (184.420, 65.620) (184.420, 65.620) on layer: M1
Net VSS: dangling Wire at (184.420, 63.460) (184.420, 63.460) on layer: M1
Net VSS: dangling Wire at (6.220, 61.300) (6.220, 61.300) on layer: M1
Net VSS: dangling Wire at (184.420, 61.300) (184.420, 61.300) on layer: M1
Net VSS: dangling Wire at (184.420, 59.140) (184.420, 59.140) on layer: M1
Net VSS: dangling Wire at (6.220, 56.980) (6.220, 56.980) on layer: M1
Net VSS: dangling Wire at (184.420, 56.980) (184.420, 56.980) on layer: M1
Net VSS: dangling Wire at (184.420, 54.820) (184.420, 54.820) on layer: M1
Net VSS: dangling Wire at (184.420, 52.660) (184.420, 52.660) on layer: M1
Net VSS: dangling Wire at (184.420, 50.500) (184.420, 50.500) on layer: M1
Net VSS: dangling Wire at (6.220, 48.340) (6.220, 48.340) on layer: M1
Net VSS: dangling Wire at (184.420, 48.340) (184.420, 48.340) on layer: M1
Net VSS: dangling Wire at (6.220, 46.180) (6.220, 46.180) on layer: M1
Net VSS: dangling Wire at (184.420, 46.180) (184.420, 46.180) on layer: M1
Net VSS: dangling Wire at (6.220, 44.020) (6.220, 44.020) on layer: M1
Net VSS: dangling Wire at (184.420, 44.020) (184.420, 44.020) on layer: M1
Net VSS: dangling Wire at (6.220, 41.860) (6.220, 41.860) on layer: M1
Net VSS: dangling Wire at (184.420, 41.860) (184.420, 41.860) on layer: M1
Net VSS: dangling Wire at (6.220, 39.700) (6.220, 39.700) on layer: M1
Net VSS: dangling Wire at (184.420, 39.700) (184.420, 39.700) on layer: M1
Net VSS: dangling Wire at (6.220, 37.540) (6.220, 37.540) on layer: M1
Net VSS: dangling Wire at (184.420, 37.540) (184.420, 37.540) on layer: M1
Net VSS: dangling Wire at (6.220, 35.380) (6.220, 35.380) on layer: M1
Net VSS: dangling Wire at (184.420, 35.380) (184.420, 35.380) on layer: M1
Net VSS: dangling Wire at (6.220, 33.220) (6.220, 33.220) on layer: M1
Net VSS: dangling Wire at (184.420, 33.220) (184.420, 33.220) on layer: M1
Net VSS: dangling Wire at (6.220, 31.060) (6.220, 31.060) on layer: M1
Net VSS: dangling Wire at (184.420, 31.060) (184.420, 31.060) on layer: M1
Net VSS: dangling Wire at (6.220, 28.900) (6.220, 28.900) on layer: M1
Net VSS: dangling Wire at (184.420, 28.900) (184.420, 28.900) on layer: M1
Net VSS: dangling Wire at (6.220, 26.740) (6.220, 26.740) on layer: M1
Net VSS: dangling Wire at (184.420, 26.740) (184.420, 26.740) on layer: M1
Net VSS: dangling Wire at (6.220, 24.580) (6.220, 24.580) on layer: M1
Net VSS: dangling Wire at (184.420, 24.580) (184.420, 24.580) on layer: M1
Net VSS: dangling Wire at (6.220, 22.420) (6.220, 22.420) on layer: M1
Net VSS: dangling Wire at (184.420, 22.420) (184.420, 22.420) on layer: M1
Net VSS: dangling Wire at (6.220, 20.260) (6.220, 20.260) on layer: M1
Net VSS: dangling Wire at (184.420, 20.260) (184.420, 20.260) on layer: M1
Net VSS: dangling Wire at (6.220, 18.100) (6.220, 18.100) on layer: M1
Net VSS: dangling Wire at (184.420, 18.100) (184.420, 18.100) on layer: M1
Net VSS: dangling Wire at (6.220, 15.940) (6.220, 15.940) on layer: M1
Net VSS: dangling Wire at (184.420, 15.940) (184.420, 15.940) on layer: M1
Net VSS: dangling Wire at (6.220, 13.780) (6.220, 13.780) on layer: M1
Net VSS: dangling Wire at (184.420, 13.780) (184.420, 13.780) on layer: M1
Net VSS: dangling Wire at (6.220, 11.620) (6.220, 11.620) on layer: M1
Net VSS: dangling Wire at (184.420, 11.620) (184.420, 11.620) on layer: M1
Net VSS: dangling Wire at (6.220, 9.460) (6.220, 9.460) on layer: M1
Net VSS: dangling Wire at (184.420, 9.460) (184.420, 9.460) on layer: M1
Net VSS: dangling Wire at (6.220, 7.300) (6.220, 7.300) on layer: M1
Net VSS: dangling Wire at (184.420, 7.300) (184.420, 7.300) on layer: M1
Net VSS: dangling Wire at (6.220, 184.420) (6.220, 184.420) on layer: M2
Net VSS: dangling Wire at (184.420, 184.420) (184.420, 184.420) on layer: M2
Net VSS: dangling Wire at (6.220, 182.260) (6.220, 182.260) on layer: M2
Net VSS: dangling Wire at (184.420, 182.260) (184.420, 182.260) on layer: M2
Net VSS: dangling Wire at (6.220, 180.100) (6.220, 180.100) on layer: M2
Net VSS: dangling Wire at (184.420, 180.100) (184.420, 180.100) on layer: M2
Net VSS: dangling Wire at (6.220, 177.940) (6.220, 177.940) on layer: M2
Net VSS: dangling Wire at (184.420, 177.940) (184.420, 177.940) on layer: M2
Net VSS: dangling Wire at (6.220, 175.780) (6.220, 175.780) on layer: M2
Net VSS: dangling Wire at (184.420, 175.780) (184.420, 175.780) on layer: M2
Net VSS: dangling Wire at (6.220, 173.620) (6.220, 173.620) on layer: M2
Net VSS: dangling Wire at (184.420, 173.620) (184.420, 173.620) on layer: M2
Net VSS: dangling Wire at (6.220, 171.460) (6.220, 171.460) on layer: M2
Net VSS: dangling Wire at (184.420, 171.460) (184.420, 171.460) on layer: M2
Net VSS: dangling Wire at (6.220, 169.300) (6.220, 169.300) on layer: M2
Net VSS: dangling Wire at (184.420, 169.300) (184.420, 169.300) on layer: M2
Net VSS: dangling Wire at (6.220, 167.140) (6.220, 167.140) on layer: M2
Net VSS: dangling Wire at (184.420, 167.140) (184.420, 167.140) on layer: M2
Net VSS: dangling Wire at (6.220, 164.980) (6.220, 164.980) on layer: M2
Net VSS: dangling Wire at (184.420, 164.980) (184.420, 164.980) on layer: M2
Net VSS: dangling Wire at (6.220, 162.820) (6.220, 162.820) on layer: M2
Net VSS: dangling Wire at (184.420, 162.820) (184.420, 162.820) on layer: M2
Net VSS: dangling Wire at (6.220, 160.660) (6.220, 160.660) on layer: M2
Net VSS: dangling Wire at (184.420, 160.660) (184.420, 160.660) on layer: M2
Net VSS: dangling Wire at (6.220, 158.500) (6.220, 158.500) on layer: M2
Net VSS: dangling Wire at (184.420, 158.500) (184.420, 158.500) on layer: M2
Net VSS: dangling Wire at (6.220, 156.340) (6.220, 156.340) on layer: M2
Net VSS: dangling Wire at (184.420, 156.340) (184.420, 156.340) on layer: M2
Net VSS: dangling Wire at (6.220, 154.180) (6.220, 154.180) on layer: M2
Net VSS: dangling Wire at (184.420, 154.180) (184.420, 154.180) on layer: M2
Net VSS: dangling Wire at (6.220, 152.020) (6.220, 152.020) on layer: M2
Net VSS: dangling Wire at (184.420, 152.020) (184.420, 152.020) on layer: M2
Net VSS: dangling Wire at (6.220, 149.860) (6.220, 149.860) on layer: M2
Net VSS: dangling Wire at (184.420, 149.860) (184.420, 149.860) on layer: M2
Net VSS: dangling Wire at (6.220, 147.700) (6.220, 147.700) on layer: M2
Net VSS: dangling Wire at (184.420, 147.700) (184.420, 147.700) on layer: M2
Net VSS: dangling Wire at (6.220, 145.540) (6.220, 145.540) on layer: M2
Net VSS: dangling Wire at (184.420, 145.540) (184.420, 145.540) on layer: M2
Net VSS: dangling Wire at (6.220, 143.380) (6.220, 143.380) on layer: M2
Net VSS: dangling Wire at (184.420, 143.380) (184.420, 143.380) on layer: M2
Net VSS: dangling Wire at (6.220, 141.220) (6.220, 141.220) on layer: M2
Net VSS: dangling Wire at (184.420, 141.220) (184.420, 141.220) on layer: M2
Net VSS: dangling Wire at (6.220, 139.060) (6.220, 139.060) on layer: M2
Net VSS: dangling Wire at (184.420, 139.060) (184.420, 139.060) on layer: M2
Net VSS: dangling Wire at (6.220, 136.900) (6.220, 136.900) on layer: M2
Net VSS: dangling Wire at (184.420, 136.900) (184.420, 136.900) on layer: M2
Net VSS: dangling Wire at (6.220, 134.740) (6.220, 134.740) on layer: M2
Net VSS: dangling Wire at (184.420, 134.740) (184.420, 134.740) on layer: M2
Net VSS: dangling Wire at (6.220, 132.580) (6.220, 132.580) on layer: M2
Net VSS: dangling Wire at (184.420, 132.580) (184.420, 132.580) on layer: M2
Net VSS: dangling Wire at (6.220, 130.420) (6.220, 130.420) on layer: M2
Net VSS: dangling Wire at (184.420, 130.420) (184.420, 130.420) on layer: M2
Net VSS: dangling Wire at (6.220, 128.260) (6.220, 128.260) on layer: M2
Net VSS: dangling Wire at (184.420, 128.260) (184.420, 128.260) on layer: M2
Net VSS: dangling Wire at (6.220, 126.100) (6.220, 126.100) on layer: M2
Net VSS: dangling Wire at (184.420, 126.100) (184.420, 126.100) on layer: M2
Net VSS: dangling Wire at (6.220, 123.940) (6.220, 123.940) on layer: M2
Net VSS: dangling Wire at (184.420, 123.940) (184.420, 123.940) on layer: M2
Net VSS: dangling Wire at (6.220, 121.780) (6.220, 121.780) on layer: M2
Net VSS: dangling Wire at (184.420, 121.780) (184.420, 121.780) on layer: M2
Net VSS: dangling Wire at (6.220, 119.620) (6.220, 119.620) on layer: M2
Net VSS: dangling Wire at (184.420, 119.620) (184.420, 119.620) on layer: M2
Net VSS: dangling Wire at (6.220, 117.460) (6.220, 117.460) on layer: M2
Net VSS: dangling Wire at (184.420, 117.460) (184.420, 117.460) on layer: M2
Net VSS: dangling Wire at (6.220, 115.300) (6.220, 115.300) on layer: M2
Net VSS: dangling Wire at (184.420, 115.300) (184.420, 115.300) on layer: M2
Net VSS: dangling Wire at (6.220, 113.140) (6.220, 113.140) on layer: M2
Net VSS: dangling Wire at (184.420, 113.140) (184.420, 113.140) on layer: M2
Net VSS: dangling Wire at (6.220, 110.980) (6.220, 110.980) on layer: M2
Net VSS: dangling Wire at (184.420, 110.980) (184.420, 110.980) on layer: M2
Net VSS: dangling Wire at (6.220, 108.820) (6.220, 108.820) on layer: M2
Net VSS: dangling Wire at (184.420, 108.820) (184.420, 108.820) on layer: M2
Net VSS: dangling Wire at (6.220, 106.660) (6.220, 106.660) on layer: M2
Net VSS: dangling Wire at (184.420, 106.660) (184.420, 106.660) on layer: M2
Net VSS: dangling Wire at (6.220, 104.500) (6.220, 104.500) on layer: M2
Net VSS: dangling Wire at (184.420, 104.500) (184.420, 104.500) on layer: M2
Net VSS: dangling Wire at (6.220, 102.340) (6.220, 102.340) on layer: M2
Net VSS: dangling Wire at (184.420, 102.340) (184.420, 102.340) on layer: M2
Net VSS: dangling Wire at (6.220, 100.180) (6.220, 100.180) on layer: M2
Net VSS: dangling Wire at (184.420, 100.180) (184.420, 100.180) on layer: M2
Net VSS: dangling Wire at (6.220, 98.020) (6.220, 98.020) on layer: M2
Net VSS: dangling Wire at (184.420, 98.020) (184.420, 98.020) on layer: M2
Net VSS: dangling Wire at (6.220, 95.860) (6.220, 95.860) on layer: M2
Net VSS: dangling Wire at (184.420, 95.860) (184.420, 95.860) on layer: M2
Net VSS: dangling Wire at (6.220, 93.700) (6.220, 93.700) on layer: M2
Net VSS: dangling Wire at (184.420, 93.700) (184.420, 93.700) on layer: M2
Net VSS: dangling Wire at (6.220, 91.540) (6.220, 91.540) on layer: M2
Net VSS: dangling Wire at (184.420, 91.540) (184.420, 91.540) on layer: M2
Net VSS: dangling Wire at (6.220, 89.380) (6.220, 89.380) on layer: M2
Net VSS: dangling Wire at (184.420, 89.380) (184.420, 89.380) on layer: M2
Net VSS: dangling Wire at (6.220, 87.220) (6.220, 87.220) on layer: M2
Net VSS: dangling Wire at (184.420, 87.220) (184.420, 87.220) on layer: M2
Net VSS: dangling Wire at (6.220, 85.060) (6.220, 85.060) on layer: M2
Net VSS: dangling Wire at (184.420, 85.060) (184.420, 85.060) on layer: M2
Net VSS: dangling Wire at (6.220, 82.900) (6.220, 82.900) on layer: M2
Net VSS: dangling Wire at (184.420, 82.900) (184.420, 82.900) on layer: M2
Net VSS: dangling Wire at (6.220, 80.740) (6.220, 80.740) on layer: M2
Net VSS: dangling Wire at (184.420, 80.740) (184.420, 80.740) on layer: M2
Net VSS: dangling Wire at (6.220, 78.580) (6.220, 78.580) on layer: M2
Net VSS: dangling Wire at (184.420, 78.580) (184.420, 78.580) on layer: M2
Net VSS: dangling Wire at (6.220, 76.420) (6.220, 76.420) on layer: M2
Net VSS: dangling Wire at (184.420, 76.420) (184.420, 76.420) on layer: M2
Net VSS: dangling Wire at (6.220, 74.260) (6.220, 74.260) on layer: M2
Net VSS: dangling Wire at (184.420, 74.260) (184.420, 74.260) on layer: M2
Net VSS: dangling Wire at (6.220, 72.100) (6.220, 72.100) on layer: M2
Net VSS: dangling Wire at (184.420, 72.100) (184.420, 72.100) on layer: M2
Net VSS: dangling Wire at (6.220, 69.940) (6.220, 69.940) on layer: M2
Net VSS: dangling Wire at (184.420, 69.940) (184.420, 69.940) on layer: M2
Net VSS: dangling Wire at (6.220, 67.780) (6.220, 67.780) on layer: M2
Net VSS: dangling Wire at (184.420, 67.780) (184.420, 67.780) on layer: M2
Net VSS: dangling Wire at (6.220, 65.620) (6.220, 65.620) on layer: M2
Net VSS: dangling Wire at (184.420, 65.620) (184.420, 65.620) on layer: M2
Net VSS: dangling Wire at (6.220, 63.460) (6.220, 63.460) on layer: M2
Net VSS: dangling Wire at (184.420, 63.460) (184.420, 63.460) on layer: M2
Net VSS: dangling Wire at (6.220, 61.300) (6.220, 61.300) on layer: M2
Net VSS: dangling Wire at (184.420, 61.300) (184.420, 61.300) on layer: M2
Net VSS: dangling Wire at (6.220, 59.140) (6.220, 59.140) on layer: M2
Net VSS: dangling Wire at (184.420, 59.140) (184.420, 59.140) on layer: M2
Net VSS: dangling Wire at (6.220, 56.980) (6.220, 56.980) on layer: M2
Net VSS: dangling Wire at (184.420, 56.980) (184.420, 56.980) on layer: M2
Net VSS: dangling Wire at (6.220, 54.820) (6.220, 54.820) on layer: M2
Net VSS: dangling Wire at (184.420, 54.820) (184.420, 54.820) on layer: M2
Net VSS: dangling Wire at (6.220, 52.660) (6.220, 52.660) on layer: M2
Net VSS: dangling Wire at (184.420, 52.660) (184.420, 52.660) on layer: M2
Net VSS: dangling Wire at (6.220, 50.500) (6.220, 50.500) on layer: M2
Net VSS: dangling Wire at (184.420, 50.500) (184.420, 50.500) on layer: M2
Net VSS: dangling Wire at (6.220, 48.340) (6.220, 48.340) on layer: M2
Net VSS: dangling Wire at (184.420, 48.340) (184.420, 48.340) on layer: M2
Net VSS: dangling Wire at (6.220, 46.180) (6.220, 46.180) on layer: M2
Net VSS: dangling Wire at (184.420, 46.180) (184.420, 46.180) on layer: M2
Net VSS: dangling Wire at (6.220, 44.020) (6.220, 44.020) on layer: M2
Net VSS: dangling Wire at (184.420, 44.020) (184.420, 44.020) on layer: M2
Net VSS: dangling Wire at (6.220, 41.860) (6.220, 41.860) on layer: M2
Net VSS: dangling Wire at (184.420, 41.860) (184.420, 41.860) on layer: M2
Net VSS: dangling Wire at (6.220, 39.700) (6.220, 39.700) on layer: M2
Net VSS: dangling Wire at (184.420, 39.700) (184.420, 39.700) on layer: M2
Net VSS: dangling Wire at (6.220, 37.540) (6.220, 37.540) on layer: M2
Net VSS: dangling Wire at (184.420, 37.540) (184.420, 37.540) on layer: M2
Net VSS: dangling Wire at (6.220, 35.380) (6.220, 35.380) on layer: M2
Net VSS: dangling Wire at (184.420, 35.380) (184.420, 35.380) on layer: M2
Net VSS: dangling Wire at (6.220, 33.220) (6.220, 33.220) on layer: M2
Net VSS: dangling Wire at (184.420, 33.220) (184.420, 33.220) on layer: M2
Net VSS: dangling Wire at (6.220, 31.060) (6.220, 31.060) on layer: M2
Net VSS: dangling Wire at (184.420, 31.060) (184.420, 31.060) on layer: M2
Net VSS: dangling Wire at (6.220, 28.900) (6.220, 28.900) on layer: M2
Net VSS: dangling Wire at (184.420, 28.900) (184.420, 28.900) on layer: M2
Net VSS: dangling Wire at (6.220, 26.740) (6.220, 26.740) on layer: M2
Net VSS: dangling Wire at (184.420, 26.740) (184.420, 26.740) on layer: M2
Net VSS: dangling Wire at (6.220, 24.580) (6.220, 24.580) on layer: M2
Net VSS: dangling Wire at (184.420, 24.580) (184.420, 24.580) on layer: M2
Net VSS: dangling Wire at (6.220, 22.420) (6.220, 22.420) on layer: M2
Net VSS: dangling Wire at (184.420, 22.420) (184.420, 22.420) on layer: M2
Net VSS: dangling Wire at (6.220, 20.260) (6.220, 20.260) on layer: M2
Net VSS: dangling Wire at (184.420, 20.260) (184.420, 20.260) on layer: M2
Net VSS: dangling Wire at (6.220, 18.100) (6.220, 18.100) on layer: M2
Net VSS: dangling Wire at (184.420, 18.100) (184.420, 18.100) on layer: M2
Net VSS: dangling Wire at (6.220, 15.940) (6.220, 15.940) on layer: M2
Net VSS: dangling Wire at (184.420, 15.940) (184.420, 15.940) on layer: M2
Net VSS: dangling Wire at (6.220, 13.780) (6.220, 13.780) on layer: M2
Net VSS: dangling Wire at (184.420, 13.780) (184.420, 13.780) on layer: M2
Net VSS: dangling Wire at (6.220, 11.620) (6.220, 11.620) on layer: M2
Net VSS: dangling Wire at (184.420, 11.620) (184.420, 11.620) on layer: M2
Net VSS: dangling Wire at (6.220, 9.460) (6.220, 9.460) on layer: M2
Net VSS: dangling Wire at (184.420, 9.460) (184.420, 9.460) on layer: M2
Net VSS: dangling Wire at (6.220, 7.300) (6.220, 7.300) on layer: M2
Net VSS: dangling Wire at (184.420, 7.300) (184.420, 7.300) on layer: M2
Net VDD: dangling Wire at (6.220, 183.340) (6.220, 183.340) on layer: M1
Net VDD: dangling Wire at (184.420, 183.340) (184.420, 183.340) on layer: M1
Net VDD: dangling Wire at (6.220, 181.180) (6.220, 181.180) on layer: M1
Net VDD: dangling Wire at (184.420, 181.180) (184.420, 181.180) on layer: M1
Net VDD: dangling Wire at (6.220, 179.020) (6.220, 179.020) on layer: M1
Net VDD: dangling Wire at (184.420, 179.020) (184.420, 179.020) on layer: M1
Net VDD: dangling Wire at (6.220, 176.860) (6.220, 176.860) on layer: M1
Net VDD: dangling Wire at (184.420, 176.860) (184.420, 176.860) on layer: M1
Net VDD: dangling Wire at (6.220, 174.700) (6.220, 174.700) on layer: M1
Net VDD: dangling Wire at (184.420, 174.700) (184.420, 174.700) on layer: M1
Net VDD: dangling Wire at (6.220, 172.540) (6.220, 172.540) on layer: M1
Net VDD: dangling Wire at (184.420, 172.540) (184.420, 172.540) on layer: M1
Net VDD: dangling Wire at (6.220, 170.380) (6.220, 170.380) on layer: M1
Net VDD: dangling Wire at (184.420, 170.380) (184.420, 170.380) on layer: M1
Net VDD: dangling Wire at (6.220, 168.220) (6.220, 168.220) on layer: M1
Net VDD: dangling Wire at (184.420, 168.220) (184.420, 168.220) on layer: M1
Net VDD: dangling Wire at (6.220, 166.060) (6.220, 166.060) on layer: M1
Net VDD: dangling Wire at (184.420, 166.060) (184.420, 166.060) on layer: M1
Net VDD: dangling Wire at (6.220, 163.900) (6.220, 163.900) on layer: M1
Net VDD: dangling Wire at (184.420, 163.900) (184.420, 163.900) on layer: M1
Net VDD: dangling Wire at (6.220, 161.740) (6.220, 161.740) on layer: M1
Net VDD: dangling Wire at (184.420, 161.740) (184.420, 161.740) on layer: M1
Net VDD: dangling Wire at (6.220, 159.580) (6.220, 159.580) on layer: M1
Net VDD: dangling Wire at (184.420, 159.580) (184.420, 159.580) on layer: M1
Net VDD: dangling Wire at (6.220, 157.420) (6.220, 157.420) on layer: M1
Net VDD: dangling Wire at (184.420, 157.420) (184.420, 157.420) on layer: M1
Net VDD: dangling Wire at (6.220, 155.260) (6.220, 155.260) on layer: M1
Net VDD: dangling Wire at (184.420, 155.260) (184.420, 155.260) on layer: M1
Net VDD: dangling Wire at (6.220, 153.100) (6.220, 153.100) on layer: M1
Net VDD: dangling Wire at (184.420, 153.100) (184.420, 153.100) on layer: M1
Net VDD: dangling Wire at (6.220, 150.940) (6.220, 150.940) on layer: M1
Net VDD: dangling Wire at (184.420, 150.940) (184.420, 150.940) on layer: M1
Net VDD: dangling Wire at (6.220, 148.780) (6.220, 148.780) on layer: M1
Net VDD: dangling Wire at (184.420, 148.780) (184.420, 148.780) on layer: M1
Net VDD: dangling Wire at (6.220, 146.620) (6.220, 146.620) on layer: M1
Net VDD: dangling Wire at (184.420, 146.620) (184.420, 146.620) on layer: M1
Net VDD: dangling Wire at (6.220, 144.460) (6.220, 144.460) on layer: M1
Net VDD: dangling Wire at (184.420, 144.460) (184.420, 144.460) on layer: M1
Net VDD: dangling Wire at (6.220, 142.300) (6.220, 142.300) on layer: M1
Net VDD: dangling Wire at (184.420, 142.300) (184.420, 142.300) on layer: M1
Net VDD: dangling Wire at (6.220, 140.140) (6.220, 140.140) on layer: M1
Net VDD: dangling Wire at (184.420, 140.140) (184.420, 140.140) on layer: M1
Net VDD: dangling Wire at (6.220, 137.980) (6.220, 137.980) on layer: M1
Net VDD: dangling Wire at (184.420, 137.980) (184.420, 137.980) on layer: M1
Net VDD: dangling Wire at (6.220, 135.820) (6.220, 135.820) on layer: M1
Net VDD: dangling Wire at (184.420, 135.820) (184.420, 135.820) on layer: M1
Net VDD: dangling Wire at (184.420, 133.660) (184.420, 133.660) on layer: M1
Net VDD: dangling Wire at (6.220, 131.500) (6.220, 131.500) on layer: M1
Net VDD: dangling Wire at (184.420, 131.500) (184.420, 131.500) on layer: M1
Net VDD: dangling Wire at (6.220, 129.340) (6.220, 129.340) on layer: M1
Net VDD: dangling Wire at (184.420, 129.340) (184.420, 129.340) on layer: M1
Net VDD: dangling Wire at (6.220, 127.180) (6.220, 127.180) on layer: M1
Net VDD: dangling Wire at (184.420, 127.180) (184.420, 127.180) on layer: M1
Net VDD: dangling Wire at (6.220, 125.020) (6.220, 125.020) on layer: M1
Net VDD: dangling Wire at (184.420, 125.020) (184.420, 125.020) on layer: M1
Net VDD: dangling Wire at (6.220, 122.860) (6.220, 122.860) on layer: M1
Net VDD: dangling Wire at (184.420, 122.860) (184.420, 122.860) on layer: M1
Net VDD: dangling Wire at (6.220, 120.700) (6.220, 120.700) on layer: M1
Net VDD: dangling Wire at (184.420, 120.700) (184.420, 120.700) on layer: M1
Net VDD: dangling Wire at (6.220, 118.540) (6.220, 118.540) on layer: M1
Net VDD: dangling Wire at (184.420, 118.540) (184.420, 118.540) on layer: M1
Net VDD: dangling Wire at (6.220, 116.380) (6.220, 116.380) on layer: M1
Net VDD: dangling Wire at (184.420, 116.380) (184.420, 116.380) on layer: M1
Net VDD: dangling Wire at (184.420, 114.220) (184.420, 114.220) on layer: M1
Net VDD: dangling Wire at (184.420, 112.060) (184.420, 112.060) on layer: M1
Net VDD: dangling Wire at (6.220, 109.900) (6.220, 109.900) on layer: M1
Net VDD: dangling Wire at (184.420, 109.900) (184.420, 109.900) on layer: M1
Net VDD: dangling Wire at (6.220, 107.740) (6.220, 107.740) on layer: M1
Net VDD: dangling Wire at (184.420, 107.740) (184.420, 107.740) on layer: M1
Net VDD: dangling Wire at (6.220, 105.580) (6.220, 105.580) on layer: M1
Net VDD: dangling Wire at (184.420, 105.580) (184.420, 105.580) on layer: M1
Net VDD: dangling Wire at (6.220, 103.420) (6.220, 103.420) on layer: M1
Net VDD: dangling Wire at (184.420, 103.420) (184.420, 103.420) on layer: M1
Net VDD: dangling Wire at (6.220, 101.260) (6.220, 101.260) on layer: M1
Net VDD: dangling Wire at (184.420, 101.260) (184.420, 101.260) on layer: M1
Net VDD: dangling Wire at (6.220, 99.100) (6.220, 99.100) on layer: M1
Net VDD: dangling Wire at (184.420, 99.100) (184.420, 99.100) on layer: M1
Net VDD: dangling Wire at (6.220, 96.940) (6.220, 96.940) on layer: M1
Net VDD: dangling Wire at (184.420, 96.940) (184.420, 96.940) on layer: M1
Net VDD: dangling Wire at (6.220, 94.780) (6.220, 94.780) on layer: M1
Net VDD: dangling Wire at (184.420, 94.780) (184.420, 94.780) on layer: M1
Net VDD: dangling Wire at (184.420, 92.620) (184.420, 92.620) on layer: M1
Net VDD: dangling Wire at (184.420, 90.460) (184.420, 90.460) on layer: M1
Net VDD: dangling Wire at (6.220, 88.300) (6.220, 88.300) on layer: M1
Net VDD: dangling Wire at (184.420, 88.300) (184.420, 88.300) on layer: M1
Net VDD: dangling Wire at (184.420, 86.140) (184.420, 86.140) on layer: M1
Net VDD: dangling Wire at (6.220, 83.980) (6.220, 83.980) on layer: M1
Net VDD: dangling Wire at (184.420, 83.980) (184.420, 83.980) on layer: M1
Net VDD: dangling Wire at (6.220, 81.820) (6.220, 81.820) on layer: M1
Net VDD: dangling Wire at (184.420, 81.820) (184.420, 81.820) on layer: M1
Net VDD: dangling Wire at (6.220, 79.660) (6.220, 79.660) on layer: M1
Net VDD: dangling Wire at (184.420, 79.660) (184.420, 79.660) on layer: M1
Net VDD: dangling Wire at (6.220, 77.500) (6.220, 77.500) on layer: M1
Net VDD: dangling Wire at (184.420, 77.500) (184.420, 77.500) on layer: M1
Net VDD: dangling Wire at (6.220, 75.340) (6.220, 75.340) on layer: M1
Net VDD: dangling Wire at (184.420, 75.340) (184.420, 75.340) on layer: M1
Net VDD: dangling Wire at (6.220, 73.180) (6.220, 73.180) on layer: M1
Net VDD: dangling Wire at (184.420, 73.180) (184.420, 73.180) on layer: M1
Net VDD: dangling Wire at (6.220, 71.020) (6.220, 71.020) on layer: M1
Net VDD: dangling Wire at (184.420, 71.020) (184.420, 71.020) on layer: M1
Net VDD: dangling Wire at (6.220, 68.860) (6.220, 68.860) on layer: M1
Net VDD: dangling Wire at (184.420, 68.860) (184.420, 68.860) on layer: M1
Net VDD: dangling Wire at (6.220, 66.700) (6.220, 66.700) on layer: M1
Net VDD: dangling Wire at (184.420, 66.700) (184.420, 66.700) on layer: M1
Net VDD: dangling Wire at (6.220, 64.540) (6.220, 64.540) on layer: M1
Net VDD: dangling Wire at (184.420, 64.540) (184.420, 64.540) on layer: M1
Net VDD: dangling Wire at (184.420, 62.380) (184.420, 62.380) on layer: M1
Net VDD: dangling Wire at (184.420, 60.220) (184.420, 60.220) on layer: M1
Net VDD: dangling Wire at (6.220, 58.060) (6.220, 58.060) on layer: M1
Net VDD: dangling Wire at (184.420, 58.060) (184.420, 58.060) on layer: M1
Net VDD: dangling Wire at (184.420, 55.900) (184.420, 55.900) on layer: M1
Net VDD: dangling Wire at (184.420, 53.740) (184.420, 53.740) on layer: M1
Net VDD: dangling Wire at (184.420, 51.580) (184.420, 51.580) on layer: M1
Net VDD: dangling Wire at (184.420, 49.420) (184.420, 49.420) on layer: M1
Net VDD: dangling Wire at (6.220, 47.260) (6.220, 47.260) on layer: M1
Net VDD: dangling Wire at (184.420, 47.260) (184.420, 47.260) on layer: M1
Net VDD: dangling Wire at (6.220, 45.100) (6.220, 45.100) on layer: M1
Net VDD: dangling Wire at (184.420, 45.100) (184.420, 45.100) on layer: M1
Net VDD: dangling Wire at (6.220, 42.940) (6.220, 42.940) on layer: M1
Net VDD: dangling Wire at (184.420, 42.940) (184.420, 42.940) on layer: M1
Net VDD: dangling Wire at (6.220, 40.780) (6.220, 40.780) on layer: M1
Net VDD: dangling Wire at (184.420, 40.780) (184.420, 40.780) on layer: M1
Net VDD: dangling Wire at (6.220, 38.620) (6.220, 38.620) on layer: M1
Net VDD: dangling Wire at (184.420, 38.620) (184.420, 38.620) on layer: M1
Net VDD: dangling Wire at (6.220, 36.460) (6.220, 36.460) on layer: M1
Net VDD: dangling Wire at (184.420, 36.460) (184.420, 36.460) on layer: M1
Net VDD: dangling Wire at (6.220, 34.300) (6.220, 34.300) on layer: M1
Net VDD: dangling Wire at (184.420, 34.300) (184.420, 34.300) on layer: M1
Net VDD: dangling Wire at (6.220, 32.140) (6.220, 32.140) on layer: M1
Net VDD: dangling Wire at (184.420, 32.140) (184.420, 32.140) on layer: M1
Net VDD: dangling Wire at (6.220, 29.980) (6.220, 29.980) on layer: M1
Net VDD: dangling Wire at (184.420, 29.980) (184.420, 29.980) on layer: M1
Net VDD: dangling Wire at (6.220, 27.820) (6.220, 27.820) on layer: M1
Net VDD: dangling Wire at (184.420, 27.820) (184.420, 27.820) on layer: M1
Net VDD: dangling Wire at (6.220, 25.660) (6.220, 25.660) on layer: M1
Net VDD: dangling Wire at (184.420, 25.660) (184.420, 25.660) on layer: M1
Net VDD: dangling Wire at (6.220, 23.500) (6.220, 23.500) on layer: M1
Net VDD: dangling Wire at (184.420, 23.500) (184.420, 23.500) on layer: M1
Net VDD: dangling Wire at (6.220, 21.340) (6.220, 21.340) on layer: M1
Net VDD: dangling Wire at (184.420, 21.340) (184.420, 21.340) on layer: M1
Net VDD: dangling Wire at (6.220, 19.180) (6.220, 19.180) on layer: M1
Net VDD: dangling Wire at (184.420, 19.180) (184.420, 19.180) on layer: M1
Net VDD: dangling Wire at (6.220, 17.020) (6.220, 17.020) on layer: M1
Net VDD: dangling Wire at (184.420, 17.020) (184.420, 17.020) on layer: M1
Net VDD: dangling Wire at (6.220, 14.860) (6.220, 14.860) on layer: M1
Net VDD: dangling Wire at (184.420, 14.860) (184.420, 14.860) on layer: M1
Net VDD: dangling Wire at (6.220, 12.700) (6.220, 12.700) on layer: M1
Net VDD: dangling Wire at (184.420, 12.700) (184.420, 12.700) on layer: M1
Net VDD: dangling Wire at (6.220, 10.540) (6.220, 10.540) on layer: M1
Net VDD: dangling Wire at (184.420, 10.540) (184.420, 10.540) on layer: M1
Net VDD: dangling Wire at (6.220, 8.380) (6.220, 8.380) on layer: M1
Net VDD: dangling Wire at (184.420, 8.380) (184.420, 8.380) on layer: M1
Net VDD: dangling Wire at (6.220, 6.220) (6.220, 6.220) on layer: M1
Net VDD: dangling Wire at (184.420, 6.220) (184.420, 6.220) on layer: M1
Net VDD: dangling Wire at (6.220, 183.340) (6.220, 183.340) on layer: M2
Net VDD: dangling Wire at (184.420, 183.340) (184.420, 183.340) on layer: M2
Net VDD: dangling Wire at (6.220, 181.180) (6.220, 181.180) on layer: M2
Net VDD: dangling Wire at (184.420, 181.180) (184.420, 181.180) on layer: M2
Net VDD: dangling Wire at (6.220, 179.020) (6.220, 179.020) on layer: M2
Net VDD: dangling Wire at (184.420, 179.020) (184.420, 179.020) on layer: M2
Net VDD: dangling Wire at (6.220, 176.860) (6.220, 176.860) on layer: M2
Net VDD: dangling Wire at (184.420, 176.860) (184.420, 176.860) on layer: M2
Net VDD: dangling Wire at (6.220, 174.700) (6.220, 174.700) on layer: M2
Net VDD: dangling Wire at (184.420, 174.700) (184.420, 174.700) on layer: M2
Net VDD: dangling Wire at (6.220, 172.540) (6.220, 172.540) on layer: M2
Net VDD: dangling Wire at (184.420, 172.540) (184.420, 172.540) on layer: M2
Net VDD: dangling Wire at (6.220, 170.380) (6.220, 170.380) on layer: M2
Net VDD: dangling Wire at (184.420, 170.380) (184.420, 170.380) on layer: M2
Net VDD: dangling Wire at (6.220, 168.220) (6.220, 168.220) on layer: M2
Net VDD: dangling Wire at (184.420, 168.220) (184.420, 168.220) on layer: M2
Net VDD: dangling Wire at (6.220, 166.060) (6.220, 166.060) on layer: M2
Net VDD: dangling Wire at (184.420, 166.060) (184.420, 166.060) on layer: M2
Net VDD: dangling Wire at (6.220, 163.900) (6.220, 163.900) on layer: M2
Net VDD: dangling Wire at (184.420, 163.900) (184.420, 163.900) on layer: M2
Net VDD: dangling Wire at (6.220, 161.740) (6.220, 161.740) on layer: M2
Net VDD: dangling Wire at (184.420, 161.740) (184.420, 161.740) on layer: M2
Net VDD: dangling Wire at (6.220, 159.580) (6.220, 159.580) on layer: M2
Net VDD: dangling Wire at (184.420, 159.580) (184.420, 159.580) on layer: M2
Net VDD: dangling Wire at (6.220, 157.420) (6.220, 157.420) on layer: M2
Net VDD: dangling Wire at (184.420, 157.420) (184.420, 157.420) on layer: M2
Net VDD: dangling Wire at (6.220, 155.260) (6.220, 155.260) on layer: M2
Net VDD: dangling Wire at (184.420, 155.260) (184.420, 155.260) on layer: M2
Net VDD: dangling Wire at (6.220, 153.100) (6.220, 153.100) on layer: M2
Net VDD: dangling Wire at (184.420, 153.100) (184.420, 153.100) on layer: M2
Net VDD: dangling Wire at (6.220, 150.940) (6.220, 150.940) on layer: M2
Net VDD: dangling Wire at (184.420, 150.940) (184.420, 150.940) on layer: M2
Net VDD: dangling Wire at (6.220, 148.780) (6.220, 148.780) on layer: M2
Net VDD: dangling Wire at (184.420, 148.780) (184.420, 148.780) on layer: M2
Net VDD: dangling Wire at (6.220, 146.620) (6.220, 146.620) on layer: M2
Net VDD: dangling Wire at (184.420, 146.620) (184.420, 146.620) on layer: M2
Net VDD: dangling Wire at (6.220, 144.460) (6.220, 144.460) on layer: M2
Net VDD: dangling Wire at (184.420, 144.460) (184.420, 144.460) on layer: M2
Net VDD: dangling Wire at (6.220, 142.300) (6.220, 142.300) on layer: M2
Net VDD: dangling Wire at (184.420, 142.300) (184.420, 142.300) on layer: M2
Net VDD: dangling Wire at (6.220, 140.140) (6.220, 140.140) on layer: M2
Net VDD: dangling Wire at (184.420, 140.140) (184.420, 140.140) on layer: M2
Net VDD: dangling Wire at (6.220, 137.980) (6.220, 137.980) on layer: M2
Net VDD: dangling Wire at (184.420, 137.980) (184.420, 137.980) on layer: M2
Net VDD: dangling Wire at (6.220, 135.820) (6.220, 135.820) on layer: M2
Net VDD: dangling Wire at (184.420, 135.820) (184.420, 135.820) on layer: M2
Net VDD: dangling Wire at (6.220, 133.660) (6.220, 133.660) on layer: M2
Net VDD: dangling Wire at (184.420, 133.660) (184.420, 133.660) on layer: M2
Net VDD: dangling Wire at (6.220, 131.500) (6.220, 131.500) on layer: M2
Net VDD: dangling Wire at (184.420, 131.500) (184.420, 131.500) on layer: M2
Net VDD: dangling Wire at (6.220, 129.340) (6.220, 129.340) on layer: M2
Net VDD: dangling Wire at (184.420, 129.340) (184.420, 129.340) on layer: M2
Net VDD: dangling Wire at (6.220, 127.180) (6.220, 127.180) on layer: M2
Net VDD: dangling Wire at (184.420, 127.180) (184.420, 127.180) on layer: M2
Net VDD: dangling Wire at (6.220, 125.020) (6.220, 125.020) on layer: M2
Net VDD: dangling Wire at (184.420, 125.020) (184.420, 125.020) on layer: M2
Net VDD: dangling Wire at (6.220, 122.860) (6.220, 122.860) on layer: M2
Net VDD: dangling Wire at (184.420, 122.860) (184.420, 122.860) on layer: M2
Net VDD: dangling Wire at (6.220, 120.700) (6.220, 120.700) on layer: M2
Net VDD: dangling Wire at (184.420, 120.700) (184.420, 120.700) on layer: M2
Net VDD: dangling Wire at (6.220, 118.540) (6.220, 118.540) on layer: M2
Net VDD: dangling Wire at (184.420, 118.540) (184.420, 118.540) on layer: M2
Net VDD: dangling Wire at (6.220, 116.380) (6.220, 116.380) on layer: M2
Net VDD: dangling Wire at (184.420, 116.380) (184.420, 116.380) on layer: M2
Net VDD: dangling Wire at (6.220, 114.220) (6.220, 114.220) on layer: M2
Net VDD: dangling Wire at (184.420, 114.220) (184.420, 114.220) on layer: M2
Net VDD: dangling Wire at (6.220, 112.060) (6.220, 112.060) on layer: M2
Net VDD: dangling Wire at (184.420, 112.060) (184.420, 112.060) on layer: M2
Net VDD: dangling Wire at (6.220, 109.900) (6.220, 109.900) on layer: M2
Net VDD: dangling Wire at (184.420, 109.900) (184.420, 109.900) on layer: M2
Net VDD: dangling Wire at (6.220, 107.740) (6.220, 107.740) on layer: M2
Net VDD: dangling Wire at (184.420, 107.740) (184.420, 107.740) on layer: M2
Net VDD: dangling Wire at (6.220, 105.580) (6.220, 105.580) on layer: M2
Net VDD: dangling Wire at (184.420, 105.580) (184.420, 105.580) on layer: M2
Net VDD: dangling Wire at (6.220, 103.420) (6.220, 103.420) on layer: M2
Net VDD: dangling Wire at (184.420, 103.420) (184.420, 103.420) on layer: M2
Net VDD: dangling Wire at (6.220, 101.260) (6.220, 101.260) on layer: M2
Net VDD: dangling Wire at (184.420, 101.260) (184.420, 101.260) on layer: M2
Net VDD: dangling Wire at (6.220, 99.100) (6.220, 99.100) on layer: M2
Net VDD: dangling Wire at (184.420, 99.100) (184.420, 99.100) on layer: M2
Net VDD: dangling Wire at (6.220, 96.940) (6.220, 96.940) on layer: M2
Net VDD: dangling Wire at (184.420, 96.940) (184.420, 96.940) on layer: M2
Net VDD: dangling Wire at (6.220, 94.780) (6.220, 94.780) on layer: M2
Net VDD: dangling Wire at (184.420, 94.780) (184.420, 94.780) on layer: M2
Net VDD: dangling Wire at (6.220, 92.620) (6.220, 92.620) on layer: M2
Net VDD: dangling Wire at (184.420, 92.620) (184.420, 92.620) on layer: M2
Net VDD: dangling Wire at (6.220, 90.460) (6.220, 90.460) on layer: M2
Net VDD: dangling Wire at (184.420, 90.460) (184.420, 90.460) on layer: M2
Net VDD: dangling Wire at (6.220, 88.300) (6.220, 88.300) on layer: M2
Net VDD: dangling Wire at (184.420, 88.300) (184.420, 88.300) on layer: M2
Net VDD: dangling Wire at (6.220, 86.140) (6.220, 86.140) on layer: M2
Net VDD: dangling Wire at (184.420, 86.140) (184.420, 86.140) on layer: M2
Net VDD: dangling Wire at (6.220, 83.980) (6.220, 83.980) on layer: M2
Net VDD: dangling Wire at (184.420, 83.980) (184.420, 83.980) on layer: M2
Net VDD: dangling Wire at (6.220, 81.820) (6.220, 81.820) on layer: M2
Net VDD: dangling Wire at (184.420, 81.820) (184.420, 81.820) on layer: M2
Net VDD: dangling Wire at (6.220, 79.660) (6.220, 79.660) on layer: M2
Net VDD: dangling Wire at (184.420, 79.660) (184.420, 79.660) on layer: M2
Net VDD: dangling Wire at (6.220, 77.500) (6.220, 77.500) on layer: M2
Net VDD: dangling Wire at (184.420, 77.500) (184.420, 77.500) on layer: M2
Net VDD: dangling Wire at (6.220, 75.340) (6.220, 75.340) on layer: M2
Net VDD: dangling Wire at (184.420, 75.340) (184.420, 75.340) on layer: M2
Net VDD: dangling Wire at (6.220, 73.180) (6.220, 73.180) on layer: M2
Net VDD: dangling Wire at (184.420, 73.180) (184.420, 73.180) on layer: M2
Net VDD: dangling Wire at (6.220, 71.020) (6.220, 71.020) on layer: M2
Net VDD: dangling Wire at (184.420, 71.020) (184.420, 71.020) on layer: M2
Net VDD: dangling Wire at (6.220, 68.860) (6.220, 68.860) on layer: M2
Net VDD: dangling Wire at (184.420, 68.860) (184.420, 68.860) on layer: M2
Net VDD: dangling Wire at (6.220, 66.700) (6.220, 66.700) on layer: M2
Net VDD: dangling Wire at (184.420, 66.700) (184.420, 66.700) on layer: M2
Net VDD: dangling Wire at (6.220, 64.540) (6.220, 64.540) on layer: M2
Net VDD: dangling Wire at (184.420, 64.540) (184.420, 64.540) on layer: M2
Net VDD: dangling Wire at (6.220, 62.380) (6.220, 62.380) on layer: M2
Net VDD: dangling Wire at (184.420, 62.380) (184.420, 62.380) on layer: M2
Net VDD: dangling Wire at (6.220, 60.220) (6.220, 60.220) on layer: M2
Net VDD: dangling Wire at (184.420, 60.220) (184.420, 60.220) on layer: M2
Net VDD: dangling Wire at (6.220, 58.060) (6.220, 58.060) on layer: M2
Net VDD: dangling Wire at (184.420, 58.060) (184.420, 58.060) on layer: M2
Net VDD: dangling Wire at (6.220, 55.900) (6.220, 55.900) on layer: M2
Net VDD: dangling Wire at (184.420, 55.900) (184.420, 55.900) on layer: M2
Net VDD: dangling Wire at (6.220, 53.740) (6.220, 53.740) on layer: M2
Net VDD: dangling Wire at (184.420, 53.740) (184.420, 53.740) on layer: M2
Net VDD: dangling Wire at (6.220, 51.580) (6.220, 51.580) on layer: M2
Net VDD: dangling Wire at (184.420, 51.580) (184.420, 51.580) on layer: M2
Net VDD: dangling Wire at (6.220, 49.420) (6.220, 49.420) on layer: M2
Net VDD: dangling Wire at (184.420, 49.420) (184.420, 49.420) on layer: M2
Net VDD: dangling Wire at (6.220, 47.260) (6.220, 47.260) on layer: M2
Net VDD: dangling Wire at (184.420, 47.260) (184.420, 47.260) on layer: M2
Net VDD: dangling Wire at (6.220, 45.100) (6.220, 45.100) on layer: M2
Net VDD: dangling Wire at (184.420, 45.100) (184.420, 45.100) on layer: M2
Net VDD: dangling Wire at (6.220, 42.940) (6.220, 42.940) on layer: M2
Net VDD: dangling Wire at (184.420, 42.940) (184.420, 42.940) on layer: M2
Net VDD: dangling Wire at (6.220, 40.780) (6.220, 40.780) on layer: M2
Net VDD: dangling Wire at (184.420, 40.780) (184.420, 40.780) on layer: M2
Net VDD: dangling Wire at (6.220, 38.620) (6.220, 38.620) on layer: M2
Net VDD: dangling Wire at (184.420, 38.620) (184.420, 38.620) on layer: M2
Net VDD: dangling Wire at (6.220, 36.460) (6.220, 36.460) on layer: M2
Net VDD: dangling Wire at (184.420, 36.460) (184.420, 36.460) on layer: M2
Net VDD: dangling Wire at (6.220, 34.300) (6.220, 34.300) on layer: M2
Net VDD: dangling Wire at (184.420, 34.300) (184.420, 34.300) on layer: M2
Net VDD: dangling Wire at (6.220, 32.140) (6.220, 32.140) on layer: M2
Net VDD: dangling Wire at (184.420, 32.140) (184.420, 32.140) on layer: M2
Net VDD: dangling Wire at (6.220, 29.980) (6.220, 29.980) on layer: M2
Net VDD: dangling Wire at (184.420, 29.980) (184.420, 29.980) on layer: M2
Net VDD: dangling Wire at (6.220, 27.820) (6.220, 27.820) on layer: M2
Net VDD: dangling Wire at (184.420, 27.820) (184.420, 27.820) on layer: M2
Net VDD: dangling Wire at (6.220, 25.660) (6.220, 25.660) on layer: M2
Net VDD: dangling Wire at (184.420, 25.660) (184.420, 25.660) on layer: M2
Net VDD: dangling Wire at (6.220, 23.500) (6.220, 23.500) on layer: M2
Net VDD: dangling Wire at (184.420, 23.500) (184.420, 23.500) on layer: M2
Net VDD: dangling Wire at (6.220, 21.340) (6.220, 21.340) on layer: M2
Net VDD: dangling Wire at (184.420, 21.340) (184.420, 21.340) on layer: M2
Net VDD: dangling Wire at (6.220, 19.180) (6.220, 19.180) on layer: M2
Net VDD: dangling Wire at (184.420, 19.180) (184.420, 19.180) on layer: M2
Net VDD: dangling Wire at (6.220, 17.020) (6.220, 17.020) on layer: M2
Net VDD: dangling Wire at (184.420, 17.020) (184.420, 17.020) on layer: M2
Net VDD: dangling Wire at (6.220, 14.860) (6.220, 14.860) on layer: M2
Net VDD: dangling Wire at (184.420, 14.860) (184.420, 14.860) on layer: M2
Net VDD: dangling Wire at (6.220, 12.700) (6.220, 12.700) on layer: M2
Net VDD: dangling Wire at (184.420, 12.700) (184.420, 12.700) on layer: M2
Net VDD: dangling Wire at (6.220, 10.540) (6.220, 10.540) on layer: M2
Net VDD: dangling Wire at (184.420, 10.540) (184.420, 10.540) on layer: M2
Net VDD: dangling Wire at (6.220, 8.380) (6.220, 8.380) on layer: M2
Net VDD: dangling Wire at (184.420, 8.380) (184.420, 8.380) on layer: M2
Net VDD: dangling Wire at (6.220, 6.220) (6.220, 6.220) on layer: M2
Net VDD: dangling Wire at (184.420, 6.220) (184.420, 6.220) on layer: M2

Begin Summary
    641 Problem(s) (IMPVFC-94): The net has dangling wire(s).
    641 total info(s) created.
End Summary
