
Cadence Innovus(TM) Implementation System.
Copyright 2021 Cadence Design Systems, Inc. All rights reserved worldwide.

Version:	v21.13-s100_1, built Fri Mar 4 14:32:31 PST 2022
Options:	
Date:		Sun Feb 12 23:26:09 2023
Host:		ic51 (x86_64 w/Linux 3.10.0-1160.25.1.el7.x86_64) (16cores*64cpus*Intel(R) Xeon(R) Gold 6226R CPU @ 2.90GHz 22528KB)
OS:		CentOS Linux release 7.9.2009 (Core)

License:
		[23:26:09.321969] Configured Lic search path (20.02-s004): 5280@lstc

		invs	Innovus Implementation System	21.1	checkout succeeded
		8 CPU jobs allowed with the current license(s). Use setMultiCpuUsage to set your required CPU count.
**WARN: (IMPOPT-801):	Genus executable not found in PATH. Install Genus, add the path to the genus executable in the PATH variable and rerun Innovus.
Change the soft stacksize limit to 0.2%RAM (256 mbytes). Set global soft_stack_size_limit to change the value.

**INFO:  MMMC transition support version v31-84 

<CMD> set_global _enable_mmmc_by_default_flow      $CTE::mmmc_default
<CMD> suppressMessage ENCEXT-2799
<CMD> win
couldn't read file "addBuffer.tcl": no such file or directory

*** Memory Usage v#1 (Current mem = 877.516M, initial mem = 387.363M) ***
*** Message Summary: 1 warning(s), 0 error(s)

--- Ending "Innovus" (totcpu=0:00:20.2, real=0:00:53.0, mem=877.5M) ---
