###############################################################
#  Generated by:      Cadence Innovus 21.13-s100_1
#  OS:                Linux x86_64(Host ID ic51)
#  Generated on:      Thu Feb 16 01:48:22 2023
#  Design:            CAST128
#  Command:           check_pin_assignment
###############################################################

Start Checking pins of top cell: [CAST128] 
Summary report for top level: [CAST128] 
	Total Pins                         : 265
	Legally Assigned Pins              : 265
End of Summary report
End Checking pins of top cell: [CAST128] 


===========================================================================================================================
                                                checkPinAssignment Summary
===========================================================================================================================
Partition   | pads  | pins   | legal  | illegal | internal | internal illegal | FT     | FT illegal | constant | unplaced |
===========================================================================================================================
CAST128     |     0 |    265 |    265 |       0 |        0 |                0 |      0 |          0 |        0 |        0 |
===========================================================================================================================
TOTAL       |     0 |    265 |    265 |       0 |        0 |                0 |      0 |          0 |        0 |        0 |
===========================================================================================================================
