###############################################################
#  Generated by:      Cadence Innovus 21.13-s100_1
#  OS:                Linux x86_64(Host ID ic51)
#  Generated on:      Mon Feb 13 08:29:07 2023
#  Design:            SEED
#  Command:           ecoDesign ./db/seed.enc.dat SEED ./design.v
###############################################################
************** ecoRestorePlace Summary **************
Number of New Instances: 			0
Number of Deleted Instances: 			0
Number of Changed Cell: 			0

UNROUTEDNET UNCONNECTED34
UNROUTEDNET UNCONNECTED35
UNROUTEDNET UNCONNECTED36
UNROUTEDNET UNCONNECTED37
UNROUTEDNET UNCONNECTED38
UNROUTEDNET UNCONNECTED39
UNROUTEDNET SEED_key_sched/UNCONNECTED
UNROUTEDNET SEED_key_sched/UNCONNECTED0
UNROUTEDNET SEED_key_sched/UNCONNECTED1
UNROUTEDNET SEED_key_sched/UNCONNECTED2
UNROUTEDNET SEED_key_sched/UNCONNECTED3
UNROUTEDNET SEED_key_sched/UNCONNECTED4
UNROUTEDNET SEED_key_sched/UNCONNECTED5
UNROUTEDNET SEED_key_sched/UNCONNECTED6
UNROUTEDNET SEED_key_sched/UNCONNECTED7
UNROUTEDNET SEED_key_sched/UNCONNECTED8
UNROUTEDNET SEED_key_sched/UNCONNECTED9
UNROUTEDNET SEED_key_sched/UNCONNECTED10
UNROUTEDNET SEED_key_sched/UNCONNECTED11
UNROUTEDNET SEED_key_sched/UNCONNECTED12
UNROUTEDNET SEED_key_sched/UNCONNECTED13
UNROUTEDNET SEED_key_sched/UNCONNECTED14
UNROUTEDNET SEED_key_sched/UNCONNECTED15
UNROUTEDNET SEED_key_sched/UNCONNECTED16
UNROUTEDNET SEED_key_sched/UNCONNECTED17
UNROUTEDNET SEED_key_sched/UNCONNECTED18
UNROUTEDNET SEED_key_sched/UNCONNECTED19
UNROUTEDNET SEED_key_sched/UNCONNECTED20
UNROUTEDNET SEED_key_sched/UNCONNECTED21
UNROUTEDNET SEED_key_sched/UNCONNECTED22
UNROUTEDNET SEED_key_sched/UNCONNECTED23
UNROUTEDNET SEED_key_sched/UNCONNECTED24
UNROUTEDNET SEED_key_sched/UNCONNECTED25
UNROUTEDNET SEED_key_sched/UNCONNECTED26
UNROUTEDNET SEED_key_sched/UNCONNECTED27
UNROUTEDNET SEED_key_sched/UNCONNECTED28
UNROUTEDNET SEED_key_sched/UNCONNECTED29
UNROUTEDNET SEED_key_sched/UNCONNECTED30
UNROUTEDNET SEED_key_sched/UNCONNECTED31
UNROUTEDNET SEED_key_sched/UNCONNECTED32
UNROUTEDNET SEED_key_sched/UNCONNECTED33
************** ecoRestoreRoute Summary **************
Number of New Nets: 			0
Number of Changed Connections: 			0
Number of Deleted Nets: 			0
Number of Unrouted Nets: 			41
