###############################################################
#  Generated by:      Cadence Innovus 21.13-s100_1
#  OS:                Linux x86_64(Host ID ic51)
#  Generated on:      Thu Feb 16 01:15:02 2023
#  Design:            top
###############################################################
              SETUP     WNS    TNS   FEP   
      -----------------------------------------
         View : ALL    4.999  0.000     0  
     Group : in2out   25.500  0.000     0  
    Group : reg2out    4.999  0.000     0  
     Group : in2reg  938.091    0.0     0  
    Group : reg2reg  917.590    0.0     0  
                                           
      -----------------------------------------
 
      
               HOLD      WNS    TNS   FEP   
      ------------------------------------------
         View : ALL    21.045  0.000     0  
     Group : in2out   959.500  0.000     0  
    Group : reg2out  1049.800  0.000     0  
     Group : in2reg    21.045    0.0     0  
    Group : reg2reg    79.759    0.0     0  
                                            
      ------------------------------------------
 
      
                        DRV  WNS   TNS   FEP   
      ---------------------------------------------
                 View : ALL                    
     Check : max_transition   N/A   N/A     0  
     Check : min_transition   N/A   N/A     0  
    Check : max_capacitance   N/A   N/A     0  
    Check : min_capacitance   N/A   N/A     0  
         Check : max_fanout   N/A   N/A     0  
         Check : min_fanout   N/A   N/A     0  
                                               
      ---------------------------------------------
 
      
                            Clock checks     WNS    TNS   FEP   
      --------------------------------------------------------------
                              View : ALL                        
    Check : min_pulse_width (clocktree)       N/A    N/A     0  
    Check : min_pulse_width (endpoints)   918.565  0.000     0  
                       Check : max_skew       N/A    N/A     0  
                     Check : min_period       N/A    N/A     0  
                                                                
      --------------------------------------------------------------
 
      
